[0.104s] Invoking command in '/home/mscrobotics2425laptop16/mujoco_ros_ws/build/fr3_control_publish': CMAKE_PREFIX_PATH=${CMAKE_PREFIX_PATH}:/home/mscrobotics2425laptop16/interbotix_ws/install/interbotix_xs_modules:/home/mscrobotics2425laptop16/interbotix_ws/install/interbotix_perception_modules:/home/mscrobotics2425laptop16/interbotix_ws/install/interbotix_common_modules:/home/mscrobotics2425laptop16/interbotix_ws/install/control_pkg:/opt/ros/humble /usr/bin/cmake --build /home/mscrobotics2425laptop16/mujoco_ros_ws/build/fr3_control_publish -- -j12 -l12
[0.372s] [35m[1mConsolidate compiler generated dependencies of target hybridforcetangentialcontroller[0m
[0.428s] [  2%] Built target ament_cmake_python_copy_fr3_control_publish
[0.428s] [  6%] Built target fr3_control_publish__rosidl_generator_c
[0.449s] [  8%] Built target fr3_control_publish__cpp
[0.488s] [ 15%] Built target ee_pose_bridge
[0.488s] [ 17%] Built target fr3_monitor
[0.489s] [ 20%] [32mBuilding CXX object CMakeFiles/hybridforcetangentialcontroller.dir/src/HybridForceTangentialController.cpp.o[0m
[0.534s] [ 24%] Built target mujoco_sim_node
[0.549s] [ 28%] Built target tangential_velocity_controller
[0.572s] [ 35%] Built target fr3_control_publish__rosidl_typesupport_fastrtps_c
[0.598s] [ 42%] Built target fr3_control_publish__rosidl_typesupport_c
[0.612s] [ 48%] Built target fr3_control_publish__rosidl_typesupport_fastrtps_cpp
[0.613s] [ 55%] Built target fr3_control_publish__rosidl_typesupport_introspection_cpp
[0.629s] [ 62%] Built target fr3_control_publish__rosidl_typesupport_cpp
[0.630s] [ 68%] Built target fr3_control_publish__rosidl_typesupport_introspection_c
[0.750s] [ 73%] Built target jacobian_publisher
[0.764s] [ 73%] Built target fr3_control_publish
[0.777s] [ 77%] Built target force_position_controller
[0.856s] [ 80%] Built target fr3_control_publish__py
[0.971s] [ 84%] Built target fr3_control_publish__rosidl_generator_py
[1.071s] [ 88%] Built target fr3_control_publish__rosidl_typesupport_introspection_c__pyext
[1.089s] [ 93%] Built target fr3_control_publish__rosidl_typesupport_c__pyext
[1.111s] [ 97%] Built target fr3_control_publish__rosidl_typesupport_fastrtps_c__pyext
[1.649s] running egg_info
[1.759s] writing fr3_control_publish.egg-info/PKG-INFO
[1.759s] writing dependency_links to fr3_control_publish.egg-info/dependency_links.txt
[1.760s] writing top-level names to fr3_control_publish.egg-info/top_level.txt
[1.958s] reading manifest file 'fr3_control_publish.egg-info/SOURCES.txt'
[1.962s] writing manifest file 'fr3_control_publish.egg-info/SOURCES.txt'
[2.182s] [ 97%] Built target ament_cmake_python_build_fr3_control_publish_egg
[12.590s] [01m[K/home/mscrobotics2425laptop16/mujoco_ros_ws/src/fr3_control_publish/src/HybridForceTangentialController.cpp:[m[K In member function ‘[01m[Kvoid HybridForceTangentialController::control_loop()[m[K’:
[12.591s] [01m[K/home/mscrobotics2425laptop16/mujoco_ros_ws/src/fr3_control_publish/src/HybridForceTangentialController.cpp:524:26:[m[K [01;31m[Kerror: [m[K‘[01m[Kidx[m[K’ was not declared in this scope
[12.591s]   524 |       if (!bounds_found_[[01;31m[Kidx[m[K] && cond) {
[12.591s]       |                          [01;31m[K^~~[m[K
[12.726s] [01m[K/home/mscrobotics2425laptop16/mujoco_ros_ws/src/fr3_control_publish/src/HybridForceTangentialController.cpp:527:13:[m[K [01;31m[Kerror: [m[K‘[01m[Kis_right[m[K’ was not declared in this scope
[12.727s]   527 |         if ([01;31m[Kis_right[m[K)   right_bounds_.push_back(bound_pt);
[12.727s]       |             [01;31m[K^~~~~~~~[m[K
[31.186s] gmake[2]: *** [CMakeFiles/hybridforcetangentialcontroller.dir/build.make:76：CMakeFiles/hybridforcetangentialcontroller.dir/src/HybridForceTangentialController.cpp.o] 错误 1
[31.186s] gmake[1]: *** [CMakeFiles/Makefile2:736：CMakeFiles/hybridforcetangentialcontroller.dir/all] 错误 2
[31.187s] gmake: *** [Makefile:146：all] 错误 2
[31.192s] Invoked command in '/home/mscrobotics2425laptop16/mujoco_ros_ws/build/fr3_control_publish' returned '2': CMAKE_PREFIX_PATH=${CMAKE_PREFIX_PATH}:/home/mscrobotics2425laptop16/interbotix_ws/install/interbotix_xs_modules:/home/mscrobotics2425laptop16/interbotix_ws/install/interbotix_perception_modules:/home/mscrobotics2425laptop16/interbotix_ws/install/interbotix_common_modules:/home/mscrobotics2425laptop16/interbotix_ws/install/control_pkg:/opt/ros/humble /usr/bin/cmake --build /home/mscrobotics2425laptop16/mujoco_ros_ws/build/fr3_control_publish -- -j12 -l12
