[0.069s] DEBUG:colcon:Command line arguments: ['/usr/bin/colcon', 'build']
[0.069s] DEBUG:colcon:Parsed command line arguments: Namespace(log_base=None, log_level=None, verb_name='build', build_base='build', install_base='install', merge_install=False, symlink_install=False, test_result_base=None, continue_on_error=False, executor='parallel', parallel_workers=12, event_handlers=None, ignore_user_meta=False, metas=['./colcon.meta'], base_paths=['.'], packages_ignore=None, packages_ignore_regex=None, paths=None, packages_up_to=None, packages_up_to_regex=None, packages_above=None, packages_above_and_dependencies=None, packages_above_depth=None, packages_select_by_dep=None, packages_skip_by_dep=None, packages_skip_up_to=None, packages_select_build_failed=False, packages_skip_build_finished=False, packages_select_test_failures=False, packages_skip_test_passed=False, packages_select=None, packages_skip=None, packages_select_regex=None, packages_skip_regex=None, packages_start=None, packages_end=None, allow_overriding=[], cmake_args=None, cmake_target=None, cmake_target_skip_unavailable=False, cmake_clean_cache=False, cmake_clean_first=False, cmake_force_configure=False, ament_cmake_args=None, catkin_cmake_args=None, catkin_skip_building_tests=False, mixin_files=None, mixin=None, verb_parser=<colcon_mixin.mixin.mixin_argument.MixinArgumentDecorator object at 0x7a6996af8430>, verb_extension=<colcon_core.verb.build.BuildVerb object at 0x7a6996abbf10>, main=<bound method BuildVerb.main of <colcon_core.verb.build.BuildVerb object at 0x7a6996abbf10>>, mixin_verb=('build',))
[0.092s] Level 1:colcon.colcon_core.package_discovery:discover_packages(colcon_meta) check parameters
[0.092s] Level 1:colcon.colcon_core.package_discovery:discover_packages(recursive) check parameters
[0.092s] Level 1:colcon.colcon_core.package_discovery:discover_packages(ignore) check parameters
[0.092s] Level 1:colcon.colcon_core.package_discovery:discover_packages(path) check parameters
[0.092s] Level 1:colcon.colcon_core.package_discovery:discover_packages(colcon_meta) discover
[0.092s] Level 1:colcon.colcon_core.package_discovery:discover_packages(recursive) discover
[0.092s] INFO:colcon.colcon_core.package_discovery:Crawling recursively for packages in '/home/mscrobotics2425laptop16/mujoco_ros_ws'
[0.092s] Level 1:colcon.colcon_core.package_identification:_identify(.) by extensions ['ignore', 'ignore_ament_install']
[0.092s] Level 1:colcon.colcon_core.package_identification:_identify(.) by extension 'ignore'
[0.092s] Level 1:colcon.colcon_core.package_identification:_identify(.) by extension 'ignore_ament_install'
[0.092s] Level 1:colcon.colcon_core.package_identification:_identify(.) by extensions ['colcon_pkg']
[0.092s] Level 1:colcon.colcon_core.package_identification:_identify(.) by extension 'colcon_pkg'
[0.092s] Level 1:colcon.colcon_core.package_identification:_identify(.) by extensions ['colcon_meta']
[0.092s] Level 1:colcon.colcon_core.package_identification:_identify(.) by extension 'colcon_meta'
[0.092s] Level 1:colcon.colcon_core.package_identification:_identify(.) by extensions ['ros']
[0.092s] Level 1:colcon.colcon_core.package_identification:_identify(.) by extension 'ros'
[0.101s] Level 1:colcon.colcon_core.package_identification:_identify(.) by extensions ['cmake', 'python']
[0.101s] Level 1:colcon.colcon_core.package_identification:_identify(.) by extension 'cmake'
[0.101s] Level 1:colcon.colcon_core.package_identification:_identify(.) by extension 'python'
[0.101s] Level 1:colcon.colcon_core.package_identification:_identify(.) by extensions ['python_setup_py']
[0.101s] Level 1:colcon.colcon_core.package_identification:_identify(.) by extension 'python_setup_py'
[0.101s] Level 1:colcon.colcon_core.package_identification:_identify(build) by extensions ['ignore', 'ignore_ament_install']
[0.101s] Level 1:colcon.colcon_core.package_identification:_identify(build) by extension 'ignore'
[0.101s] Level 1:colcon.colcon_core.package_identification:_identify(build) ignored
[0.101s] Level 1:colcon.colcon_core.package_identification:_identify(install) by extensions ['ignore', 'ignore_ament_install']
[0.101s] Level 1:colcon.colcon_core.package_identification:_identify(install) by extension 'ignore'
[0.101s] Level 1:colcon.colcon_core.package_identification:_identify(install) ignored
[0.101s] Level 1:colcon.colcon_core.package_identification:_identify(log) by extensions ['ignore', 'ignore_ament_install']
[0.102s] Level 1:colcon.colcon_core.package_identification:_identify(log) by extension 'ignore'
[0.102s] Level 1:colcon.colcon_core.package_identification:_identify(log) ignored
[0.102s] Level 1:colcon.colcon_core.package_identification:_identify(src) by extensions ['ignore', 'ignore_ament_install']
[0.102s] Level 1:colcon.colcon_core.package_identification:_identify(src) by extension 'ignore'
[0.102s] Level 1:colcon.colcon_core.package_identification:_identify(src) by extension 'ignore_ament_install'
[0.102s] Level 1:colcon.colcon_core.package_identification:_identify(src) by extensions ['colcon_pkg']
[0.102s] Level 1:colcon.colcon_core.package_identification:_identify(src) by extension 'colcon_pkg'
[0.102s] Level 1:colcon.colcon_core.package_identification:_identify(src) by extensions ['colcon_meta']
[0.102s] Level 1:colcon.colcon_core.package_identification:_identify(src) by extension 'colcon_meta'
[0.102s] Level 1:colcon.colcon_core.package_identification:_identify(src) by extensions ['ros']
[0.102s] Level 1:colcon.colcon_core.package_identification:_identify(src) by extension 'ros'
[0.102s] Level 1:colcon.colcon_core.package_identification:_identify(src) by extensions ['cmake', 'python']
[0.102s] Level 1:colcon.colcon_core.package_identification:_identify(src) by extension 'cmake'
[0.102s] Level 1:colcon.colcon_core.package_identification:_identify(src) by extension 'python'
[0.102s] Level 1:colcon.colcon_core.package_identification:_identify(src) by extensions ['python_setup_py']
[0.102s] Level 1:colcon.colcon_core.package_identification:_identify(src) by extension 'python_setup_py'
[0.102s] Level 1:colcon.colcon_core.package_identification:_identify(src/fr3_control_publish) by extensions ['ignore', 'ignore_ament_install']
[0.102s] Level 1:colcon.colcon_core.package_identification:_identify(src/fr3_control_publish) by extension 'ignore'
[0.102s] Level 1:colcon.colcon_core.package_identification:_identify(src/fr3_control_publish) by extension 'ignore_ament_install'
[0.102s] Level 1:colcon.colcon_core.package_identification:_identify(src/fr3_control_publish) by extensions ['colcon_pkg']
[0.102s] Level 1:colcon.colcon_core.package_identification:_identify(src/fr3_control_publish) by extension 'colcon_pkg'
[0.102s] Level 1:colcon.colcon_core.package_identification:_identify(src/fr3_control_publish) by extensions ['colcon_meta']
[0.102s] Level 1:colcon.colcon_core.package_identification:_identify(src/fr3_control_publish) by extension 'colcon_meta'
[0.102s] Level 1:colcon.colcon_core.package_identification:_identify(src/fr3_control_publish) by extensions ['ros']
[0.102s] Level 1:colcon.colcon_core.package_identification:_identify(src/fr3_control_publish) by extension 'ros'
[0.104s] DEBUG:colcon.colcon_core.package_identification:Package 'src/fr3_control_publish' with type 'ros.ament_cmake' and name 'fr3_control_publish'
[0.104s] Level 1:colcon.colcon_core.package_identification:_identify(src/mujoco_ros2_control) by extensions ['ignore', 'ignore_ament_install']
[0.104s] Level 1:colcon.colcon_core.package_identification:_identify(src/mujoco_ros2_control) by extension 'ignore'
[0.104s] Level 1:colcon.colcon_core.package_identification:_identify(src/mujoco_ros2_control) by extension 'ignore_ament_install'
[0.104s] Level 1:colcon.colcon_core.package_identification:_identify(src/mujoco_ros2_control) by extensions ['colcon_pkg']
[0.104s] Level 1:colcon.colcon_core.package_identification:_identify(src/mujoco_ros2_control) by extension 'colcon_pkg'
[0.104s] Level 1:colcon.colcon_core.package_identification:_identify(src/mujoco_ros2_control) by extensions ['colcon_meta']
[0.104s] Level 1:colcon.colcon_core.package_identification:_identify(src/mujoco_ros2_control) by extension 'colcon_meta'
[0.104s] Level 1:colcon.colcon_core.package_identification:_identify(src/mujoco_ros2_control) by extensions ['ros']
[0.104s] Level 1:colcon.colcon_core.package_identification:_identify(src/mujoco_ros2_control) by extension 'ros'
[0.104s] Level 1:colcon.colcon_core.package_identification:_identify(src/mujoco_ros2_control) by extensions ['cmake', 'python']
[0.104s] Level 1:colcon.colcon_core.package_identification:_identify(src/mujoco_ros2_control) by extension 'cmake'
[0.104s] Level 1:colcon.colcon_core.package_identification:_identify(src/mujoco_ros2_control) by extension 'python'
[0.104s] Level 1:colcon.colcon_core.package_identification:_identify(src/mujoco_ros2_control) by extensions ['python_setup_py']
[0.104s] Level 1:colcon.colcon_core.package_identification:_identify(src/mujoco_ros2_control) by extension 'python_setup_py'
[0.104s] Level 1:colcon.colcon_core.package_identification:_identify(src/mujoco_ros2_control/doc) by extensions ['ignore', 'ignore_ament_install']
[0.104s] Level 1:colcon.colcon_core.package_identification:_identify(src/mujoco_ros2_control/doc) by extension 'ignore'
[0.104s] Level 1:colcon.colcon_core.package_identification:_identify(src/mujoco_ros2_control/doc) by extension 'ignore_ament_install'
[0.104s] Level 1:colcon.colcon_core.package_identification:_identify(src/mujoco_ros2_control/doc) by extensions ['colcon_pkg']
[0.104s] Level 1:colcon.colcon_core.package_identification:_identify(src/mujoco_ros2_control/doc) by extension 'colcon_pkg'
[0.104s] Level 1:colcon.colcon_core.package_identification:_identify(src/mujoco_ros2_control/doc) by extensions ['colcon_meta']
[0.104s] Level 1:colcon.colcon_core.package_identification:_identify(src/mujoco_ros2_control/doc) by extension 'colcon_meta'
[0.104s] Level 1:colcon.colcon_core.package_identification:_identify(src/mujoco_ros2_control/doc) by extensions ['ros']
[0.104s] Level 1:colcon.colcon_core.package_identification:_identify(src/mujoco_ros2_control/doc) by extension 'ros'
[0.104s] Level 1:colcon.colcon_core.package_identification:_identify(src/mujoco_ros2_control/doc) by extensions ['cmake', 'python']
[0.104s] Level 1:colcon.colcon_core.package_identification:_identify(src/mujoco_ros2_control/doc) by extension 'cmake'
[0.104s] Level 1:colcon.colcon_core.package_identification:_identify(src/mujoco_ros2_control/doc) by extension 'python'
[0.104s] Level 1:colcon.colcon_core.package_identification:_identify(src/mujoco_ros2_control/doc) by extensions ['python_setup_py']
[0.104s] Level 1:colcon.colcon_core.package_identification:_identify(src/mujoco_ros2_control/doc) by extension 'python_setup_py'
[0.104s] Level 1:colcon.colcon_core.package_identification:_identify(src/mujoco_ros2_control/doc/images) by extensions ['ignore', 'ignore_ament_install']
[0.104s] Level 1:colcon.colcon_core.package_identification:_identify(src/mujoco_ros2_control/doc/images) by extension 'ignore'
[0.104s] Level 1:colcon.colcon_core.package_identification:_identify(src/mujoco_ros2_control/doc/images) by extension 'ignore_ament_install'
[0.104s] Level 1:colcon.colcon_core.package_identification:_identify(src/mujoco_ros2_control/doc/images) by extensions ['colcon_pkg']
[0.104s] Level 1:colcon.colcon_core.package_identification:_identify(src/mujoco_ros2_control/doc/images) by extension 'colcon_pkg'
[0.104s] Level 1:colcon.colcon_core.package_identification:_identify(src/mujoco_ros2_control/doc/images) by extensions ['colcon_meta']
[0.104s] Level 1:colcon.colcon_core.package_identification:_identify(src/mujoco_ros2_control/doc/images) by extension 'colcon_meta'
[0.104s] Level 1:colcon.colcon_core.package_identification:_identify(src/mujoco_ros2_control/doc/images) by extensions ['ros']
[0.104s] Level 1:colcon.colcon_core.package_identification:_identify(src/mujoco_ros2_control/doc/images) by extension 'ros'
[0.104s] Level 1:colcon.colcon_core.package_identification:_identify(src/mujoco_ros2_control/doc/images) by extensions ['cmake', 'python']
[0.104s] Level 1:colcon.colcon_core.package_identification:_identify(src/mujoco_ros2_control/doc/images) by extension 'cmake'
[0.104s] Level 1:colcon.colcon_core.package_identification:_identify(src/mujoco_ros2_control/doc/images) by extension 'python'
[0.104s] Level 1:colcon.colcon_core.package_identification:_identify(src/mujoco_ros2_control/doc/images) by extensions ['python_setup_py']
[0.104s] Level 1:colcon.colcon_core.package_identification:_identify(src/mujoco_ros2_control/doc/images) by extension 'python_setup_py'
[0.105s] Level 1:colcon.colcon_core.package_identification:_identify(src/mujoco_ros2_control/docker) by extensions ['ignore', 'ignore_ament_install']
[0.105s] Level 1:colcon.colcon_core.package_identification:_identify(src/mujoco_ros2_control/docker) by extension 'ignore'
[0.105s] Level 1:colcon.colcon_core.package_identification:_identify(src/mujoco_ros2_control/docker) by extension 'ignore_ament_install'
[0.105s] Level 1:colcon.colcon_core.package_identification:_identify(src/mujoco_ros2_control/docker) by extensions ['colcon_pkg']
[0.105s] Level 1:colcon.colcon_core.package_identification:_identify(src/mujoco_ros2_control/docker) by extension 'colcon_pkg'
[0.105s] Level 1:colcon.colcon_core.package_identification:_identify(src/mujoco_ros2_control/docker) by extensions ['colcon_meta']
[0.105s] Level 1:colcon.colcon_core.package_identification:_identify(src/mujoco_ros2_control/docker) by extension 'colcon_meta'
[0.105s] Level 1:colcon.colcon_core.package_identification:_identify(src/mujoco_ros2_control/docker) by extensions ['ros']
[0.105s] Level 1:colcon.colcon_core.package_identification:_identify(src/mujoco_ros2_control/docker) by extension 'ros'
[0.105s] Level 1:colcon.colcon_core.package_identification:_identify(src/mujoco_ros2_control/docker) by extensions ['cmake', 'python']
[0.105s] Level 1:colcon.colcon_core.package_identification:_identify(src/mujoco_ros2_control/docker) by extension 'cmake'
[0.105s] Level 1:colcon.colcon_core.package_identification:_identify(src/mujoco_ros2_control/docker) by extension 'python'
[0.105s] Level 1:colcon.colcon_core.package_identification:_identify(src/mujoco_ros2_control/docker) by extensions ['python_setup_py']
[0.105s] Level 1:colcon.colcon_core.package_identification:_identify(src/mujoco_ros2_control/docker) by extension 'python_setup_py'
[0.105s] Level 1:colcon.colcon_core.package_identification:_identify(src/mujoco_ros2_control/mujoco_ros2_control) by extensions ['ignore', 'ignore_ament_install']
[0.105s] Level 1:colcon.colcon_core.package_identification:_identify(src/mujoco_ros2_control/mujoco_ros2_control) by extension 'ignore'
[0.105s] Level 1:colcon.colcon_core.package_identification:_identify(src/mujoco_ros2_control/mujoco_ros2_control) by extension 'ignore_ament_install'
[0.105s] Level 1:colcon.colcon_core.package_identification:_identify(src/mujoco_ros2_control/mujoco_ros2_control) by extensions ['colcon_pkg']
[0.105s] Level 1:colcon.colcon_core.package_identification:_identify(src/mujoco_ros2_control/mujoco_ros2_control) by extension 'colcon_pkg'
[0.105s] Level 1:colcon.colcon_core.package_identification:_identify(src/mujoco_ros2_control/mujoco_ros2_control) by extensions ['colcon_meta']
[0.105s] Level 1:colcon.colcon_core.package_identification:_identify(src/mujoco_ros2_control/mujoco_ros2_control) by extension 'colcon_meta'
[0.105s] Level 1:colcon.colcon_core.package_identification:_identify(src/mujoco_ros2_control/mujoco_ros2_control) by extensions ['ros']
[0.105s] Level 1:colcon.colcon_core.package_identification:_identify(src/mujoco_ros2_control/mujoco_ros2_control) by extension 'ros'
[0.106s] DEBUG:colcon.colcon_core.package_identification:Package 'src/mujoco_ros2_control/mujoco_ros2_control' with type 'ros.ament_cmake' and name 'mujoco_ros2_control'
[0.106s] Level 1:colcon.colcon_core.package_identification:_identify(src/mujoco_ros2_control/mujoco_ros2_control_demos) by extensions ['ignore', 'ignore_ament_install']
[0.106s] Level 1:colcon.colcon_core.package_identification:_identify(src/mujoco_ros2_control/mujoco_ros2_control_demos) by extension 'ignore'
[0.106s] Level 1:colcon.colcon_core.package_identification:_identify(src/mujoco_ros2_control/mujoco_ros2_control_demos) by extension 'ignore_ament_install'
[0.106s] Level 1:colcon.colcon_core.package_identification:_identify(src/mujoco_ros2_control/mujoco_ros2_control_demos) by extensions ['colcon_pkg']
[0.106s] Level 1:colcon.colcon_core.package_identification:_identify(src/mujoco_ros2_control/mujoco_ros2_control_demos) by extension 'colcon_pkg'
[0.106s] Level 1:colcon.colcon_core.package_identification:_identify(src/mujoco_ros2_control/mujoco_ros2_control_demos) by extensions ['colcon_meta']
[0.106s] Level 1:colcon.colcon_core.package_identification:_identify(src/mujoco_ros2_control/mujoco_ros2_control_demos) by extension 'colcon_meta'
[0.106s] Level 1:colcon.colcon_core.package_identification:_identify(src/mujoco_ros2_control/mujoco_ros2_control_demos) by extensions ['ros']
[0.106s] Level 1:colcon.colcon_core.package_identification:_identify(src/mujoco_ros2_control/mujoco_ros2_control_demos) by extension 'ros'
[0.106s] DEBUG:colcon.colcon_core.package_identification:Package 'src/mujoco_ros2_control/mujoco_ros2_control_demos' with type 'ros.ament_cmake' and name 'mujoco_ros2_control_demos'
[0.106s] Level 1:colcon.colcon_core.package_discovery:discover_packages(recursive) using defaults
[0.106s] Level 1:colcon.colcon_core.package_discovery:discover_packages(ignore) discover
[0.106s] Level 1:colcon.colcon_core.package_discovery:discover_packages(ignore) using defaults
[0.106s] Level 1:colcon.colcon_core.package_discovery:discover_packages(path) discover
[0.106s] Level 1:colcon.colcon_core.package_discovery:discover_packages(path) using defaults
[0.119s] Level 1:colcon.colcon_core.package_discovery:discover_packages(prefix_path) check parameters
[0.119s] Level 1:colcon.colcon_core.package_discovery:discover_packages(prefix_path) discover
[0.120s] WARNING:colcon.colcon_ros.prefix_path.catkin:The path '/opt/openrobots' in the environment variable CMAKE_PREFIX_PATH doesn't exist
[0.121s] DEBUG:colcon.colcon_installed_package_information.package_discovery:Found 35 installed packages in /home/mscrobotics2425laptop16/interbotix_ws/install
[0.121s] DEBUG:colcon.colcon_installed_package_information.package_discovery:Found 1 installed packages in /home/mscrobotics2425laptop16/apriltag_ws/install
[0.122s] DEBUG:colcon.colcon_installed_package_information.package_discovery:Found 442 installed packages in /opt/ros/humble
[0.123s] Level 1:colcon.colcon_core.package_discovery:discover_packages(prefix_path) using defaults
[0.162s] Level 5:colcon.colcon_core.verb:set package 'fr3_control_publish' build argument 'cmake_args' from command line to 'None'
[0.162s] Level 5:colcon.colcon_core.verb:set package 'fr3_control_publish' build argument 'cmake_target' from command line to 'None'
[0.162s] Level 5:colcon.colcon_core.verb:set package 'fr3_control_publish' build argument 'cmake_target_skip_unavailable' from command line to 'False'
[0.162s] Level 5:colcon.colcon_core.verb:set package 'fr3_control_publish' build argument 'cmake_clean_cache' from command line to 'False'
[0.162s] Level 5:colcon.colcon_core.verb:set package 'fr3_control_publish' build argument 'cmake_clean_first' from command line to 'False'
[0.162s] Level 5:colcon.colcon_core.verb:set package 'fr3_control_publish' build argument 'cmake_force_configure' from command line to 'False'
[0.162s] Level 5:colcon.colcon_core.verb:set package 'fr3_control_publish' build argument 'ament_cmake_args' from command line to 'None'
[0.162s] Level 5:colcon.colcon_core.verb:set package 'fr3_control_publish' build argument 'catkin_cmake_args' from command line to 'None'
[0.162s] Level 5:colcon.colcon_core.verb:set package 'fr3_control_publish' build argument 'catkin_skip_building_tests' from command line to 'False'
[0.162s] DEBUG:colcon.colcon_core.verb:Building package 'fr3_control_publish' with the following arguments: {'ament_cmake_args': None, 'build_base': '/home/mscrobotics2425laptop16/mujoco_ros_ws/build/fr3_control_publish', 'catkin_cmake_args': None, 'catkin_skip_building_tests': False, 'cmake_args': None, 'cmake_clean_cache': False, 'cmake_clean_first': False, 'cmake_force_configure': False, 'cmake_target': None, 'cmake_target_skip_unavailable': False, 'install_base': '/home/mscrobotics2425laptop16/mujoco_ros_ws/install/fr3_control_publish', 'merge_install': False, 'path': '/home/mscrobotics2425laptop16/mujoco_ros_ws/src/fr3_control_publish', 'symlink_install': False, 'test_result_base': None}
[0.163s] Level 5:colcon.colcon_core.verb:set package 'mujoco_ros2_control' build argument 'cmake_args' from command line to 'None'
[0.163s] Level 5:colcon.colcon_core.verb:set package 'mujoco_ros2_control' build argument 'cmake_target' from command line to 'None'
[0.163s] Level 5:colcon.colcon_core.verb:set package 'mujoco_ros2_control' build argument 'cmake_target_skip_unavailable' from command line to 'False'
[0.163s] Level 5:colcon.colcon_core.verb:set package 'mujoco_ros2_control' build argument 'cmake_clean_cache' from command line to 'False'
[0.163s] Level 5:colcon.colcon_core.verb:set package 'mujoco_ros2_control' build argument 'cmake_clean_first' from command line to 'False'
[0.163s] Level 5:colcon.colcon_core.verb:set package 'mujoco_ros2_control' build argument 'cmake_force_configure' from command line to 'False'
[0.163s] Level 5:colcon.colcon_core.verb:set package 'mujoco_ros2_control' build argument 'ament_cmake_args' from command line to 'None'
[0.163s] Level 5:colcon.colcon_core.verb:set package 'mujoco_ros2_control' build argument 'catkin_cmake_args' from command line to 'None'
[0.163s] Level 5:colcon.colcon_core.verb:set package 'mujoco_ros2_control' build argument 'catkin_skip_building_tests' from command line to 'False'
[0.163s] DEBUG:colcon.colcon_core.verb:Building package 'mujoco_ros2_control' with the following arguments: {'ament_cmake_args': None, 'build_base': '/home/mscrobotics2425laptop16/mujoco_ros_ws/build/mujoco_ros2_control', 'catkin_cmake_args': None, 'catkin_skip_building_tests': False, 'cmake_args': None, 'cmake_clean_cache': False, 'cmake_clean_first': False, 'cmake_force_configure': False, 'cmake_target': None, 'cmake_target_skip_unavailable': False, 'install_base': '/home/mscrobotics2425laptop16/mujoco_ros_ws/install/mujoco_ros2_control', 'merge_install': False, 'path': '/home/mscrobotics2425laptop16/mujoco_ros_ws/src/mujoco_ros2_control/mujoco_ros2_control', 'symlink_install': False, 'test_result_base': None}
[0.163s] Level 5:colcon.colcon_core.verb:set package 'mujoco_ros2_control_demos' build argument 'cmake_args' from command line to 'None'
[0.163s] Level 5:colcon.colcon_core.verb:set package 'mujoco_ros2_control_demos' build argument 'cmake_target' from command line to 'None'
[0.163s] Level 5:colcon.colcon_core.verb:set package 'mujoco_ros2_control_demos' build argument 'cmake_target_skip_unavailable' from command line to 'False'
[0.163s] Level 5:colcon.colcon_core.verb:set package 'mujoco_ros2_control_demos' build argument 'cmake_clean_cache' from command line to 'False'
[0.163s] Level 5:colcon.colcon_core.verb:set package 'mujoco_ros2_control_demos' build argument 'cmake_clean_first' from command line to 'False'
[0.163s] Level 5:colcon.colcon_core.verb:set package 'mujoco_ros2_control_demos' build argument 'cmake_force_configure' from command line to 'False'
[0.163s] Level 5:colcon.colcon_core.verb:set package 'mujoco_ros2_control_demos' build argument 'ament_cmake_args' from command line to 'None'
[0.163s] Level 5:colcon.colcon_core.verb:set package 'mujoco_ros2_control_demos' build argument 'catkin_cmake_args' from command line to 'None'
[0.163s] Level 5:colcon.colcon_core.verb:set package 'mujoco_ros2_control_demos' build argument 'catkin_skip_building_tests' from command line to 'False'
[0.163s] DEBUG:colcon.colcon_core.verb:Building package 'mujoco_ros2_control_demos' with the following arguments: {'ament_cmake_args': None, 'build_base': '/home/mscrobotics2425laptop16/mujoco_ros_ws/build/mujoco_ros2_control_demos', 'catkin_cmake_args': None, 'catkin_skip_building_tests': False, 'cmake_args': None, 'cmake_clean_cache': False, 'cmake_clean_first': False, 'cmake_force_configure': False, 'cmake_target': None, 'cmake_target_skip_unavailable': False, 'install_base': '/home/mscrobotics2425laptop16/mujoco_ros_ws/install/mujoco_ros2_control_demos', 'merge_install': False, 'path': '/home/mscrobotics2425laptop16/mujoco_ros_ws/src/mujoco_ros2_control/mujoco_ros2_control_demos', 'symlink_install': False, 'test_result_base': None}
[0.163s] INFO:colcon.colcon_core.executor:Executing jobs using 'parallel' executor
[0.164s] DEBUG:colcon.colcon_parallel_executor.executor.parallel:run_until_complete
[0.164s] INFO:colcon.colcon_ros.task.ament_cmake.build:Building ROS package in '/home/mscrobotics2425laptop16/mujoco_ros_ws/src/fr3_control_publish' with build type 'ament_cmake'
[0.164s] INFO:colcon.colcon_cmake.task.cmake.build:Building CMake package in '/home/mscrobotics2425laptop16/mujoco_ros_ws/src/fr3_control_publish'
[0.165s] INFO:colcon.colcon_core.plugin_system:Skipping extension 'colcon_core.shell.bat': Not used on non-Windows systems
[0.165s] INFO:colcon.colcon_core.shell:Skip shell extension 'powershell' for command environment: Not usable outside of PowerShell
[0.165s] DEBUG:colcon.colcon_core.shell:Skip shell extension 'dsv' for command environment
[0.169s] INFO:colcon.colcon_ros.task.ament_cmake.build:Building ROS package in '/home/mscrobotics2425laptop16/mujoco_ros_ws/src/mujoco_ros2_control/mujoco_ros2_control' with build type 'ament_cmake'
[0.169s] INFO:colcon.colcon_cmake.task.cmake.build:Building CMake package in '/home/mscrobotics2425laptop16/mujoco_ros_ws/src/mujoco_ros2_control/mujoco_ros2_control'
[0.170s] INFO:colcon.colcon_core.shell:Skip shell extension 'powershell' for command environment: Not usable outside of PowerShell
[0.170s] DEBUG:colcon.colcon_core.shell:Skip shell extension 'dsv' for command environment
[0.174s] INFO:colcon.colcon_ros.task.ament_cmake.build:Building ROS package in '/home/mscrobotics2425laptop16/mujoco_ros_ws/src/mujoco_ros2_control/mujoco_ros2_control_demos' with build type 'ament_cmake'
[0.174s] INFO:colcon.colcon_cmake.task.cmake.build:Building CMake package in '/home/mscrobotics2425laptop16/mujoco_ros_ws/src/mujoco_ros2_control/mujoco_ros2_control_demos'
[0.174s] INFO:colcon.colcon_core.shell:Skip shell extension 'powershell' for command environment: Not usable outside of PowerShell
[0.175s] DEBUG:colcon.colcon_core.shell:Skip shell extension 'dsv' for command environment
[0.187s] DEBUG:colcon.colcon_core.event_handler.log_command:Invoking command in '/home/mscrobotics2425laptop16/mujoco_ros_ws/build/fr3_control_publish': CMAKE_PREFIX_PATH=${CMAKE_PREFIX_PATH}:/home/mscrobotics2425laptop16/interbotix_ws/install/interbotix_xs_modules:/home/mscrobotics2425laptop16/interbotix_ws/install/interbotix_perception_modules:/home/mscrobotics2425laptop16/interbotix_ws/install/interbotix_common_modules:/home/mscrobotics2425laptop16/interbotix_ws/install/control_pkg:/opt/ros/humble /usr/bin/cmake --build /home/mscrobotics2425laptop16/mujoco_ros_ws/build/fr3_control_publish -- -j12 -l12
[0.195s] DEBUG:colcon.colcon_core.event_handler.log_command:Invoking command in '/home/mscrobotics2425laptop16/mujoco_ros_ws/build/mujoco_ros2_control': CMAKE_PREFIX_PATH=${CMAKE_PREFIX_PATH}:/home/mscrobotics2425laptop16/interbotix_ws/install/interbotix_xs_modules:/home/mscrobotics2425laptop16/interbotix_ws/install/interbotix_perception_modules:/home/mscrobotics2425laptop16/interbotix_ws/install/interbotix_common_modules:/home/mscrobotics2425laptop16/interbotix_ws/install/control_pkg:/opt/ros/humble /usr/bin/cmake --build /home/mscrobotics2425laptop16/mujoco_ros_ws/build/mujoco_ros2_control -- -j12 -l12
[0.199s] DEBUG:colcon.colcon_core.event_handler.log_command:Invoking command in '/home/mscrobotics2425laptop16/mujoco_ros_ws/build/mujoco_ros2_control_demos': CMAKE_PREFIX_PATH=${CMAKE_PREFIX_PATH}:/home/mscrobotics2425laptop16/interbotix_ws/install/interbotix_xs_modules:/home/mscrobotics2425laptop16/interbotix_ws/install/interbotix_perception_modules:/home/mscrobotics2425laptop16/interbotix_ws/install/interbotix_common_modules:/home/mscrobotics2425laptop16/interbotix_ws/install/control_pkg:/opt/ros/humble /usr/bin/cmake --build /home/mscrobotics2425laptop16/mujoco_ros_ws/build/mujoco_ros2_control_demos -- -j12 -l12
[0.313s] DEBUG:colcon.colcon_core.event_handler.log_command:Invoked command in '/home/mscrobotics2425laptop16/mujoco_ros_ws/build/mujoco_ros2_control_demos' returned '0': CMAKE_PREFIX_PATH=${CMAKE_PREFIX_PATH}:/home/mscrobotics2425laptop16/interbotix_ws/install/interbotix_xs_modules:/home/mscrobotics2425laptop16/interbotix_ws/install/interbotix_perception_modules:/home/mscrobotics2425laptop16/interbotix_ws/install/interbotix_common_modules:/home/mscrobotics2425laptop16/interbotix_ws/install/control_pkg:/opt/ros/humble /usr/bin/cmake --build /home/mscrobotics2425laptop16/mujoco_ros_ws/build/mujoco_ros2_control_demos -- -j12 -l12
[0.329s] DEBUG:colcon.colcon_core.event_handler.log_command:Invoking command in '/home/mscrobotics2425laptop16/mujoco_ros_ws/build/mujoco_ros2_control_demos': CMAKE_PREFIX_PATH=${CMAKE_PREFIX_PATH}:/home/mscrobotics2425laptop16/interbotix_ws/install/interbotix_xs_modules:/home/mscrobotics2425laptop16/interbotix_ws/install/interbotix_perception_modules:/home/mscrobotics2425laptop16/interbotix_ws/install/interbotix_common_modules:/home/mscrobotics2425laptop16/interbotix_ws/install/control_pkg:/opt/ros/humble /usr/bin/cmake --install /home/mscrobotics2425laptop16/mujoco_ros_ws/build/mujoco_ros2_control_demos
[0.350s] Level 1:colcon.colcon_core.environment:create_environment_scripts_only(mujoco_ros2_control_demos)
[0.350s] DEBUG:colcon.colcon_core.event_handler.log_command:Invoked command in '/home/mscrobotics2425laptop16/mujoco_ros_ws/build/mujoco_ros2_control_demos' returned '0': CMAKE_PREFIX_PATH=${CMAKE_PREFIX_PATH}:/home/mscrobotics2425laptop16/interbotix_ws/install/interbotix_xs_modules:/home/mscrobotics2425laptop16/interbotix_ws/install/interbotix_perception_modules:/home/mscrobotics2425laptop16/interbotix_ws/install/interbotix_common_modules:/home/mscrobotics2425laptop16/interbotix_ws/install/control_pkg:/opt/ros/humble /usr/bin/cmake --install /home/mscrobotics2425laptop16/mujoco_ros_ws/build/mujoco_ros2_control_demos
[0.356s] Level 1:colcon.colcon_core.environment:checking '/home/mscrobotics2425laptop16/mujoco_ros_ws/install/mujoco_ros2_control_demos' for CMake module files
[0.357s] Level 1:colcon.colcon_core.environment:checking '/home/mscrobotics2425laptop16/mujoco_ros_ws/install/mujoco_ros2_control_demos' for CMake config files
[0.357s] Level 1:colcon.colcon_core.shell:create_environment_hook('mujoco_ros2_control_demos', 'cmake_prefix_path')
[0.358s] INFO:colcon.colcon_core.shell:Creating environment hook '/home/mscrobotics2425laptop16/mujoco_ros_ws/install/mujoco_ros2_control_demos/share/mujoco_ros2_control_demos/hook/cmake_prefix_path.ps1'
[0.359s] INFO:colcon.colcon_core.shell:Creating environment descriptor '/home/mscrobotics2425laptop16/mujoco_ros_ws/install/mujoco_ros2_control_demos/share/mujoco_ros2_control_demos/hook/cmake_prefix_path.dsv'
[0.360s] INFO:colcon.colcon_core.shell:Creating environment hook '/home/mscrobotics2425laptop16/mujoco_ros_ws/install/mujoco_ros2_control_demos/share/mujoco_ros2_control_demos/hook/cmake_prefix_path.sh'
[0.361s] Level 1:colcon.colcon_core.environment:checking '/home/mscrobotics2425laptop16/mujoco_ros_ws/install/mujoco_ros2_control_demos/lib'
[0.361s] Level 1:colcon.colcon_core.environment:checking '/home/mscrobotics2425laptop16/mujoco_ros_ws/install/mujoco_ros2_control_demos/bin'
[0.362s] Level 1:colcon.colcon_core.environment:checking '/home/mscrobotics2425laptop16/mujoco_ros_ws/install/mujoco_ros2_control_demos/lib/pkgconfig/mujoco_ros2_control_demos.pc'
[0.363s] Level 1:colcon.colcon_core.environment:checking '/home/mscrobotics2425laptop16/mujoco_ros_ws/install/mujoco_ros2_control_demos/lib/python3.10/site-packages'
[0.364s] Level 1:colcon.colcon_core.environment:checking '/home/mscrobotics2425laptop16/mujoco_ros_ws/install/mujoco_ros2_control_demos/bin'
[0.365s] INFO:colcon.colcon_core.shell:Creating package script '/home/mscrobotics2425laptop16/mujoco_ros_ws/install/mujoco_ros2_control_demos/share/mujoco_ros2_control_demos/package.ps1'
[0.367s] INFO:colcon.colcon_core.shell:Creating package descriptor '/home/mscrobotics2425laptop16/mujoco_ros_ws/install/mujoco_ros2_control_demos/share/mujoco_ros2_control_demos/package.dsv'
[0.368s] INFO:colcon.colcon_core.shell:Creating package script '/home/mscrobotics2425laptop16/mujoco_ros_ws/install/mujoco_ros2_control_demos/share/mujoco_ros2_control_demos/package.sh'
[0.371s] INFO:colcon.colcon_core.shell:Creating package script '/home/mscrobotics2425laptop16/mujoco_ros_ws/install/mujoco_ros2_control_demos/share/mujoco_ros2_control_demos/package.bash'
[0.374s] INFO:colcon.colcon_core.shell:Creating package script '/home/mscrobotics2425laptop16/mujoco_ros_ws/install/mujoco_ros2_control_demos/share/mujoco_ros2_control_demos/package.zsh'
[0.377s] Level 1:colcon.colcon_core.environment:create_file_with_runtime_dependencies(/home/mscrobotics2425laptop16/mujoco_ros_ws/install/mujoco_ros2_control_demos/share/colcon-core/packages/mujoco_ros2_control_demos)
[0.378s] Level 1:colcon.colcon_core.environment:create_environment_scripts_only(mujoco_ros2_control_demos)
[0.378s] Level 1:colcon.colcon_core.environment:checking '/home/mscrobotics2425laptop16/mujoco_ros_ws/install/mujoco_ros2_control_demos' for CMake module files
[0.379s] Level 1:colcon.colcon_core.environment:checking '/home/mscrobotics2425laptop16/mujoco_ros_ws/install/mujoco_ros2_control_demos' for CMake config files
[0.379s] Level 1:colcon.colcon_core.shell:create_environment_hook('mujoco_ros2_control_demos', 'cmake_prefix_path')
[0.380s] INFO:colcon.colcon_core.shell:Creating environment hook '/home/mscrobotics2425laptop16/mujoco_ros_ws/install/mujoco_ros2_control_demos/share/mujoco_ros2_control_demos/hook/cmake_prefix_path.ps1'
[0.381s] INFO:colcon.colcon_core.shell:Creating environment descriptor '/home/mscrobotics2425laptop16/mujoco_ros_ws/install/mujoco_ros2_control_demos/share/mujoco_ros2_control_demos/hook/cmake_prefix_path.dsv'
[0.382s] INFO:colcon.colcon_core.shell:Creating environment hook '/home/mscrobotics2425laptop16/mujoco_ros_ws/install/mujoco_ros2_control_demos/share/mujoco_ros2_control_demos/hook/cmake_prefix_path.sh'
[0.383s] Level 1:colcon.colcon_core.environment:checking '/home/mscrobotics2425laptop16/mujoco_ros_ws/install/mujoco_ros2_control_demos/lib'
[0.383s] Level 1:colcon.colcon_core.environment:checking '/home/mscrobotics2425laptop16/mujoco_ros_ws/install/mujoco_ros2_control_demos/bin'
[0.384s] Level 1:colcon.colcon_core.environment:checking '/home/mscrobotics2425laptop16/mujoco_ros_ws/install/mujoco_ros2_control_demos/lib/pkgconfig/mujoco_ros2_control_demos.pc'
[0.385s] Level 1:colcon.colcon_core.environment:checking '/home/mscrobotics2425laptop16/mujoco_ros_ws/install/mujoco_ros2_control_demos/lib/python3.10/site-packages'
[0.385s] Level 1:colcon.colcon_core.environment:checking '/home/mscrobotics2425laptop16/mujoco_ros_ws/install/mujoco_ros2_control_demos/bin'
[0.385s] INFO:colcon.colcon_core.shell:Creating package script '/home/mscrobotics2425laptop16/mujoco_ros_ws/install/mujoco_ros2_control_demos/share/mujoco_ros2_control_demos/package.ps1'
[0.386s] INFO:colcon.colcon_core.shell:Creating package descriptor '/home/mscrobotics2425laptop16/mujoco_ros_ws/install/mujoco_ros2_control_demos/share/mujoco_ros2_control_demos/package.dsv'
[0.386s] INFO:colcon.colcon_core.shell:Creating package script '/home/mscrobotics2425laptop16/mujoco_ros_ws/install/mujoco_ros2_control_demos/share/mujoco_ros2_control_demos/package.sh'
[0.388s] INFO:colcon.colcon_core.shell:Creating package script '/home/mscrobotics2425laptop16/mujoco_ros_ws/install/mujoco_ros2_control_demos/share/mujoco_ros2_control_demos/package.bash'
[0.389s] INFO:colcon.colcon_core.shell:Creating package script '/home/mscrobotics2425laptop16/mujoco_ros_ws/install/mujoco_ros2_control_demos/share/mujoco_ros2_control_demos/package.zsh'
[0.389s] Level 1:colcon.colcon_core.environment:create_file_with_runtime_dependencies(/home/mscrobotics2425laptop16/mujoco_ros_ws/install/mujoco_ros2_control_demos/share/colcon-core/packages/mujoco_ros2_control_demos)
[3.947s] DEBUG:colcon.colcon_core.event_handler.log_command:Invoked command in '/home/mscrobotics2425laptop16/mujoco_ros_ws/build/mujoco_ros2_control' returned '0': CMAKE_PREFIX_PATH=${CMAKE_PREFIX_PATH}:/home/mscrobotics2425laptop16/interbotix_ws/install/interbotix_xs_modules:/home/mscrobotics2425laptop16/interbotix_ws/install/interbotix_perception_modules:/home/mscrobotics2425laptop16/interbotix_ws/install/interbotix_common_modules:/home/mscrobotics2425laptop16/interbotix_ws/install/control_pkg:/opt/ros/humble /usr/bin/cmake --build /home/mscrobotics2425laptop16/mujoco_ros_ws/build/mujoco_ros2_control -- -j12 -l12
[3.949s] DEBUG:colcon.colcon_core.event_handler.log_command:Invoking command in '/home/mscrobotics2425laptop16/mujoco_ros_ws/build/mujoco_ros2_control': CMAKE_PREFIX_PATH=${CMAKE_PREFIX_PATH}:/home/mscrobotics2425laptop16/interbotix_ws/install/interbotix_xs_modules:/home/mscrobotics2425laptop16/interbotix_ws/install/interbotix_perception_modules:/home/mscrobotics2425laptop16/interbotix_ws/install/interbotix_common_modules:/home/mscrobotics2425laptop16/interbotix_ws/install/control_pkg:/opt/ros/humble /usr/bin/cmake --install /home/mscrobotics2425laptop16/mujoco_ros_ws/build/mujoco_ros2_control
[3.961s] Level 1:colcon.colcon_core.environment:create_environment_scripts_only(mujoco_ros2_control)
[3.962s] Level 1:colcon.colcon_core.environment:checking '/home/mscrobotics2425laptop16/mujoco_ros_ws/install/mujoco_ros2_control' for CMake module files
[3.962s] DEBUG:colcon.colcon_core.event_handler.log_command:Invoked command in '/home/mscrobotics2425laptop16/mujoco_ros_ws/build/mujoco_ros2_control' returned '0': CMAKE_PREFIX_PATH=${CMAKE_PREFIX_PATH}:/home/mscrobotics2425laptop16/interbotix_ws/install/interbotix_xs_modules:/home/mscrobotics2425laptop16/interbotix_ws/install/interbotix_perception_modules:/home/mscrobotics2425laptop16/interbotix_ws/install/interbotix_common_modules:/home/mscrobotics2425laptop16/interbotix_ws/install/control_pkg:/opt/ros/humble /usr/bin/cmake --install /home/mscrobotics2425laptop16/mujoco_ros_ws/build/mujoco_ros2_control
[3.963s] Level 1:colcon.colcon_core.environment:checking '/home/mscrobotics2425laptop16/mujoco_ros_ws/install/mujoco_ros2_control' for CMake config files
[3.963s] Level 1:colcon.colcon_core.shell:create_environment_hook('mujoco_ros2_control', 'cmake_prefix_path')
[3.963s] INFO:colcon.colcon_core.shell:Creating environment hook '/home/mscrobotics2425laptop16/mujoco_ros_ws/install/mujoco_ros2_control/share/mujoco_ros2_control/hook/cmake_prefix_path.ps1'
[3.964s] INFO:colcon.colcon_core.shell:Creating environment descriptor '/home/mscrobotics2425laptop16/mujoco_ros_ws/install/mujoco_ros2_control/share/mujoco_ros2_control/hook/cmake_prefix_path.dsv'
[3.964s] INFO:colcon.colcon_core.shell:Creating environment hook '/home/mscrobotics2425laptop16/mujoco_ros_ws/install/mujoco_ros2_control/share/mujoco_ros2_control/hook/cmake_prefix_path.sh'
[3.964s] Level 1:colcon.colcon_core.environment:checking '/home/mscrobotics2425laptop16/mujoco_ros_ws/install/mujoco_ros2_control/lib'
[3.964s] Level 1:colcon.colcon_core.shell:create_environment_hook('mujoco_ros2_control', 'ld_library_path_lib')
[3.964s] INFO:colcon.colcon_core.shell:Creating environment hook '/home/mscrobotics2425laptop16/mujoco_ros_ws/install/mujoco_ros2_control/share/mujoco_ros2_control/hook/ld_library_path_lib.ps1'
[3.965s] INFO:colcon.colcon_core.shell:Creating environment descriptor '/home/mscrobotics2425laptop16/mujoco_ros_ws/install/mujoco_ros2_control/share/mujoco_ros2_control/hook/ld_library_path_lib.dsv'
[3.965s] INFO:colcon.colcon_core.shell:Creating environment hook '/home/mscrobotics2425laptop16/mujoco_ros_ws/install/mujoco_ros2_control/share/mujoco_ros2_control/hook/ld_library_path_lib.sh'
[3.965s] Level 1:colcon.colcon_core.environment:checking '/home/mscrobotics2425laptop16/mujoco_ros_ws/install/mujoco_ros2_control/bin'
[3.965s] Level 1:colcon.colcon_core.environment:checking '/home/mscrobotics2425laptop16/mujoco_ros_ws/install/mujoco_ros2_control/lib/pkgconfig/mujoco_ros2_control.pc'
[3.966s] Level 1:colcon.colcon_core.environment:checking '/home/mscrobotics2425laptop16/mujoco_ros_ws/install/mujoco_ros2_control/lib/python3.10/site-packages'
[3.966s] Level 1:colcon.colcon_core.environment:checking '/home/mscrobotics2425laptop16/mujoco_ros_ws/install/mujoco_ros2_control/bin'
[3.966s] INFO:colcon.colcon_core.shell:Creating package script '/home/mscrobotics2425laptop16/mujoco_ros_ws/install/mujoco_ros2_control/share/mujoco_ros2_control/package.ps1'
[3.966s] INFO:colcon.colcon_core.shell:Creating package descriptor '/home/mscrobotics2425laptop16/mujoco_ros_ws/install/mujoco_ros2_control/share/mujoco_ros2_control/package.dsv'
[3.967s] INFO:colcon.colcon_core.shell:Creating package script '/home/mscrobotics2425laptop16/mujoco_ros_ws/install/mujoco_ros2_control/share/mujoco_ros2_control/package.sh'
[3.967s] INFO:colcon.colcon_core.shell:Creating package script '/home/mscrobotics2425laptop16/mujoco_ros_ws/install/mujoco_ros2_control/share/mujoco_ros2_control/package.bash'
[3.967s] INFO:colcon.colcon_core.shell:Creating package script '/home/mscrobotics2425laptop16/mujoco_ros_ws/install/mujoco_ros2_control/share/mujoco_ros2_control/package.zsh'
[3.967s] Level 1:colcon.colcon_core.environment:create_file_with_runtime_dependencies(/home/mscrobotics2425laptop16/mujoco_ros_ws/install/mujoco_ros2_control/share/colcon-core/packages/mujoco_ros2_control)
[3.968s] Level 1:colcon.colcon_core.environment:create_environment_scripts_only(mujoco_ros2_control)
[3.969s] Level 1:colcon.colcon_core.environment:checking '/home/mscrobotics2425laptop16/mujoco_ros_ws/install/mujoco_ros2_control' for CMake module files
[3.969s] Level 1:colcon.colcon_core.environment:checking '/home/mscrobotics2425laptop16/mujoco_ros_ws/install/mujoco_ros2_control' for CMake config files
[3.970s] Level 1:colcon.colcon_core.shell:create_environment_hook('mujoco_ros2_control', 'cmake_prefix_path')
[3.970s] INFO:colcon.colcon_core.shell:Creating environment hook '/home/mscrobotics2425laptop16/mujoco_ros_ws/install/mujoco_ros2_control/share/mujoco_ros2_control/hook/cmake_prefix_path.ps1'
[3.971s] INFO:colcon.colcon_core.shell:Creating environment descriptor '/home/mscrobotics2425laptop16/mujoco_ros_ws/install/mujoco_ros2_control/share/mujoco_ros2_control/hook/cmake_prefix_path.dsv'
[3.972s] INFO:colcon.colcon_core.shell:Creating environment hook '/home/mscrobotics2425laptop16/mujoco_ros_ws/install/mujoco_ros2_control/share/mujoco_ros2_control/hook/cmake_prefix_path.sh'
[3.973s] Level 1:colcon.colcon_core.environment:checking '/home/mscrobotics2425laptop16/mujoco_ros_ws/install/mujoco_ros2_control/lib'
[3.973s] Level 1:colcon.colcon_core.shell:create_environment_hook('mujoco_ros2_control', 'ld_library_path_lib')
[3.974s] INFO:colcon.colcon_core.shell:Creating environment hook '/home/mscrobotics2425laptop16/mujoco_ros_ws/install/mujoco_ros2_control/share/mujoco_ros2_control/hook/ld_library_path_lib.ps1'
[3.974s] INFO:colcon.colcon_core.shell:Creating environment descriptor '/home/mscrobotics2425laptop16/mujoco_ros_ws/install/mujoco_ros2_control/share/mujoco_ros2_control/hook/ld_library_path_lib.dsv'
[3.974s] INFO:colcon.colcon_core.shell:Creating environment hook '/home/mscrobotics2425laptop16/mujoco_ros_ws/install/mujoco_ros2_control/share/mujoco_ros2_control/hook/ld_library_path_lib.sh'
[3.975s] Level 1:colcon.colcon_core.environment:checking '/home/mscrobotics2425laptop16/mujoco_ros_ws/install/mujoco_ros2_control/bin'
[3.975s] Level 1:colcon.colcon_core.environment:checking '/home/mscrobotics2425laptop16/mujoco_ros_ws/install/mujoco_ros2_control/lib/pkgconfig/mujoco_ros2_control.pc'
[3.975s] Level 1:colcon.colcon_core.environment:checking '/home/mscrobotics2425laptop16/mujoco_ros_ws/install/mujoco_ros2_control/lib/python3.10/site-packages'
[3.975s] Level 1:colcon.colcon_core.environment:checking '/home/mscrobotics2425laptop16/mujoco_ros_ws/install/mujoco_ros2_control/bin'
[3.976s] INFO:colcon.colcon_core.shell:Creating package script '/home/mscrobotics2425laptop16/mujoco_ros_ws/install/mujoco_ros2_control/share/mujoco_ros2_control/package.ps1'
[3.976s] INFO:colcon.colcon_core.shell:Creating package descriptor '/home/mscrobotics2425laptop16/mujoco_ros_ws/install/mujoco_ros2_control/share/mujoco_ros2_control/package.dsv'
[3.977s] INFO:colcon.colcon_core.shell:Creating package script '/home/mscrobotics2425laptop16/mujoco_ros_ws/install/mujoco_ros2_control/share/mujoco_ros2_control/package.sh'
[3.977s] INFO:colcon.colcon_core.shell:Creating package script '/home/mscrobotics2425laptop16/mujoco_ros_ws/install/mujoco_ros2_control/share/mujoco_ros2_control/package.bash'
[3.978s] INFO:colcon.colcon_core.shell:Creating package script '/home/mscrobotics2425laptop16/mujoco_ros_ws/install/mujoco_ros2_control/share/mujoco_ros2_control/package.zsh'
[3.978s] Level 1:colcon.colcon_core.environment:create_file_with_runtime_dependencies(/home/mscrobotics2425laptop16/mujoco_ros_ws/install/mujoco_ros2_control/share/colcon-core/packages/mujoco_ros2_control)
[15.878s] DEBUG:colcon.colcon_core.event_handler.log_command:Invoked command in '/home/mscrobotics2425laptop16/mujoco_ros_ws/build/fr3_control_publish' returned '0': CMAKE_PREFIX_PATH=${CMAKE_PREFIX_PATH}:/home/mscrobotics2425laptop16/interbotix_ws/install/interbotix_xs_modules:/home/mscrobotics2425laptop16/interbotix_ws/install/interbotix_perception_modules:/home/mscrobotics2425laptop16/interbotix_ws/install/interbotix_common_modules:/home/mscrobotics2425laptop16/interbotix_ws/install/control_pkg:/opt/ros/humble /usr/bin/cmake --build /home/mscrobotics2425laptop16/mujoco_ros_ws/build/fr3_control_publish -- -j12 -l12
[15.880s] DEBUG:colcon.colcon_core.event_handler.log_command:Invoking command in '/home/mscrobotics2425laptop16/mujoco_ros_ws/build/fr3_control_publish': CMAKE_PREFIX_PATH=${CMAKE_PREFIX_PATH}:/home/mscrobotics2425laptop16/interbotix_ws/install/interbotix_xs_modules:/home/mscrobotics2425laptop16/interbotix_ws/install/interbotix_perception_modules:/home/mscrobotics2425laptop16/interbotix_ws/install/interbotix_common_modules:/home/mscrobotics2425laptop16/interbotix_ws/install/control_pkg:/opt/ros/humble /usr/bin/cmake --install /home/mscrobotics2425laptop16/mujoco_ros_ws/build/fr3_control_publish
[15.934s] Level 1:colcon.colcon_core.environment:create_environment_scripts_only(fr3_control_publish)
[15.934s] DEBUG:colcon.colcon_core.event_handler.log_command:Invoked command in '/home/mscrobotics2425laptop16/mujoco_ros_ws/build/fr3_control_publish' returned '0': CMAKE_PREFIX_PATH=${CMAKE_PREFIX_PATH}:/home/mscrobotics2425laptop16/interbotix_ws/install/interbotix_xs_modules:/home/mscrobotics2425laptop16/interbotix_ws/install/interbotix_perception_modules:/home/mscrobotics2425laptop16/interbotix_ws/install/interbotix_common_modules:/home/mscrobotics2425laptop16/interbotix_ws/install/control_pkg:/opt/ros/humble /usr/bin/cmake --install /home/mscrobotics2425laptop16/mujoco_ros_ws/build/fr3_control_publish
[15.934s] Level 1:colcon.colcon_core.environment:checking '/home/mscrobotics2425laptop16/mujoco_ros_ws/install/fr3_control_publish' for CMake module files
[15.935s] Level 1:colcon.colcon_core.environment:checking '/home/mscrobotics2425laptop16/mujoco_ros_ws/install/fr3_control_publish' for CMake config files
[15.936s] Level 1:colcon.colcon_core.shell:create_environment_hook('fr3_control_publish', 'cmake_prefix_path')
[15.936s] INFO:colcon.colcon_core.shell:Creating environment hook '/home/mscrobotics2425laptop16/mujoco_ros_ws/install/fr3_control_publish/share/fr3_control_publish/hook/cmake_prefix_path.ps1'
[15.937s] INFO:colcon.colcon_core.shell:Creating environment descriptor '/home/mscrobotics2425laptop16/mujoco_ros_ws/install/fr3_control_publish/share/fr3_control_publish/hook/cmake_prefix_path.dsv'
[15.937s] INFO:colcon.colcon_core.shell:Creating environment hook '/home/mscrobotics2425laptop16/mujoco_ros_ws/install/fr3_control_publish/share/fr3_control_publish/hook/cmake_prefix_path.sh'
[15.938s] Level 1:colcon.colcon_core.environment:checking '/home/mscrobotics2425laptop16/mujoco_ros_ws/install/fr3_control_publish/lib'
[15.938s] Level 1:colcon.colcon_core.shell:create_environment_hook('fr3_control_publish', 'ld_library_path_lib')
[15.938s] INFO:colcon.colcon_core.shell:Creating environment hook '/home/mscrobotics2425laptop16/mujoco_ros_ws/install/fr3_control_publish/share/fr3_control_publish/hook/ld_library_path_lib.ps1'
[15.938s] INFO:colcon.colcon_core.shell:Creating environment descriptor '/home/mscrobotics2425laptop16/mujoco_ros_ws/install/fr3_control_publish/share/fr3_control_publish/hook/ld_library_path_lib.dsv'
[15.939s] INFO:colcon.colcon_core.shell:Creating environment hook '/home/mscrobotics2425laptop16/mujoco_ros_ws/install/fr3_control_publish/share/fr3_control_publish/hook/ld_library_path_lib.sh'
[15.939s] Level 1:colcon.colcon_core.environment:checking '/home/mscrobotics2425laptop16/mujoco_ros_ws/install/fr3_control_publish/bin'
[15.939s] Level 1:colcon.colcon_core.environment:checking '/home/mscrobotics2425laptop16/mujoco_ros_ws/install/fr3_control_publish/lib/pkgconfig/fr3_control_publish.pc'
[15.940s] Level 1:colcon.colcon_core.environment:checking '/home/mscrobotics2425laptop16/mujoco_ros_ws/install/fr3_control_publish/lib/python3.10/site-packages'
[15.940s] Level 1:colcon.colcon_core.environment:checking '/home/mscrobotics2425laptop16/mujoco_ros_ws/install/fr3_control_publish/bin'
[15.940s] INFO:colcon.colcon_core.shell:Creating package script '/home/mscrobotics2425laptop16/mujoco_ros_ws/install/fr3_control_publish/share/fr3_control_publish/package.ps1'
[15.941s] INFO:colcon.colcon_core.shell:Creating package descriptor '/home/mscrobotics2425laptop16/mujoco_ros_ws/install/fr3_control_publish/share/fr3_control_publish/package.dsv'
[15.941s] INFO:colcon.colcon_core.shell:Creating package script '/home/mscrobotics2425laptop16/mujoco_ros_ws/install/fr3_control_publish/share/fr3_control_publish/package.sh'
[15.941s] INFO:colcon.colcon_core.shell:Creating package script '/home/mscrobotics2425laptop16/mujoco_ros_ws/install/fr3_control_publish/share/fr3_control_publish/package.bash'
[15.942s] INFO:colcon.colcon_core.shell:Creating package script '/home/mscrobotics2425laptop16/mujoco_ros_ws/install/fr3_control_publish/share/fr3_control_publish/package.zsh'
[15.942s] Level 1:colcon.colcon_core.environment:create_file_with_runtime_dependencies(/home/mscrobotics2425laptop16/mujoco_ros_ws/install/fr3_control_publish/share/colcon-core/packages/fr3_control_publish)
[15.943s] Level 1:colcon.colcon_core.environment:create_environment_scripts_only(fr3_control_publish)
[15.943s] Level 1:colcon.colcon_core.environment:checking '/home/mscrobotics2425laptop16/mujoco_ros_ws/install/fr3_control_publish' for CMake module files
[15.944s] Level 1:colcon.colcon_core.environment:checking '/home/mscrobotics2425laptop16/mujoco_ros_ws/install/fr3_control_publish' for CMake config files
[15.945s] Level 1:colcon.colcon_core.shell:create_environment_hook('fr3_control_publish', 'cmake_prefix_path')
[15.945s] INFO:colcon.colcon_core.shell:Creating environment hook '/home/mscrobotics2425laptop16/mujoco_ros_ws/install/fr3_control_publish/share/fr3_control_publish/hook/cmake_prefix_path.ps1'
[15.946s] INFO:colcon.colcon_core.shell:Creating environment descriptor '/home/mscrobotics2425laptop16/mujoco_ros_ws/install/fr3_control_publish/share/fr3_control_publish/hook/cmake_prefix_path.dsv'
[15.946s] INFO:colcon.colcon_core.shell:Creating environment hook '/home/mscrobotics2425laptop16/mujoco_ros_ws/install/fr3_control_publish/share/fr3_control_publish/hook/cmake_prefix_path.sh'
[15.947s] Level 1:colcon.colcon_core.environment:checking '/home/mscrobotics2425laptop16/mujoco_ros_ws/install/fr3_control_publish/lib'
[15.947s] Level 1:colcon.colcon_core.shell:create_environment_hook('fr3_control_publish', 'ld_library_path_lib')
[15.947s] INFO:colcon.colcon_core.shell:Creating environment hook '/home/mscrobotics2425laptop16/mujoco_ros_ws/install/fr3_control_publish/share/fr3_control_publish/hook/ld_library_path_lib.ps1'
[15.948s] INFO:colcon.colcon_core.shell:Creating environment descriptor '/home/mscrobotics2425laptop16/mujoco_ros_ws/install/fr3_control_publish/share/fr3_control_publish/hook/ld_library_path_lib.dsv'
[15.948s] INFO:colcon.colcon_core.shell:Creating environment hook '/home/mscrobotics2425laptop16/mujoco_ros_ws/install/fr3_control_publish/share/fr3_control_publish/hook/ld_library_path_lib.sh'
[15.949s] Level 1:colcon.colcon_core.environment:checking '/home/mscrobotics2425laptop16/mujoco_ros_ws/install/fr3_control_publish/bin'
[15.949s] Level 1:colcon.colcon_core.environment:checking '/home/mscrobotics2425laptop16/mujoco_ros_ws/install/fr3_control_publish/lib/pkgconfig/fr3_control_publish.pc'
[15.949s] Level 1:colcon.colcon_core.environment:checking '/home/mscrobotics2425laptop16/mujoco_ros_ws/install/fr3_control_publish/lib/python3.10/site-packages'
[15.949s] Level 1:colcon.colcon_core.environment:checking '/home/mscrobotics2425laptop16/mujoco_ros_ws/install/fr3_control_publish/bin'
[15.949s] INFO:colcon.colcon_core.shell:Creating package script '/home/mscrobotics2425laptop16/mujoco_ros_ws/install/fr3_control_publish/share/fr3_control_publish/package.ps1'
[15.950s] INFO:colcon.colcon_core.shell:Creating package descriptor '/home/mscrobotics2425laptop16/mujoco_ros_ws/install/fr3_control_publish/share/fr3_control_publish/package.dsv'
[15.951s] INFO:colcon.colcon_core.shell:Creating package script '/home/mscrobotics2425laptop16/mujoco_ros_ws/install/fr3_control_publish/share/fr3_control_publish/package.sh'
[15.951s] INFO:colcon.colcon_core.shell:Creating package script '/home/mscrobotics2425laptop16/mujoco_ros_ws/install/fr3_control_publish/share/fr3_control_publish/package.bash'
[15.953s] INFO:colcon.colcon_core.shell:Creating package script '/home/mscrobotics2425laptop16/mujoco_ros_ws/install/fr3_control_publish/share/fr3_control_publish/package.zsh'
[15.953s] Level 1:colcon.colcon_core.environment:create_file_with_runtime_dependencies(/home/mscrobotics2425laptop16/mujoco_ros_ws/install/fr3_control_publish/share/colcon-core/packages/fr3_control_publish)
[15.954s] DEBUG:colcon.colcon_parallel_executor.executor.parallel:closing loop
[15.954s] DEBUG:colcon.colcon_parallel_executor.executor.parallel:loop closed
[15.954s] DEBUG:colcon.colcon_parallel_executor.executor.parallel:run_until_complete finished with '0'
[15.954s] DEBUG:colcon.colcon_core.event_reactor:joining thread
[15.963s] INFO:colcon.colcon_core.plugin_system:Skipping extension 'colcon_notification.desktop_notification.terminal_notifier': Not used on non-Darwin systems
[15.963s] INFO:colcon.colcon_core.plugin_system:Skipping extension 'colcon_notification.desktop_notification.win32': Not used on non-Windows systems
[15.963s] INFO:colcon.colcon_notification.desktop_notification:Sending desktop notification using 'notify2'
[15.974s] DEBUG:colcon.colcon_core.event_reactor:joined thread
[15.975s] INFO:colcon.colcon_core.shell:Creating prefix script '/home/mscrobotics2425laptop16/mujoco_ros_ws/install/local_setup.ps1'
[15.975s] INFO:colcon.colcon_core.shell:Creating prefix util module '/home/mscrobotics2425laptop16/mujoco_ros_ws/install/_local_setup_util_ps1.py'
[15.977s] INFO:colcon.colcon_core.shell:Creating prefix chain script '/home/mscrobotics2425laptop16/mujoco_ros_ws/install/setup.ps1'
[15.979s] INFO:colcon.colcon_core.shell:Creating prefix script '/home/mscrobotics2425laptop16/mujoco_ros_ws/install/local_setup.sh'
[15.980s] INFO:colcon.colcon_core.shell:Creating prefix util module '/home/mscrobotics2425laptop16/mujoco_ros_ws/install/_local_setup_util_sh.py'
[15.981s] INFO:colcon.colcon_core.shell:Creating prefix chain script '/home/mscrobotics2425laptop16/mujoco_ros_ws/install/setup.sh'
[15.984s] INFO:colcon.colcon_core.shell:Creating prefix script '/home/mscrobotics2425laptop16/mujoco_ros_ws/install/local_setup.bash'
[15.984s] INFO:colcon.colcon_core.shell:Creating prefix chain script '/home/mscrobotics2425laptop16/mujoco_ros_ws/install/setup.bash'
[15.988s] INFO:colcon.colcon_core.shell:Creating prefix script '/home/mscrobotics2425laptop16/mujoco_ros_ws/install/local_setup.zsh'
[15.989s] INFO:colcon.colcon_core.shell:Creating prefix chain script '/home/mscrobotics2425laptop16/mujoco_ros_ws/install/setup.zsh'
