[0.038s] Invoking command in '/home/mscrobotics2425laptop16/mujoco_ros_ws/build/fr3_control_publish': CMAKE_PREFIX_PATH=${CMAKE_PREFIX_PATH}:/home/mscrobotics2425laptop16/interbotix_ws/install/interbotix_xs_modules:/home/mscrobotics2425laptop16/interbotix_ws/install/interbotix_perception_modules:/home/mscrobotics2425laptop16/interbotix_ws/install/interbotix_common_modules:/home/mscrobotics2425laptop16/interbotix_ws/install/control_pkg:/opt/ros/humble /usr/bin/cmake /home/mscrobotics2425laptop16/mujoco_ros_ws/src/fr3_control_publish -DCMAKE_INSTALL_PREFIX=/home/mscrobotics2425laptop16/mujoco_ros_ws/install/fr3_control_publish
[0.088s] -- Found ament_cmake: 1.3.11 (/opt/ros/humble/share/ament_cmake/cmake)
[0.546s] -- Found rclcpp: 16.0.11 (/opt/ros/humble/share/rclcpp/cmake)
[0.825s] -- Found rosidl_generator_c: 3.1.6 (/opt/ros/humble/share/rosidl_generator_c/cmake)
[0.871s] -- Found rosidl_adapter: 3.1.6 (/opt/ros/humble/share/rosidl_adapter/cmake)
[0.912s] -- Found rosidl_generator_cpp: 3.1.6 (/opt/ros/humble/share/rosidl_generator_cpp/cmake)
[0.994s] -- Using all available rosidl_typesupport_c: rosidl_typesupport_fastrtps_c;rosidl_typesupport_introspection_c
[1.082s] -- Using all available rosidl_typesupport_cpp: rosidl_typesupport_fastrtps_cpp;rosidl_typesupport_introspection_cpp
[1.325s] -- Found rmw_implementation_cmake: 6.1.2 (/opt/ros/humble/share/rmw_implementation_cmake/cmake)
[1.357s] -- Found rmw_fastrtps_cpp: 6.2.7 (/opt/ros/humble/share/rmw_fastrtps_cpp/cmake)
[1.828s] -- Found OpenSSL: /usr/lib/x86_64-linux-gnu/libcrypto.so (found version "3.0.2")  
[1.936s] -- Found FastRTPS: /opt/ros/humble/include  
[2.070s] -- Using RMW implementation 'rmw_fastrtps_cpp' as default
[2.139s] -- Looking for pthread.h
[2.361s] -- Looking for pthread.h - found
[2.366s] -- Performing Test CMAKE_HAVE_LIBC_PTHREAD
[2.602s] -- Performing Test CMAKE_HAVE_LIBC_PTHREAD - Success
[2.605s] -- Found Threads: TRUE  
[2.849s] -- Found trajectory_msgs: 4.2.4 (/opt/ros/humble/share/trajectory_msgs/cmake)
[3.011s] -- Found ament_lint_auto: 0.12.11 (/opt/ros/humble/share/ament_lint_auto/cmake)
[3.319s] -- Added test 'cppcheck' to perform static code analysis on C / C++ code
[3.319s] -- Configured cppcheck include dirs: 
[3.320s] -- Configured cppcheck exclude dirs and/or files: 
[3.323s] -- Added test 'lint_cmake' to check CMake code style
[3.328s] -- Added test 'uncrustify' to check C / C++ code style
[3.328s] -- Configured uncrustify additional arguments: 
[3.331s] -- Added test 'xmllint' to check XML markup files
[3.339s] -- Configuring done
[3.370s] -- Generating done
[3.383s] -- Build files have been written to: /home/mscrobotics2425laptop16/mujoco_ros_ws/build/fr3_control_publish
[3.410s] Invoked command in '/home/mscrobotics2425laptop16/mujoco_ros_ws/build/fr3_control_publish' returned '0': CMAKE_PREFIX_PATH=${CMAKE_PREFIX_PATH}:/home/mscrobotics2425laptop16/interbotix_ws/install/interbotix_xs_modules:/home/mscrobotics2425laptop16/interbotix_ws/install/interbotix_perception_modules:/home/mscrobotics2425laptop16/interbotix_ws/install/interbotix_common_modules:/home/mscrobotics2425laptop16/interbotix_ws/install/control_pkg:/opt/ros/humble /usr/bin/cmake /home/mscrobotics2425laptop16/mujoco_ros_ws/src/fr3_control_publish -DCMAKE_INSTALL_PREFIX=/home/mscrobotics2425laptop16/mujoco_ros_ws/install/fr3_control_publish
[3.417s] Invoking command in '/home/mscrobotics2425laptop16/mujoco_ros_ws/build/fr3_control_publish': CMAKE_PREFIX_PATH=${CMAKE_PREFIX_PATH}:/home/mscrobotics2425laptop16/interbotix_ws/install/interbotix_xs_modules:/home/mscrobotics2425laptop16/interbotix_ws/install/interbotix_perception_modules:/home/mscrobotics2425laptop16/interbotix_ws/install/interbotix_common_modules:/home/mscrobotics2425laptop16/interbotix_ws/install/control_pkg:/opt/ros/humble /usr/bin/cmake --build /home/mscrobotics2425laptop16/mujoco_ros_ws/build/fr3_control_publish -- -j12 -l12
[3.582s] [ 50%] [32mBuilding CXX object CMakeFiles/simple_control_node.dir/src/fr3_publish_node.cpp.o[0m
[9.127s] [01m[K/home/mscrobotics2425laptop16/mujoco_ros_ws/src/fr3_control_publish/src/fr3_publish_node.cpp:[m[K In member function ‘[01m[Kvoid SimpleControlNode::timer_callback()[m[K’:
[9.127s] [01m[K/home/mscrobotics2425laptop16/mujoco_ros_ws/src/fr3_control_publish/src/fr3_publish_node.cpp:41:25:[m[K [01;31m[Kerror: [m[Kno match for ‘[01m[Koperator=[m[K’ (operand types are ‘[01m[Ktrajectory_msgs::msg::JointTrajectoryPoint_<std::allocator<void> >::_time_from_start_type[m[K’ {aka ‘[01m[Kbuiltin_interfaces::msg::Duration_<std::allocator<void> >[m[K’} and ‘[01m[Kstd::chrono::milliseconds[m[K’ {aka ‘[01m[Kstd::chrono::duration<long int, std::ratio<1, 1000> >[m[K’})
[9.127s]    41 |     p.time_from_start = [01;31m[K200ms[m[K;                    // 到达时间 0.2 s
[9.127s]       |                         [01;31m[K^~~~~[m[K
[9.127s] In file included from [01m[K/opt/ros/humble/include/builtin_interfaces/builtin_interfaces/msg/duration.hpp:7[m[K,
[9.128s]                  from [01m[K/opt/ros/humble/include/rclcpp/rclcpp/duration.hpp:20[m[K,
[9.128s]                  from [01m[K/opt/ros/humble/include/rclcpp/rclcpp/qos.hpp:20[m[K,
[9.128s]                  from [01m[K/opt/ros/humble/include/rclcpp/rclcpp/node_interfaces/node_graph_interface.hpp:32[m[K,
[9.128s]                  from [01m[K/opt/ros/humble/include/rclcpp/rclcpp/client.hpp:42[m[K,
[9.128s]                  from [01m[K/opt/ros/humble/include/rclcpp/rclcpp/callback_group.hpp:24[m[K,
[9.128s]                  from [01m[K/opt/ros/humble/include/rclcpp/rclcpp/any_executable.hpp:20[m[K,
[9.129s]                  from [01m[K/opt/ros/humble/include/rclcpp/rclcpp/memory_strategy.hpp:25[m[K,
[9.129s]                  from [01m[K/opt/ros/humble/include/rclcpp/rclcpp/memory_strategies.hpp:18[m[K,
[9.129s]                  from [01m[K/opt/ros/humble/include/rclcpp/rclcpp/executor_options.hpp:20[m[K,
[9.129s]                  from [01m[K/opt/ros/humble/include/rclcpp/rclcpp/executor.hpp:37[m[K,
[9.129s]                  from [01m[K/opt/ros/humble/include/rclcpp/rclcpp/executors/multi_threaded_executor.hpp:25[m[K,
[9.129s]                  from [01m[K/opt/ros/humble/include/rclcpp/rclcpp/executors.hpp:21[m[K,
[9.130s]                  from [01m[K/opt/ros/humble/include/rclcpp/rclcpp/rclcpp.hpp:155[m[K,
[9.130s]                  from [01m[K/home/mscrobotics2425laptop16/mujoco_ros_ws/src/fr3_control_publish/src/fr3_publish_node.cpp:1[m[K:
[9.130s] [01m[K/opt/ros/humble/include/builtin_interfaces/builtin_interfaces/msg/detail/duration__struct.hpp:32:8:[m[K [01;36m[Knote: [m[Kcandidate: ‘[01m[Kconstexpr builtin_interfaces::msg::Duration_<std::allocator<void> >& builtin_interfaces::msg::Duration_<std::allocator<void> >::operator=(const builtin_interfaces::msg::Duration_<std::allocator<void> >&)[m[K’
[9.130s]    32 | struct [01;36m[KDuration_[m[K
[9.130s]       |        [01;36m[K^~~~~~~~~[m[K
[9.131s] [01m[K/opt/ros/humble/include/builtin_interfaces/builtin_interfaces/msg/detail/duration__struct.hpp:32:8:[m[K [01;36m[Knote: [m[K  no known conversion for argument 1 from ‘[01m[Kstd::chrono::milliseconds[m[K’ {aka ‘[01m[Kstd::chrono::duration<long int, std::ratio<1, 1000> >[m[K’} to ‘[01m[Kconst builtin_interfaces::msg::Duration_<std::allocator<void> >&[m[K’
[9.131s] [01m[K/opt/ros/humble/include/builtin_interfaces/builtin_interfaces/msg/detail/duration__struct.hpp:32:8:[m[K [01;36m[Knote: [m[Kcandidate: ‘[01m[Kconstexpr builtin_interfaces::msg::Duration_<std::allocator<void> >& builtin_interfaces::msg::Duration_<std::allocator<void> >::operator=(builtin_interfaces::msg::Duration_<std::allocator<void> >&&)[m[K’
[9.131s] [01m[K/opt/ros/humble/include/builtin_interfaces/builtin_interfaces/msg/detail/duration__struct.hpp:32:8:[m[K [01;36m[Knote: [m[K  no known conversion for argument 1 from ‘[01m[Kstd::chrono::milliseconds[m[K’ {aka ‘[01m[Kstd::chrono::duration<long int, std::ratio<1, 1000> >[m[K’} to ‘[01m[Kbuiltin_interfaces::msg::Duration_<std::allocator<void> >&&[m[K’
[11.121s] gmake[2]: *** [CMakeFiles/simple_control_node.dir/build.make:76：CMakeFiles/simple_control_node.dir/src/fr3_publish_node.cpp.o] 错误 1
[11.121s] gmake[1]: *** [CMakeFiles/Makefile2:137：CMakeFiles/simple_control_node.dir/all] 错误 2
[11.122s] gmake: *** [Makefile:146：all] 错误 2
[11.127s] Invoked command in '/home/mscrobotics2425laptop16/mujoco_ros_ws/build/fr3_control_publish' returned '2': CMAKE_PREFIX_PATH=${CMAKE_PREFIX_PATH}:/home/mscrobotics2425laptop16/interbotix_ws/install/interbotix_xs_modules:/home/mscrobotics2425laptop16/interbotix_ws/install/interbotix_perception_modules:/home/mscrobotics2425laptop16/interbotix_ws/install/interbotix_common_modules:/home/mscrobotics2425laptop16/interbotix_ws/install/control_pkg:/opt/ros/humble /usr/bin/cmake --build /home/mscrobotics2425laptop16/mujoco_ros_ws/build/fr3_control_publish -- -j12 -l12
