[35m[1mConsolidate compiler generated dependencies of target hybridforcetangentialcontroller[0m
[  6%] Built target fr3_control_publish__rosidl_generator_c
[  8%] Built target fr3_control_publish__cpp
[  8%] Built target ament_cmake_python_copy_fr3_control_publish
[ 13%] Built target tangential_velocity_controller
[ 17%] Built target mujoco_sim_node
[ 22%] Built target fr3_monitor
[ 24%] [32mBuilding CXX object CMakeFiles/hybridforcetangentialcontroller.dir/src/HybridForceTangentialController.cpp.o[0m
[ 28%] Built target ee_pose_bridge
[ 35%] Built target fr3_control_publish__rosidl_typesupport_introspection_cpp
[ 46%] Built target fr3_control_publish__rosidl_typesupport_fastrtps_c
[ 48%] Built target fr3_control_publish__rosidl_typesupport_c
[ 55%] Built target fr3_control_publish__rosidl_typesupport_cpp
[ 62%] Built target fr3_control_publish__rosidl_typesupport_fastrtps_cpp
[ 68%] Built target fr3_control_publish__rosidl_typesupport_introspection_c
[ 73%] Built target force_position_controller
[ 77%] Built target jacobian_publisher
[ 77%] Built target fr3_control_publish
[ 80%] Built target fr3_control_publish__py
[ 84%] Built target fr3_control_publish__rosidl_generator_py
[ 88%] Built target fr3_control_publish__rosidl_typesupport_fastrtps_c__pyext
[ 93%] Built target fr3_control_publish__rosidl_typesupport_c__pyext
[ 97%] Built target fr3_control_publish__rosidl_typesupport_introspection_c__pyext
running egg_info
writing fr3_control_publish.egg-info/PKG-INFO
writing dependency_links to fr3_control_publish.egg-info/dependency_links.txt
writing top-level names to fr3_control_publish.egg-info/top_level.txt
reading manifest file 'fr3_control_publish.egg-info/SOURCES.txt'
writing manifest file 'fr3_control_publish.egg-info/SOURCES.txt'
[ 97%] Built target ament_cmake_python_build_fr3_control_publish_egg
[01m[K/home/mscrobotics2425laptop16/mujoco_ros_ws/src/fr3_control_publish/src/HybridForceTangentialController.cpp:[m[K In member function ‘[01m[Kvoid HybridForceTangentialController::control_loop()[m[K’:
[01m[K/home/mscrobotics2425laptop16/mujoco_ros_ws/src/fr3_control_publish/src/HybridForceTangentialController.cpp:405:25:[m[K [01;31m[Kerror: [m[Koperands to ‘[01m[K?:[m[K’ have different types ‘[01m[Kconst Eigen::CwiseBinaryOp<Eigen::internal::scalar_product_op<double, double>, const Eigen::CwiseNullaryOp<Eigen::internal::scalar_constant_op<double>, const Eigen::Matrix<double, 3, 1> >, const Eigen::Matrix<double, 3, 1> >[m[K’ and ‘[01m[Kconst ConstantReturnType[m[K’ {aka ‘[01m[Kconst Eigen::CwiseNullaryOp<Eigen::internal::scalar_constant_op<double>, Eigen::Matrix<double, 3, 1> >[m[K’}
  404 |       Eigen::Vector3d v_n = - ([01;31m[KBn_inv > 1e-6[m[K
      |                                [01;31m[K~~~~~~~~~~~~~[m[K
  405 | [01;31m[K                        ? (f_diff / Bn_inv) * n_hat_[m[K
      |                         [01;31m[K^~~~~~~~~~~~~~~~~~~~~~~~~~~~[m[K
  406 | [01;31m[K                        : Eigen::Vector3d::Zero()[m[K);
      |                         [01;31m[K~~~~~~~~~~~~~~~~~~~~~~~~~[m[K
gmake[2]: *** [CMakeFiles/hybridforcetangentialcontroller.dir/build.make:76：CMakeFiles/hybridforcetangentialcontroller.dir/src/HybridForceTangentialController.cpp.o] 错误 1
gmake[1]: *** [CMakeFiles/Makefile2:736：CMakeFiles/hybridforcetangentialcontroller.dir/all] 错误 2
gmake: *** [Makefile:146：all] 错误 2
