[0.044s] Invoking command in '/home/mscrobotics2425laptop16/mujoco_ros_ws/build/mujoco_ros2_control': CMAKE_PREFIX_PATH=${CMAKE_PREFIX_PATH}:/home/mscrobotics2425laptop16/interbotix_ws/install/interbotix_xs_modules:/home/mscrobotics2425laptop16/interbotix_ws/install/interbotix_perception_modules:/home/mscrobotics2425laptop16/interbotix_ws/install/interbotix_common_modules:/home/mscrobotics2425laptop16/interbotix_ws/install/control_pkg:/opt/ros/humble /usr/bin/cmake --build /home/mscrobotics2425laptop16/mujoco_ros_ws/build/mujoco_ros2_control -- -j12 -l12
[0.194s] [35m[1mConsolidate compiler generated dependencies of target mujoco_system_plugins[0m
[0.256s] [ 66%] Built target mujoco_ros2_control
[0.267s] [ 83%] [32mBuilding CXX object CMakeFiles/mujoco_system_plugins.dir/src/mujoco_system.cpp.o[0m
[4.553s] [01m[K/home/mscrobotics2425laptop16/mujoco_ros_ws/src/mujoco_ros2_control/mujoco_ros2_control/src/mujoco_system.cpp:[m[K In member function ‘[01m[Kvirtual hardware_interface::return_type mujoco_ros2_control::MujocoSystem::write(const rclcpp::Time&, const rclcpp::Duration&)[m[K’:
[4.553s] [01m[K/home/mscrobotics2425laptop16/mujoco_ros_ws/src/mujoco_ros2_control/mujoco_ros2_control/src/mujoco_system.cpp:142:28:[m[K [01;35m[Kwarning: [m[Kunused parameter ‘[01m[Kperiod[m[K’ [[01;35m[K]8;;https://gcc.gnu.org/onlinedocs/gcc/Warning-Options.html#index-Wunused-parameter-Wunused-parameter]8;;[m[K]
[4.553s]   142 |   [01;35m[Kconst rclcpp::Duration & period[m[K)
[4.553s]       |   [01;35m[K~~~~~~~~~~~~~~~~~~~~~~~~~^~~~~~[m[K
[6.337s] [100%] [32m[1mLinking CXX shared library libmujoco_system_plugins.so[0m
[6.691s] [100%] Built target mujoco_system_plugins
[6.713s] Invoked command in '/home/mscrobotics2425laptop16/mujoco_ros_ws/build/mujoco_ros2_control' returned '0': CMAKE_PREFIX_PATH=${CMAKE_PREFIX_PATH}:/home/mscrobotics2425laptop16/interbotix_ws/install/interbotix_xs_modules:/home/mscrobotics2425laptop16/interbotix_ws/install/interbotix_perception_modules:/home/mscrobotics2425laptop16/interbotix_ws/install/interbotix_common_modules:/home/mscrobotics2425laptop16/interbotix_ws/install/control_pkg:/opt/ros/humble /usr/bin/cmake --build /home/mscrobotics2425laptop16/mujoco_ros_ws/build/mujoco_ros2_control -- -j12 -l12
[6.716s] Invoking command in '/home/mscrobotics2425laptop16/mujoco_ros_ws/build/mujoco_ros2_control': CMAKE_PREFIX_PATH=${CMAKE_PREFIX_PATH}:/home/mscrobotics2425laptop16/interbotix_ws/install/interbotix_xs_modules:/home/mscrobotics2425laptop16/interbotix_ws/install/interbotix_perception_modules:/home/mscrobotics2425laptop16/interbotix_ws/install/interbotix_common_modules:/home/mscrobotics2425laptop16/interbotix_ws/install/control_pkg:/opt/ros/humble /usr/bin/cmake --install /home/mscrobotics2425laptop16/mujoco_ros_ws/build/mujoco_ros2_control
[6.731s] -- Install configuration: ""
[6.731s] -- Installing: /home/mscrobotics2425laptop16/mujoco_ros_ws/install/mujoco_ros2_control/lib/libmujoco_system_plugins.so
[6.735s] -- Set runtime path of "/home/mscrobotics2425laptop16/mujoco_ros_ws/install/mujoco_ros2_control/lib/libmujoco_system_plugins.so" to "/opt/ros/humble/lib:/home/mscrobotics2425laptop16/mujoco/mujoco-install/lib:/opt/ros/humble/lib/x86_64-linux-gnu"
[6.735s] -- Up-to-date: /home/mscrobotics2425laptop16/mujoco_ros_ws/install/mujoco_ros2_control/lib/mujoco_ros2_control/mujoco_ros2_control
[6.735s] -- Up-to-date: /home/mscrobotics2425laptop16/mujoco_ros_ws/install/mujoco_ros2_control/share/mujoco_ros2_control/mujoco_system_plugins.xml
[6.736s] -- Up-to-date: /home/mscrobotics2425laptop16/mujoco_ros_ws/install/mujoco_ros2_control/share/ament_index/resource_index/package_run_dependencies/mujoco_ros2_control
[6.736s] -- Up-to-date: /home/mscrobotics2425laptop16/mujoco_ros_ws/install/mujoco_ros2_control/share/ament_index/resource_index/parent_prefix_path/mujoco_ros2_control
[6.736s] -- Up-to-date: /home/mscrobotics2425laptop16/mujoco_ros_ws/install/mujoco_ros2_control/share/mujoco_ros2_control/environment/ament_prefix_path.sh
[6.736s] -- Up-to-date: /home/mscrobotics2425laptop16/mujoco_ros_ws/install/mujoco_ros2_control/share/mujoco_ros2_control/environment/ament_prefix_path.dsv
[6.736s] -- Up-to-date: /home/mscrobotics2425laptop16/mujoco_ros_ws/install/mujoco_ros2_control/share/mujoco_ros2_control/environment/path.sh
[6.736s] -- Up-to-date: /home/mscrobotics2425laptop16/mujoco_ros_ws/install/mujoco_ros2_control/share/mujoco_ros2_control/environment/path.dsv
[6.737s] -- Up-to-date: /home/mscrobotics2425laptop16/mujoco_ros_ws/install/mujoco_ros2_control/share/mujoco_ros2_control/local_setup.bash
[6.737s] -- Up-to-date: /home/mscrobotics2425laptop16/mujoco_ros_ws/install/mujoco_ros2_control/share/mujoco_ros2_control/local_setup.sh
[6.737s] -- Up-to-date: /home/mscrobotics2425laptop16/mujoco_ros_ws/install/mujoco_ros2_control/share/mujoco_ros2_control/local_setup.zsh
[6.737s] -- Up-to-date: /home/mscrobotics2425laptop16/mujoco_ros_ws/install/mujoco_ros2_control/share/mujoco_ros2_control/local_setup.dsv
[6.738s] -- Installing: /home/mscrobotics2425laptop16/mujoco_ros_ws/install/mujoco_ros2_control/share/mujoco_ros2_control/package.dsv
[6.738s] -- Up-to-date: /home/mscrobotics2425laptop16/mujoco_ros_ws/install/mujoco_ros2_control/share/ament_index/resource_index/packages/mujoco_ros2_control
[6.738s] -- Up-to-date: /home/mscrobotics2425laptop16/mujoco_ros_ws/install/mujoco_ros2_control/share/ament_index/resource_index/mujoco_ros2_control__pluginlib__plugin/mujoco_ros2_control
[6.738s] -- Up-to-date: /home/mscrobotics2425laptop16/mujoco_ros_ws/install/mujoco_ros2_control/share/mujoco_ros2_control/cmake/mujoco_ros2_controlConfig.cmake
[6.738s] -- Up-to-date: /home/mscrobotics2425laptop16/mujoco_ros_ws/install/mujoco_ros2_control/share/mujoco_ros2_control/cmake/mujoco_ros2_controlConfig-version.cmake
[6.738s] -- Up-to-date: /home/mscrobotics2425laptop16/mujoco_ros_ws/install/mujoco_ros2_control/share/mujoco_ros2_control/package.xml
[6.741s] Invoked command in '/home/mscrobotics2425laptop16/mujoco_ros_ws/build/mujoco_ros2_control' returned '0': CMAKE_PREFIX_PATH=${CMAKE_PREFIX_PATH}:/home/mscrobotics2425laptop16/interbotix_ws/install/interbotix_xs_modules:/home/mscrobotics2425laptop16/interbotix_ws/install/interbotix_perception_modules:/home/mscrobotics2425laptop16/interbotix_ws/install/interbotix_common_modules:/home/mscrobotics2425laptop16/interbotix_ws/install/control_pkg:/opt/ros/humble /usr/bin/cmake --install /home/mscrobotics2425laptop16/mujoco_ros_ws/build/mujoco_ros2_control
