[0.034s] Invoking command in '/home/mscrobotics2425laptop16/mujoco_ros_ws/build/fr3_control_publish': CMAKE_PREFIX_PATH=${CMAKE_PREFIX_PATH}:/home/mscrobotics2425laptop16/interbotix_ws/install/interbotix_xs_modules:/home/mscrobotics2425laptop16/interbotix_ws/install/interbotix_perception_modules:/home/mscrobotics2425laptop16/interbotix_ws/install/interbotix_common_modules:/home/mscrobotics2425laptop16/interbotix_ws/install/control_pkg:/opt/ros/humble /usr/bin/cmake --build /home/mscrobotics2425laptop16/mujoco_ros_ws/build/fr3_control_publish -- -j12 -l12
[0.137s] [  2%] Built target fr3_control_publish__cpp
[0.137s] [  6%] Built target ee_pose_bridge
[0.142s] [ 11%] Built target tangential_velocity_controller
[0.142s] [ 18%] Built target fr3_control_publish__rosidl_generator_c
[0.154s] [ 23%] Built target hybridforcetangentialcontroller
[0.154s] [ 23%] Built target ament_cmake_python_copy_fr3_control_publish
[0.157s] [ 27%] Built target fr3_monitor
[0.188s] [ 34%] Built target fr3_control_publish__rosidl_typesupport_introspection_cpp
[0.190s] [ 41%] Built target fr3_control_publish__rosidl_typesupport_cpp
[0.195s] [ 48%] Built target fr3_control_publish__rosidl_typesupport_introspection_c
[0.195s] [ 62%] Built target fr3_control_publish__rosidl_typesupport_fastrtps_cpp
[0.196s] [ 62%] Built target fr3_control_publish__rosidl_typesupport_c
[0.197s] [ 69%] Built target fr3_control_publish__rosidl_typesupport_fastrtps_c
[0.233s] [ 69%] Built target fr3_control_publish
[0.236s] [ 74%] Built target jacobian_publisher
[0.239s] [ 79%] Built target force_position_controller
[0.262s] [ 81%] Built target fr3_control_publish__py
[0.295s] [ 86%] Built target fr3_control_publish__rosidl_generator_py
[0.332s] [ 90%] Built target fr3_control_publish__rosidl_typesupport_fastrtps_c__pyext
[0.337s] [100%] Built target fr3_control_publish__rosidl_typesupport_introspection_c__pyext
[0.337s] [100%] Built target fr3_control_publish__rosidl_typesupport_c__pyext
[0.395s] running egg_info
[0.410s] writing fr3_control_publish.egg-info/PKG-INFO
[0.410s] writing dependency_links to fr3_control_publish.egg-info/dependency_links.txt
[0.410s] writing top-level names to fr3_control_publish.egg-info/top_level.txt
[0.455s] reading manifest file 'fr3_control_publish.egg-info/SOURCES.txt'
[0.456s] writing manifest file 'fr3_control_publish.egg-info/SOURCES.txt'
[0.488s] [100%] Built target ament_cmake_python_build_fr3_control_publish_egg
[0.503s] Invoked command in '/home/mscrobotics2425laptop16/mujoco_ros_ws/build/fr3_control_publish' returned '0': CMAKE_PREFIX_PATH=${CMAKE_PREFIX_PATH}:/home/mscrobotics2425laptop16/interbotix_ws/install/interbotix_xs_modules:/home/mscrobotics2425laptop16/interbotix_ws/install/interbotix_perception_modules:/home/mscrobotics2425laptop16/interbotix_ws/install/interbotix_common_modules:/home/mscrobotics2425laptop16/interbotix_ws/install/control_pkg:/opt/ros/humble /usr/bin/cmake --build /home/mscrobotics2425laptop16/mujoco_ros_ws/build/fr3_control_publish -- -j12 -l12
[0.505s] Invoking command in '/home/mscrobotics2425laptop16/mujoco_ros_ws/build/fr3_control_publish': CMAKE_PREFIX_PATH=${CMAKE_PREFIX_PATH}:/home/mscrobotics2425laptop16/interbotix_ws/install/interbotix_xs_modules:/home/mscrobotics2425laptop16/interbotix_ws/install/interbotix_perception_modules:/home/mscrobotics2425laptop16/interbotix_ws/install/interbotix_common_modules:/home/mscrobotics2425laptop16/interbotix_ws/install/control_pkg:/opt/ros/humble /usr/bin/cmake --install /home/mscrobotics2425laptop16/mujoco_ros_ws/build/fr3_control_publish
[0.514s] -- Install configuration: ""
[0.514s] -- Up-to-date: /home/mscrobotics2425laptop16/mujoco_ros_ws/install/fr3_control_publish/share/ament_index/resource_index/rosidl_interfaces/fr3_control_publish
[0.515s] -- Up-to-date: /home/mscrobotics2425laptop16/mujoco_ros_ws/install/fr3_control_publish/include/fr3_control_publish/fr3_control_publish
[0.515s] -- Up-to-date: /home/mscrobotics2425laptop16/mujoco_ros_ws/install/fr3_control_publish/include/fr3_control_publish/fr3_control_publish/msg
[0.515s] -- Up-to-date: /home/mscrobotics2425laptop16/mujoco_ros_ws/install/fr3_control_publish/include/fr3_control_publish/fr3_control_publish/msg/touch_tip_wrench.h
[0.515s] -- Up-to-date: /home/mscrobotics2425laptop16/mujoco_ros_ws/install/fr3_control_publish/include/fr3_control_publish/fr3_control_publish/msg/detail
[0.515s] -- Up-to-date: /home/mscrobotics2425laptop16/mujoco_ros_ws/install/fr3_control_publish/include/fr3_control_publish/fr3_control_publish/msg/detail/touch_tip_wrench__type_support.h
[0.515s] -- Up-to-date: /home/mscrobotics2425laptop16/mujoco_ros_ws/install/fr3_control_publish/include/fr3_control_publish/fr3_control_publish/msg/detail/touch_tip_wrench__functions.h
[0.515s] -- Up-to-date: /home/mscrobotics2425laptop16/mujoco_ros_ws/install/fr3_control_publish/include/fr3_control_publish/fr3_control_publish/msg/detail/touch_tip_wrench__functions.c
[0.516s] -- Up-to-date: /home/mscrobotics2425laptop16/mujoco_ros_ws/install/fr3_control_publish/include/fr3_control_publish/fr3_control_publish/msg/detail/touch_tip_wrench__struct.h
[0.516s] -- Up-to-date: /home/mscrobotics2425laptop16/mujoco_ros_ws/install/fr3_control_publish/include/fr3_control_publish/fr3_control_publish/msg/rosidl_generator_c__visibility_control.h
[0.516s] -- Up-to-date: /home/mscrobotics2425laptop16/mujoco_ros_ws/install/fr3_control_publish/share/fr3_control_publish/environment/library_path.sh
[0.516s] -- Up-to-date: /home/mscrobotics2425laptop16/mujoco_ros_ws/install/fr3_control_publish/share/fr3_control_publish/environment/library_path.dsv
[0.516s] -- Up-to-date: /home/mscrobotics2425laptop16/mujoco_ros_ws/install/fr3_control_publish/lib/libfr3_control_publish__rosidl_generator_c.so
[0.516s] -- Up-to-date: /home/mscrobotics2425laptop16/mujoco_ros_ws/install/fr3_control_publish/include/fr3_control_publish/fr3_control_publish
[0.516s] -- Up-to-date: /home/mscrobotics2425laptop16/mujoco_ros_ws/install/fr3_control_publish/include/fr3_control_publish/fr3_control_publish/msg
[0.517s] -- Up-to-date: /home/mscrobotics2425laptop16/mujoco_ros_ws/install/fr3_control_publish/include/fr3_control_publish/fr3_control_publish/msg/detail
[0.517s] -- Up-to-date: /home/mscrobotics2425laptop16/mujoco_ros_ws/install/fr3_control_publish/include/fr3_control_publish/fr3_control_publish/msg/detail/touch_tip_wrench__rosidl_typesupport_fastrtps_c.h
[0.517s] -- Up-to-date: /home/mscrobotics2425laptop16/mujoco_ros_ws/install/fr3_control_publish/include/fr3_control_publish/fr3_control_publish/msg/rosidl_typesupport_fastrtps_c__visibility_control.h
[0.517s] -- Up-to-date: /home/mscrobotics2425laptop16/mujoco_ros_ws/install/fr3_control_publish/lib/libfr3_control_publish__rosidl_typesupport_fastrtps_c.so
[0.517s] -- Up-to-date: /home/mscrobotics2425laptop16/mujoco_ros_ws/install/fr3_control_publish/include/fr3_control_publish/fr3_control_publish
[0.517s] -- Up-to-date: /home/mscrobotics2425laptop16/mujoco_ros_ws/install/fr3_control_publish/include/fr3_control_publish/fr3_control_publish/msg
[0.518s] -- Up-to-date: /home/mscrobotics2425laptop16/mujoco_ros_ws/install/fr3_control_publish/include/fr3_control_publish/fr3_control_publish/msg/rosidl_typesupport_introspection_c__visibility_control.h
[0.518s] -- Up-to-date: /home/mscrobotics2425laptop16/mujoco_ros_ws/install/fr3_control_publish/include/fr3_control_publish/fr3_control_publish/msg/detail
[0.518s] -- Up-to-date: /home/mscrobotics2425laptop16/mujoco_ros_ws/install/fr3_control_publish/include/fr3_control_publish/fr3_control_publish/msg/detail/touch_tip_wrench__type_support.c
[0.518s] -- Up-to-date: /home/mscrobotics2425laptop16/mujoco_ros_ws/install/fr3_control_publish/include/fr3_control_publish/fr3_control_publish/msg/detail/touch_tip_wrench__rosidl_typesupport_introspection_c.h
[0.518s] -- Up-to-date: /home/mscrobotics2425laptop16/mujoco_ros_ws/install/fr3_control_publish/lib/libfr3_control_publish__rosidl_typesupport_introspection_c.so
[0.518s] -- Up-to-date: /home/mscrobotics2425laptop16/mujoco_ros_ws/install/fr3_control_publish/lib/libfr3_control_publish__rosidl_typesupport_c.so
[0.518s] -- Up-to-date: /home/mscrobotics2425laptop16/mujoco_ros_ws/install/fr3_control_publish/include/fr3_control_publish/fr3_control_publish
[0.518s] -- Up-to-date: /home/mscrobotics2425laptop16/mujoco_ros_ws/install/fr3_control_publish/include/fr3_control_publish/fr3_control_publish/msg
[0.518s] -- Up-to-date: /home/mscrobotics2425laptop16/mujoco_ros_ws/install/fr3_control_publish/include/fr3_control_publish/fr3_control_publish/msg/detail
[0.518s] -- Up-to-date: /home/mscrobotics2425laptop16/mujoco_ros_ws/install/fr3_control_publish/include/fr3_control_publish/fr3_control_publish/msg/detail/touch_tip_wrench__traits.hpp
[0.518s] -- Up-to-date: /home/mscrobotics2425laptop16/mujoco_ros_ws/install/fr3_control_publish/include/fr3_control_publish/fr3_control_publish/msg/detail/touch_tip_wrench__type_support.hpp
[0.518s] -- Up-to-date: /home/mscrobotics2425laptop16/mujoco_ros_ws/install/fr3_control_publish/include/fr3_control_publish/fr3_control_publish/msg/detail/touch_tip_wrench__builder.hpp
[0.518s] -- Up-to-date: /home/mscrobotics2425laptop16/mujoco_ros_ws/install/fr3_control_publish/include/fr3_control_publish/fr3_control_publish/msg/detail/touch_tip_wrench__struct.hpp
[0.518s] -- Up-to-date: /home/mscrobotics2425laptop16/mujoco_ros_ws/install/fr3_control_publish/include/fr3_control_publish/fr3_control_publish/msg/touch_tip_wrench.hpp
[0.518s] -- Up-to-date: /home/mscrobotics2425laptop16/mujoco_ros_ws/install/fr3_control_publish/include/fr3_control_publish/fr3_control_publish/msg/rosidl_generator_cpp__visibility_control.hpp
[0.518s] -- Up-to-date: /home/mscrobotics2425laptop16/mujoco_ros_ws/install/fr3_control_publish/include/fr3_control_publish/fr3_control_publish
[0.518s] -- Up-to-date: /home/mscrobotics2425laptop16/mujoco_ros_ws/install/fr3_control_publish/include/fr3_control_publish/fr3_control_publish/msg
[0.518s] -- Up-to-date: /home/mscrobotics2425laptop16/mujoco_ros_ws/install/fr3_control_publish/include/fr3_control_publish/fr3_control_publish/msg/detail
[0.518s] -- Up-to-date: /home/mscrobotics2425laptop16/mujoco_ros_ws/install/fr3_control_publish/include/fr3_control_publish/fr3_control_publish/msg/detail/dds_fastrtps
[0.518s] -- Up-to-date: /home/mscrobotics2425laptop16/mujoco_ros_ws/install/fr3_control_publish/include/fr3_control_publish/fr3_control_publish/msg/detail/touch_tip_wrench__rosidl_typesupport_fastrtps_cpp.hpp
[0.518s] -- Up-to-date: /home/mscrobotics2425laptop16/mujoco_ros_ws/install/fr3_control_publish/include/fr3_control_publish/fr3_control_publish/msg/rosidl_typesupport_fastrtps_cpp__visibility_control.h
[0.518s] -- Up-to-date: /home/mscrobotics2425laptop16/mujoco_ros_ws/install/fr3_control_publish/lib/libfr3_control_publish__rosidl_typesupport_fastrtps_cpp.so
[0.518s] -- Up-to-date: /home/mscrobotics2425laptop16/mujoco_ros_ws/install/fr3_control_publish/include/fr3_control_publish/fr3_control_publish
[0.518s] -- Up-to-date: /home/mscrobotics2425laptop16/mujoco_ros_ws/install/fr3_control_publish/include/fr3_control_publish/fr3_control_publish/msg
[0.518s] -- Up-to-date: /home/mscrobotics2425laptop16/mujoco_ros_ws/install/fr3_control_publish/include/fr3_control_publish/fr3_control_publish/msg/detail
[0.518s] -- Up-to-date: /home/mscrobotics2425laptop16/mujoco_ros_ws/install/fr3_control_publish/include/fr3_control_publish/fr3_control_publish/msg/detail/touch_tip_wrench__type_support.cpp
[0.518s] -- Up-to-date: /home/mscrobotics2425laptop16/mujoco_ros_ws/install/fr3_control_publish/include/fr3_control_publish/fr3_control_publish/msg/detail/touch_tip_wrench__rosidl_typesupport_introspection_cpp.hpp
[0.518s] -- Up-to-date: /home/mscrobotics2425laptop16/mujoco_ros_ws/install/fr3_control_publish/lib/libfr3_control_publish__rosidl_typesupport_introspection_cpp.so
[0.518s] -- Up-to-date: /home/mscrobotics2425laptop16/mujoco_ros_ws/install/fr3_control_publish/lib/libfr3_control_publish__rosidl_typesupport_cpp.so
[0.519s] -- Up-to-date: /home/mscrobotics2425laptop16/mujoco_ros_ws/install/fr3_control_publish/share/fr3_control_publish/environment/pythonpath.sh
[0.519s] -- Up-to-date: /home/mscrobotics2425laptop16/mujoco_ros_ws/install/fr3_control_publish/share/fr3_control_publish/environment/pythonpath.dsv
[0.519s] -- Up-to-date: /home/mscrobotics2425laptop16/mujoco_ros_ws/install/fr3_control_publish/local/lib/python3.10/dist-packages/fr3_control_publish-0.0.0-py3.10.egg-info
[0.519s] -- Installing: /home/mscrobotics2425laptop16/mujoco_ros_ws/install/fr3_control_publish/local/lib/python3.10/dist-packages/fr3_control_publish-0.0.0-py3.10.egg-info/dependency_links.txt
[0.519s] -- Installing: /home/mscrobotics2425laptop16/mujoco_ros_ws/install/fr3_control_publish/local/lib/python3.10/dist-packages/fr3_control_publish-0.0.0-py3.10.egg-info/PKG-INFO
[0.519s] -- Installing: /home/mscrobotics2425laptop16/mujoco_ros_ws/install/fr3_control_publish/local/lib/python3.10/dist-packages/fr3_control_publish-0.0.0-py3.10.egg-info/top_level.txt
[0.519s] -- Installing: /home/mscrobotics2425laptop16/mujoco_ros_ws/install/fr3_control_publish/local/lib/python3.10/dist-packages/fr3_control_publish-0.0.0-py3.10.egg-info/SOURCES.txt
[0.519s] -- Up-to-date: /home/mscrobotics2425laptop16/mujoco_ros_ws/install/fr3_control_publish/local/lib/python3.10/dist-packages/fr3_control_publish
[0.519s] -- Up-to-date: /home/mscrobotics2425laptop16/mujoco_ros_ws/install/fr3_control_publish/local/lib/python3.10/dist-packages/fr3_control_publish/_fr3_control_publish_s.ep.rosidl_typesupport_fastrtps_c.c
[0.519s] -- Up-to-date: /home/mscrobotics2425laptop16/mujoco_ros_ws/install/fr3_control_publish/local/lib/python3.10/dist-packages/fr3_control_publish/libfr3_control_publish__rosidl_generator_py.so
[0.519s] -- Up-to-date: /home/mscrobotics2425laptop16/mujoco_ros_ws/install/fr3_control_publish/local/lib/python3.10/dist-packages/fr3_control_publish/__init__.py
[0.519s] -- Up-to-date: /home/mscrobotics2425laptop16/mujoco_ros_ws/install/fr3_control_publish/local/lib/python3.10/dist-packages/fr3_control_publish/fr3_control_publish_s__rosidl_typesupport_fastrtps_c.cpython-310-x86_64-linux-gnu.so
[0.519s] -- Up-to-date: /home/mscrobotics2425laptop16/mujoco_ros_ws/install/fr3_control_publish/local/lib/python3.10/dist-packages/fr3_control_publish/_fr3_control_publish_s.ep.rosidl_typesupport_introspection_c.c
[0.519s] -- Up-to-date: /home/mscrobotics2425laptop16/mujoco_ros_ws/install/fr3_control_publish/local/lib/python3.10/dist-packages/fr3_control_publish/msg
[0.519s] -- Up-to-date: /home/mscrobotics2425laptop16/mujoco_ros_ws/install/fr3_control_publish/local/lib/python3.10/dist-packages/fr3_control_publish/msg/__init__.py
[0.519s] -- Up-to-date: /home/mscrobotics2425laptop16/mujoco_ros_ws/install/fr3_control_publish/local/lib/python3.10/dist-packages/fr3_control_publish/msg/_touch_tip_wrench.py
[0.519s] -- Up-to-date: /home/mscrobotics2425laptop16/mujoco_ros_ws/install/fr3_control_publish/local/lib/python3.10/dist-packages/fr3_control_publish/msg/_touch_tip_wrench_s.c
[0.519s] -- Up-to-date: /home/mscrobotics2425laptop16/mujoco_ros_ws/install/fr3_control_publish/local/lib/python3.10/dist-packages/fr3_control_publish/_fr3_control_publish_s.ep.rosidl_typesupport_c.c
[0.519s] -- Up-to-date: /home/mscrobotics2425laptop16/mujoco_ros_ws/install/fr3_control_publish/local/lib/python3.10/dist-packages/fr3_control_publish/fr3_control_publish_s__rosidl_typesupport_c.cpython-310-x86_64-linux-gnu.so
[0.519s] -- Up-to-date: /home/mscrobotics2425laptop16/mujoco_ros_ws/install/fr3_control_publish/local/lib/python3.10/dist-packages/fr3_control_publish/fr3_control_publish_s__rosidl_typesupport_introspection_c.cpython-310-x86_64-linux-gnu.so
[0.568s] Listing '/home/mscrobotics2425laptop16/mujoco_ros_ws/install/fr3_control_publish/local/lib/python3.10/dist-packages/fr3_control_publish'...
[0.568s] Listing '/home/mscrobotics2425laptop16/mujoco_ros_ws/install/fr3_control_publish/local/lib/python3.10/dist-packages/fr3_control_publish/msg'...
[0.573s] -- Up-to-date: /home/mscrobotics2425laptop16/mujoco_ros_ws/install/fr3_control_publish/local/lib/python3.10/dist-packages/fr3_control_publish/fr3_control_publish_s__rosidl_typesupport_fastrtps_c.cpython-310-x86_64-linux-gnu.so
[0.573s] -- Up-to-date: /home/mscrobotics2425laptop16/mujoco_ros_ws/install/fr3_control_publish/local/lib/python3.10/dist-packages/fr3_control_publish/fr3_control_publish_s__rosidl_typesupport_introspection_c.cpython-310-x86_64-linux-gnu.so
[0.574s] -- Up-to-date: /home/mscrobotics2425laptop16/mujoco_ros_ws/install/fr3_control_publish/local/lib/python3.10/dist-packages/fr3_control_publish/fr3_control_publish_s__rosidl_typesupport_c.cpython-310-x86_64-linux-gnu.so
[0.574s] -- Up-to-date: /home/mscrobotics2425laptop16/mujoco_ros_ws/install/fr3_control_publish/lib/libfr3_control_publish__rosidl_generator_py.so
[0.574s] -- Up-to-date: /home/mscrobotics2425laptop16/mujoco_ros_ws/install/fr3_control_publish/share/fr3_control_publish/msg/TouchTipWrench.idl
[0.574s] -- Up-to-date: /home/mscrobotics2425laptop16/mujoco_ros_ws/install/fr3_control_publish/share/fr3_control_publish/msg/TouchTipWrench.msg
[0.575s] -- Up-to-date: /home/mscrobotics2425laptop16/mujoco_ros_ws/install/fr3_control_publish/lib/fr3_control_publish/ee_pose_bridge
[0.575s] -- Up-to-date: /home/mscrobotics2425laptop16/mujoco_ros_ws/install/fr3_control_publish/lib/fr3_control_publish/fr3_monitor
[0.576s] -- Up-to-date: /home/mscrobotics2425laptop16/mujoco_ros_ws/install/fr3_control_publish/lib/fr3_control_publish/jacobian_publisher
[0.576s] -- Up-to-date: /home/mscrobotics2425laptop16/mujoco_ros_ws/install/fr3_control_publish/lib/fr3_control_publish/force_position_controller
[0.577s] -- Up-to-date: /home/mscrobotics2425laptop16/mujoco_ros_ws/install/fr3_control_publish/lib/fr3_control_publish/tangential_velocity_controller
[0.577s] -- Up-to-date: /home/mscrobotics2425laptop16/mujoco_ros_ws/install/fr3_control_publish/lib/fr3_control_publish/hybridforcetangentialcontroller
[0.578s] -- Up-to-date: /home/mscrobotics2425laptop16/mujoco_ros_ws/install/fr3_control_publish/share/ament_index/resource_index/package_run_dependencies/fr3_control_publish
[0.578s] -- Up-to-date: /home/mscrobotics2425laptop16/mujoco_ros_ws/install/fr3_control_publish/share/ament_index/resource_index/parent_prefix_path/fr3_control_publish
[0.578s] -- Up-to-date: /home/mscrobotics2425laptop16/mujoco_ros_ws/install/fr3_control_publish/share/fr3_control_publish/environment/ament_prefix_path.sh
[0.578s] -- Up-to-date: /home/mscrobotics2425laptop16/mujoco_ros_ws/install/fr3_control_publish/share/fr3_control_publish/environment/ament_prefix_path.dsv
[0.578s] -- Up-to-date: /home/mscrobotics2425laptop16/mujoco_ros_ws/install/fr3_control_publish/share/fr3_control_publish/environment/path.sh
[0.578s] -- Up-to-date: /home/mscrobotics2425laptop16/mujoco_ros_ws/install/fr3_control_publish/share/fr3_control_publish/environment/path.dsv
[0.578s] -- Up-to-date: /home/mscrobotics2425laptop16/mujoco_ros_ws/install/fr3_control_publish/share/fr3_control_publish/local_setup.bash
[0.578s] -- Up-to-date: /home/mscrobotics2425laptop16/mujoco_ros_ws/install/fr3_control_publish/share/fr3_control_publish/local_setup.sh
[0.578s] -- Up-to-date: /home/mscrobotics2425laptop16/mujoco_ros_ws/install/fr3_control_publish/share/fr3_control_publish/local_setup.zsh
[0.578s] -- Up-to-date: /home/mscrobotics2425laptop16/mujoco_ros_ws/install/fr3_control_publish/share/fr3_control_publish/local_setup.dsv
[0.578s] -- Installing: /home/mscrobotics2425laptop16/mujoco_ros_ws/install/fr3_control_publish/share/fr3_control_publish/package.dsv
[0.579s] -- Up-to-date: /home/mscrobotics2425laptop16/mujoco_ros_ws/install/fr3_control_publish/share/ament_index/resource_index/packages/fr3_control_publish
[0.579s] -- Up-to-date: /home/mscrobotics2425laptop16/mujoco_ros_ws/install/fr3_control_publish/share/fr3_control_publish/cmake/export_fr3_control_publish__rosidl_generator_cExport.cmake
[0.579s] -- Up-to-date: /home/mscrobotics2425laptop16/mujoco_ros_ws/install/fr3_control_publish/share/fr3_control_publish/cmake/export_fr3_control_publish__rosidl_generator_cExport-noconfig.cmake
[0.579s] -- Up-to-date: /home/mscrobotics2425laptop16/mujoco_ros_ws/install/fr3_control_publish/share/fr3_control_publish/cmake/export_fr3_control_publish__rosidl_typesupport_fastrtps_cExport.cmake
[0.579s] -- Up-to-date: /home/mscrobotics2425laptop16/mujoco_ros_ws/install/fr3_control_publish/share/fr3_control_publish/cmake/export_fr3_control_publish__rosidl_typesupport_fastrtps_cExport-noconfig.cmake
[0.579s] -- Up-to-date: /home/mscrobotics2425laptop16/mujoco_ros_ws/install/fr3_control_publish/share/fr3_control_publish/cmake/fr3_control_publish__rosidl_typesupport_introspection_cExport.cmake
[0.579s] -- Up-to-date: /home/mscrobotics2425laptop16/mujoco_ros_ws/install/fr3_control_publish/share/fr3_control_publish/cmake/fr3_control_publish__rosidl_typesupport_introspection_cExport-noconfig.cmake
[0.580s] -- Up-to-date: /home/mscrobotics2425laptop16/mujoco_ros_ws/install/fr3_control_publish/share/fr3_control_publish/cmake/fr3_control_publish__rosidl_typesupport_cExport.cmake
[0.580s] -- Up-to-date: /home/mscrobotics2425laptop16/mujoco_ros_ws/install/fr3_control_publish/share/fr3_control_publish/cmake/fr3_control_publish__rosidl_typesupport_cExport-noconfig.cmake
[0.580s] -- Up-to-date: /home/mscrobotics2425laptop16/mujoco_ros_ws/install/fr3_control_publish/share/fr3_control_publish/cmake/export_fr3_control_publish__rosidl_generator_cppExport.cmake
[0.580s] -- Up-to-date: /home/mscrobotics2425laptop16/mujoco_ros_ws/install/fr3_control_publish/share/fr3_control_publish/cmake/export_fr3_control_publish__rosidl_typesupport_fastrtps_cppExport.cmake
[0.580s] -- Up-to-date: /home/mscrobotics2425laptop16/mujoco_ros_ws/install/fr3_control_publish/share/fr3_control_publish/cmake/export_fr3_control_publish__rosidl_typesupport_fastrtps_cppExport-noconfig.cmake
[0.580s] -- Up-to-date: /home/mscrobotics2425laptop16/mujoco_ros_ws/install/fr3_control_publish/share/fr3_control_publish/cmake/fr3_control_publish__rosidl_typesupport_introspection_cppExport.cmake
[0.580s] -- Up-to-date: /home/mscrobotics2425laptop16/mujoco_ros_ws/install/fr3_control_publish/share/fr3_control_publish/cmake/fr3_control_publish__rosidl_typesupport_introspection_cppExport-noconfig.cmake
[0.580s] -- Up-to-date: /home/mscrobotics2425laptop16/mujoco_ros_ws/install/fr3_control_publish/share/fr3_control_publish/cmake/fr3_control_publish__rosidl_typesupport_cppExport.cmake
[0.581s] -- Up-to-date: /home/mscrobotics2425laptop16/mujoco_ros_ws/install/fr3_control_publish/share/fr3_control_publish/cmake/fr3_control_publish__rosidl_typesupport_cppExport-noconfig.cmake
[0.581s] -- Up-to-date: /home/mscrobotics2425laptop16/mujoco_ros_ws/install/fr3_control_publish/share/fr3_control_publish/cmake/export_fr3_control_publish__rosidl_generator_pyExport.cmake
[0.581s] -- Up-to-date: /home/mscrobotics2425laptop16/mujoco_ros_ws/install/fr3_control_publish/share/fr3_control_publish/cmake/export_fr3_control_publish__rosidl_generator_pyExport-noconfig.cmake
[0.581s] -- Up-to-date: /home/mscrobotics2425laptop16/mujoco_ros_ws/install/fr3_control_publish/share/fr3_control_publish/cmake/rosidl_cmake-extras.cmake
[0.581s] -- Up-to-date: /home/mscrobotics2425laptop16/mujoco_ros_ws/install/fr3_control_publish/share/fr3_control_publish/cmake/ament_cmake_export_dependencies-extras.cmake
[0.581s] -- Up-to-date: /home/mscrobotics2425laptop16/mujoco_ros_ws/install/fr3_control_publish/share/fr3_control_publish/cmake/ament_cmake_export_include_directories-extras.cmake
[0.581s] -- Up-to-date: /home/mscrobotics2425laptop16/mujoco_ros_ws/install/fr3_control_publish/share/fr3_control_publish/cmake/ament_cmake_export_libraries-extras.cmake
[0.581s] -- Up-to-date: /home/mscrobotics2425laptop16/mujoco_ros_ws/install/fr3_control_publish/share/fr3_control_publish/cmake/ament_cmake_export_targets-extras.cmake
[0.581s] -- Up-to-date: /home/mscrobotics2425laptop16/mujoco_ros_ws/install/fr3_control_publish/share/fr3_control_publish/cmake/rosidl_cmake_export_typesupport_targets-extras.cmake
[0.581s] -- Up-to-date: /home/mscrobotics2425laptop16/mujoco_ros_ws/install/fr3_control_publish/share/fr3_control_publish/cmake/rosidl_cmake_export_typesupport_libraries-extras.cmake
[0.582s] -- Up-to-date: /home/mscrobotics2425laptop16/mujoco_ros_ws/install/fr3_control_publish/share/fr3_control_publish/cmake/fr3_control_publishConfig.cmake
[0.582s] -- Up-to-date: /home/mscrobotics2425laptop16/mujoco_ros_ws/install/fr3_control_publish/share/fr3_control_publish/cmake/fr3_control_publishConfig-version.cmake
[0.582s] -- Up-to-date: /home/mscrobotics2425laptop16/mujoco_ros_ws/install/fr3_control_publish/share/fr3_control_publish/package.xml
[0.586s] Invoked command in '/home/mscrobotics2425laptop16/mujoco_ros_ws/build/fr3_control_publish' returned '0': CMAKE_PREFIX_PATH=${CMAKE_PREFIX_PATH}:/home/mscrobotics2425laptop16/interbotix_ws/install/interbotix_xs_modules:/home/mscrobotics2425laptop16/interbotix_ws/install/interbotix_perception_modules:/home/mscrobotics2425laptop16/interbotix_ws/install/interbotix_common_modules:/home/mscrobotics2425laptop16/interbotix_ws/install/control_pkg:/opt/ros/humble /usr/bin/cmake --install /home/mscrobotics2425laptop16/mujoco_ros_ws/build/fr3_control_publish
