[  2%] Built target fr3_control_publish__cpp
[  9%] Built target fr3_control_publish__rosidl_generator_c
[ 14%] Built target fr3_monitor
[ 14%] Built target ament_cmake_python_copy_fr3_control_publish
[ 19%] Built target simple_control_node
[ 26%] Built target fr3_control_publish__rosidl_typesupport_fastrtps_cpp
[ 34%] Built target fr3_control_publish__rosidl_typesupport_fastrtps_c
[ 41%] Built target fr3_control_publish__rosidl_typesupport_introspection_c
[ 48%] Built target fr3_control_publish__rosidl_typesupport_introspection_cpp
[ 56%] Built target fr3_control_publish__rosidl_typesupport_c
[ 63%] Built target fr3_control_publish__rosidl_typesupport_cpp
[ 63%] Built target fr3_control_publish
[ 68%] Built target jacobian_publisher
[ 73%] Built target mujoco_force_publisher
[ 75%] [32mBuilding CXX object CMakeFiles/force_position_controller.dir/src/force_position_controller.cpp.o[0m
[ 78%] Built target fr3_control_publish__py
[ 82%] Built target fr3_control_publish__rosidl_generator_py
[ 92%] Built target fr3_control_publish__rosidl_typesupport_c__pyext
[ 92%] Built target fr3_control_publish__rosidl_typesupport_fastrtps_c__pyext
[ 97%] Built target fr3_control_publish__rosidl_typesupport_introspection_c__pyext
running egg_info
writing fr3_control_publish.egg-info/PKG-INFO
writing dependency_links to fr3_control_publish.egg-info/dependency_links.txt
writing top-level names to fr3_control_publish.egg-info/top_level.txt
reading manifest file 'fr3_control_publish.egg-info/SOURCES.txt'
writing manifest file 'fr3_control_publish.egg-info/SOURCES.txt'
[ 97%] Built target ament_cmake_python_build_fr3_control_publish_egg
