[0.095s] Invoking command in '/home/mscrobotics2425laptop16/mujoco_ros_ws/build/mujoco_ros2_control': CMAKE_PREFIX_PATH=${CMAKE_PREFIX_PATH}:/home/mscrobotics2425laptop16/interbotix_ws/install/interbotix_xs_modules:/home/mscrobotics2425laptop16/interbotix_ws/install/interbotix_perception_modules:/home/mscrobotics2425laptop16/interbotix_ws/install/interbotix_common_modules:/home/mscrobotics2425laptop16/interbotix_ws/install/control_pkg:/opt/ros/humble /usr/bin/cmake --build /home/mscrobotics2425laptop16/mujoco_ros_ws/build/mujoco_ros2_control -- -j12 -l12
[0.316s] [ 33%] Built target mujoco_system_plugins
[0.391s] [ 50%] [32mBuilding CXX object CMakeFiles/mujoco_ros2_control.dir/src/mujoco_ros2_control_node.cpp.o[0m
[16.036s] [ 66%] [32m[1mLinking CXX executable mujoco_ros2_control[0m
[17.615s] [100%] Built target mujoco_ros2_control
[17.651s] Invoked command in '/home/mscrobotics2425laptop16/mujoco_ros_ws/build/mujoco_ros2_control' returned '0': CMAKE_PREFIX_PATH=${CMAKE_PREFIX_PATH}:/home/mscrobotics2425laptop16/interbotix_ws/install/interbotix_xs_modules:/home/mscrobotics2425laptop16/interbotix_ws/install/interbotix_perception_modules:/home/mscrobotics2425laptop16/interbotix_ws/install/interbotix_common_modules:/home/mscrobotics2425laptop16/interbotix_ws/install/control_pkg:/opt/ros/humble /usr/bin/cmake --build /home/mscrobotics2425laptop16/mujoco_ros_ws/build/mujoco_ros2_control -- -j12 -l12
[17.658s] Invoking command in '/home/mscrobotics2425laptop16/mujoco_ros_ws/build/mujoco_ros2_control': CMAKE_PREFIX_PATH=${CMAKE_PREFIX_PATH}:/home/mscrobotics2425laptop16/interbotix_ws/install/interbotix_xs_modules:/home/mscrobotics2425laptop16/interbotix_ws/install/interbotix_perception_modules:/home/mscrobotics2425laptop16/interbotix_ws/install/interbotix_common_modules:/home/mscrobotics2425laptop16/interbotix_ws/install/control_pkg:/opt/ros/humble /usr/bin/cmake --install /home/mscrobotics2425laptop16/mujoco_ros_ws/build/mujoco_ros2_control
[17.677s] -- Install configuration: ""
[17.678s] -- Up-to-date: /home/mscrobotics2425laptop16/mujoco_ros_ws/install/mujoco_ros2_control/lib/libmujoco_system_plugins.so
[17.679s] -- Installing: /home/mscrobotics2425laptop16/mujoco_ros_ws/install/mujoco_ros2_control/lib/mujoco_ros2_control/mujoco_ros2_control
[17.686s] -- Set runtime path of "/home/mscrobotics2425laptop16/mujoco_ros_ws/install/mujoco_ros2_control/lib/mujoco_ros2_control/mujoco_ros2_control" to "/opt/ros/humble/lib:/home/mscrobotics2425laptop16/mujoco/mujoco-install/lib:/opt/ros/humble/lib/x86_64-linux-gnu"
[17.687s] -- Up-to-date: /home/mscrobotics2425laptop16/mujoco_ros_ws/install/mujoco_ros2_control/share/mujoco_ros2_control/mujoco_system_plugins.xml
[17.687s] -- Up-to-date: /home/mscrobotics2425laptop16/mujoco_ros_ws/install/mujoco_ros2_control/share/ament_index/resource_index/package_run_dependencies/mujoco_ros2_control
[17.687s] -- Up-to-date: /home/mscrobotics2425laptop16/mujoco_ros_ws/install/mujoco_ros2_control/share/ament_index/resource_index/parent_prefix_path/mujoco_ros2_control
[17.687s] -- Up-to-date: /home/mscrobotics2425laptop16/mujoco_ros_ws/install/mujoco_ros2_control/share/mujoco_ros2_control/environment/ament_prefix_path.sh
[17.687s] -- Up-to-date: /home/mscrobotics2425laptop16/mujoco_ros_ws/install/mujoco_ros2_control/share/mujoco_ros2_control/environment/ament_prefix_path.dsv
[17.688s] -- Up-to-date: /home/mscrobotics2425laptop16/mujoco_ros_ws/install/mujoco_ros2_control/share/mujoco_ros2_control/environment/path.sh
[17.688s] -- Up-to-date: /home/mscrobotics2425laptop16/mujoco_ros_ws/install/mujoco_ros2_control/share/mujoco_ros2_control/environment/path.dsv
[17.688s] -- Up-to-date: /home/mscrobotics2425laptop16/mujoco_ros_ws/install/mujoco_ros2_control/share/mujoco_ros2_control/local_setup.bash
[17.688s] -- Up-to-date: /home/mscrobotics2425laptop16/mujoco_ros_ws/install/mujoco_ros2_control/share/mujoco_ros2_control/local_setup.sh
[17.689s] -- Up-to-date: /home/mscrobotics2425laptop16/mujoco_ros_ws/install/mujoco_ros2_control/share/mujoco_ros2_control/local_setup.zsh
[17.689s] -- Up-to-date: /home/mscrobotics2425laptop16/mujoco_ros_ws/install/mujoco_ros2_control/share/mujoco_ros2_control/local_setup.dsv
[17.690s] -- Installing: /home/mscrobotics2425laptop16/mujoco_ros_ws/install/mujoco_ros2_control/share/mujoco_ros2_control/package.dsv
[17.690s] -- Up-to-date: /home/mscrobotics2425laptop16/mujoco_ros_ws/install/mujoco_ros2_control/share/ament_index/resource_index/packages/mujoco_ros2_control
[17.691s] -- Up-to-date: /home/mscrobotics2425laptop16/mujoco_ros_ws/install/mujoco_ros2_control/share/ament_index/resource_index/mujoco_ros2_control__pluginlib__plugin/mujoco_ros2_control
[17.691s] -- Up-to-date: /home/mscrobotics2425laptop16/mujoco_ros_ws/install/mujoco_ros2_control/share/mujoco_ros2_control/cmake/mujoco_ros2_controlConfig.cmake
[17.691s] -- Up-to-date: /home/mscrobotics2425laptop16/mujoco_ros_ws/install/mujoco_ros2_control/share/mujoco_ros2_control/cmake/mujoco_ros2_controlConfig-version.cmake
[17.691s] -- Up-to-date: /home/mscrobotics2425laptop16/mujoco_ros_ws/install/mujoco_ros2_control/share/mujoco_ros2_control/package.xml
[17.696s] Invoked command in '/home/mscrobotics2425laptop16/mujoco_ros_ws/build/mujoco_ros2_control' returned '0': CMAKE_PREFIX_PATH=${CMAKE_PREFIX_PATH}:/home/mscrobotics2425laptop16/interbotix_ws/install/interbotix_xs_modules:/home/mscrobotics2425laptop16/interbotix_ws/install/interbotix_perception_modules:/home/mscrobotics2425laptop16/interbotix_ws/install/interbotix_common_modules:/home/mscrobotics2425laptop16/interbotix_ws/install/control_pkg:/opt/ros/humble /usr/bin/cmake --install /home/mscrobotics2425laptop16/mujoco_ros_ws/build/mujoco_ros2_control
