[35m[1mConsolidate compiler generated dependencies of target hybridforcetangentialcontroller[0m
[  2%] Built target fr3_control_publish__cpp
[  2%] Built target ament_cmake_python_copy_fr3_control_publish
[  6%] Built target fr3_monitor
[ 13%] Built target ee_pose_bridge
[ 17%] Built target fr3_control_publish__rosidl_generator_c
[ 20%] [32mBuilding CXX object CMakeFiles/hybridforcetangentialcontroller.dir/src/HybridForceTangentialController.cpp.o[0m
[ 24%] Built target tangential_velocity_controller
[ 28%] Built target mujoco_sim_node
[ 35%] Built target fr3_control_publish__rosidl_typesupport_introspection_cpp
[ 42%] Built target fr3_control_publish__rosidl_typesupport_cpp
[ 48%] Built target fr3_control_publish__rosidl_typesupport_c
[ 55%] Built target fr3_control_publish__rosidl_typesupport_fastrtps_cpp
[ 62%] Built target fr3_control_publish__rosidl_typesupport_introspection_c
[ 68%] Built target fr3_control_publish__rosidl_typesupport_fastrtps_c
[ 73%] Built target force_position_controller
[ 73%] Built target fr3_control_publish
[ 77%] Built target jacobian_publisher
[ 80%] Built target fr3_control_publish__py
[ 84%] Built target fr3_control_publish__rosidl_generator_py
[ 91%] Built target fr3_control_publish__rosidl_typesupport_c__pyext
[ 93%] Built target fr3_control_publish__rosidl_typesupport_fastrtps_c__pyext
[ 97%] Built target fr3_control_publish__rosidl_typesupport_introspection_c__pyext
running egg_info
writing fr3_control_publish.egg-info/PKG-INFO
writing dependency_links to fr3_control_publish.egg-info/dependency_links.txt
writing top-level names to fr3_control_publish.egg-info/top_level.txt
reading manifest file 'fr3_control_publish.egg-info/SOURCES.txt'
writing manifest file 'fr3_control_publish.egg-info/SOURCES.txt'
[ 97%] Built target ament_cmake_python_build_fr3_control_publish_egg
[01m[K/home/mscrobotics2425laptop16/mujoco_ros_ws/src/fr3_control_publish/src/HybridForceTangentialController.cpp:[m[K In member function ‘[01m[Kvoid HybridForceTangentialController::compute_admittance()[m[K’:
[01m[K/home/mscrobotics2425laptop16/mujoco_ros_ws/src/fr3_control_publish/src/HybridForceTangentialController.cpp:294:51:[m[K [01;31m[Kerror: [m[Kno match for ‘[01m[Koperator=[m[K’ (operand types are ‘[01m[KEigen::Product<Eigen::Transpose<Eigen::Matrix<double, 6, 7> >, Eigen::Product<Eigen::Inverse<Eigen::Matrix<double, 6, 6, 0, 6, 6> >, Eigen::Matrix<double, 6, 1>, 0>, 0>[m[K’ and ‘[01m[KEigen::DenseBase<Eigen::CwiseBinaryOp<Eigen::internal::scalar_min_op<double, double, 0>, const Eigen::CwiseBinaryOp<Eigen::internal::scalar_max_op<double, double, 0>, const Eigen::Product<Eigen::Transpose<Eigen::Matrix<double, 6, 7> >, Eigen::Product<Eigen::Inverse<Eigen::Matrix<double, 6, 6, 0, 6, 6> >, Eigen::Matrix<double, 6, 1>, 0>, 0>, const Eigen::CwiseNullaryOp<Eigen::internal::scalar_constant_op<double>, Eigen::Matrix<double, 7, 1, 0, 7, 1> > >, const Eigen::CwiseNullaryOp<Eigen::internal::scalar_constant_op<double>, Eigen::Matrix<double, 7, 1, 0, 7, 1> > > >::EvalReturnType[m[K’ {aka ‘[01m[Kconst Eigen::Matrix<double, 7, 1, 0, 7, 1>[m[K’})
  294 |     qdot = qdot.cwiseMax(-1.0).cwiseMin(1.0).eval([01;31m[K)[m[K;
      |                                                   [01;31m[K^[m[K
In file included from [01m[K/usr/include/eigen3/Eigen/Core:276[m[K,
                 from [01m[K/usr/include/eigen3/Eigen/Dense:1[m[K,
                 from [01m[K/home/mscrobotics2425laptop16/mujoco_ros_ws/src/fr3_control_publish/src/HybridForceTangentialController.cpp:7[m[K:
[01m[K/usr/include/eigen3/Eigen/src/Core/Product.h:71:7:[m[K [01;36m[Knote: [m[Kcandidate: ‘[01m[KEigen::Product<Eigen::Transpose<Eigen::Matrix<double, 6, 7> >, Eigen::Product<Eigen::Inverse<Eigen::Matrix<double, 6, 6, 0, 6, 6> >, Eigen::Matrix<double, 6, 1>, 0>, 0>& Eigen::Product<Eigen::Transpose<Eigen::Matrix<double, 6, 7> >, Eigen::Product<Eigen::Inverse<Eigen::Matrix<double, 6, 6, 0, 6, 6> >, Eigen::Matrix<double, 6, 1>, 0>, 0>::operator=(const Eigen::Product<Eigen::Transpose<Eigen::Matrix<double, 6, 7> >, Eigen::Product<Eigen::Inverse<Eigen::Matrix<double, 6, 6, 0, 6, 6> >, Eigen::Matrix<double, 6, 1>, 0>, 0>&)[m[K’ (deleted)
   71 | class [01;36m[KProduct[m[K : public ProductImpl<_Lhs,_Rhs,Option,
      |       [01;36m[K^~~~~~~[m[K
[01m[K/usr/include/eigen3/Eigen/src/Core/Product.h:71:7:[m[K [01;36m[Knote: [m[K  no known conversion for argument 1 from ‘[01m[KEigen::DenseBase<Eigen::CwiseBinaryOp<Eigen::internal::scalar_min_op<double, double, 0>, const Eigen::CwiseBinaryOp<Eigen::internal::scalar_max_op<double, double, 0>, const Eigen::Product<Eigen::Transpose<Eigen::Matrix<double, 6, 7> >, Eigen::Product<Eigen::Inverse<Eigen::Matrix<double, 6, 6, 0, 6, 6> >, Eigen::Matrix<double, 6, 1>, 0>, 0>, const Eigen::CwiseNullaryOp<Eigen::internal::scalar_constant_op<double>, Eigen::Matrix<double, 7, 1, 0, 7, 1> > >, const Eigen::CwiseNullaryOp<Eigen::internal::scalar_constant_op<double>, Eigen::Matrix<double, 7, 1, 0, 7, 1> > > >::EvalReturnType[m[K’ {aka ‘[01m[Kconst Eigen::Matrix<double, 7, 1, 0, 7, 1>[m[K’} to ‘[01m[Kconst Eigen::Product<Eigen::Transpose<Eigen::Matrix<double, 6, 7> >, Eigen::Product<Eigen::Inverse<Eigen::Matrix<double, 6, 6, 0, 6, 6> >, Eigen::Matrix<double, 6, 1>, 0>, 0>&[m[K’
[01m[K/usr/include/eigen3/Eigen/src/Core/Product.h:71:7:[m[K [01;36m[Knote: [m[Kcandidate: ‘[01m[KEigen::Product<Eigen::Transpose<Eigen::Matrix<double, 6, 7> >, Eigen::Product<Eigen::Inverse<Eigen::Matrix<double, 6, 6, 0, 6, 6> >, Eigen::Matrix<double, 6, 1>, 0>, 0>& Eigen::Product<Eigen::Transpose<Eigen::Matrix<double, 6, 7> >, Eigen::Product<Eigen::Inverse<Eigen::Matrix<double, 6, 6, 0, 6, 6> >, Eigen::Matrix<double, 6, 1>, 0>, 0>::operator=(Eigen::Product<Eigen::Transpose<Eigen::Matrix<double, 6, 7> >, Eigen::Product<Eigen::Inverse<Eigen::Matrix<double, 6, 6, 0, 6, 6> >, Eigen::Matrix<double, 6, 1>, 0>, 0>&&)[m[K’ (deleted)
[01m[K/usr/include/eigen3/Eigen/src/Core/Product.h:71:7:[m[K [01;36m[Knote: [m[K  no known conversion for argument 1 from ‘[01m[KEigen::DenseBase<Eigen::CwiseBinaryOp<Eigen::internal::scalar_min_op<double, double, 0>, const Eigen::CwiseBinaryOp<Eigen::internal::scalar_max_op<double, double, 0>, const Eigen::Product<Eigen::Transpose<Eigen::Matrix<double, 6, 7> >, Eigen::Product<Eigen::Inverse<Eigen::Matrix<double, 6, 6, 0, 6, 6> >, Eigen::Matrix<double, 6, 1>, 0>, 0>, const Eigen::CwiseNullaryOp<Eigen::internal::scalar_constant_op<double>, Eigen::Matrix<double, 7, 1, 0, 7, 1> > >, const Eigen::CwiseNullaryOp<Eigen::internal::scalar_constant_op<double>, Eigen::Matrix<double, 7, 1, 0, 7, 1> > > >::EvalReturnType[m[K’ {aka ‘[01m[Kconst Eigen::Matrix<double, 7, 1, 0, 7, 1>[m[K’} to ‘[01m[KEigen::Product<Eigen::Transpose<Eigen::Matrix<double, 6, 7> >, Eigen::Product<Eigen::Inverse<Eigen::Matrix<double, 6, 6, 0, 6, 6> >, Eigen::Matrix<double, 6, 1>, 0>, 0>&&[m[K’
gmake[2]: *** [CMakeFiles/hybridforcetangentialcontroller.dir/build.make:76：CMakeFiles/hybridforcetangentialcontroller.dir/src/HybridForceTangentialController.cpp.o] 错误 1
gmake[1]: *** [CMakeFiles/Makefile2:736：CMakeFiles/hybridforcetangentialcontroller.dir/all] 错误 2
gmake: *** [Makefile:146：all] 错误 2
