[0.229s] DEBUG:colcon:Command line arguments: ['/usr/bin/colcon', 'build']
[0.229s] DEBUG:colcon:Parsed command line arguments: Namespace(log_base=None, log_level=None, verb_name='build', build_base='build', install_base='install', merge_install=False, symlink_install=False, test_result_base=None, continue_on_error=False, executor='parallel', parallel_workers=12, event_handlers=None, ignore_user_meta=False, metas=['./colcon.meta'], base_paths=['.'], packages_ignore=None, packages_ignore_regex=None, paths=None, packages_up_to=None, packages_up_to_regex=None, packages_above=None, packages_above_and_dependencies=None, packages_above_depth=None, packages_select_by_dep=None, packages_skip_by_dep=None, packages_skip_up_to=None, packages_select_build_failed=False, packages_skip_build_finished=False, packages_select_test_failures=False, packages_skip_test_passed=False, packages_select=None, packages_skip=None, packages_select_regex=None, packages_skip_regex=None, packages_start=None, packages_end=None, allow_overriding=[], cmake_args=None, cmake_target=None, cmake_target_skip_unavailable=False, cmake_clean_cache=False, cmake_clean_first=False, cmake_force_configure=False, ament_cmake_args=None, catkin_cmake_args=None, catkin_skip_building_tests=False, mixin_files=None, mixin=None, verb_parser=<colcon_mixin.mixin.mixin_argument.MixinArgumentDecorator object at 0x7cde03d63460>, verb_extension=<colcon_core.verb.build.BuildVerb object at 0x7cde03d62e90>, main=<bound method BuildVerb.main of <colcon_core.verb.build.BuildVerb object at 0x7cde03d62e90>>, mixin_verb=('build',))
[0.317s] Level 1:colcon.colcon_core.package_discovery:discover_packages(colcon_meta) check parameters
[0.317s] Level 1:colcon.colcon_core.package_discovery:discover_packages(recursive) check parameters
[0.317s] Level 1:colcon.colcon_core.package_discovery:discover_packages(ignore) check parameters
[0.317s] Level 1:colcon.colcon_core.package_discovery:discover_packages(path) check parameters
[0.317s] Level 1:colcon.colcon_core.package_discovery:discover_packages(colcon_meta) discover
[0.317s] Level 1:colcon.colcon_core.package_discovery:discover_packages(recursive) discover
[0.317s] INFO:colcon.colcon_core.package_discovery:Crawling recursively for packages in '/home/mscrobotics2425laptop16/mujoco_ros_ws'
[0.318s] Level 1:colcon.colcon_core.package_identification:_identify(.) by extensions ['ignore', 'ignore_ament_install']
[0.318s] Level 1:colcon.colcon_core.package_identification:_identify(.) by extension 'ignore'
[0.318s] Level 1:colcon.colcon_core.package_identification:_identify(.) by extension 'ignore_ament_install'
[0.318s] Level 1:colcon.colcon_core.package_identification:_identify(.) by extensions ['colcon_pkg']
[0.318s] Level 1:colcon.colcon_core.package_identification:_identify(.) by extension 'colcon_pkg'
[0.318s] Level 1:colcon.colcon_core.package_identification:_identify(.) by extensions ['colcon_meta']
[0.318s] Level 1:colcon.colcon_core.package_identification:_identify(.) by extension 'colcon_meta'
[0.318s] Level 1:colcon.colcon_core.package_identification:_identify(.) by extensions ['ros']
[0.318s] Level 1:colcon.colcon_core.package_identification:_identify(.) by extension 'ros'
[0.349s] Level 1:colcon.colcon_core.package_identification:_identify(.) by extensions ['cmake', 'python']
[0.349s] Level 1:colcon.colcon_core.package_identification:_identify(.) by extension 'cmake'
[0.349s] Level 1:colcon.colcon_core.package_identification:_identify(.) by extension 'python'
[0.350s] Level 1:colcon.colcon_core.package_identification:_identify(.) by extensions ['python_setup_py']
[0.350s] Level 1:colcon.colcon_core.package_identification:_identify(.) by extension 'python_setup_py'
[0.350s] Level 1:colcon.colcon_core.package_identification:_identify(build) by extensions ['ignore', 'ignore_ament_install']
[0.351s] Level 1:colcon.colcon_core.package_identification:_identify(build) by extension 'ignore'
[0.351s] Level 1:colcon.colcon_core.package_identification:_identify(build) ignored
[0.351s] Level 1:colcon.colcon_core.package_identification:_identify(install) by extensions ['ignore', 'ignore_ament_install']
[0.351s] Level 1:colcon.colcon_core.package_identification:_identify(install) by extension 'ignore'
[0.352s] Level 1:colcon.colcon_core.package_identification:_identify(install) ignored
[0.352s] Level 1:colcon.colcon_core.package_identification:_identify(log) by extensions ['ignore', 'ignore_ament_install']
[0.352s] Level 1:colcon.colcon_core.package_identification:_identify(log) by extension 'ignore'
[0.352s] Level 1:colcon.colcon_core.package_identification:_identify(log) ignored
[0.353s] Level 1:colcon.colcon_core.package_identification:_identify(src) by extensions ['ignore', 'ignore_ament_install']
[0.353s] Level 1:colcon.colcon_core.package_identification:_identify(src) by extension 'ignore'
[0.353s] Level 1:colcon.colcon_core.package_identification:_identify(src) by extension 'ignore_ament_install'
[0.353s] Level 1:colcon.colcon_core.package_identification:_identify(src) by extensions ['colcon_pkg']
[0.353s] Level 1:colcon.colcon_core.package_identification:_identify(src) by extension 'colcon_pkg'
[0.353s] Level 1:colcon.colcon_core.package_identification:_identify(src) by extensions ['colcon_meta']
[0.353s] Level 1:colcon.colcon_core.package_identification:_identify(src) by extension 'colcon_meta'
[0.354s] Level 1:colcon.colcon_core.package_identification:_identify(src) by extensions ['ros']
[0.354s] Level 1:colcon.colcon_core.package_identification:_identify(src) by extension 'ros'
[0.354s] Level 1:colcon.colcon_core.package_identification:_identify(src) by extensions ['cmake', 'python']
[0.354s] Level 1:colcon.colcon_core.package_identification:_identify(src) by extension 'cmake'
[0.354s] Level 1:colcon.colcon_core.package_identification:_identify(src) by extension 'python'
[0.354s] Level 1:colcon.colcon_core.package_identification:_identify(src) by extensions ['python_setup_py']
[0.354s] Level 1:colcon.colcon_core.package_identification:_identify(src) by extension 'python_setup_py'
[0.355s] Level 1:colcon.colcon_core.package_identification:_identify(src/fr3_control_publish) by extensions ['ignore', 'ignore_ament_install']
[0.355s] Level 1:colcon.colcon_core.package_identification:_identify(src/fr3_control_publish) by extension 'ignore'
[0.355s] Level 1:colcon.colcon_core.package_identification:_identify(src/fr3_control_publish) by extension 'ignore_ament_install'
[0.355s] Level 1:colcon.colcon_core.package_identification:_identify(src/fr3_control_publish) by extensions ['colcon_pkg']
[0.355s] Level 1:colcon.colcon_core.package_identification:_identify(src/fr3_control_publish) by extension 'colcon_pkg'
[0.355s] Level 1:colcon.colcon_core.package_identification:_identify(src/fr3_control_publish) by extensions ['colcon_meta']
[0.356s] Level 1:colcon.colcon_core.package_identification:_identify(src/fr3_control_publish) by extension 'colcon_meta'
[0.356s] Level 1:colcon.colcon_core.package_identification:_identify(src/fr3_control_publish) by extensions ['ros']
[0.356s] Level 1:colcon.colcon_core.package_identification:_identify(src/fr3_control_publish) by extension 'ros'
[0.364s] DEBUG:colcon.colcon_core.package_identification:Package 'src/fr3_control_publish' with type 'ros.ament_cmake' and name 'fr3_control_publish'
[0.364s] Level 1:colcon.colcon_core.package_identification:_identify(src/mujoco_ros2_control) by extensions ['ignore', 'ignore_ament_install']
[0.365s] Level 1:colcon.colcon_core.package_identification:_identify(src/mujoco_ros2_control) by extension 'ignore'
[0.365s] Level 1:colcon.colcon_core.package_identification:_identify(src/mujoco_ros2_control) by extension 'ignore_ament_install'
[0.365s] Level 1:colcon.colcon_core.package_identification:_identify(src/mujoco_ros2_control) by extensions ['colcon_pkg']
[0.365s] Level 1:colcon.colcon_core.package_identification:_identify(src/mujoco_ros2_control) by extension 'colcon_pkg'
[0.365s] Level 1:colcon.colcon_core.package_identification:_identify(src/mujoco_ros2_control) by extensions ['colcon_meta']
[0.365s] Level 1:colcon.colcon_core.package_identification:_identify(src/mujoco_ros2_control) by extension 'colcon_meta'
[0.366s] Level 1:colcon.colcon_core.package_identification:_identify(src/mujoco_ros2_control) by extensions ['ros']
[0.366s] Level 1:colcon.colcon_core.package_identification:_identify(src/mujoco_ros2_control) by extension 'ros'
[0.366s] Level 1:colcon.colcon_core.package_identification:_identify(src/mujoco_ros2_control) by extensions ['cmake', 'python']
[0.366s] Level 1:colcon.colcon_core.package_identification:_identify(src/mujoco_ros2_control) by extension 'cmake'
[0.366s] Level 1:colcon.colcon_core.package_identification:_identify(src/mujoco_ros2_control) by extension 'python'
[0.366s] Level 1:colcon.colcon_core.package_identification:_identify(src/mujoco_ros2_control) by extensions ['python_setup_py']
[0.366s] Level 1:colcon.colcon_core.package_identification:_identify(src/mujoco_ros2_control) by extension 'python_setup_py'
[0.367s] Level 1:colcon.colcon_core.package_identification:_identify(src/mujoco_ros2_control/doc) by extensions ['ignore', 'ignore_ament_install']
[0.367s] Level 1:colcon.colcon_core.package_identification:_identify(src/mujoco_ros2_control/doc) by extension 'ignore'
[0.367s] Level 1:colcon.colcon_core.package_identification:_identify(src/mujoco_ros2_control/doc) by extension 'ignore_ament_install'
[0.367s] Level 1:colcon.colcon_core.package_identification:_identify(src/mujoco_ros2_control/doc) by extensions ['colcon_pkg']
[0.367s] Level 1:colcon.colcon_core.package_identification:_identify(src/mujoco_ros2_control/doc) by extension 'colcon_pkg'
[0.367s] Level 1:colcon.colcon_core.package_identification:_identify(src/mujoco_ros2_control/doc) by extensions ['colcon_meta']
[0.367s] Level 1:colcon.colcon_core.package_identification:_identify(src/mujoco_ros2_control/doc) by extension 'colcon_meta'
[0.367s] Level 1:colcon.colcon_core.package_identification:_identify(src/mujoco_ros2_control/doc) by extensions ['ros']
[0.368s] Level 1:colcon.colcon_core.package_identification:_identify(src/mujoco_ros2_control/doc) by extension 'ros'
[0.368s] Level 1:colcon.colcon_core.package_identification:_identify(src/mujoco_ros2_control/doc) by extensions ['cmake', 'python']
[0.368s] Level 1:colcon.colcon_core.package_identification:_identify(src/mujoco_ros2_control/doc) by extension 'cmake'
[0.368s] Level 1:colcon.colcon_core.package_identification:_identify(src/mujoco_ros2_control/doc) by extension 'python'
[0.368s] Level 1:colcon.colcon_core.package_identification:_identify(src/mujoco_ros2_control/doc) by extensions ['python_setup_py']
[0.368s] Level 1:colcon.colcon_core.package_identification:_identify(src/mujoco_ros2_control/doc) by extension 'python_setup_py'
[0.368s] Level 1:colcon.colcon_core.package_identification:_identify(src/mujoco_ros2_control/doc/images) by extensions ['ignore', 'ignore_ament_install']
[0.369s] Level 1:colcon.colcon_core.package_identification:_identify(src/mujoco_ros2_control/doc/images) by extension 'ignore'
[0.369s] Level 1:colcon.colcon_core.package_identification:_identify(src/mujoco_ros2_control/doc/images) by extension 'ignore_ament_install'
[0.369s] Level 1:colcon.colcon_core.package_identification:_identify(src/mujoco_ros2_control/doc/images) by extensions ['colcon_pkg']
[0.369s] Level 1:colcon.colcon_core.package_identification:_identify(src/mujoco_ros2_control/doc/images) by extension 'colcon_pkg'
[0.369s] Level 1:colcon.colcon_core.package_identification:_identify(src/mujoco_ros2_control/doc/images) by extensions ['colcon_meta']
[0.369s] Level 1:colcon.colcon_core.package_identification:_identify(src/mujoco_ros2_control/doc/images) by extension 'colcon_meta'
[0.369s] Level 1:colcon.colcon_core.package_identification:_identify(src/mujoco_ros2_control/doc/images) by extensions ['ros']
[0.369s] Level 1:colcon.colcon_core.package_identification:_identify(src/mujoco_ros2_control/doc/images) by extension 'ros'
[0.370s] Level 1:colcon.colcon_core.package_identification:_identify(src/mujoco_ros2_control/doc/images) by extensions ['cmake', 'python']
[0.370s] Level 1:colcon.colcon_core.package_identification:_identify(src/mujoco_ros2_control/doc/images) by extension 'cmake'
[0.370s] Level 1:colcon.colcon_core.package_identification:_identify(src/mujoco_ros2_control/doc/images) by extension 'python'
[0.370s] Level 1:colcon.colcon_core.package_identification:_identify(src/mujoco_ros2_control/doc/images) by extensions ['python_setup_py']
[0.370s] Level 1:colcon.colcon_core.package_identification:_identify(src/mujoco_ros2_control/doc/images) by extension 'python_setup_py'
[0.370s] Level 1:colcon.colcon_core.package_identification:_identify(src/mujoco_ros2_control/docker) by extensions ['ignore', 'ignore_ament_install']
[0.371s] Level 1:colcon.colcon_core.package_identification:_identify(src/mujoco_ros2_control/docker) by extension 'ignore'
[0.371s] Level 1:colcon.colcon_core.package_identification:_identify(src/mujoco_ros2_control/docker) by extension 'ignore_ament_install'
[0.371s] Level 1:colcon.colcon_core.package_identification:_identify(src/mujoco_ros2_control/docker) by extensions ['colcon_pkg']
[0.371s] Level 1:colcon.colcon_core.package_identification:_identify(src/mujoco_ros2_control/docker) by extension 'colcon_pkg'
[0.371s] Level 1:colcon.colcon_core.package_identification:_identify(src/mujoco_ros2_control/docker) by extensions ['colcon_meta']
[0.371s] Level 1:colcon.colcon_core.package_identification:_identify(src/mujoco_ros2_control/docker) by extension 'colcon_meta'
[0.371s] Level 1:colcon.colcon_core.package_identification:_identify(src/mujoco_ros2_control/docker) by extensions ['ros']
[0.371s] Level 1:colcon.colcon_core.package_identification:_identify(src/mujoco_ros2_control/docker) by extension 'ros'
[0.372s] Level 1:colcon.colcon_core.package_identification:_identify(src/mujoco_ros2_control/docker) by extensions ['cmake', 'python']
[0.372s] Level 1:colcon.colcon_core.package_identification:_identify(src/mujoco_ros2_control/docker) by extension 'cmake'
[0.372s] Level 1:colcon.colcon_core.package_identification:_identify(src/mujoco_ros2_control/docker) by extension 'python'
[0.372s] Level 1:colcon.colcon_core.package_identification:_identify(src/mujoco_ros2_control/docker) by extensions ['python_setup_py']
[0.372s] Level 1:colcon.colcon_core.package_identification:_identify(src/mujoco_ros2_control/docker) by extension 'python_setup_py'
[0.372s] Level 1:colcon.colcon_core.package_identification:_identify(src/mujoco_ros2_control/mujoco_ros2_control) by extensions ['ignore', 'ignore_ament_install']
[0.373s] Level 1:colcon.colcon_core.package_identification:_identify(src/mujoco_ros2_control/mujoco_ros2_control) by extension 'ignore'
[0.373s] Level 1:colcon.colcon_core.package_identification:_identify(src/mujoco_ros2_control/mujoco_ros2_control) by extension 'ignore_ament_install'
[0.373s] Level 1:colcon.colcon_core.package_identification:_identify(src/mujoco_ros2_control/mujoco_ros2_control) by extensions ['colcon_pkg']
[0.373s] Level 1:colcon.colcon_core.package_identification:_identify(src/mujoco_ros2_control/mujoco_ros2_control) by extension 'colcon_pkg'
[0.373s] Level 1:colcon.colcon_core.package_identification:_identify(src/mujoco_ros2_control/mujoco_ros2_control) by extensions ['colcon_meta']
[0.373s] Level 1:colcon.colcon_core.package_identification:_identify(src/mujoco_ros2_control/mujoco_ros2_control) by extension 'colcon_meta'
[0.373s] Level 1:colcon.colcon_core.package_identification:_identify(src/mujoco_ros2_control/mujoco_ros2_control) by extensions ['ros']
[0.374s] Level 1:colcon.colcon_core.package_identification:_identify(src/mujoco_ros2_control/mujoco_ros2_control) by extension 'ros'
[0.377s] DEBUG:colcon.colcon_core.package_identification:Package 'src/mujoco_ros2_control/mujoco_ros2_control' with type 'ros.ament_cmake' and name 'mujoco_ros2_control'
[0.377s] Level 1:colcon.colcon_core.package_identification:_identify(src/mujoco_ros2_control/mujoco_ros2_control_demos) by extensions ['ignore', 'ignore_ament_install']
[0.377s] Level 1:colcon.colcon_core.package_identification:_identify(src/mujoco_ros2_control/mujoco_ros2_control_demos) by extension 'ignore'
[0.378s] Level 1:colcon.colcon_core.package_identification:_identify(src/mujoco_ros2_control/mujoco_ros2_control_demos) by extension 'ignore_ament_install'
[0.378s] Level 1:colcon.colcon_core.package_identification:_identify(src/mujoco_ros2_control/mujoco_ros2_control_demos) by extensions ['colcon_pkg']
[0.378s] Level 1:colcon.colcon_core.package_identification:_identify(src/mujoco_ros2_control/mujoco_ros2_control_demos) by extension 'colcon_pkg'
[0.378s] Level 1:colcon.colcon_core.package_identification:_identify(src/mujoco_ros2_control/mujoco_ros2_control_demos) by extensions ['colcon_meta']
[0.378s] Level 1:colcon.colcon_core.package_identification:_identify(src/mujoco_ros2_control/mujoco_ros2_control_demos) by extension 'colcon_meta'
[0.378s] Level 1:colcon.colcon_core.package_identification:_identify(src/mujoco_ros2_control/mujoco_ros2_control_demos) by extensions ['ros']
[0.378s] Level 1:colcon.colcon_core.package_identification:_identify(src/mujoco_ros2_control/mujoco_ros2_control_demos) by extension 'ros'
[0.381s] DEBUG:colcon.colcon_core.package_identification:Package 'src/mujoco_ros2_control/mujoco_ros2_control_demos' with type 'ros.ament_cmake' and name 'mujoco_ros2_control_demos'
[0.381s] Level 1:colcon.colcon_core.package_discovery:discover_packages(recursive) using defaults
[0.382s] Level 1:colcon.colcon_core.package_discovery:discover_packages(ignore) discover
[0.382s] Level 1:colcon.colcon_core.package_discovery:discover_packages(ignore) using defaults
[0.382s] Level 1:colcon.colcon_core.package_discovery:discover_packages(path) discover
[0.382s] Level 1:colcon.colcon_core.package_discovery:discover_packages(path) using defaults
[0.445s] Level 1:colcon.colcon_core.package_discovery:discover_packages(prefix_path) check parameters
[0.445s] Level 1:colcon.colcon_core.package_discovery:discover_packages(prefix_path) discover
[0.452s] DEBUG:colcon.colcon_installed_package_information.package_discovery:Found 35 installed packages in /home/mscrobotics2425laptop16/interbotix_ws/install
[0.453s] DEBUG:colcon.colcon_installed_package_information.package_discovery:Found 1 installed packages in /home/mscrobotics2425laptop16/apriltag_ws/install
[0.459s] DEBUG:colcon.colcon_installed_package_information.package_discovery:Found 442 installed packages in /opt/ros/humble
[0.465s] Level 1:colcon.colcon_core.package_discovery:discover_packages(prefix_path) using defaults
[0.659s] Level 5:colcon.colcon_core.verb:set package 'fr3_control_publish' build argument 'cmake_args' from command line to 'None'
[0.660s] Level 5:colcon.colcon_core.verb:set package 'fr3_control_publish' build argument 'cmake_target' from command line to 'None'
[0.660s] Level 5:colcon.colcon_core.verb:set package 'fr3_control_publish' build argument 'cmake_target_skip_unavailable' from command line to 'False'
[0.660s] Level 5:colcon.colcon_core.verb:set package 'fr3_control_publish' build argument 'cmake_clean_cache' from command line to 'False'
[0.660s] Level 5:colcon.colcon_core.verb:set package 'fr3_control_publish' build argument 'cmake_clean_first' from command line to 'False'
[0.660s] Level 5:colcon.colcon_core.verb:set package 'fr3_control_publish' build argument 'cmake_force_configure' from command line to 'False'
[0.660s] Level 5:colcon.colcon_core.verb:set package 'fr3_control_publish' build argument 'ament_cmake_args' from command line to 'None'
[0.660s] Level 5:colcon.colcon_core.verb:set package 'fr3_control_publish' build argument 'catkin_cmake_args' from command line to 'None'
[0.660s] Level 5:colcon.colcon_core.verb:set package 'fr3_control_publish' build argument 'catkin_skip_building_tests' from command line to 'False'
[0.661s] DEBUG:colcon.colcon_core.verb:Building package 'fr3_control_publish' with the following arguments: {'ament_cmake_args': None, 'build_base': '/home/mscrobotics2425laptop16/mujoco_ros_ws/build/fr3_control_publish', 'catkin_cmake_args': None, 'catkin_skip_building_tests': False, 'cmake_args': None, 'cmake_clean_cache': False, 'cmake_clean_first': False, 'cmake_force_configure': False, 'cmake_target': None, 'cmake_target_skip_unavailable': False, 'install_base': '/home/mscrobotics2425laptop16/mujoco_ros_ws/install/fr3_control_publish', 'merge_install': False, 'path': '/home/mscrobotics2425laptop16/mujoco_ros_ws/src/fr3_control_publish', 'symlink_install': False, 'test_result_base': None}
[0.662s] Level 5:colcon.colcon_core.verb:set package 'mujoco_ros2_control' build argument 'cmake_args' from command line to 'None'
[0.663s] Level 5:colcon.colcon_core.verb:set package 'mujoco_ros2_control' build argument 'cmake_target' from command line to 'None'
[0.663s] Level 5:colcon.colcon_core.verb:set package 'mujoco_ros2_control' build argument 'cmake_target_skip_unavailable' from command line to 'False'
[0.663s] Level 5:colcon.colcon_core.verb:set package 'mujoco_ros2_control' build argument 'cmake_clean_cache' from command line to 'False'
[0.663s] Level 5:colcon.colcon_core.verb:set package 'mujoco_ros2_control' build argument 'cmake_clean_first' from command line to 'False'
[0.663s] Level 5:colcon.colcon_core.verb:set package 'mujoco_ros2_control' build argument 'cmake_force_configure' from command line to 'False'
[0.663s] Level 5:colcon.colcon_core.verb:set package 'mujoco_ros2_control' build argument 'ament_cmake_args' from command line to 'None'
[0.663s] Level 5:colcon.colcon_core.verb:set package 'mujoco_ros2_control' build argument 'catkin_cmake_args' from command line to 'None'
[0.663s] Level 5:colcon.colcon_core.verb:set package 'mujoco_ros2_control' build argument 'catkin_skip_building_tests' from command line to 'False'
[0.663s] DEBUG:colcon.colcon_core.verb:Building package 'mujoco_ros2_control' with the following arguments: {'ament_cmake_args': None, 'build_base': '/home/mscrobotics2425laptop16/mujoco_ros_ws/build/mujoco_ros2_control', 'catkin_cmake_args': None, 'catkin_skip_building_tests': False, 'cmake_args': None, 'cmake_clean_cache': False, 'cmake_clean_first': False, 'cmake_force_configure': False, 'cmake_target': None, 'cmake_target_skip_unavailable': False, 'install_base': '/home/mscrobotics2425laptop16/mujoco_ros_ws/install/mujoco_ros2_control', 'merge_install': False, 'path': '/home/mscrobotics2425laptop16/mujoco_ros_ws/src/mujoco_ros2_control/mujoco_ros2_control', 'symlink_install': False, 'test_result_base': None}
[0.665s] Level 5:colcon.colcon_core.verb:set package 'mujoco_ros2_control_demos' build argument 'cmake_args' from command line to 'None'
[0.665s] Level 5:colcon.colcon_core.verb:set package 'mujoco_ros2_control_demos' build argument 'cmake_target' from command line to 'None'
[0.665s] Level 5:colcon.colcon_core.verb:set package 'mujoco_ros2_control_demos' build argument 'cmake_target_skip_unavailable' from command line to 'False'
[0.665s] Level 5:colcon.colcon_core.verb:set package 'mujoco_ros2_control_demos' build argument 'cmake_clean_cache' from command line to 'False'
[0.665s] Level 5:colcon.colcon_core.verb:set package 'mujoco_ros2_control_demos' build argument 'cmake_clean_first' from command line to 'False'
[0.665s] Level 5:colcon.colcon_core.verb:set package 'mujoco_ros2_control_demos' build argument 'cmake_force_configure' from command line to 'False'
[0.665s] Level 5:colcon.colcon_core.verb:set package 'mujoco_ros2_control_demos' build argument 'ament_cmake_args' from command line to 'None'
[0.666s] Level 5:colcon.colcon_core.verb:set package 'mujoco_ros2_control_demos' build argument 'catkin_cmake_args' from command line to 'None'
[0.666s] Level 5:colcon.colcon_core.verb:set package 'mujoco_ros2_control_demos' build argument 'catkin_skip_building_tests' from command line to 'False'
[0.666s] DEBUG:colcon.colcon_core.verb:Building package 'mujoco_ros2_control_demos' with the following arguments: {'ament_cmake_args': None, 'build_base': '/home/mscrobotics2425laptop16/mujoco_ros_ws/build/mujoco_ros2_control_demos', 'catkin_cmake_args': None, 'catkin_skip_building_tests': False, 'cmake_args': None, 'cmake_clean_cache': False, 'cmake_clean_first': False, 'cmake_force_configure': False, 'cmake_target': None, 'cmake_target_skip_unavailable': False, 'install_base': '/home/mscrobotics2425laptop16/mujoco_ros_ws/install/mujoco_ros2_control_demos', 'merge_install': False, 'path': '/home/mscrobotics2425laptop16/mujoco_ros_ws/src/mujoco_ros2_control/mujoco_ros2_control_demos', 'symlink_install': False, 'test_result_base': None}
[0.666s] INFO:colcon.colcon_core.executor:Executing jobs using 'parallel' executor
[0.671s] DEBUG:colcon.colcon_parallel_executor.executor.parallel:run_until_complete
[0.672s] INFO:colcon.colcon_ros.task.ament_cmake.build:Building ROS package in '/home/mscrobotics2425laptop16/mujoco_ros_ws/src/fr3_control_publish' with build type 'ament_cmake'
[0.673s] INFO:colcon.colcon_cmake.task.cmake.build:Building CMake package in '/home/mscrobotics2425laptop16/mujoco_ros_ws/src/fr3_control_publish'
[0.684s] INFO:colcon.colcon_core.plugin_system:Skipping extension 'colcon_core.shell.bat': Not used on non-Windows systems
[0.685s] INFO:colcon.colcon_core.shell:Skip shell extension 'powershell' for command environment: Not usable outside of PowerShell
[0.685s] DEBUG:colcon.colcon_core.shell:Skip shell extension 'dsv' for command environment
[0.716s] INFO:colcon.colcon_ros.task.ament_cmake.build:Building ROS package in '/home/mscrobotics2425laptop16/mujoco_ros_ws/src/mujoco_ros2_control/mujoco_ros2_control' with build type 'ament_cmake'
[0.716s] INFO:colcon.colcon_cmake.task.cmake.build:Building CMake package in '/home/mscrobotics2425laptop16/mujoco_ros_ws/src/mujoco_ros2_control/mujoco_ros2_control'
[0.717s] INFO:colcon.colcon_core.shell:Skip shell extension 'powershell' for command environment: Not usable outside of PowerShell
[0.719s] DEBUG:colcon.colcon_core.shell:Skip shell extension 'dsv' for command environment
[0.743s] INFO:colcon.colcon_ros.task.ament_cmake.build:Building ROS package in '/home/mscrobotics2425laptop16/mujoco_ros_ws/src/mujoco_ros2_control/mujoco_ros2_control_demos' with build type 'ament_cmake'
[0.744s] INFO:colcon.colcon_cmake.task.cmake.build:Building CMake package in '/home/mscrobotics2425laptop16/mujoco_ros_ws/src/mujoco_ros2_control/mujoco_ros2_control_demos'
[0.745s] INFO:colcon.colcon_core.shell:Skip shell extension 'powershell' for command environment: Not usable outside of PowerShell
[0.746s] DEBUG:colcon.colcon_core.shell:Skip shell extension 'dsv' for command environment
[0.796s] DEBUG:colcon.colcon_core.event_handler.log_command:Invoking command in '/home/mscrobotics2425laptop16/mujoco_ros_ws/build/fr3_control_publish': CMAKE_PREFIX_PATH=${CMAKE_PREFIX_PATH}:/home/mscrobotics2425laptop16/interbotix_ws/install/interbotix_xs_modules:/home/mscrobotics2425laptop16/interbotix_ws/install/interbotix_perception_modules:/home/mscrobotics2425laptop16/interbotix_ws/install/interbotix_common_modules:/home/mscrobotics2425laptop16/interbotix_ws/install/control_pkg:/opt/ros/humble /usr/bin/cmake --build /home/mscrobotics2425laptop16/mujoco_ros_ws/build/fr3_control_publish -- -j12 -l12
[0.825s] DEBUG:colcon.colcon_core.event_handler.log_command:Invoking command in '/home/mscrobotics2425laptop16/mujoco_ros_ws/build/mujoco_ros2_control': CMAKE_PREFIX_PATH=${CMAKE_PREFIX_PATH}:/home/mscrobotics2425laptop16/interbotix_ws/install/interbotix_xs_modules:/home/mscrobotics2425laptop16/interbotix_ws/install/interbotix_perception_modules:/home/mscrobotics2425laptop16/interbotix_ws/install/interbotix_common_modules:/home/mscrobotics2425laptop16/interbotix_ws/install/control_pkg:/opt/ros/humble /usr/bin/cmake --build /home/mscrobotics2425laptop16/mujoco_ros_ws/build/mujoco_ros2_control -- -j12 -l12
[0.835s] DEBUG:colcon.colcon_core.event_handler.log_command:Invoking command in '/home/mscrobotics2425laptop16/mujoco_ros_ws/build/mujoco_ros2_control_demos': CMAKE_PREFIX_PATH=${CMAKE_PREFIX_PATH}:/home/mscrobotics2425laptop16/interbotix_ws/install/interbotix_xs_modules:/home/mscrobotics2425laptop16/interbotix_ws/install/interbotix_perception_modules:/home/mscrobotics2425laptop16/interbotix_ws/install/interbotix_common_modules:/home/mscrobotics2425laptop16/interbotix_ws/install/control_pkg:/opt/ros/humble /usr/bin/cmake --build /home/mscrobotics2425laptop16/mujoco_ros_ws/build/mujoco_ros2_control_demos -- -j12 -l12
[1.264s] DEBUG:colcon.colcon_core.event_handler.log_command:Invoked command in '/home/mscrobotics2425laptop16/mujoco_ros_ws/build/mujoco_ros2_control' returned '0': CMAKE_PREFIX_PATH=${CMAKE_PREFIX_PATH}:/home/mscrobotics2425laptop16/interbotix_ws/install/interbotix_xs_modules:/home/mscrobotics2425laptop16/interbotix_ws/install/interbotix_perception_modules:/home/mscrobotics2425laptop16/interbotix_ws/install/interbotix_common_modules:/home/mscrobotics2425laptop16/interbotix_ws/install/control_pkg:/opt/ros/humble /usr/bin/cmake --build /home/mscrobotics2425laptop16/mujoco_ros_ws/build/mujoco_ros2_control -- -j12 -l12
[1.295s] DEBUG:colcon.colcon_core.event_handler.log_command:Invoking command in '/home/mscrobotics2425laptop16/mujoco_ros_ws/build/mujoco_ros2_control': CMAKE_PREFIX_PATH=${CMAKE_PREFIX_PATH}:/home/mscrobotics2425laptop16/interbotix_ws/install/interbotix_xs_modules:/home/mscrobotics2425laptop16/interbotix_ws/install/interbotix_perception_modules:/home/mscrobotics2425laptop16/interbotix_ws/install/interbotix_common_modules:/home/mscrobotics2425laptop16/interbotix_ws/install/control_pkg:/opt/ros/humble /usr/bin/cmake --install /home/mscrobotics2425laptop16/mujoco_ros_ws/build/mujoco_ros2_control
[1.315s] DEBUG:colcon.colcon_core.event_handler.log_command:Invoked command in '/home/mscrobotics2425laptop16/mujoco_ros_ws/build/mujoco_ros2_control_demos' returned '0': CMAKE_PREFIX_PATH=${CMAKE_PREFIX_PATH}:/home/mscrobotics2425laptop16/interbotix_ws/install/interbotix_xs_modules:/home/mscrobotics2425laptop16/interbotix_ws/install/interbotix_perception_modules:/home/mscrobotics2425laptop16/interbotix_ws/install/interbotix_common_modules:/home/mscrobotics2425laptop16/interbotix_ws/install/control_pkg:/opt/ros/humble /usr/bin/cmake --build /home/mscrobotics2425laptop16/mujoco_ros_ws/build/mujoco_ros2_control_demos -- -j12 -l12
[1.331s] DEBUG:colcon.colcon_core.event_handler.log_command:Invoking command in '/home/mscrobotics2425laptop16/mujoco_ros_ws/build/mujoco_ros2_control_demos': CMAKE_PREFIX_PATH=${CMAKE_PREFIX_PATH}:/home/mscrobotics2425laptop16/interbotix_ws/install/interbotix_xs_modules:/home/mscrobotics2425laptop16/interbotix_ws/install/interbotix_perception_modules:/home/mscrobotics2425laptop16/interbotix_ws/install/interbotix_common_modules:/home/mscrobotics2425laptop16/interbotix_ws/install/control_pkg:/opt/ros/humble /usr/bin/cmake --install /home/mscrobotics2425laptop16/mujoco_ros_ws/build/mujoco_ros2_control_demos
[1.343s] Level 1:colcon.colcon_core.environment:create_environment_scripts_only(mujoco_ros2_control)
[1.352s] DEBUG:colcon.colcon_core.event_handler.log_command:Invoked command in '/home/mscrobotics2425laptop16/mujoco_ros_ws/build/mujoco_ros2_control' returned '0': CMAKE_PREFIX_PATH=${CMAKE_PREFIX_PATH}:/home/mscrobotics2425laptop16/interbotix_ws/install/interbotix_xs_modules:/home/mscrobotics2425laptop16/interbotix_ws/install/interbotix_perception_modules:/home/mscrobotics2425laptop16/interbotix_ws/install/interbotix_common_modules:/home/mscrobotics2425laptop16/interbotix_ws/install/control_pkg:/opt/ros/humble /usr/bin/cmake --install /home/mscrobotics2425laptop16/mujoco_ros_ws/build/mujoco_ros2_control
[1.362s] Level 1:colcon.colcon_core.environment:checking '/home/mscrobotics2425laptop16/mujoco_ros_ws/install/mujoco_ros2_control' for CMake module files
[1.373s] Level 1:colcon.colcon_core.environment:checking '/home/mscrobotics2425laptop16/mujoco_ros_ws/install/mujoco_ros2_control' for CMake config files
[1.377s] Level 1:colcon.colcon_core.shell:create_environment_hook('mujoco_ros2_control', 'cmake_prefix_path')
[1.378s] INFO:colcon.colcon_core.shell:Creating environment hook '/home/mscrobotics2425laptop16/mujoco_ros_ws/install/mujoco_ros2_control/share/mujoco_ros2_control/hook/cmake_prefix_path.ps1'
[1.389s] INFO:colcon.colcon_core.shell:Creating environment descriptor '/home/mscrobotics2425laptop16/mujoco_ros_ws/install/mujoco_ros2_control/share/mujoco_ros2_control/hook/cmake_prefix_path.dsv'
[1.396s] INFO:colcon.colcon_core.shell:Creating environment hook '/home/mscrobotics2425laptop16/mujoco_ros_ws/install/mujoco_ros2_control/share/mujoco_ros2_control/hook/cmake_prefix_path.sh'
[1.401s] Level 1:colcon.colcon_core.environment:checking '/home/mscrobotics2425laptop16/mujoco_ros_ws/install/mujoco_ros2_control/lib'
[1.402s] Level 1:colcon.colcon_core.shell:create_environment_hook('mujoco_ros2_control', 'ld_library_path_lib')
[1.404s] INFO:colcon.colcon_core.shell:Creating environment hook '/home/mscrobotics2425laptop16/mujoco_ros_ws/install/mujoco_ros2_control/share/mujoco_ros2_control/hook/ld_library_path_lib.ps1'
[1.411s] INFO:colcon.colcon_core.shell:Creating environment descriptor '/home/mscrobotics2425laptop16/mujoco_ros_ws/install/mujoco_ros2_control/share/mujoco_ros2_control/hook/ld_library_path_lib.dsv'
[1.416s] INFO:colcon.colcon_core.shell:Creating environment hook '/home/mscrobotics2425laptop16/mujoco_ros_ws/install/mujoco_ros2_control/share/mujoco_ros2_control/hook/ld_library_path_lib.sh'
[1.419s] Level 1:colcon.colcon_core.environment:checking '/home/mscrobotics2425laptop16/mujoco_ros_ws/install/mujoco_ros2_control/bin'
[1.419s] Level 1:colcon.colcon_core.environment:checking '/home/mscrobotics2425laptop16/mujoco_ros_ws/install/mujoco_ros2_control/lib/pkgconfig/mujoco_ros2_control.pc'
[1.420s] Level 1:colcon.colcon_core.environment:checking '/home/mscrobotics2425laptop16/mujoco_ros_ws/install/mujoco_ros2_control/lib/python3.10/site-packages'
[1.422s] Level 1:colcon.colcon_core.environment:checking '/home/mscrobotics2425laptop16/mujoco_ros_ws/install/mujoco_ros2_control/bin'
[1.424s] INFO:colcon.colcon_core.shell:Creating package script '/home/mscrobotics2425laptop16/mujoco_ros_ws/install/mujoco_ros2_control/share/mujoco_ros2_control/package.ps1'
[1.431s] INFO:colcon.colcon_core.shell:Creating package descriptor '/home/mscrobotics2425laptop16/mujoco_ros_ws/install/mujoco_ros2_control/share/mujoco_ros2_control/package.dsv'
[1.435s] INFO:colcon.colcon_core.shell:Creating package script '/home/mscrobotics2425laptop16/mujoco_ros_ws/install/mujoco_ros2_control/share/mujoco_ros2_control/package.sh'
[1.440s] INFO:colcon.colcon_core.shell:Creating package script '/home/mscrobotics2425laptop16/mujoco_ros_ws/install/mujoco_ros2_control/share/mujoco_ros2_control/package.bash'
[1.449s] INFO:colcon.colcon_core.shell:Creating package script '/home/mscrobotics2425laptop16/mujoco_ros_ws/install/mujoco_ros2_control/share/mujoco_ros2_control/package.zsh'
[1.452s] Level 1:colcon.colcon_core.environment:create_file_with_runtime_dependencies(/home/mscrobotics2425laptop16/mujoco_ros_ws/install/mujoco_ros2_control/share/colcon-core/packages/mujoco_ros2_control)
[1.459s] Level 1:colcon.colcon_core.environment:create_environment_scripts_only(mujoco_ros2_control)
[1.460s] Level 1:colcon.colcon_core.environment:checking '/home/mscrobotics2425laptop16/mujoco_ros_ws/install/mujoco_ros2_control' for CMake module files
[1.463s] Level 1:colcon.colcon_core.environment:checking '/home/mscrobotics2425laptop16/mujoco_ros_ws/install/mujoco_ros2_control' for CMake config files
[1.464s] Level 1:colcon.colcon_core.shell:create_environment_hook('mujoco_ros2_control', 'cmake_prefix_path')
[1.464s] INFO:colcon.colcon_core.shell:Creating environment hook '/home/mscrobotics2425laptop16/mujoco_ros_ws/install/mujoco_ros2_control/share/mujoco_ros2_control/hook/cmake_prefix_path.ps1'
[1.466s] INFO:colcon.colcon_core.shell:Creating environment descriptor '/home/mscrobotics2425laptop16/mujoco_ros_ws/install/mujoco_ros2_control/share/mujoco_ros2_control/hook/cmake_prefix_path.dsv'
[1.468s] INFO:colcon.colcon_core.shell:Creating environment hook '/home/mscrobotics2425laptop16/mujoco_ros_ws/install/mujoco_ros2_control/share/mujoco_ros2_control/hook/cmake_prefix_path.sh'
[1.471s] Level 1:colcon.colcon_core.environment:checking '/home/mscrobotics2425laptop16/mujoco_ros_ws/install/mujoco_ros2_control/lib'
[1.471s] Level 1:colcon.colcon_core.shell:create_environment_hook('mujoco_ros2_control', 'ld_library_path_lib')
[1.472s] INFO:colcon.colcon_core.shell:Creating environment hook '/home/mscrobotics2425laptop16/mujoco_ros_ws/install/mujoco_ros2_control/share/mujoco_ros2_control/hook/ld_library_path_lib.ps1'
[1.474s] INFO:colcon.colcon_core.shell:Creating environment descriptor '/home/mscrobotics2425laptop16/mujoco_ros_ws/install/mujoco_ros2_control/share/mujoco_ros2_control/hook/ld_library_path_lib.dsv'
[1.476s] INFO:colcon.colcon_core.shell:Creating environment hook '/home/mscrobotics2425laptop16/mujoco_ros_ws/install/mujoco_ros2_control/share/mujoco_ros2_control/hook/ld_library_path_lib.sh'
[1.478s] Level 1:colcon.colcon_core.environment:checking '/home/mscrobotics2425laptop16/mujoco_ros_ws/install/mujoco_ros2_control/bin'
[1.478s] Level 1:colcon.colcon_core.environment:checking '/home/mscrobotics2425laptop16/mujoco_ros_ws/install/mujoco_ros2_control/lib/pkgconfig/mujoco_ros2_control.pc'
[1.479s] Level 1:colcon.colcon_core.environment:checking '/home/mscrobotics2425laptop16/mujoco_ros_ws/install/mujoco_ros2_control/lib/python3.10/site-packages'
[1.480s] Level 1:colcon.colcon_core.environment:checking '/home/mscrobotics2425laptop16/mujoco_ros_ws/install/mujoco_ros2_control/bin'
[1.484s] INFO:colcon.colcon_core.shell:Creating package script '/home/mscrobotics2425laptop16/mujoco_ros_ws/install/mujoco_ros2_control/share/mujoco_ros2_control/package.ps1'
[1.488s] INFO:colcon.colcon_core.shell:Creating package descriptor '/home/mscrobotics2425laptop16/mujoco_ros_ws/install/mujoco_ros2_control/share/mujoco_ros2_control/package.dsv'
[1.491s] INFO:colcon.colcon_core.shell:Creating package script '/home/mscrobotics2425laptop16/mujoco_ros_ws/install/mujoco_ros2_control/share/mujoco_ros2_control/package.sh'
[1.493s] INFO:colcon.colcon_core.shell:Creating package script '/home/mscrobotics2425laptop16/mujoco_ros_ws/install/mujoco_ros2_control/share/mujoco_ros2_control/package.bash'
[1.495s] INFO:colcon.colcon_core.shell:Creating package script '/home/mscrobotics2425laptop16/mujoco_ros_ws/install/mujoco_ros2_control/share/mujoco_ros2_control/package.zsh'
[1.498s] Level 1:colcon.colcon_core.environment:create_file_with_runtime_dependencies(/home/mscrobotics2425laptop16/mujoco_ros_ws/install/mujoco_ros2_control/share/colcon-core/packages/mujoco_ros2_control)
[1.503s] Level 1:colcon.colcon_core.environment:create_environment_scripts_only(mujoco_ros2_control_demos)
[1.505s] Level 1:colcon.colcon_core.environment:checking '/home/mscrobotics2425laptop16/mujoco_ros_ws/install/mujoco_ros2_control_demos' for CMake module files
[1.507s] DEBUG:colcon.colcon_core.event_handler.log_command:Invoked command in '/home/mscrobotics2425laptop16/mujoco_ros_ws/build/mujoco_ros2_control_demos' returned '0': CMAKE_PREFIX_PATH=${CMAKE_PREFIX_PATH}:/home/mscrobotics2425laptop16/interbotix_ws/install/interbotix_xs_modules:/home/mscrobotics2425laptop16/interbotix_ws/install/interbotix_perception_modules:/home/mscrobotics2425laptop16/interbotix_ws/install/interbotix_common_modules:/home/mscrobotics2425laptop16/interbotix_ws/install/control_pkg:/opt/ros/humble /usr/bin/cmake --install /home/mscrobotics2425laptop16/mujoco_ros_ws/build/mujoco_ros2_control_demos
[1.508s] Level 1:colcon.colcon_core.environment:checking '/home/mscrobotics2425laptop16/mujoco_ros_ws/install/mujoco_ros2_control_demos' for CMake config files
[1.509s] Level 1:colcon.colcon_core.shell:create_environment_hook('mujoco_ros2_control_demos', 'cmake_prefix_path')
[1.510s] INFO:colcon.colcon_core.shell:Creating environment hook '/home/mscrobotics2425laptop16/mujoco_ros_ws/install/mujoco_ros2_control_demos/share/mujoco_ros2_control_demos/hook/cmake_prefix_path.ps1'
[1.513s] INFO:colcon.colcon_core.shell:Creating environment descriptor '/home/mscrobotics2425laptop16/mujoco_ros_ws/install/mujoco_ros2_control_demos/share/mujoco_ros2_control_demos/hook/cmake_prefix_path.dsv'
[1.515s] INFO:colcon.colcon_core.shell:Creating environment hook '/home/mscrobotics2425laptop16/mujoco_ros_ws/install/mujoco_ros2_control_demos/share/mujoco_ros2_control_demos/hook/cmake_prefix_path.sh'
[1.519s] Level 1:colcon.colcon_core.environment:checking '/home/mscrobotics2425laptop16/mujoco_ros_ws/install/mujoco_ros2_control_demos/lib'
[1.519s] Level 1:colcon.colcon_core.environment:checking '/home/mscrobotics2425laptop16/mujoco_ros_ws/install/mujoco_ros2_control_demos/bin'
[1.520s] Level 1:colcon.colcon_core.environment:checking '/home/mscrobotics2425laptop16/mujoco_ros_ws/install/mujoco_ros2_control_demos/lib/pkgconfig/mujoco_ros2_control_demos.pc'
[1.521s] Level 1:colcon.colcon_core.environment:checking '/home/mscrobotics2425laptop16/mujoco_ros_ws/install/mujoco_ros2_control_demos/lib/python3.10/site-packages'
[1.522s] Level 1:colcon.colcon_core.environment:checking '/home/mscrobotics2425laptop16/mujoco_ros_ws/install/mujoco_ros2_control_demos/bin'
[1.523s] INFO:colcon.colcon_core.shell:Creating package script '/home/mscrobotics2425laptop16/mujoco_ros_ws/install/mujoco_ros2_control_demos/share/mujoco_ros2_control_demos/package.ps1'
[1.525s] INFO:colcon.colcon_core.shell:Creating package descriptor '/home/mscrobotics2425laptop16/mujoco_ros_ws/install/mujoco_ros2_control_demos/share/mujoco_ros2_control_demos/package.dsv'
[1.527s] INFO:colcon.colcon_core.shell:Creating package script '/home/mscrobotics2425laptop16/mujoco_ros_ws/install/mujoco_ros2_control_demos/share/mujoco_ros2_control_demos/package.sh'
[1.529s] INFO:colcon.colcon_core.shell:Creating package script '/home/mscrobotics2425laptop16/mujoco_ros_ws/install/mujoco_ros2_control_demos/share/mujoco_ros2_control_demos/package.bash'
[1.531s] INFO:colcon.colcon_core.shell:Creating package script '/home/mscrobotics2425laptop16/mujoco_ros_ws/install/mujoco_ros2_control_demos/share/mujoco_ros2_control_demos/package.zsh'
[1.533s] Level 1:colcon.colcon_core.environment:create_file_with_runtime_dependencies(/home/mscrobotics2425laptop16/mujoco_ros_ws/install/mujoco_ros2_control_demos/share/colcon-core/packages/mujoco_ros2_control_demos)
[1.536s] Level 1:colcon.colcon_core.environment:create_environment_scripts_only(mujoco_ros2_control_demos)
[1.537s] Level 1:colcon.colcon_core.environment:checking '/home/mscrobotics2425laptop16/mujoco_ros_ws/install/mujoco_ros2_control_demos' for CMake module files
[1.540s] Level 1:colcon.colcon_core.environment:checking '/home/mscrobotics2425laptop16/mujoco_ros_ws/install/mujoco_ros2_control_demos' for CMake config files
[1.541s] Level 1:colcon.colcon_core.shell:create_environment_hook('mujoco_ros2_control_demos', 'cmake_prefix_path')
[1.542s] INFO:colcon.colcon_core.shell:Creating environment hook '/home/mscrobotics2425laptop16/mujoco_ros_ws/install/mujoco_ros2_control_demos/share/mujoco_ros2_control_demos/hook/cmake_prefix_path.ps1'
[1.544s] INFO:colcon.colcon_core.shell:Creating environment descriptor '/home/mscrobotics2425laptop16/mujoco_ros_ws/install/mujoco_ros2_control_demos/share/mujoco_ros2_control_demos/hook/cmake_prefix_path.dsv'
[1.546s] INFO:colcon.colcon_core.shell:Creating environment hook '/home/mscrobotics2425laptop16/mujoco_ros_ws/install/mujoco_ros2_control_demos/share/mujoco_ros2_control_demos/hook/cmake_prefix_path.sh'
[1.549s] Level 1:colcon.colcon_core.environment:checking '/home/mscrobotics2425laptop16/mujoco_ros_ws/install/mujoco_ros2_control_demos/lib'
[1.550s] Level 1:colcon.colcon_core.environment:checking '/home/mscrobotics2425laptop16/mujoco_ros_ws/install/mujoco_ros2_control_demos/bin'
[1.550s] Level 1:colcon.colcon_core.environment:checking '/home/mscrobotics2425laptop16/mujoco_ros_ws/install/mujoco_ros2_control_demos/lib/pkgconfig/mujoco_ros2_control_demos.pc'
[1.551s] Level 1:colcon.colcon_core.environment:checking '/home/mscrobotics2425laptop16/mujoco_ros_ws/install/mujoco_ros2_control_demos/lib/python3.10/site-packages'
[1.552s] Level 1:colcon.colcon_core.environment:checking '/home/mscrobotics2425laptop16/mujoco_ros_ws/install/mujoco_ros2_control_demos/bin'
[1.553s] INFO:colcon.colcon_core.shell:Creating package script '/home/mscrobotics2425laptop16/mujoco_ros_ws/install/mujoco_ros2_control_demos/share/mujoco_ros2_control_demos/package.ps1'
[1.555s] INFO:colcon.colcon_core.shell:Creating package descriptor '/home/mscrobotics2425laptop16/mujoco_ros_ws/install/mujoco_ros2_control_demos/share/mujoco_ros2_control_demos/package.dsv'
[1.557s] INFO:colcon.colcon_core.shell:Creating package script '/home/mscrobotics2425laptop16/mujoco_ros_ws/install/mujoco_ros2_control_demos/share/mujoco_ros2_control_demos/package.sh'
[1.560s] INFO:colcon.colcon_core.shell:Creating package script '/home/mscrobotics2425laptop16/mujoco_ros_ws/install/mujoco_ros2_control_demos/share/mujoco_ros2_control_demos/package.bash'
[1.562s] INFO:colcon.colcon_core.shell:Creating package script '/home/mscrobotics2425laptop16/mujoco_ros_ws/install/mujoco_ros2_control_demos/share/mujoco_ros2_control_demos/package.zsh'
[1.564s] Level 1:colcon.colcon_core.environment:create_file_with_runtime_dependencies(/home/mscrobotics2425laptop16/mujoco_ros_ws/install/mujoco_ros2_control_demos/share/colcon-core/packages/mujoco_ros2_control_demos)
[2.531s] DEBUG:colcon.colcon_core.event_handler.log_command:Invoked command in '/home/mscrobotics2425laptop16/mujoco_ros_ws/build/fr3_control_publish' returned '0': CMAKE_PREFIX_PATH=${CMAKE_PREFIX_PATH}:/home/mscrobotics2425laptop16/interbotix_ws/install/interbotix_xs_modules:/home/mscrobotics2425laptop16/interbotix_ws/install/interbotix_perception_modules:/home/mscrobotics2425laptop16/interbotix_ws/install/interbotix_common_modules:/home/mscrobotics2425laptop16/interbotix_ws/install/control_pkg:/opt/ros/humble /usr/bin/cmake --build /home/mscrobotics2425laptop16/mujoco_ros_ws/build/fr3_control_publish -- -j12 -l12
[2.536s] DEBUG:colcon.colcon_core.event_handler.log_command:Invoking command in '/home/mscrobotics2425laptop16/mujoco_ros_ws/build/fr3_control_publish': CMAKE_PREFIX_PATH=${CMAKE_PREFIX_PATH}:/home/mscrobotics2425laptop16/interbotix_ws/install/interbotix_xs_modules:/home/mscrobotics2425laptop16/interbotix_ws/install/interbotix_perception_modules:/home/mscrobotics2425laptop16/interbotix_ws/install/interbotix_common_modules:/home/mscrobotics2425laptop16/interbotix_ws/install/control_pkg:/opt/ros/humble /usr/bin/cmake --install /home/mscrobotics2425laptop16/mujoco_ros_ws/build/fr3_control_publish
[2.705s] Level 1:colcon.colcon_core.environment:create_environment_scripts_only(fr3_control_publish)
[2.706s] Level 1:colcon.colcon_core.environment:checking '/home/mscrobotics2425laptop16/mujoco_ros_ws/install/fr3_control_publish' for CMake module files
[2.708s] DEBUG:colcon.colcon_core.event_handler.log_command:Invoked command in '/home/mscrobotics2425laptop16/mujoco_ros_ws/build/fr3_control_publish' returned '0': CMAKE_PREFIX_PATH=${CMAKE_PREFIX_PATH}:/home/mscrobotics2425laptop16/interbotix_ws/install/interbotix_xs_modules:/home/mscrobotics2425laptop16/interbotix_ws/install/interbotix_perception_modules:/home/mscrobotics2425laptop16/interbotix_ws/install/interbotix_common_modules:/home/mscrobotics2425laptop16/interbotix_ws/install/control_pkg:/opt/ros/humble /usr/bin/cmake --install /home/mscrobotics2425laptop16/mujoco_ros_ws/build/fr3_control_publish
[2.709s] Level 1:colcon.colcon_core.environment:checking '/home/mscrobotics2425laptop16/mujoco_ros_ws/install/fr3_control_publish' for CMake config files
[2.711s] Level 1:colcon.colcon_core.shell:create_environment_hook('fr3_control_publish', 'cmake_prefix_path')
[2.712s] INFO:colcon.colcon_core.shell:Creating environment hook '/home/mscrobotics2425laptop16/mujoco_ros_ws/install/fr3_control_publish/share/fr3_control_publish/hook/cmake_prefix_path.ps1'
[2.714s] INFO:colcon.colcon_core.shell:Creating environment descriptor '/home/mscrobotics2425laptop16/mujoco_ros_ws/install/fr3_control_publish/share/fr3_control_publish/hook/cmake_prefix_path.dsv'
[2.716s] INFO:colcon.colcon_core.shell:Creating environment hook '/home/mscrobotics2425laptop16/mujoco_ros_ws/install/fr3_control_publish/share/fr3_control_publish/hook/cmake_prefix_path.sh'
[2.718s] Level 1:colcon.colcon_core.environment:checking '/home/mscrobotics2425laptop16/mujoco_ros_ws/install/fr3_control_publish/lib'
[2.719s] Level 1:colcon.colcon_core.shell:create_environment_hook('fr3_control_publish', 'ld_library_path_lib')
[2.719s] INFO:colcon.colcon_core.shell:Creating environment hook '/home/mscrobotics2425laptop16/mujoco_ros_ws/install/fr3_control_publish/share/fr3_control_publish/hook/ld_library_path_lib.ps1'
[2.721s] INFO:colcon.colcon_core.shell:Creating environment descriptor '/home/mscrobotics2425laptop16/mujoco_ros_ws/install/fr3_control_publish/share/fr3_control_publish/hook/ld_library_path_lib.dsv'
[2.722s] INFO:colcon.colcon_core.shell:Creating environment hook '/home/mscrobotics2425laptop16/mujoco_ros_ws/install/fr3_control_publish/share/fr3_control_publish/hook/ld_library_path_lib.sh'
[2.724s] Level 1:colcon.colcon_core.environment:checking '/home/mscrobotics2425laptop16/mujoco_ros_ws/install/fr3_control_publish/bin'
[2.724s] Level 1:colcon.colcon_core.environment:checking '/home/mscrobotics2425laptop16/mujoco_ros_ws/install/fr3_control_publish/lib/pkgconfig/fr3_control_publish.pc'
[2.725s] Level 1:colcon.colcon_core.environment:checking '/home/mscrobotics2425laptop16/mujoco_ros_ws/install/fr3_control_publish/lib/python3.10/site-packages'
[2.726s] Level 1:colcon.colcon_core.environment:checking '/home/mscrobotics2425laptop16/mujoco_ros_ws/install/fr3_control_publish/bin'
[2.727s] INFO:colcon.colcon_core.shell:Creating package script '/home/mscrobotics2425laptop16/mujoco_ros_ws/install/fr3_control_publish/share/fr3_control_publish/package.ps1'
[2.729s] INFO:colcon.colcon_core.shell:Creating package descriptor '/home/mscrobotics2425laptop16/mujoco_ros_ws/install/fr3_control_publish/share/fr3_control_publish/package.dsv'
[2.731s] INFO:colcon.colcon_core.shell:Creating package script '/home/mscrobotics2425laptop16/mujoco_ros_ws/install/fr3_control_publish/share/fr3_control_publish/package.sh'
[2.733s] INFO:colcon.colcon_core.shell:Creating package script '/home/mscrobotics2425laptop16/mujoco_ros_ws/install/fr3_control_publish/share/fr3_control_publish/package.bash'
[2.735s] INFO:colcon.colcon_core.shell:Creating package script '/home/mscrobotics2425laptop16/mujoco_ros_ws/install/fr3_control_publish/share/fr3_control_publish/package.zsh'
[2.737s] Level 1:colcon.colcon_core.environment:create_file_with_runtime_dependencies(/home/mscrobotics2425laptop16/mujoco_ros_ws/install/fr3_control_publish/share/colcon-core/packages/fr3_control_publish)
[2.739s] Level 1:colcon.colcon_core.environment:create_environment_scripts_only(fr3_control_publish)
[2.744s] Level 1:colcon.colcon_core.environment:checking '/home/mscrobotics2425laptop16/mujoco_ros_ws/install/fr3_control_publish' for CMake module files
[2.748s] Level 1:colcon.colcon_core.environment:checking '/home/mscrobotics2425laptop16/mujoco_ros_ws/install/fr3_control_publish' for CMake config files
[2.749s] Level 1:colcon.colcon_core.shell:create_environment_hook('fr3_control_publish', 'cmake_prefix_path')
[2.750s] INFO:colcon.colcon_core.shell:Creating environment hook '/home/mscrobotics2425laptop16/mujoco_ros_ws/install/fr3_control_publish/share/fr3_control_publish/hook/cmake_prefix_path.ps1'
[2.752s] INFO:colcon.colcon_core.shell:Creating environment descriptor '/home/mscrobotics2425laptop16/mujoco_ros_ws/install/fr3_control_publish/share/fr3_control_publish/hook/cmake_prefix_path.dsv'
[2.756s] INFO:colcon.colcon_core.shell:Creating environment hook '/home/mscrobotics2425laptop16/mujoco_ros_ws/install/fr3_control_publish/share/fr3_control_publish/hook/cmake_prefix_path.sh'
[2.761s] Level 1:colcon.colcon_core.environment:checking '/home/mscrobotics2425laptop16/mujoco_ros_ws/install/fr3_control_publish/lib'
[2.761s] Level 1:colcon.colcon_core.shell:create_environment_hook('fr3_control_publish', 'ld_library_path_lib')
[2.762s] INFO:colcon.colcon_core.shell:Creating environment hook '/home/mscrobotics2425laptop16/mujoco_ros_ws/install/fr3_control_publish/share/fr3_control_publish/hook/ld_library_path_lib.ps1'
[2.764s] INFO:colcon.colcon_core.shell:Creating environment descriptor '/home/mscrobotics2425laptop16/mujoco_ros_ws/install/fr3_control_publish/share/fr3_control_publish/hook/ld_library_path_lib.dsv'
[2.766s] INFO:colcon.colcon_core.shell:Creating environment hook '/home/mscrobotics2425laptop16/mujoco_ros_ws/install/fr3_control_publish/share/fr3_control_publish/hook/ld_library_path_lib.sh'
[2.768s] Level 1:colcon.colcon_core.environment:checking '/home/mscrobotics2425laptop16/mujoco_ros_ws/install/fr3_control_publish/bin'
[2.768s] Level 1:colcon.colcon_core.environment:checking '/home/mscrobotics2425laptop16/mujoco_ros_ws/install/fr3_control_publish/lib/pkgconfig/fr3_control_publish.pc'
[2.769s] Level 1:colcon.colcon_core.environment:checking '/home/mscrobotics2425laptop16/mujoco_ros_ws/install/fr3_control_publish/lib/python3.10/site-packages'
[2.770s] Level 1:colcon.colcon_core.environment:checking '/home/mscrobotics2425laptop16/mujoco_ros_ws/install/fr3_control_publish/bin'
[2.771s] INFO:colcon.colcon_core.shell:Creating package script '/home/mscrobotics2425laptop16/mujoco_ros_ws/install/fr3_control_publish/share/fr3_control_publish/package.ps1'
[2.774s] INFO:colcon.colcon_core.shell:Creating package descriptor '/home/mscrobotics2425laptop16/mujoco_ros_ws/install/fr3_control_publish/share/fr3_control_publish/package.dsv'
[2.776s] INFO:colcon.colcon_core.shell:Creating package script '/home/mscrobotics2425laptop16/mujoco_ros_ws/install/fr3_control_publish/share/fr3_control_publish/package.sh'
[2.778s] INFO:colcon.colcon_core.shell:Creating package script '/home/mscrobotics2425laptop16/mujoco_ros_ws/install/fr3_control_publish/share/fr3_control_publish/package.bash'
[2.780s] INFO:colcon.colcon_core.shell:Creating package script '/home/mscrobotics2425laptop16/mujoco_ros_ws/install/fr3_control_publish/share/fr3_control_publish/package.zsh'
[2.782s] Level 1:colcon.colcon_core.environment:create_file_with_runtime_dependencies(/home/mscrobotics2425laptop16/mujoco_ros_ws/install/fr3_control_publish/share/colcon-core/packages/fr3_control_publish)
[2.783s] DEBUG:colcon.colcon_parallel_executor.executor.parallel:closing loop
[2.783s] DEBUG:colcon.colcon_parallel_executor.executor.parallel:loop closed
[2.784s] DEBUG:colcon.colcon_parallel_executor.executor.parallel:run_until_complete finished with '0'
[2.784s] DEBUG:colcon.colcon_core.event_reactor:joining thread
[2.806s] INFO:colcon.colcon_core.plugin_system:Skipping extension 'colcon_notification.desktop_notification.terminal_notifier': Not used on non-Darwin systems
[2.806s] INFO:colcon.colcon_core.plugin_system:Skipping extension 'colcon_notification.desktop_notification.win32': Not used on non-Windows systems
[2.806s] INFO:colcon.colcon_notification.desktop_notification:Sending desktop notification using 'notify2'
[2.842s] DEBUG:colcon.colcon_core.event_reactor:joined thread
[2.843s] INFO:colcon.colcon_core.shell:Creating prefix script '/home/mscrobotics2425laptop16/mujoco_ros_ws/install/local_setup.ps1'
[2.847s] INFO:colcon.colcon_core.shell:Creating prefix util module '/home/mscrobotics2425laptop16/mujoco_ros_ws/install/_local_setup_util_ps1.py'
[2.851s] INFO:colcon.colcon_core.shell:Creating prefix chain script '/home/mscrobotics2425laptop16/mujoco_ros_ws/install/setup.ps1'
[2.859s] INFO:colcon.colcon_core.shell:Creating prefix script '/home/mscrobotics2425laptop16/mujoco_ros_ws/install/local_setup.sh'
[2.862s] INFO:colcon.colcon_core.shell:Creating prefix util module '/home/mscrobotics2425laptop16/mujoco_ros_ws/install/_local_setup_util_sh.py'
[2.865s] INFO:colcon.colcon_core.shell:Creating prefix chain script '/home/mscrobotics2425laptop16/mujoco_ros_ws/install/setup.sh'
[2.875s] INFO:colcon.colcon_core.shell:Creating prefix script '/home/mscrobotics2425laptop16/mujoco_ros_ws/install/local_setup.bash'
[2.878s] INFO:colcon.colcon_core.shell:Creating prefix chain script '/home/mscrobotics2425laptop16/mujoco_ros_ws/install/setup.bash'
[2.888s] INFO:colcon.colcon_core.shell:Creating prefix script '/home/mscrobotics2425laptop16/mujoco_ros_ws/install/local_setup.zsh'
[2.890s] INFO:colcon.colcon_core.shell:Creating prefix chain script '/home/mscrobotics2425laptop16/mujoco_ros_ws/install/setup.zsh'
