[0.070s] Invoking command in '/home/mscrobotics2425laptop16/mujoco_ros_ws/build/fr3_control_publish': CMAKE_PREFIX_PATH=${CMAKE_PREFIX_PATH}:/home/mscrobotics2425laptop16/interbotix_ws/install/interbotix_xs_modules:/home/mscrobotics2425laptop16/interbotix_ws/install/interbotix_perception_modules:/home/mscrobotics2425laptop16/interbotix_ws/install/interbotix_common_modules:/home/mscrobotics2425laptop16/interbotix_ws/install/control_pkg:/opt/ros/humble /usr/bin/cmake --build /home/mscrobotics2425laptop16/mujoco_ros_ws/build/fr3_control_publish -- -j12 -l12
[0.298s] [  2%] Built target fr3_control_publish__cpp
[0.307s] [  2%] Built target ament_cmake_python_copy_fr3_control_publish
[0.309s] [  6%] Built target fr3_monitor
[0.317s] [ 13%] Built target fr3_control_publish__rosidl_generator_c
[0.321s] [ 18%] Built target simple_control_node
[0.338s] [ 23%] Built target hybridforcetangentialcontroller
[0.357s] [ 27%] Built target tangential_velocity_controller
[0.423s] [ 34%] Built target fr3_control_publish__rosidl_typesupport_fastrtps_cpp
[0.453s] [ 41%] Built target fr3_control_publish__rosidl_typesupport_introspection_cpp
[0.462s] [ 48%] Built target fr3_control_publish__rosidl_typesupport_introspection_c
[0.490s] [ 55%] Built target fr3_control_publish__rosidl_typesupport_fastrtps_c
[0.491s] [ 62%] Built target fr3_control_publish__rosidl_typesupport_cpp
[0.505s] [ 69%] Built target fr3_control_publish__rosidl_typesupport_c
[0.592s] [ 69%] Built target fr3_control_publish
[0.648s] [ 74%] Built target jacobian_publisher
[0.682s] [ 79%] Built target force_position_controller
[0.682s] [ 81%] Built target fr3_control_publish__py
[0.765s] [ 86%] Built target fr3_control_publish__rosidl_generator_py
[0.853s] [ 90%] Built target fr3_control_publish__rosidl_typesupport_c__pyext
[0.857s] [100%] Built target fr3_control_publish__rosidl_typesupport_fastrtps_c__pyext
[0.857s] [100%] Built target fr3_control_publish__rosidl_typesupport_introspection_c__pyext
[1.230s] running egg_info
[1.278s] writing fr3_control_publish.egg-info/PKG-INFO
[1.279s] writing dependency_links to fr3_control_publish.egg-info/dependency_links.txt
[1.280s] writing top-level names to fr3_control_publish.egg-info/top_level.txt
[1.464s] reading manifest file 'fr3_control_publish.egg-info/SOURCES.txt'
[1.467s] writing manifest file 'fr3_control_publish.egg-info/SOURCES.txt'
[1.522s] [100%] Built target ament_cmake_python_build_fr3_control_publish_egg
[1.558s] Invoked command in '/home/mscrobotics2425laptop16/mujoco_ros_ws/build/fr3_control_publish' returned '0': CMAKE_PREFIX_PATH=${CMAKE_PREFIX_PATH}:/home/mscrobotics2425laptop16/interbotix_ws/install/interbotix_xs_modules:/home/mscrobotics2425laptop16/interbotix_ws/install/interbotix_perception_modules:/home/mscrobotics2425laptop16/interbotix_ws/install/interbotix_common_modules:/home/mscrobotics2425laptop16/interbotix_ws/install/control_pkg:/opt/ros/humble /usr/bin/cmake --build /home/mscrobotics2425laptop16/mujoco_ros_ws/build/fr3_control_publish -- -j12 -l12
[1.560s] Invoking command in '/home/mscrobotics2425laptop16/mujoco_ros_ws/build/fr3_control_publish': CMAKE_PREFIX_PATH=${CMAKE_PREFIX_PATH}:/home/mscrobotics2425laptop16/interbotix_ws/install/interbotix_xs_modules:/home/mscrobotics2425laptop16/interbotix_ws/install/interbotix_perception_modules:/home/mscrobotics2425laptop16/interbotix_ws/install/interbotix_common_modules:/home/mscrobotics2425laptop16/interbotix_ws/install/control_pkg:/opt/ros/humble /usr/bin/cmake --install /home/mscrobotics2425laptop16/mujoco_ros_ws/build/fr3_control_publish
[1.578s] -- Install configuration: ""
[1.578s] -- Up-to-date: /home/mscrobotics2425laptop16/mujoco_ros_ws/install/fr3_control_publish/share/ament_index/resource_index/rosidl_interfaces/fr3_control_publish
[1.578s] -- Up-to-date: /home/mscrobotics2425laptop16/mujoco_ros_ws/install/fr3_control_publish/include/fr3_control_publish/fr3_control_publish
[1.579s] -- Up-to-date: /home/mscrobotics2425laptop16/mujoco_ros_ws/install/fr3_control_publish/include/fr3_control_publish/fr3_control_publish/msg
[1.579s] -- Up-to-date: /home/mscrobotics2425laptop16/mujoco_ros_ws/install/fr3_control_publish/include/fr3_control_publish/fr3_control_publish/msg/touch_tip_wrench.h
[1.579s] -- Up-to-date: /home/mscrobotics2425laptop16/mujoco_ros_ws/install/fr3_control_publish/include/fr3_control_publish/fr3_control_publish/msg/detail
[1.579s] -- Up-to-date: /home/mscrobotics2425laptop16/mujoco_ros_ws/install/fr3_control_publish/include/fr3_control_publish/fr3_control_publish/msg/detail/touch_tip_wrench__type_support.h
[1.580s] -- Up-to-date: /home/mscrobotics2425laptop16/mujoco_ros_ws/install/fr3_control_publish/include/fr3_control_publish/fr3_control_publish/msg/detail/touch_tip_wrench__functions.h
[1.580s] -- Up-to-date: /home/mscrobotics2425laptop16/mujoco_ros_ws/install/fr3_control_publish/include/fr3_control_publish/fr3_control_publish/msg/detail/touch_tip_wrench__functions.c
[1.580s] -- Up-to-date: /home/mscrobotics2425laptop16/mujoco_ros_ws/install/fr3_control_publish/include/fr3_control_publish/fr3_control_publish/msg/detail/touch_tip_wrench__struct.h
[1.580s] -- Up-to-date: /home/mscrobotics2425laptop16/mujoco_ros_ws/install/fr3_control_publish/include/fr3_control_publish/fr3_control_publish/msg/rosidl_generator_c__visibility_control.h
[1.580s] -- Up-to-date: /home/mscrobotics2425laptop16/mujoco_ros_ws/install/fr3_control_publish/share/fr3_control_publish/environment/library_path.sh
[1.581s] -- Up-to-date: /home/mscrobotics2425laptop16/mujoco_ros_ws/install/fr3_control_publish/share/fr3_control_publish/environment/library_path.dsv
[1.581s] -- Up-to-date: /home/mscrobotics2425laptop16/mujoco_ros_ws/install/fr3_control_publish/lib/libfr3_control_publish__rosidl_generator_c.so
[1.581s] -- Up-to-date: /home/mscrobotics2425laptop16/mujoco_ros_ws/install/fr3_control_publish/include/fr3_control_publish/fr3_control_publish
[1.581s] -- Up-to-date: /home/mscrobotics2425laptop16/mujoco_ros_ws/install/fr3_control_publish/include/fr3_control_publish/fr3_control_publish/msg
[1.581s] -- Up-to-date: /home/mscrobotics2425laptop16/mujoco_ros_ws/install/fr3_control_publish/include/fr3_control_publish/fr3_control_publish/msg/detail
[1.582s] -- Up-to-date: /home/mscrobotics2425laptop16/mujoco_ros_ws/install/fr3_control_publish/include/fr3_control_publish/fr3_control_publish/msg/detail/touch_tip_wrench__rosidl_typesupport_fastrtps_c.h
[1.582s] -- Up-to-date: /home/mscrobotics2425laptop16/mujoco_ros_ws/install/fr3_control_publish/include/fr3_control_publish/fr3_control_publish/msg/rosidl_typesupport_fastrtps_c__visibility_control.h
[1.582s] -- Up-to-date: /home/mscrobotics2425laptop16/mujoco_ros_ws/install/fr3_control_publish/lib/libfr3_control_publish__rosidl_typesupport_fastrtps_c.so
[1.582s] -- Up-to-date: /home/mscrobotics2425laptop16/mujoco_ros_ws/install/fr3_control_publish/include/fr3_control_publish/fr3_control_publish
[1.582s] -- Up-to-date: /home/mscrobotics2425laptop16/mujoco_ros_ws/install/fr3_control_publish/include/fr3_control_publish/fr3_control_publish/msg
[1.583s] -- Up-to-date: /home/mscrobotics2425laptop16/mujoco_ros_ws/install/fr3_control_publish/include/fr3_control_publish/fr3_control_publish/msg/rosidl_typesupport_introspection_c__visibility_control.h
[1.583s] -- Up-to-date: /home/mscrobotics2425laptop16/mujoco_ros_ws/install/fr3_control_publish/include/fr3_control_publish/fr3_control_publish/msg/detail
[1.583s] -- Up-to-date: /home/mscrobotics2425laptop16/mujoco_ros_ws/install/fr3_control_publish/include/fr3_control_publish/fr3_control_publish/msg/detail/touch_tip_wrench__type_support.c
[1.583s] -- Up-to-date: /home/mscrobotics2425laptop16/mujoco_ros_ws/install/fr3_control_publish/include/fr3_control_publish/fr3_control_publish/msg/detail/touch_tip_wrench__rosidl_typesupport_introspection_c.h
[1.584s] -- Up-to-date: /home/mscrobotics2425laptop16/mujoco_ros_ws/install/fr3_control_publish/lib/libfr3_control_publish__rosidl_typesupport_introspection_c.so
[1.584s] -- Up-to-date: /home/mscrobotics2425laptop16/mujoco_ros_ws/install/fr3_control_publish/lib/libfr3_control_publish__rosidl_typesupport_c.so
[1.584s] -- Up-to-date: /home/mscrobotics2425laptop16/mujoco_ros_ws/install/fr3_control_publish/include/fr3_control_publish/fr3_control_publish
[1.584s] -- Up-to-date: /home/mscrobotics2425laptop16/mujoco_ros_ws/install/fr3_control_publish/include/fr3_control_publish/fr3_control_publish/msg
[1.585s] -- Up-to-date: /home/mscrobotics2425laptop16/mujoco_ros_ws/install/fr3_control_publish/include/fr3_control_publish/fr3_control_publish/msg/detail
[1.585s] -- Up-to-date: /home/mscrobotics2425laptop16/mujoco_ros_ws/install/fr3_control_publish/include/fr3_control_publish/fr3_control_publish/msg/detail/touch_tip_wrench__traits.hpp
[1.586s] -- Up-to-date: /home/mscrobotics2425laptop16/mujoco_ros_ws/install/fr3_control_publish/include/fr3_control_publish/fr3_control_publish/msg/detail/touch_tip_wrench__type_support.hpp
[1.586s] -- Up-to-date: /home/mscrobotics2425laptop16/mujoco_ros_ws/install/fr3_control_publish/include/fr3_control_publish/fr3_control_publish/msg/detail/touch_tip_wrench__builder.hpp
[1.586s] -- Up-to-date: /home/mscrobotics2425laptop16/mujoco_ros_ws/install/fr3_control_publish/include/fr3_control_publish/fr3_control_publish/msg/detail/touch_tip_wrench__struct.hpp
[1.586s] -- Up-to-date: /home/mscrobotics2425laptop16/mujoco_ros_ws/install/fr3_control_publish/include/fr3_control_publish/fr3_control_publish/msg/touch_tip_wrench.hpp
[1.586s] -- Up-to-date: /home/mscrobotics2425laptop16/mujoco_ros_ws/install/fr3_control_publish/include/fr3_control_publish/fr3_control_publish/msg/rosidl_generator_cpp__visibility_control.hpp
[1.587s] -- Up-to-date: /home/mscrobotics2425laptop16/mujoco_ros_ws/install/fr3_control_publish/include/fr3_control_publish/fr3_control_publish
[1.587s] -- Up-to-date: /home/mscrobotics2425laptop16/mujoco_ros_ws/install/fr3_control_publish/include/fr3_control_publish/fr3_control_publish/msg
[1.587s] -- Up-to-date: /home/mscrobotics2425laptop16/mujoco_ros_ws/install/fr3_control_publish/include/fr3_control_publish/fr3_control_publish/msg/detail
[1.587s] -- Up-to-date: /home/mscrobotics2425laptop16/mujoco_ros_ws/install/fr3_control_publish/include/fr3_control_publish/fr3_control_publish/msg/detail/dds_fastrtps
[1.588s] -- Up-to-date: /home/mscrobotics2425laptop16/mujoco_ros_ws/install/fr3_control_publish/include/fr3_control_publish/fr3_control_publish/msg/detail/touch_tip_wrench__rosidl_typesupport_fastrtps_cpp.hpp
[1.588s] -- Up-to-date: /home/mscrobotics2425laptop16/mujoco_ros_ws/install/fr3_control_publish/include/fr3_control_publish/fr3_control_publish/msg/rosidl_typesupport_fastrtps_cpp__visibility_control.h
[1.588s] -- Up-to-date: /home/mscrobotics2425laptop16/mujoco_ros_ws/install/fr3_control_publish/lib/libfr3_control_publish__rosidl_typesupport_fastrtps_cpp.so
[1.588s] -- Up-to-date: /home/mscrobotics2425laptop16/mujoco_ros_ws/install/fr3_control_publish/include/fr3_control_publish/fr3_control_publish
[1.588s] -- Up-to-date: /home/mscrobotics2425laptop16/mujoco_ros_ws/install/fr3_control_publish/include/fr3_control_publish/fr3_control_publish/msg
[1.589s] -- Up-to-date: /home/mscrobotics2425laptop16/mujoco_ros_ws/install/fr3_control_publish/include/fr3_control_publish/fr3_control_publish/msg/detail
[1.589s] -- Up-to-date: /home/mscrobotics2425laptop16/mujoco_ros_ws/install/fr3_control_publish/include/fr3_control_publish/fr3_control_publish/msg/detail/touch_tip_wrench__type_support.cpp
[1.589s] -- Up-to-date: /home/mscrobotics2425laptop16/mujoco_ros_ws/install/fr3_control_publish/include/fr3_control_publish/fr3_control_publish/msg/detail/touch_tip_wrench__rosidl_typesupport_introspection_cpp.hpp
[1.589s] -- Up-to-date: /home/mscrobotics2425laptop16/mujoco_ros_ws/install/fr3_control_publish/lib/libfr3_control_publish__rosidl_typesupport_introspection_cpp.so
[1.589s] -- Up-to-date: /home/mscrobotics2425laptop16/mujoco_ros_ws/install/fr3_control_publish/lib/libfr3_control_publish__rosidl_typesupport_cpp.so
[1.590s] -- Up-to-date: /home/mscrobotics2425laptop16/mujoco_ros_ws/install/fr3_control_publish/share/fr3_control_publish/environment/pythonpath.sh
[1.590s] -- Up-to-date: /home/mscrobotics2425laptop16/mujoco_ros_ws/install/fr3_control_publish/share/fr3_control_publish/environment/pythonpath.dsv
[1.590s] -- Up-to-date: /home/mscrobotics2425laptop16/mujoco_ros_ws/install/fr3_control_publish/local/lib/python3.10/dist-packages/fr3_control_publish-0.0.0-py3.10.egg-info
[1.590s] -- Installing: /home/mscrobotics2425laptop16/mujoco_ros_ws/install/fr3_control_publish/local/lib/python3.10/dist-packages/fr3_control_publish-0.0.0-py3.10.egg-info/dependency_links.txt
[1.590s] -- Installing: /home/mscrobotics2425laptop16/mujoco_ros_ws/install/fr3_control_publish/local/lib/python3.10/dist-packages/fr3_control_publish-0.0.0-py3.10.egg-info/PKG-INFO
[1.590s] -- Installing: /home/mscrobotics2425laptop16/mujoco_ros_ws/install/fr3_control_publish/local/lib/python3.10/dist-packages/fr3_control_publish-0.0.0-py3.10.egg-info/top_level.txt
[1.591s] -- Installing: /home/mscrobotics2425laptop16/mujoco_ros_ws/install/fr3_control_publish/local/lib/python3.10/dist-packages/fr3_control_publish-0.0.0-py3.10.egg-info/SOURCES.txt
[1.591s] -- Up-to-date: /home/mscrobotics2425laptop16/mujoco_ros_ws/install/fr3_control_publish/local/lib/python3.10/dist-packages/fr3_control_publish
[1.591s] -- Up-to-date: /home/mscrobotics2425laptop16/mujoco_ros_ws/install/fr3_control_publish/local/lib/python3.10/dist-packages/fr3_control_publish/_fr3_control_publish_s.ep.rosidl_typesupport_fastrtps_c.c
[1.591s] -- Up-to-date: /home/mscrobotics2425laptop16/mujoco_ros_ws/install/fr3_control_publish/local/lib/python3.10/dist-packages/fr3_control_publish/libfr3_control_publish__rosidl_generator_py.so
[1.591s] -- Up-to-date: /home/mscrobotics2425laptop16/mujoco_ros_ws/install/fr3_control_publish/local/lib/python3.10/dist-packages/fr3_control_publish/__init__.py
[1.592s] -- Up-to-date: /home/mscrobotics2425laptop16/mujoco_ros_ws/install/fr3_control_publish/local/lib/python3.10/dist-packages/fr3_control_publish/fr3_control_publish_s__rosidl_typesupport_fastrtps_c.cpython-310-x86_64-linux-gnu.so
[1.592s] -- Up-to-date: /home/mscrobotics2425laptop16/mujoco_ros_ws/install/fr3_control_publish/local/lib/python3.10/dist-packages/fr3_control_publish/_fr3_control_publish_s.ep.rosidl_typesupport_introspection_c.c
[1.592s] -- Up-to-date: /home/mscrobotics2425laptop16/mujoco_ros_ws/install/fr3_control_publish/local/lib/python3.10/dist-packages/fr3_control_publish/msg
[1.592s] -- Up-to-date: /home/mscrobotics2425laptop16/mujoco_ros_ws/install/fr3_control_publish/local/lib/python3.10/dist-packages/fr3_control_publish/msg/__init__.py
[1.592s] -- Up-to-date: /home/mscrobotics2425laptop16/mujoco_ros_ws/install/fr3_control_publish/local/lib/python3.10/dist-packages/fr3_control_publish/msg/_touch_tip_wrench.py
[1.592s] -- Up-to-date: /home/mscrobotics2425laptop16/mujoco_ros_ws/install/fr3_control_publish/local/lib/python3.10/dist-packages/fr3_control_publish/msg/_touch_tip_wrench_s.c
[1.593s] -- Up-to-date: /home/mscrobotics2425laptop16/mujoco_ros_ws/install/fr3_control_publish/local/lib/python3.10/dist-packages/fr3_control_publish/_fr3_control_publish_s.ep.rosidl_typesupport_c.c
[1.593s] -- Up-to-date: /home/mscrobotics2425laptop16/mujoco_ros_ws/install/fr3_control_publish/local/lib/python3.10/dist-packages/fr3_control_publish/fr3_control_publish_s__rosidl_typesupport_c.cpython-310-x86_64-linux-gnu.so
[1.593s] -- Up-to-date: /home/mscrobotics2425laptop16/mujoco_ros_ws/install/fr3_control_publish/local/lib/python3.10/dist-packages/fr3_control_publish/fr3_control_publish_s__rosidl_typesupport_introspection_c.cpython-310-x86_64-linux-gnu.so
[1.674s] Listing '/home/mscrobotics2425laptop16/mujoco_ros_ws/install/fr3_control_publish/local/lib/python3.10/dist-packages/fr3_control_publish'...
[1.675s] Listing '/home/mscrobotics2425laptop16/mujoco_ros_ws/install/fr3_control_publish/local/lib/python3.10/dist-packages/fr3_control_publish/msg'...
[1.683s] -- Up-to-date: /home/mscrobotics2425laptop16/mujoco_ros_ws/install/fr3_control_publish/local/lib/python3.10/dist-packages/fr3_control_publish/fr3_control_publish_s__rosidl_typesupport_fastrtps_c.cpython-310-x86_64-linux-gnu.so
[1.684s] -- Up-to-date: /home/mscrobotics2425laptop16/mujoco_ros_ws/install/fr3_control_publish/local/lib/python3.10/dist-packages/fr3_control_publish/fr3_control_publish_s__rosidl_typesupport_introspection_c.cpython-310-x86_64-linux-gnu.so
[1.684s] -- Up-to-date: /home/mscrobotics2425laptop16/mujoco_ros_ws/install/fr3_control_publish/local/lib/python3.10/dist-packages/fr3_control_publish/fr3_control_publish_s__rosidl_typesupport_c.cpython-310-x86_64-linux-gnu.so
[1.685s] -- Up-to-date: /home/mscrobotics2425laptop16/mujoco_ros_ws/install/fr3_control_publish/lib/libfr3_control_publish__rosidl_generator_py.so
[1.686s] -- Up-to-date: /home/mscrobotics2425laptop16/mujoco_ros_ws/install/fr3_control_publish/share/fr3_control_publish/msg/TouchTipWrench.idl
[1.686s] -- Up-to-date: /home/mscrobotics2425laptop16/mujoco_ros_ws/install/fr3_control_publish/share/fr3_control_publish/msg/TouchTipWrench.msg
[1.686s] -- Up-to-date: /home/mscrobotics2425laptop16/mujoco_ros_ws/install/fr3_control_publish/lib/fr3_control_publish/simple_control_node
[1.687s] -- Up-to-date: /home/mscrobotics2425laptop16/mujoco_ros_ws/install/fr3_control_publish/lib/fr3_control_publish/fr3_monitor
[1.688s] -- Up-to-date: /home/mscrobotics2425laptop16/mujoco_ros_ws/install/fr3_control_publish/lib/fr3_control_publish/jacobian_publisher
[1.688s] -- Up-to-date: /home/mscrobotics2425laptop16/mujoco_ros_ws/install/fr3_control_publish/lib/fr3_control_publish/force_position_controller
[1.689s] -- Up-to-date: /home/mscrobotics2425laptop16/mujoco_ros_ws/install/fr3_control_publish/lib/fr3_control_publish/tangential_velocity_controller
[1.690s] -- Up-to-date: /home/mscrobotics2425laptop16/mujoco_ros_ws/install/fr3_control_publish/lib/fr3_control_publish/hybridforcetangentialcontroller
[1.690s] -- Up-to-date: /home/mscrobotics2425laptop16/mujoco_ros_ws/install/fr3_control_publish/share/ament_index/resource_index/package_run_dependencies/fr3_control_publish
[1.690s] -- Up-to-date: /home/mscrobotics2425laptop16/mujoco_ros_ws/install/fr3_control_publish/share/ament_index/resource_index/parent_prefix_path/fr3_control_publish
[1.690s] -- Up-to-date: /home/mscrobotics2425laptop16/mujoco_ros_ws/install/fr3_control_publish/share/fr3_control_publish/environment/ament_prefix_path.sh
[1.691s] -- Up-to-date: /home/mscrobotics2425laptop16/mujoco_ros_ws/install/fr3_control_publish/share/fr3_control_publish/environment/ament_prefix_path.dsv
[1.691s] -- Up-to-date: /home/mscrobotics2425laptop16/mujoco_ros_ws/install/fr3_control_publish/share/fr3_control_publish/environment/path.sh
[1.691s] -- Up-to-date: /home/mscrobotics2425laptop16/mujoco_ros_ws/install/fr3_control_publish/share/fr3_control_publish/environment/path.dsv
[1.691s] -- Up-to-date: /home/mscrobotics2425laptop16/mujoco_ros_ws/install/fr3_control_publish/share/fr3_control_publish/local_setup.bash
[1.692s] -- Up-to-date: /home/mscrobotics2425laptop16/mujoco_ros_ws/install/fr3_control_publish/share/fr3_control_publish/local_setup.sh
[1.692s] -- Up-to-date: /home/mscrobotics2425laptop16/mujoco_ros_ws/install/fr3_control_publish/share/fr3_control_publish/local_setup.zsh
[1.692s] -- Up-to-date: /home/mscrobotics2425laptop16/mujoco_ros_ws/install/fr3_control_publish/share/fr3_control_publish/local_setup.dsv
[1.692s] -- Installing: /home/mscrobotics2425laptop16/mujoco_ros_ws/install/fr3_control_publish/share/fr3_control_publish/package.dsv
[1.693s] -- Up-to-date: /home/mscrobotics2425laptop16/mujoco_ros_ws/install/fr3_control_publish/share/ament_index/resource_index/packages/fr3_control_publish
[1.693s] -- Up-to-date: /home/mscrobotics2425laptop16/mujoco_ros_ws/install/fr3_control_publish/share/fr3_control_publish/cmake/export_fr3_control_publish__rosidl_generator_cExport.cmake
[1.693s] -- Up-to-date: /home/mscrobotics2425laptop16/mujoco_ros_ws/install/fr3_control_publish/share/fr3_control_publish/cmake/export_fr3_control_publish__rosidl_generator_cExport-noconfig.cmake
[1.693s] -- Up-to-date: /home/mscrobotics2425laptop16/mujoco_ros_ws/install/fr3_control_publish/share/fr3_control_publish/cmake/export_fr3_control_publish__rosidl_typesupport_fastrtps_cExport.cmake
[1.694s] -- Up-to-date: /home/mscrobotics2425laptop16/mujoco_ros_ws/install/fr3_control_publish/share/fr3_control_publish/cmake/export_fr3_control_publish__rosidl_typesupport_fastrtps_cExport-noconfig.cmake
[1.694s] -- Up-to-date: /home/mscrobotics2425laptop16/mujoco_ros_ws/install/fr3_control_publish/share/fr3_control_publish/cmake/fr3_control_publish__rosidl_typesupport_introspection_cExport.cmake
[1.694s] -- Up-to-date: /home/mscrobotics2425laptop16/mujoco_ros_ws/install/fr3_control_publish/share/fr3_control_publish/cmake/fr3_control_publish__rosidl_typesupport_introspection_cExport-noconfig.cmake
[1.695s] -- Up-to-date: /home/mscrobotics2425laptop16/mujoco_ros_ws/install/fr3_control_publish/share/fr3_control_publish/cmake/fr3_control_publish__rosidl_typesupport_cExport.cmake
[1.695s] -- Up-to-date: /home/mscrobotics2425laptop16/mujoco_ros_ws/install/fr3_control_publish/share/fr3_control_publish/cmake/fr3_control_publish__rosidl_typesupport_cExport-noconfig.cmake
[1.695s] -- Up-to-date: /home/mscrobotics2425laptop16/mujoco_ros_ws/install/fr3_control_publish/share/fr3_control_publish/cmake/export_fr3_control_publish__rosidl_generator_cppExport.cmake
[1.695s] -- Up-to-date: /home/mscrobotics2425laptop16/mujoco_ros_ws/install/fr3_control_publish/share/fr3_control_publish/cmake/export_fr3_control_publish__rosidl_typesupport_fastrtps_cppExport.cmake
[1.696s] -- Up-to-date: /home/mscrobotics2425laptop16/mujoco_ros_ws/install/fr3_control_publish/share/fr3_control_publish/cmake/export_fr3_control_publish__rosidl_typesupport_fastrtps_cppExport-noconfig.cmake
[1.696s] -- Up-to-date: /home/mscrobotics2425laptop16/mujoco_ros_ws/install/fr3_control_publish/share/fr3_control_publish/cmake/fr3_control_publish__rosidl_typesupport_introspection_cppExport.cmake
[1.696s] -- Up-to-date: /home/mscrobotics2425laptop16/mujoco_ros_ws/install/fr3_control_publish/share/fr3_control_publish/cmake/fr3_control_publish__rosidl_typesupport_introspection_cppExport-noconfig.cmake
[1.696s] -- Up-to-date: /home/mscrobotics2425laptop16/mujoco_ros_ws/install/fr3_control_publish/share/fr3_control_publish/cmake/fr3_control_publish__rosidl_typesupport_cppExport.cmake
[1.697s] -- Up-to-date: /home/mscrobotics2425laptop16/mujoco_ros_ws/install/fr3_control_publish/share/fr3_control_publish/cmake/fr3_control_publish__rosidl_typesupport_cppExport-noconfig.cmake
[1.697s] -- Up-to-date: /home/mscrobotics2425laptop16/mujoco_ros_ws/install/fr3_control_publish/share/fr3_control_publish/cmake/export_fr3_control_publish__rosidl_generator_pyExport.cmake
[1.697s] -- Up-to-date: /home/mscrobotics2425laptop16/mujoco_ros_ws/install/fr3_control_publish/share/fr3_control_publish/cmake/export_fr3_control_publish__rosidl_generator_pyExport-noconfig.cmake
[1.697s] -- Up-to-date: /home/mscrobotics2425laptop16/mujoco_ros_ws/install/fr3_control_publish/share/fr3_control_publish/cmake/rosidl_cmake-extras.cmake
[1.697s] -- Up-to-date: /home/mscrobotics2425laptop16/mujoco_ros_ws/install/fr3_control_publish/share/fr3_control_publish/cmake/ament_cmake_export_dependencies-extras.cmake
[1.697s] -- Up-to-date: /home/mscrobotics2425laptop16/mujoco_ros_ws/install/fr3_control_publish/share/fr3_control_publish/cmake/ament_cmake_export_include_directories-extras.cmake
[1.698s] -- Up-to-date: /home/mscrobotics2425laptop16/mujoco_ros_ws/install/fr3_control_publish/share/fr3_control_publish/cmake/ament_cmake_export_libraries-extras.cmake
[1.698s] -- Up-to-date: /home/mscrobotics2425laptop16/mujoco_ros_ws/install/fr3_control_publish/share/fr3_control_publish/cmake/ament_cmake_export_targets-extras.cmake
[1.698s] -- Up-to-date: /home/mscrobotics2425laptop16/mujoco_ros_ws/install/fr3_control_publish/share/fr3_control_publish/cmake/rosidl_cmake_export_typesupport_targets-extras.cmake
[1.698s] -- Up-to-date: /home/mscrobotics2425laptop16/mujoco_ros_ws/install/fr3_control_publish/share/fr3_control_publish/cmake/rosidl_cmake_export_typesupport_libraries-extras.cmake
[1.698s] -- Up-to-date: /home/mscrobotics2425laptop16/mujoco_ros_ws/install/fr3_control_publish/share/fr3_control_publish/cmake/fr3_control_publishConfig.cmake
[1.698s] -- Up-to-date: /home/mscrobotics2425laptop16/mujoco_ros_ws/install/fr3_control_publish/share/fr3_control_publish/cmake/fr3_control_publishConfig-version.cmake
[1.699s] -- Up-to-date: /home/mscrobotics2425laptop16/mujoco_ros_ws/install/fr3_control_publish/share/fr3_control_publish/package.xml
[1.703s] Invoked command in '/home/mscrobotics2425laptop16/mujoco_ros_ws/build/fr3_control_publish' returned '0': CMAKE_PREFIX_PATH=${CMAKE_PREFIX_PATH}:/home/mscrobotics2425laptop16/interbotix_ws/install/interbotix_xs_modules:/home/mscrobotics2425laptop16/interbotix_ws/install/interbotix_perception_modules:/home/mscrobotics2425laptop16/interbotix_ws/install/interbotix_common_modules:/home/mscrobotics2425laptop16/interbotix_ws/install/control_pkg:/opt/ros/humble /usr/bin/cmake --install /home/mscrobotics2425laptop16/mujoco_ros_ws/build/fr3_control_publish
