[0.038s] Invoking command in '/home/mscrobotics2425laptop16/mujoco_ros_ws/build/mujoco_ros2_control': CMAKE_PREFIX_PATH=${CMAKE_PREFIX_PATH}:/home/mscrobotics2425laptop16/interbotix_ws/install/interbotix_xs_modules:/home/mscrobotics2425laptop16/interbotix_ws/install/interbotix_perception_modules:/home/mscrobotics2425laptop16/interbotix_ws/install/interbotix_common_modules:/home/mscrobotics2425laptop16/interbotix_ws/install/control_pkg:/opt/ros/humble /usr/bin/cmake --build /home/mscrobotics2425laptop16/mujoco_ros_ws/build/mujoco_ros2_control -- -j12 -l12
[0.140s] [35m[1mConsolidate compiler generated dependencies of target mujoco_system_plugins[0m
[0.174s] [35m[1mConsolidate compiler generated dependencies of target mujoco_ros2_control[0m
[0.219s] [ 16%] [32mBuilding CXX object CMakeFiles/mujoco_system_plugins.dir/src/mujoco_system.cpp.o[0m
[0.268s] [ 83%] Built target mujoco_ros2_control
[4.476s] [01m[K/home/mscrobotics2425laptop16/mujoco_ros_ws/src/mujoco_ros2_control/mujoco_ros2_control/src/mujoco_system.cpp:[m[K In member function ‘[01m[Kvirtual hardware_interface::return_type mujoco_ros2_control::MujocoSystem::write(const rclcpp::Time&, const rclcpp::Duration&)[m[K’:
[4.476s] [01m[K/home/mscrobotics2425laptop16/mujoco_ros_ws/src/mujoco_ros2_control/mujoco_ros2_control/src/mujoco_system.cpp:162:33:[m[K [01;31m[Kerror: [m[K‘[01m[Kclass control_toolbox::Pid[m[K’ has no member named ‘[01m[Kget_gains[m[K’; did you mean ‘[01m[KgetGains[m[K’?
[4.476s]   162 |     double kp = js.position_pid.[01;31m[Kget_gains[m[K().p_gain;  // 从 param 里读到的 kp
[4.476s]       |                                 [01;31m[K^~~~~~~~~[m[K
[4.476s]       |                                 [32m[KgetGains[m[K
[4.477s] [01m[K/home/mscrobotics2425laptop16/mujoco_ros_ws/src/mujoco_ros2_control/mujoco_ros2_control/src/mujoco_system.cpp:163:33:[m[K [01;31m[Kerror: [m[K‘[01m[Kclass control_toolbox::Pid[m[K’ has no member named ‘[01m[Kget_gains[m[K’; did you mean ‘[01m[KgetGains[m[K’?
[4.477s]   163 |     double kd = js.position_pid.[01;31m[Kget_gains[m[K().d_gain;  // 从 param 里读到的 kd
[4.477s]       |                                 [01;31m[K^~~~~~~~~[m[K
[4.477s]       |                                 [32m[KgetGains[m[K
[4.477s] [01m[K/home/mscrobotics2425laptop16/mujoco_ros_ws/src/mujoco_ros2_control/mujoco_ros2_control/src/mujoco_system.cpp:145:10:[m[K [01;35m[Kwarning: [m[Kunused variable ‘[01m[Kdt[m[K’ [[01;35m[K]8;;https://gcc.gnu.org/onlinedocs/gcc/Warning-Options.html#index-Wunused-variable-Wunused-variable]8;;[m[K]
[4.477s]   145 |   double [01;35m[Kdt[m[K = period.seconds();
[4.477s]       |          [01;35m[K^~[m[K
[5.542s] gmake[2]: *** [CMakeFiles/mujoco_system_plugins.dir/build.make:76：CMakeFiles/mujoco_system_plugins.dir/src/mujoco_system.cpp.o] 错误 1
[5.542s] gmake[1]: *** [CMakeFiles/Makefile2:139：CMakeFiles/mujoco_system_plugins.dir/all] 错误 2
[5.542s] gmake: *** [Makefile:146：all] 错误 2
[5.545s] Invoked command in '/home/mscrobotics2425laptop16/mujoco_ros_ws/build/mujoco_ros2_control' returned '2': CMAKE_PREFIX_PATH=${CMAKE_PREFIX_PATH}:/home/mscrobotics2425laptop16/interbotix_ws/install/interbotix_xs_modules:/home/mscrobotics2425laptop16/interbotix_ws/install/interbotix_perception_modules:/home/mscrobotics2425laptop16/interbotix_ws/install/interbotix_common_modules:/home/mscrobotics2425laptop16/interbotix_ws/install/control_pkg:/opt/ros/humble /usr/bin/cmake --build /home/mscrobotics2425laptop16/mujoco_ros_ws/build/mujoco_ros2_control -- -j12 -l12
