[0.035s] Invoking command in '/home/mscrobotics2425laptop16/mujoco_ros_ws/build/fr3_control_publish': CMAKE_PREFIX_PATH=${CMAKE_PREFIX_PATH}:/home/mscrobotics2425laptop16/interbotix_ws/install/interbotix_xs_modules:/home/mscrobotics2425laptop16/interbotix_ws/install/interbotix_perception_modules:/home/mscrobotics2425laptop16/interbotix_ws/install/interbotix_common_modules:/home/mscrobotics2425laptop16/interbotix_ws/install/control_pkg:/opt/ros/humble /usr/bin/cmake --build /home/mscrobotics2425laptop16/mujoco_ros_ws/build/fr3_control_publish -- -j12 -l12
[0.148s] [  9%] Built target fr3_control_publish__rosidl_generator_c
[0.148s] [  9%] Built target fr3_control_publish__cpp
[0.153s] [ 13%] Built target fr3_monitor
[0.154s] [ 18%] Built target hybridforcetangentialcontroller
[0.155s] [ 23%] Built target ee_pose_bridge
[0.159s] [ 27%] Built target tangential_velocity_controller
[0.179s] [ 27%] Built target ament_cmake_python_copy_fr3_control_publish
[0.200s] [ 34%] Built target fr3_control_publish__rosidl_typesupport_introspection_c
[0.201s] [ 41%] Built target fr3_control_publish__rosidl_typesupport_fastrtps_c
[0.209s] [ 48%] Built target fr3_control_publish__rosidl_typesupport_c
[0.212s] [ 55%] Built target fr3_control_publish__rosidl_typesupport_introspection_cpp
[0.213s] [ 62%] Built target fr3_control_publish__rosidl_typesupport_cpp
[0.219s] [ 69%] Built target fr3_control_publish__rosidl_typesupport_fastrtps_cpp
[0.266s] [ 74%] Built target jacobian_publisher
[0.268s] [ 74%] Built target fr3_control_publish
[0.272s] [ 79%] Built target force_position_controller
[0.291s] [ 81%] Built target fr3_control_publish__py
[0.332s] [ 86%] Built target fr3_control_publish__rosidl_generator_py
[0.365s] [ 90%] Built target fr3_control_publish__rosidl_typesupport_fastrtps_c__pyext
[0.368s] [100%] Built target fr3_control_publish__rosidl_typesupport_introspection_c__pyext
[0.368s] [100%] Built target fr3_control_publish__rosidl_typesupport_c__pyext
[0.493s] running egg_info
[0.507s] writing fr3_control_publish.egg-info/PKG-INFO
[0.508s] writing dependency_links to fr3_control_publish.egg-info/dependency_links.txt
[0.508s] writing top-level names to fr3_control_publish.egg-info/top_level.txt
[0.552s] reading manifest file 'fr3_control_publish.egg-info/SOURCES.txt'
[0.552s] writing manifest file 'fr3_control_publish.egg-info/SOURCES.txt'
[0.581s] [100%] Built target ament_cmake_python_build_fr3_control_publish_egg
[0.597s] Invoked command in '/home/mscrobotics2425laptop16/mujoco_ros_ws/build/fr3_control_publish' returned '0': CMAKE_PREFIX_PATH=${CMAKE_PREFIX_PATH}:/home/mscrobotics2425laptop16/interbotix_ws/install/interbotix_xs_modules:/home/mscrobotics2425laptop16/interbotix_ws/install/interbotix_perception_modules:/home/mscrobotics2425laptop16/interbotix_ws/install/interbotix_common_modules:/home/mscrobotics2425laptop16/interbotix_ws/install/control_pkg:/opt/ros/humble /usr/bin/cmake --build /home/mscrobotics2425laptop16/mujoco_ros_ws/build/fr3_control_publish -- -j12 -l12
[0.601s] Invoking command in '/home/mscrobotics2425laptop16/mujoco_ros_ws/build/fr3_control_publish': CMAKE_PREFIX_PATH=${CMAKE_PREFIX_PATH}:/home/mscrobotics2425laptop16/interbotix_ws/install/interbotix_xs_modules:/home/mscrobotics2425laptop16/interbotix_ws/install/interbotix_perception_modules:/home/mscrobotics2425laptop16/interbotix_ws/install/interbotix_common_modules:/home/mscrobotics2425laptop16/interbotix_ws/install/control_pkg:/opt/ros/humble /usr/bin/cmake --install /home/mscrobotics2425laptop16/mujoco_ros_ws/build/fr3_control_publish
[0.616s] -- Install configuration: ""
[0.616s] -- Up-to-date: /home/mscrobotics2425laptop16/mujoco_ros_ws/install/fr3_control_publish/share/ament_index/resource_index/rosidl_interfaces/fr3_control_publish
[0.616s] -- Up-to-date: /home/mscrobotics2425laptop16/mujoco_ros_ws/install/fr3_control_publish/include/fr3_control_publish/fr3_control_publish
[0.616s] -- Up-to-date: /home/mscrobotics2425laptop16/mujoco_ros_ws/install/fr3_control_publish/include/fr3_control_publish/fr3_control_publish/msg
[0.617s] -- Up-to-date: /home/mscrobotics2425laptop16/mujoco_ros_ws/install/fr3_control_publish/include/fr3_control_publish/fr3_control_publish/msg/touch_tip_wrench.h
[0.617s] -- Up-to-date: /home/mscrobotics2425laptop16/mujoco_ros_ws/install/fr3_control_publish/include/fr3_control_publish/fr3_control_publish/msg/detail
[0.617s] -- Up-to-date: /home/mscrobotics2425laptop16/mujoco_ros_ws/install/fr3_control_publish/include/fr3_control_publish/fr3_control_publish/msg/detail/touch_tip_wrench__type_support.h
[0.617s] -- Up-to-date: /home/mscrobotics2425laptop16/mujoco_ros_ws/install/fr3_control_publish/include/fr3_control_publish/fr3_control_publish/msg/detail/touch_tip_wrench__functions.h
[0.617s] -- Up-to-date: /home/mscrobotics2425laptop16/mujoco_ros_ws/install/fr3_control_publish/include/fr3_control_publish/fr3_control_publish/msg/detail/touch_tip_wrench__functions.c
[0.618s] -- Up-to-date: /home/mscrobotics2425laptop16/mujoco_ros_ws/install/fr3_control_publish/include/fr3_control_publish/fr3_control_publish/msg/detail/touch_tip_wrench__struct.h
[0.618s] -- Up-to-date: /home/mscrobotics2425laptop16/mujoco_ros_ws/install/fr3_control_publish/include/fr3_control_publish/fr3_control_publish/msg/rosidl_generator_c__visibility_control.h
[0.618s] -- Up-to-date: /home/mscrobotics2425laptop16/mujoco_ros_ws/install/fr3_control_publish/share/fr3_control_publish/environment/library_path.sh
[0.618s] -- Up-to-date: /home/mscrobotics2425laptop16/mujoco_ros_ws/install/fr3_control_publish/share/fr3_control_publish/environment/library_path.dsv
[0.618s] -- Up-to-date: /home/mscrobotics2425laptop16/mujoco_ros_ws/install/fr3_control_publish/lib/libfr3_control_publish__rosidl_generator_c.so
[0.618s] -- Up-to-date: /home/mscrobotics2425laptop16/mujoco_ros_ws/install/fr3_control_publish/include/fr3_control_publish/fr3_control_publish
[0.619s] -- Up-to-date: /home/mscrobotics2425laptop16/mujoco_ros_ws/install/fr3_control_publish/include/fr3_control_publish/fr3_control_publish/msg
[0.619s] -- Up-to-date: /home/mscrobotics2425laptop16/mujoco_ros_ws/install/fr3_control_publish/include/fr3_control_publish/fr3_control_publish/msg/detail
[0.619s] -- Up-to-date: /home/mscrobotics2425laptop16/mujoco_ros_ws/install/fr3_control_publish/include/fr3_control_publish/fr3_control_publish/msg/detail/touch_tip_wrench__rosidl_typesupport_fastrtps_c.h
[0.619s] -- Up-to-date: /home/mscrobotics2425laptop16/mujoco_ros_ws/install/fr3_control_publish/include/fr3_control_publish/fr3_control_publish/msg/rosidl_typesupport_fastrtps_c__visibility_control.h
[0.619s] -- Up-to-date: /home/mscrobotics2425laptop16/mujoco_ros_ws/install/fr3_control_publish/lib/libfr3_control_publish__rosidl_typesupport_fastrtps_c.so
[0.619s] -- Up-to-date: /home/mscrobotics2425laptop16/mujoco_ros_ws/install/fr3_control_publish/include/fr3_control_publish/fr3_control_publish
[0.619s] -- Up-to-date: /home/mscrobotics2425laptop16/mujoco_ros_ws/install/fr3_control_publish/include/fr3_control_publish/fr3_control_publish/msg
[0.620s] -- Up-to-date: /home/mscrobotics2425laptop16/mujoco_ros_ws/install/fr3_control_publish/include/fr3_control_publish/fr3_control_publish/msg/rosidl_typesupport_introspection_c__visibility_control.h
[0.620s] -- Up-to-date: /home/mscrobotics2425laptop16/mujoco_ros_ws/install/fr3_control_publish/include/fr3_control_publish/fr3_control_publish/msg/detail
[0.620s] -- Up-to-date: /home/mscrobotics2425laptop16/mujoco_ros_ws/install/fr3_control_publish/include/fr3_control_publish/fr3_control_publish/msg/detail/touch_tip_wrench__type_support.c
[0.621s] -- Up-to-date: /home/mscrobotics2425laptop16/mujoco_ros_ws/install/fr3_control_publish/include/fr3_control_publish/fr3_control_publish/msg/detail/touch_tip_wrench__rosidl_typesupport_introspection_c.h
[0.621s] -- Up-to-date: /home/mscrobotics2425laptop16/mujoco_ros_ws/install/fr3_control_publish/lib/libfr3_control_publish__rosidl_typesupport_introspection_c.so
[0.622s] -- Up-to-date: /home/mscrobotics2425laptop16/mujoco_ros_ws/install/fr3_control_publish/lib/libfr3_control_publish__rosidl_typesupport_c.so
[0.622s] -- Up-to-date: /home/mscrobotics2425laptop16/mujoco_ros_ws/install/fr3_control_publish/include/fr3_control_publish/fr3_control_publish
[0.622s] -- Up-to-date: /home/mscrobotics2425laptop16/mujoco_ros_ws/install/fr3_control_publish/include/fr3_control_publish/fr3_control_publish/msg
[0.622s] -- Up-to-date: /home/mscrobotics2425laptop16/mujoco_ros_ws/install/fr3_control_publish/include/fr3_control_publish/fr3_control_publish/msg/detail
[0.623s] -- Up-to-date: /home/mscrobotics2425laptop16/mujoco_ros_ws/install/fr3_control_publish/include/fr3_control_publish/fr3_control_publish/msg/detail/touch_tip_wrench__traits.hpp
[0.623s] -- Up-to-date: /home/mscrobotics2425laptop16/mujoco_ros_ws/install/fr3_control_publish/include/fr3_control_publish/fr3_control_publish/msg/detail/touch_tip_wrench__type_support.hpp
[0.623s] -- Up-to-date: /home/mscrobotics2425laptop16/mujoco_ros_ws/install/fr3_control_publish/include/fr3_control_publish/fr3_control_publish/msg/detail/touch_tip_wrench__builder.hpp
[0.624s] -- Up-to-date: /home/mscrobotics2425laptop16/mujoco_ros_ws/install/fr3_control_publish/include/fr3_control_publish/fr3_control_publish/msg/detail/touch_tip_wrench__struct.hpp
[0.624s] -- Up-to-date: /home/mscrobotics2425laptop16/mujoco_ros_ws/install/fr3_control_publish/include/fr3_control_publish/fr3_control_publish/msg/touch_tip_wrench.hpp
[0.624s] -- Up-to-date: /home/mscrobotics2425laptop16/mujoco_ros_ws/install/fr3_control_publish/include/fr3_control_publish/fr3_control_publish/msg/rosidl_generator_cpp__visibility_control.hpp
[0.624s] -- Up-to-date: /home/mscrobotics2425laptop16/mujoco_ros_ws/install/fr3_control_publish/include/fr3_control_publish/fr3_control_publish
[0.624s] -- Up-to-date: /home/mscrobotics2425laptop16/mujoco_ros_ws/install/fr3_control_publish/include/fr3_control_publish/fr3_control_publish/msg
[0.625s] -- Up-to-date: /home/mscrobotics2425laptop16/mujoco_ros_ws/install/fr3_control_publish/include/fr3_control_publish/fr3_control_publish/msg/detail
[0.625s] -- Up-to-date: /home/mscrobotics2425laptop16/mujoco_ros_ws/install/fr3_control_publish/include/fr3_control_publish/fr3_control_publish/msg/detail/dds_fastrtps
[0.626s] -- Up-to-date: /home/mscrobotics2425laptop16/mujoco_ros_ws/install/fr3_control_publish/include/fr3_control_publish/fr3_control_publish/msg/detail/touch_tip_wrench__rosidl_typesupport_fastrtps_cpp.hpp
[0.626s] -- Up-to-date: /home/mscrobotics2425laptop16/mujoco_ros_ws/install/fr3_control_publish/include/fr3_control_publish/fr3_control_publish/msg/rosidl_typesupport_fastrtps_cpp__visibility_control.h
[0.626s] -- Up-to-date: /home/mscrobotics2425laptop16/mujoco_ros_ws/install/fr3_control_publish/lib/libfr3_control_publish__rosidl_typesupport_fastrtps_cpp.so
[0.626s] -- Up-to-date: /home/mscrobotics2425laptop16/mujoco_ros_ws/install/fr3_control_publish/include/fr3_control_publish/fr3_control_publish
[0.626s] -- Up-to-date: /home/mscrobotics2425laptop16/mujoco_ros_ws/install/fr3_control_publish/include/fr3_control_publish/fr3_control_publish/msg
[0.626s] -- Up-to-date: /home/mscrobotics2425laptop16/mujoco_ros_ws/install/fr3_control_publish/include/fr3_control_publish/fr3_control_publish/msg/detail
[0.627s] -- Up-to-date: /home/mscrobotics2425laptop16/mujoco_ros_ws/install/fr3_control_publish/include/fr3_control_publish/fr3_control_publish/msg/detail/touch_tip_wrench__type_support.cpp
[0.627s] -- Up-to-date: /home/mscrobotics2425laptop16/mujoco_ros_ws/install/fr3_control_publish/include/fr3_control_publish/fr3_control_publish/msg/detail/touch_tip_wrench__rosidl_typesupport_introspection_cpp.hpp
[0.627s] -- Up-to-date: /home/mscrobotics2425laptop16/mujoco_ros_ws/install/fr3_control_publish/lib/libfr3_control_publish__rosidl_typesupport_introspection_cpp.so
[0.627s] -- Up-to-date: /home/mscrobotics2425laptop16/mujoco_ros_ws/install/fr3_control_publish/lib/libfr3_control_publish__rosidl_typesupport_cpp.so
[0.627s] -- Up-to-date: /home/mscrobotics2425laptop16/mujoco_ros_ws/install/fr3_control_publish/share/fr3_control_publish/environment/pythonpath.sh
[0.628s] -- Up-to-date: /home/mscrobotics2425laptop16/mujoco_ros_ws/install/fr3_control_publish/share/fr3_control_publish/environment/pythonpath.dsv
[0.628s] -- Up-to-date: /home/mscrobotics2425laptop16/mujoco_ros_ws/install/fr3_control_publish/local/lib/python3.10/dist-packages/fr3_control_publish-0.0.0-py3.10.egg-info
[0.628s] -- Installing: /home/mscrobotics2425laptop16/mujoco_ros_ws/install/fr3_control_publish/local/lib/python3.10/dist-packages/fr3_control_publish-0.0.0-py3.10.egg-info/dependency_links.txt
[0.628s] -- Installing: /home/mscrobotics2425laptop16/mujoco_ros_ws/install/fr3_control_publish/local/lib/python3.10/dist-packages/fr3_control_publish-0.0.0-py3.10.egg-info/PKG-INFO
[0.629s] -- Installing: /home/mscrobotics2425laptop16/mujoco_ros_ws/install/fr3_control_publish/local/lib/python3.10/dist-packages/fr3_control_publish-0.0.0-py3.10.egg-info/top_level.txt
[0.629s] -- Installing: /home/mscrobotics2425laptop16/mujoco_ros_ws/install/fr3_control_publish/local/lib/python3.10/dist-packages/fr3_control_publish-0.0.0-py3.10.egg-info/SOURCES.txt
[0.629s] -- Up-to-date: /home/mscrobotics2425laptop16/mujoco_ros_ws/install/fr3_control_publish/local/lib/python3.10/dist-packages/fr3_control_publish
[0.629s] -- Up-to-date: /home/mscrobotics2425laptop16/mujoco_ros_ws/install/fr3_control_publish/local/lib/python3.10/dist-packages/fr3_control_publish/_fr3_control_publish_s.ep.rosidl_typesupport_fastrtps_c.c
[0.629s] -- Up-to-date: /home/mscrobotics2425laptop16/mujoco_ros_ws/install/fr3_control_publish/local/lib/python3.10/dist-packages/fr3_control_publish/libfr3_control_publish__rosidl_generator_py.so
[0.629s] -- Up-to-date: /home/mscrobotics2425laptop16/mujoco_ros_ws/install/fr3_control_publish/local/lib/python3.10/dist-packages/fr3_control_publish/__init__.py
[0.630s] -- Up-to-date: /home/mscrobotics2425laptop16/mujoco_ros_ws/install/fr3_control_publish/local/lib/python3.10/dist-packages/fr3_control_publish/fr3_control_publish_s__rosidl_typesupport_fastrtps_c.cpython-310-x86_64-linux-gnu.so
[0.630s] -- Up-to-date: /home/mscrobotics2425laptop16/mujoco_ros_ws/install/fr3_control_publish/local/lib/python3.10/dist-packages/fr3_control_publish/_fr3_control_publish_s.ep.rosidl_typesupport_introspection_c.c
[0.630s] -- Up-to-date: /home/mscrobotics2425laptop16/mujoco_ros_ws/install/fr3_control_publish/local/lib/python3.10/dist-packages/fr3_control_publish/msg
[0.630s] -- Up-to-date: /home/mscrobotics2425laptop16/mujoco_ros_ws/install/fr3_control_publish/local/lib/python3.10/dist-packages/fr3_control_publish/msg/__init__.py
[0.630s] -- Up-to-date: /home/mscrobotics2425laptop16/mujoco_ros_ws/install/fr3_control_publish/local/lib/python3.10/dist-packages/fr3_control_publish/msg/_touch_tip_wrench.py
[0.631s] -- Up-to-date: /home/mscrobotics2425laptop16/mujoco_ros_ws/install/fr3_control_publish/local/lib/python3.10/dist-packages/fr3_control_publish/msg/_touch_tip_wrench_s.c
[0.631s] -- Up-to-date: /home/mscrobotics2425laptop16/mujoco_ros_ws/install/fr3_control_publish/local/lib/python3.10/dist-packages/fr3_control_publish/_fr3_control_publish_s.ep.rosidl_typesupport_c.c
[0.631s] -- Up-to-date: /home/mscrobotics2425laptop16/mujoco_ros_ws/install/fr3_control_publish/local/lib/python3.10/dist-packages/fr3_control_publish/fr3_control_publish_s__rosidl_typesupport_c.cpython-310-x86_64-linux-gnu.so
[0.631s] -- Up-to-date: /home/mscrobotics2425laptop16/mujoco_ros_ws/install/fr3_control_publish/local/lib/python3.10/dist-packages/fr3_control_publish/fr3_control_publish_s__rosidl_typesupport_introspection_c.cpython-310-x86_64-linux-gnu.so
[0.679s] Listing '/home/mscrobotics2425laptop16/mujoco_ros_ws/install/fr3_control_publish/local/lib/python3.10/dist-packages/fr3_control_publish'...
[0.679s] Listing '/home/mscrobotics2425laptop16/mujoco_ros_ws/install/fr3_control_publish/local/lib/python3.10/dist-packages/fr3_control_publish/msg'...
[0.682s] -- Up-to-date: /home/mscrobotics2425laptop16/mujoco_ros_ws/install/fr3_control_publish/local/lib/python3.10/dist-packages/fr3_control_publish/fr3_control_publish_s__rosidl_typesupport_fastrtps_c.cpython-310-x86_64-linux-gnu.so
[0.682s] -- Up-to-date: /home/mscrobotics2425laptop16/mujoco_ros_ws/install/fr3_control_publish/local/lib/python3.10/dist-packages/fr3_control_publish/fr3_control_publish_s__rosidl_typesupport_introspection_c.cpython-310-x86_64-linux-gnu.so
[0.682s] -- Up-to-date: /home/mscrobotics2425laptop16/mujoco_ros_ws/install/fr3_control_publish/local/lib/python3.10/dist-packages/fr3_control_publish/fr3_control_publish_s__rosidl_typesupport_c.cpython-310-x86_64-linux-gnu.so
[0.682s] -- Up-to-date: /home/mscrobotics2425laptop16/mujoco_ros_ws/install/fr3_control_publish/lib/libfr3_control_publish__rosidl_generator_py.so
[0.683s] -- Up-to-date: /home/mscrobotics2425laptop16/mujoco_ros_ws/install/fr3_control_publish/share/fr3_control_publish/msg/TouchTipWrench.idl
[0.683s] -- Up-to-date: /home/mscrobotics2425laptop16/mujoco_ros_ws/install/fr3_control_publish/share/fr3_control_publish/msg/TouchTipWrench.msg
[0.683s] -- Up-to-date: /home/mscrobotics2425laptop16/mujoco_ros_ws/install/fr3_control_publish/lib/fr3_control_publish/ee_pose_bridge
[0.683s] -- Up-to-date: /home/mscrobotics2425laptop16/mujoco_ros_ws/install/fr3_control_publish/lib/fr3_control_publish/fr3_monitor
[0.683s] -- Up-to-date: /home/mscrobotics2425laptop16/mujoco_ros_ws/install/fr3_control_publish/lib/fr3_control_publish/jacobian_publisher
[0.683s] -- Up-to-date: /home/mscrobotics2425laptop16/mujoco_ros_ws/install/fr3_control_publish/lib/fr3_control_publish/force_position_controller
[0.683s] -- Up-to-date: /home/mscrobotics2425laptop16/mujoco_ros_ws/install/fr3_control_publish/lib/fr3_control_publish/tangential_velocity_controller
[0.683s] -- Up-to-date: /home/mscrobotics2425laptop16/mujoco_ros_ws/install/fr3_control_publish/lib/fr3_control_publish/hybridforcetangentialcontroller
[0.684s] -- Up-to-date: /home/mscrobotics2425laptop16/mujoco_ros_ws/install/fr3_control_publish/share/ament_index/resource_index/package_run_dependencies/fr3_control_publish
[0.684s] -- Up-to-date: /home/mscrobotics2425laptop16/mujoco_ros_ws/install/fr3_control_publish/share/ament_index/resource_index/parent_prefix_path/fr3_control_publish
[0.684s] -- Up-to-date: /home/mscrobotics2425laptop16/mujoco_ros_ws/install/fr3_control_publish/share/fr3_control_publish/environment/ament_prefix_path.sh
[0.684s] -- Up-to-date: /home/mscrobotics2425laptop16/mujoco_ros_ws/install/fr3_control_publish/share/fr3_control_publish/environment/ament_prefix_path.dsv
[0.684s] -- Up-to-date: /home/mscrobotics2425laptop16/mujoco_ros_ws/install/fr3_control_publish/share/fr3_control_publish/environment/path.sh
[0.684s] -- Up-to-date: /home/mscrobotics2425laptop16/mujoco_ros_ws/install/fr3_control_publish/share/fr3_control_publish/environment/path.dsv
[0.684s] -- Up-to-date: /home/mscrobotics2425laptop16/mujoco_ros_ws/install/fr3_control_publish/share/fr3_control_publish/local_setup.bash
[0.684s] -- Up-to-date: /home/mscrobotics2425laptop16/mujoco_ros_ws/install/fr3_control_publish/share/fr3_control_publish/local_setup.sh
[0.684s] -- Up-to-date: /home/mscrobotics2425laptop16/mujoco_ros_ws/install/fr3_control_publish/share/fr3_control_publish/local_setup.zsh
[0.685s] -- Up-to-date: /home/mscrobotics2425laptop16/mujoco_ros_ws/install/fr3_control_publish/share/fr3_control_publish/local_setup.dsv
[0.685s] -- Installing: /home/mscrobotics2425laptop16/mujoco_ros_ws/install/fr3_control_publish/share/fr3_control_publish/package.dsv
[0.685s] -- Up-to-date: /home/mscrobotics2425laptop16/mujoco_ros_ws/install/fr3_control_publish/share/ament_index/resource_index/packages/fr3_control_publish
[0.685s] -- Up-to-date: /home/mscrobotics2425laptop16/mujoco_ros_ws/install/fr3_control_publish/share/fr3_control_publish/cmake/export_fr3_control_publish__rosidl_generator_cExport.cmake
[0.685s] -- Up-to-date: /home/mscrobotics2425laptop16/mujoco_ros_ws/install/fr3_control_publish/share/fr3_control_publish/cmake/export_fr3_control_publish__rosidl_generator_cExport-noconfig.cmake
[0.685s] -- Up-to-date: /home/mscrobotics2425laptop16/mujoco_ros_ws/install/fr3_control_publish/share/fr3_control_publish/cmake/export_fr3_control_publish__rosidl_typesupport_fastrtps_cExport.cmake
[0.685s] -- Up-to-date: /home/mscrobotics2425laptop16/mujoco_ros_ws/install/fr3_control_publish/share/fr3_control_publish/cmake/export_fr3_control_publish__rosidl_typesupport_fastrtps_cExport-noconfig.cmake
[0.685s] -- Up-to-date: /home/mscrobotics2425laptop16/mujoco_ros_ws/install/fr3_control_publish/share/fr3_control_publish/cmake/fr3_control_publish__rosidl_typesupport_introspection_cExport.cmake
[0.685s] -- Up-to-date: /home/mscrobotics2425laptop16/mujoco_ros_ws/install/fr3_control_publish/share/fr3_control_publish/cmake/fr3_control_publish__rosidl_typesupport_introspection_cExport-noconfig.cmake
[0.686s] -- Up-to-date: /home/mscrobotics2425laptop16/mujoco_ros_ws/install/fr3_control_publish/share/fr3_control_publish/cmake/fr3_control_publish__rosidl_typesupport_cExport.cmake
[0.686s] -- Up-to-date: /home/mscrobotics2425laptop16/mujoco_ros_ws/install/fr3_control_publish/share/fr3_control_publish/cmake/fr3_control_publish__rosidl_typesupport_cExport-noconfig.cmake
[0.686s] -- Up-to-date: /home/mscrobotics2425laptop16/mujoco_ros_ws/install/fr3_control_publish/share/fr3_control_publish/cmake/export_fr3_control_publish__rosidl_generator_cppExport.cmake
[0.686s] -- Up-to-date: /home/mscrobotics2425laptop16/mujoco_ros_ws/install/fr3_control_publish/share/fr3_control_publish/cmake/export_fr3_control_publish__rosidl_typesupport_fastrtps_cppExport.cmake
[0.686s] -- Up-to-date: /home/mscrobotics2425laptop16/mujoco_ros_ws/install/fr3_control_publish/share/fr3_control_publish/cmake/export_fr3_control_publish__rosidl_typesupport_fastrtps_cppExport-noconfig.cmake
[0.686s] -- Up-to-date: /home/mscrobotics2425laptop16/mujoco_ros_ws/install/fr3_control_publish/share/fr3_control_publish/cmake/fr3_control_publish__rosidl_typesupport_introspection_cppExport.cmake
[0.686s] -- Up-to-date: /home/mscrobotics2425laptop16/mujoco_ros_ws/install/fr3_control_publish/share/fr3_control_publish/cmake/fr3_control_publish__rosidl_typesupport_introspection_cppExport-noconfig.cmake
[0.687s] -- Up-to-date: /home/mscrobotics2425laptop16/mujoco_ros_ws/install/fr3_control_publish/share/fr3_control_publish/cmake/fr3_control_publish__rosidl_typesupport_cppExport.cmake
[0.687s] -- Up-to-date: /home/mscrobotics2425laptop16/mujoco_ros_ws/install/fr3_control_publish/share/fr3_control_publish/cmake/fr3_control_publish__rosidl_typesupport_cppExport-noconfig.cmake
[0.687s] -- Up-to-date: /home/mscrobotics2425laptop16/mujoco_ros_ws/install/fr3_control_publish/share/fr3_control_publish/cmake/export_fr3_control_publish__rosidl_generator_pyExport.cmake
[0.687s] -- Up-to-date: /home/mscrobotics2425laptop16/mujoco_ros_ws/install/fr3_control_publish/share/fr3_control_publish/cmake/export_fr3_control_publish__rosidl_generator_pyExport-noconfig.cmake
[0.687s] -- Up-to-date: /home/mscrobotics2425laptop16/mujoco_ros_ws/install/fr3_control_publish/share/fr3_control_publish/cmake/rosidl_cmake-extras.cmake
[0.687s] -- Up-to-date: /home/mscrobotics2425laptop16/mujoco_ros_ws/install/fr3_control_publish/share/fr3_control_publish/cmake/ament_cmake_export_dependencies-extras.cmake
[0.687s] -- Up-to-date: /home/mscrobotics2425laptop16/mujoco_ros_ws/install/fr3_control_publish/share/fr3_control_publish/cmake/ament_cmake_export_include_directories-extras.cmake
[0.687s] -- Up-to-date: /home/mscrobotics2425laptop16/mujoco_ros_ws/install/fr3_control_publish/share/fr3_control_publish/cmake/ament_cmake_export_libraries-extras.cmake
[0.687s] -- Up-to-date: /home/mscrobotics2425laptop16/mujoco_ros_ws/install/fr3_control_publish/share/fr3_control_publish/cmake/ament_cmake_export_targets-extras.cmake
[0.688s] -- Up-to-date: /home/mscrobotics2425laptop16/mujoco_ros_ws/install/fr3_control_publish/share/fr3_control_publish/cmake/rosidl_cmake_export_typesupport_targets-extras.cmake
[0.688s] -- Up-to-date: /home/mscrobotics2425laptop16/mujoco_ros_ws/install/fr3_control_publish/share/fr3_control_publish/cmake/rosidl_cmake_export_typesupport_libraries-extras.cmake
[0.688s] -- Up-to-date: /home/mscrobotics2425laptop16/mujoco_ros_ws/install/fr3_control_publish/share/fr3_control_publish/cmake/fr3_control_publishConfig.cmake
[0.688s] -- Up-to-date: /home/mscrobotics2425laptop16/mujoco_ros_ws/install/fr3_control_publish/share/fr3_control_publish/cmake/fr3_control_publishConfig-version.cmake
[0.688s] -- Up-to-date: /home/mscrobotics2425laptop16/mujoco_ros_ws/install/fr3_control_publish/share/fr3_control_publish/package.xml
[0.690s] Invoked command in '/home/mscrobotics2425laptop16/mujoco_ros_ws/build/fr3_control_publish' returned '0': CMAKE_PREFIX_PATH=${CMAKE_PREFIX_PATH}:/home/mscrobotics2425laptop16/interbotix_ws/install/interbotix_xs_modules:/home/mscrobotics2425laptop16/interbotix_ws/install/interbotix_perception_modules:/home/mscrobotics2425laptop16/interbotix_ws/install/interbotix_common_modules:/home/mscrobotics2425laptop16/interbotix_ws/install/control_pkg:/opt/ros/humble /usr/bin/cmake --install /home/mscrobotics2425laptop16/mujoco_ros_ws/build/fr3_control_publish
