[0.076s] Invoking command in '/home/mscrobotics2425laptop16/mujoco_ros_ws/build/mujoco_ros2_control_demos': CMAKE_PREFIX_PATH=${CMAKE_PREFIX_PATH}:/home/mscrobotics2425laptop16/interbotix_ws/install/interbotix_xs_modules:/home/mscrobotics2425laptop16/interbotix_ws/install/interbotix_perception_modules:/home/mscrobotics2425laptop16/interbotix_ws/install/interbotix_common_modules:/home/mscrobotics2425laptop16/interbotix_ws/install/control_pkg:/opt/ros/humble /usr/bin/cmake --build /home/mscrobotics2425laptop16/mujoco_ros_ws/build/mujoco_ros2_control_demos -- -j12 -l12
[0.152s] -- Found ament_cmake: 1.3.11 (/opt/ros/humble/share/ament_cmake/cmake)
[0.707s] -- Found rclcpp: 16.0.11 (/opt/ros/humble/share/rclcpp/cmake)
[0.816s] -- Found rosidl_generator_c: 3.1.6 (/opt/ros/humble/share/rosidl_generator_c/cmake)
[0.826s] -- Found rosidl_adapter: 3.1.6 (/opt/ros/humble/share/rosidl_adapter/cmake)
[0.841s] -- Found rosidl_generator_cpp: 3.1.6 (/opt/ros/humble/share/rosidl_generator_cpp/cmake)
[0.868s] -- Using all available rosidl_typesupport_c: rosidl_typesupport_fastrtps_c;rosidl_typesupport_introspection_c
[0.902s] -- Using all available rosidl_typesupport_cpp: rosidl_typesupport_fastrtps_cpp;rosidl_typesupport_introspection_cpp
[0.991s] -- Found rmw_implementation_cmake: 6.1.2 (/opt/ros/humble/share/rmw_implementation_cmake/cmake)
[0.998s] -- Found rmw_fastrtps_cpp: 6.2.7 (/opt/ros/humble/share/rmw_fastrtps_cpp/cmake)
[1.365s] -- Using RMW implementation 'rmw_fastrtps_cpp' as default
[1.523s] -- Found rclcpp_action: 16.0.11 (/opt/ros/humble/share/rclcpp_action/cmake)
[1.651s] -- Found control_msgs: 4.8.0 (/opt/ros/humble/share/control_msgs/cmake)
[2.164s] -- Configuring done
[2.267s] -- Generating done
[2.300s] -- Build files have been written to: /home/mscrobotics2425laptop16/mujoco_ros_ws/build/mujoco_ros2_control_demos
[2.379s] [35m[1mConsolidate compiler generated dependencies of target example_tricycle_drive[0m
[2.380s] [35m[1mConsolidate compiler generated dependencies of target example_gripper[0m
[2.385s] [35m[1mConsolidate compiler generated dependencies of target example_diff_drive[0m
[2.385s] [35m[1mConsolidate compiler generated dependencies of target example_velocity[0m
[2.386s] [35m[1mConsolidate compiler generated dependencies of target example_effort[0m
[2.386s] [35m[1mConsolidate compiler generated dependencies of target example_position[0m
[2.449s] [ 16%] Built target example_tricycle_drive
[2.461s] [ 50%] Built target example_effort
[2.461s] [ 50%] Built target example_gripper
[2.479s] [ 83%] Built target example_velocity
[2.479s] [ 83%] Built target example_position
[2.480s] [ 91%] [32mBuilding CXX object CMakeFiles/example_diff_drive.dir/examples/example_diff_drive.cpp.o[0m
[9.815s] [100%] [32m[1mLinking CXX executable example_diff_drive[0m
[10.185s] [100%] Built target example_diff_drive
[10.209s] Invoked command in '/home/mscrobotics2425laptop16/mujoco_ros_ws/build/mujoco_ros2_control_demos' returned '0': CMAKE_PREFIX_PATH=${CMAKE_PREFIX_PATH}:/home/mscrobotics2425laptop16/interbotix_ws/install/interbotix_xs_modules:/home/mscrobotics2425laptop16/interbotix_ws/install/interbotix_perception_modules:/home/mscrobotics2425laptop16/interbotix_ws/install/interbotix_common_modules:/home/mscrobotics2425laptop16/interbotix_ws/install/control_pkg:/opt/ros/humble /usr/bin/cmake --build /home/mscrobotics2425laptop16/mujoco_ros_ws/build/mujoco_ros2_control_demos -- -j12 -l12
[10.213s] Invoking command in '/home/mscrobotics2425laptop16/mujoco_ros_ws/build/mujoco_ros2_control_demos': CMAKE_PREFIX_PATH=${CMAKE_PREFIX_PATH}:/home/mscrobotics2425laptop16/interbotix_ws/install/interbotix_xs_modules:/home/mscrobotics2425laptop16/interbotix_ws/install/interbotix_perception_modules:/home/mscrobotics2425laptop16/interbotix_ws/install/interbotix_common_modules:/home/mscrobotics2425laptop16/interbotix_ws/install/control_pkg:/opt/ros/humble /usr/bin/cmake --install /home/mscrobotics2425laptop16/mujoco_ros_ws/build/mujoco_ros2_control_demos
[10.226s] -- Install configuration: ""
[10.227s] -- Up-to-date: /home/mscrobotics2425laptop16/mujoco_ros_ws/install/mujoco_ros2_control_demos/share/mujoco_ros2_control_demos//launch
[10.227s] -- Installing: /home/mscrobotics2425laptop16/mujoco_ros_ws/install/mujoco_ros2_control_demos/share/mujoco_ros2_control_demos//launch/vertical_cart_example_velocity.launch.py
[10.227s] -- Installing: /home/mscrobotics2425laptop16/mujoco_ros_ws/install/mujoco_ros2_control_demos/share/mujoco_ros2_control_demos//launch/cart_example_velocity.launch.py
[10.228s] -- Installing: /home/mscrobotics2425laptop16/mujoco_ros_ws/install/mujoco_ros2_control_demos/share/mujoco_ros2_control_demos//launch/cart_example_effort.launch.py
[10.228s] -- Installing: /home/mscrobotics2425laptop16/mujoco_ros_ws/install/mujoco_ros2_control_demos/share/mujoco_ros2_control_demos//launch/fr3_admittance_hzx.launch.py
[10.229s] -- Installing: /home/mscrobotics2425laptop16/mujoco_ros_ws/install/mujoco_ros2_control_demos/share/mujoco_ros2_control_demos//launch/fr3_hzx.launch copy.py
[10.230s] -- Installing: /home/mscrobotics2425laptop16/mujoco_ros_ws/install/mujoco_ros2_control_demos/share/mujoco_ros2_control_demos//launch/tricycle_drive.launch.py
[10.231s] -- Installing: /home/mscrobotics2425laptop16/mujoco_ros_ws/install/mujoco_ros2_control_demos/share/mujoco_ros2_control_demos//launch/diff_drive.launch.py
[10.231s] -- Installing: /home/mscrobotics2425laptop16/mujoco_ros_ws/install/mujoco_ros2_control_demos/share/mujoco_ros2_control_demos//launch/vertical_cart_example_position_pid.launch.py
[10.232s] -- Installing: /home/mscrobotics2425laptop16/mujoco_ros_ws/install/mujoco_ros2_control_demos/share/mujoco_ros2_control_demos//launch/ft_sensor_example.launch.py
[10.233s] -- Installing: /home/mscrobotics2425laptop16/mujoco_ros_ws/install/mujoco_ros2_control_demos/share/mujoco_ros2_control_demos//launch/gripper_mimic_joint_example.launch.py
[10.234s] -- Installing: /home/mscrobotics2425laptop16/mujoco_ros_ws/install/mujoco_ros2_control_demos/share/mujoco_ros2_control_demos//launch/cart_example_position.launch.py
[10.235s] -- Installing: /home/mscrobotics2425laptop16/mujoco_ros_ws/install/mujoco_ros2_control_demos/share/mujoco_ros2_control_demos//launch/fr3_hzx.launch.py
[10.235s] -- Up-to-date: /home/mscrobotics2425laptop16/mujoco_ros_ws/install/mujoco_ros2_control_demos/share/mujoco_ros2_control_demos//config
[10.236s] -- Installing: /home/mscrobotics2425laptop16/mujoco_ros_ws/install/mujoco_ros2_control_demos/share/mujoco_ros2_control_demos//config/tricycle_drive_controller.yaml
[10.236s] -- Installing: /home/mscrobotics2425laptop16/mujoco_ros_ws/install/mujoco_ros2_control_demos/share/mujoco_ros2_control_demos//config/fr3_admittance_control.yaml
[10.236s] -- Installing: /home/mscrobotics2425laptop16/mujoco_ros_ws/install/mujoco_ros2_control_demos/share/mujoco_ros2_control_demos//config/diff_drive_controller.yaml
[10.236s] -- Installing: /home/mscrobotics2425laptop16/mujoco_ros_ws/install/mujoco_ros2_control_demos/share/mujoco_ros2_control_demos//config/gripper_controller.yaml
[10.237s] -- Installing: /home/mscrobotics2425laptop16/mujoco_ros_ws/install/mujoco_ros2_control_demos/share/mujoco_ros2_control_demos//config/fr3_controllers copy.yaml
[10.239s] -- Installing: /home/mscrobotics2425laptop16/mujoco_ros_ws/install/mujoco_ros2_control_demos/share/mujoco_ros2_control_demos//config/fr3_controllers.yaml
[10.239s] -- Installing: /home/mscrobotics2425laptop16/mujoco_ros_ws/install/mujoco_ros2_control_demos/share/mujoco_ros2_control_demos//config/cartpole_controller_effort.yaml
[10.239s] -- Installing: /home/mscrobotics2425laptop16/mujoco_ros_ws/install/mujoco_ros2_control_demos/share/mujoco_ros2_control_demos//config/cartpole_controller_velocity.yaml
[10.239s] -- Installing: /home/mscrobotics2425laptop16/mujoco_ros_ws/install/mujoco_ros2_control_demos/share/mujoco_ros2_control_demos//config/ft_broadcaster.yaml
[10.239s] -- Installing: /home/mscrobotics2425laptop16/mujoco_ros_ws/install/mujoco_ros2_control_demos/share/mujoco_ros2_control_demos//config/cartpole_controller_position.yaml
[10.240s] -- Up-to-date: /home/mscrobotics2425laptop16/mujoco_ros_ws/install/mujoco_ros2_control_demos/share/mujoco_ros2_control_demos//urdf
[10.240s] -- Installing: /home/mscrobotics2425laptop16/mujoco_ros_ws/install/mujoco_ros2_control_demos/share/mujoco_ros2_control_demos//urdf/test_cart_effort.xacro.urdf
[10.240s] -- Installing: /home/mscrobotics2425laptop16/mujoco_ros_ws/install/mujoco_ros2_control_demos/share/mujoco_ros2_control_demos//urdf/test_gripper_mimic_joint.xacro.urdf
[10.241s] -- Installing: /home/mscrobotics2425laptop16/mujoco_ros_ws/install/mujoco_ros2_control_demos/share/mujoco_ros2_control_demos//urdf/test_vertical_cart_position_pid.xacro.urdf
[10.241s] -- Installing: /home/mscrobotics2425laptop16/mujoco_ros_ws/install/mujoco_ros2_control_demos/share/mujoco_ros2_control_demos//urdf/test_tricycle_drive.xacro.urdf
[10.241s] -- Installing: /home/mscrobotics2425laptop16/mujoco_ros_ws/install/mujoco_ros2_control_demos/share/mujoco_ros2_control_demos//urdf/fr3_nohand.urdf
[10.241s] -- Installing: /home/mscrobotics2425laptop16/mujoco_ros_ws/install/mujoco_ros2_control_demos/share/mujoco_ros2_control_demos//urdf/test_ft_sensor.xacro.urdf
[10.241s] -- Installing: /home/mscrobotics2425laptop16/mujoco_ros_ws/install/mujoco_ros2_control_demos/share/mujoco_ros2_control_demos//urdf/test_cart_velocity.xacro.urdf
[10.242s] -- Installing: /home/mscrobotics2425laptop16/mujoco_ros_ws/install/mujoco_ros2_control_demos/share/mujoco_ros2_control_demos//urdf/test_cart_position.xacro.urdf
[10.242s] -- Installing: /home/mscrobotics2425laptop16/mujoco_ros_ws/install/mujoco_ros2_control_demos/share/mujoco_ros2_control_demos//urdf/fr3_nohand copy.urdf
[10.242s] -- Installing: /home/mscrobotics2425laptop16/mujoco_ros_ws/install/mujoco_ros2_control_demos/share/mujoco_ros2_control_demos//urdf/test_vertical_cart_velocity_pid.xacro.urdf
[10.243s] -- Installing: /home/mscrobotics2425laptop16/mujoco_ros_ws/install/mujoco_ros2_control_demos/share/mujoco_ros2_control_demos//urdf/test_diff_drive.xacro.urdf
[10.244s] -- Up-to-date: /home/mscrobotics2425laptop16/mujoco_ros_ws/install/mujoco_ros2_control_demos/share/mujoco_ros2_control_demos//mujoco_models
[10.245s] -- Installing: /home/mscrobotics2425laptop16/mujoco_ros_ws/install/mujoco_ros2_control_demos/share/mujoco_ros2_control_demos//mujoco_models/test_gripper_mimic_joint.xml
[10.245s] -- Installing: /home/mscrobotics2425laptop16/mujoco_ros_ws/install/mujoco_ros2_control_demos/share/mujoco_ros2_control_demos//mujoco_models/scene.xml
[10.245s] -- Up-to-date: /home/mscrobotics2425laptop16/mujoco_ros_ws/install/mujoco_ros2_control_demos/share/mujoco_ros2_control_demos//mujoco_models/assets
[10.246s] -- Installing: /home/mscrobotics2425laptop16/mujoco_ros_ws/install/mujoco_ros2_control_demos/share/mujoco_ros2_control_demos//mujoco_models/assets/link6_4.obj
[10.246s] -- Installing: /home/mscrobotics2425laptop16/mujoco_ros_ws/install/mujoco_ros2_control_demos/share/mujoco_ros2_control_demos//mujoco_models/assets/link6_2.obj
[10.252s] -- Installing: /home/mscrobotics2425laptop16/mujoco_ros_ws/install/mujoco_ros2_control_demos/share/mujoco_ros2_control_demos//mujoco_models/assets/link0.obj
[10.268s] -- Installing: /home/mscrobotics2425laptop16/mujoco_ros_ws/install/mujoco_ros2_control_demos/share/mujoco_ros2_control_demos//mujoco_models/assets/link7_2.obj
[10.275s] -- Installing: /home/mscrobotics2425laptop16/mujoco_ros_ws/install/mujoco_ros2_control_demos/share/mujoco_ros2_control_demos//mujoco_models/assets/link1.obj
[10.278s] -- Installing: /home/mscrobotics2425laptop16/mujoco_ros_ws/install/mujoco_ros2_control_demos/share/mujoco_ros2_control_demos//mujoco_models/assets/link5_0.obj
[10.281s] -- Installing: /home/mscrobotics2425laptop16/mujoco_ros_ws/install/mujoco_ros2_control_demos/share/mujoco_ros2_control_demos//mujoco_models/assets/link0_6.obj
[10.283s] -- Installing: /home/mscrobotics2425laptop16/mujoco_ros_ws/install/mujoco_ros2_control_demos/share/mujoco_ros2_control_demos//mujoco_models/assets/link3_1.obj
[10.287s] -- Installing: /home/mscrobotics2425laptop16/mujoco_ros_ws/install/mujoco_ros2_control_demos/share/mujoco_ros2_control_demos//mujoco_models/assets/link7_0.obj
[10.288s] -- Installing: /home/mscrobotics2425laptop16/mujoco_ros_ws/install/mujoco_ros2_control_demos/share/mujoco_ros2_control_demos//mujoco_models/assets/Hapic_Exploration.stl
[10.289s] -- Installing: /home/mscrobotics2425laptop16/mujoco_ros_ws/install/mujoco_ros2_control_demos/share/mujoco_ros2_control_demos//mujoco_models/assets/link0_4.obj
[10.290s] -- Installing: /home/mscrobotics2425laptop16/mujoco_ros_ws/install/mujoco_ros2_control_demos/share/mujoco_ros2_control_demos//mujoco_models/assets/link2.stl
[10.290s] -- Installing: /home/mscrobotics2425laptop16/mujoco_ros_ws/install/mujoco_ros2_control_demos/share/mujoco_ros2_control_demos//mujoco_models/assets/link6.stl
[10.290s] -- Installing: /home/mscrobotics2425laptop16/mujoco_ros_ws/install/mujoco_ros2_control_demos/share/mujoco_ros2_control_demos//mujoco_models/assets/link7.obj
[10.297s] -- Installing: /home/mscrobotics2425laptop16/mujoco_ros_ws/install/mujoco_ros2_control_demos/share/mujoco_ros2_control_demos//mujoco_models/assets/link4_1.obj
[10.300s] -- Installing: /home/mscrobotics2425laptop16/mujoco_ros_ws/install/mujoco_ros2_control_demos/share/mujoco_ros2_control_demos//mujoco_models/assets/link6_3.obj
[10.301s] -- Installing: /home/mscrobotics2425laptop16/mujoco_ros_ws/install/mujoco_ros2_control_demos/share/mujoco_ros2_control_demos//mujoco_models/assets/link5_2.obj
[10.305s] -- Installing: /home/mscrobotics2425laptop16/mujoco_ros_ws/install/mujoco_ros2_control_demos/share/mujoco_ros2_control_demos//mujoco_models/assets/link7_1.obj
[10.307s] -- Installing: /home/mscrobotics2425laptop16/mujoco_ros_ws/install/mujoco_ros2_control_demos/share/mujoco_ros2_control_demos//mujoco_models/assets/link5_1.obj
[10.308s] -- Installing: /home/mscrobotics2425laptop16/mujoco_ros_ws/install/mujoco_ros2_control_demos/share/mujoco_ros2_control_demos//mujoco_models/assets/link5.obj
[10.313s] -- Installing: /home/mscrobotics2425laptop16/mujoco_ros_ws/install/mujoco_ros2_control_demos/share/mujoco_ros2_control_demos//mujoco_models/assets/link0_5.obj
[10.319s] -- Installing: /home/mscrobotics2425laptop16/mujoco_ros_ws/install/mujoco_ros2_control_demos/share/mujoco_ros2_control_demos//mujoco_models/assets/link4_0.obj
[10.322s] -- Installing: /home/mscrobotics2425laptop16/mujoco_ros_ws/install/mujoco_ros2_control_demos/share/mujoco_ros2_control_demos//mujoco_models/assets/link7.stl
[10.322s] -- Installing: /home/mscrobotics2425laptop16/mujoco_ros_ws/install/mujoco_ros2_control_demos/share/mujoco_ros2_control_demos//mujoco_models/assets/link6_5.obj
[10.327s] -- Installing: /home/mscrobotics2425laptop16/mujoco_ros_ws/install/mujoco_ros2_control_demos/share/mujoco_ros2_control_demos//mujoco_models/assets/link5.stl
[10.327s] -- Installing: /home/mscrobotics2425laptop16/mujoco_ros_ws/install/mujoco_ros2_control_demos/share/mujoco_ros2_control_demos//mujoco_models/assets/link4.obj
[10.333s] -- Installing: /home/mscrobotics2425laptop16/mujoco_ros_ws/install/mujoco_ros2_control_demos/share/mujoco_ros2_control_demos//mujoco_models/assets/link4.stl
[10.334s] -- Installing: /home/mscrobotics2425laptop16/mujoco_ros_ws/install/mujoco_ros2_control_demos/share/mujoco_ros2_control_demos//mujoco_models/assets/link3.obj
[10.341s] -- Installing: /home/mscrobotics2425laptop16/mujoco_ros_ws/install/mujoco_ros2_control_demos/share/mujoco_ros2_control_demos//mujoco_models/assets/link6_7.obj
[10.341s] -- Installing: /home/mscrobotics2425laptop16/mujoco_ros_ws/install/mujoco_ros2_control_demos/share/mujoco_ros2_control_demos//mujoco_models/assets/link6.obj
[10.353s] -- Installing: /home/mscrobotics2425laptop16/mujoco_ros_ws/install/mujoco_ros2_control_demos/share/mujoco_ros2_control_demos//mujoco_models/assets/link0_3.obj
[10.358s] -- Installing: /home/mscrobotics2425laptop16/mujoco_ros_ws/install/mujoco_ros2_control_demos/share/mujoco_ros2_control_demos//mujoco_models/assets/link6_1.obj
[10.359s] -- Installing: /home/mscrobotics2425laptop16/mujoco_ros_ws/install/mujoco_ros2_control_demos/share/mujoco_ros2_control_demos//mujoco_models/assets/link0_0.obj
[10.363s] -- Installing: /home/mscrobotics2425laptop16/mujoco_ros_ws/install/mujoco_ros2_control_demos/share/mujoco_ros2_control_demos//mujoco_models/assets/link3_0.obj
[10.366s] -- Installing: /home/mscrobotics2425laptop16/mujoco_ros_ws/install/mujoco_ros2_control_demos/share/mujoco_ros2_control_demos//mujoco_models/assets/link6_0.obj
[10.366s] -- Installing: /home/mscrobotics2425laptop16/mujoco_ros_ws/install/mujoco_ros2_control_demos/share/mujoco_ros2_control_demos//mujoco_models/assets/link3.stl
[10.367s] -- Installing: /home/mscrobotics2425laptop16/mujoco_ros_ws/install/mujoco_ros2_control_demos/share/mujoco_ros2_control_demos//mujoco_models/assets/link1.stl
[10.367s] -- Installing: /home/mscrobotics2425laptop16/mujoco_ros_ws/install/mujoco_ros2_control_demos/share/mujoco_ros2_control_demos//mujoco_models/assets/link7_3.obj
[10.371s] -- Installing: /home/mscrobotics2425laptop16/mujoco_ros_ws/install/mujoco_ros2_control_demos/share/mujoco_ros2_control_demos//mujoco_models/assets/link0_2.obj
[10.373s] -- Installing: /home/mscrobotics2425laptop16/mujoco_ros_ws/install/mujoco_ros2_control_demos/share/mujoco_ros2_control_demos//mujoco_models/assets/link0.stl
[10.374s] -- Installing: /home/mscrobotics2425laptop16/mujoco_ros_ws/install/mujoco_ros2_control_demos/share/mujoco_ros2_control_demos//mujoco_models/assets/tantou_Meshed.stl
[10.375s] -- Installing: /home/mscrobotics2425laptop16/mujoco_ros_ws/install/mujoco_ros2_control_demos/share/mujoco_ros2_control_demos//mujoco_models/assets/link0_1.obj
[10.376s] -- Installing: /home/mscrobotics2425laptop16/mujoco_ros_ws/install/mujoco_ros2_control_demos/share/mujoco_ros2_control_demos//mujoco_models/assets/link6_6.obj
[10.385s] -- Installing: /home/mscrobotics2425laptop16/mujoco_ros_ws/install/mujoco_ros2_control_demos/share/mujoco_ros2_control_demos//mujoco_models/assets/link2.obj
[10.388s] -- Installing: /home/mscrobotics2425laptop16/mujoco_ros_ws/install/mujoco_ros2_control_demos/share/mujoco_ros2_control_demos//mujoco_models/test_ft_sensor.xml
[10.388s] -- Installing: /home/mscrobotics2425laptop16/mujoco_ros_ws/install/mujoco_ros2_control_demos/share/mujoco_ros2_control_demos//mujoco_models/test_vertical_cart.xml
[10.388s] -- Installing: /home/mscrobotics2425laptop16/mujoco_ros_ws/install/mujoco_ros2_control_demos/share/mujoco_ros2_control_demos//mujoco_models/test_tricycle_drive.xml
[10.389s] -- Installing: /home/mscrobotics2425laptop16/mujoco_ros_ws/install/mujoco_ros2_control_demos/share/mujoco_ros2_control_demos//mujoco_models/test_cart.xml
[10.389s] -- Installing: /home/mscrobotics2425laptop16/mujoco_ros_ws/install/mujoco_ros2_control_demos/share/mujoco_ros2_control_demos//mujoco_models/fr3.xml
[10.389s] -- Installing: /home/mscrobotics2425laptop16/mujoco_ros_ws/install/mujoco_ros2_control_demos/share/mujoco_ros2_control_demos//mujoco_models/fr3 copy.xml
[10.390s] -- Installing: /home/mscrobotics2425laptop16/mujoco_ros_ws/install/mujoco_ros2_control_demos/share/mujoco_ros2_control_demos//mujoco_models/test_diff_drive.xml
[10.391s] -- Up-to-date: /home/mscrobotics2425laptop16/mujoco_ros_ws/install/mujoco_ros2_control_demos/lib/mujoco_ros2_control_demos/example_position
[10.393s] -- Up-to-date: /home/mscrobotics2425laptop16/mujoco_ros_ws/install/mujoco_ros2_control_demos/lib/mujoco_ros2_control_demos/example_velocity
[10.394s] -- Up-to-date: /home/mscrobotics2425laptop16/mujoco_ros_ws/install/mujoco_ros2_control_demos/lib/mujoco_ros2_control_demos/example_effort
[10.395s] -- Installing: /home/mscrobotics2425laptop16/mujoco_ros_ws/install/mujoco_ros2_control_demos/lib/mujoco_ros2_control_demos/example_diff_drive
[10.398s] -- Set runtime path of "/home/mscrobotics2425laptop16/mujoco_ros_ws/install/mujoco_ros2_control_demos/lib/mujoco_ros2_control_demos/example_diff_drive" to ""
[10.399s] -- Up-to-date: /home/mscrobotics2425laptop16/mujoco_ros_ws/install/mujoco_ros2_control_demos/lib/mujoco_ros2_control_demos/example_tricycle_drive
[10.400s] -- Up-to-date: /home/mscrobotics2425laptop16/mujoco_ros_ws/install/mujoco_ros2_control_demos/lib/mujoco_ros2_control_demos/example_gripper
[10.400s] -- Up-to-date: /home/mscrobotics2425laptop16/mujoco_ros_ws/install/mujoco_ros2_control_demos/share/ament_index/resource_index/package_run_dependencies/mujoco_ros2_control_demos
[10.401s] -- Up-to-date: /home/mscrobotics2425laptop16/mujoco_ros_ws/install/mujoco_ros2_control_demos/share/ament_index/resource_index/parent_prefix_path/mujoco_ros2_control_demos
[10.401s] -- Installing: /home/mscrobotics2425laptop16/mujoco_ros_ws/install/mujoco_ros2_control_demos/share/mujoco_ros2_control_demos/environment/ament_prefix_path.sh
[10.401s] -- Installing: /home/mscrobotics2425laptop16/mujoco_ros_ws/install/mujoco_ros2_control_demos/share/mujoco_ros2_control_demos/environment/ament_prefix_path.dsv
[10.401s] -- Installing: /home/mscrobotics2425laptop16/mujoco_ros_ws/install/mujoco_ros2_control_demos/share/mujoco_ros2_control_demos/environment/path.sh
[10.402s] -- Installing: /home/mscrobotics2425laptop16/mujoco_ros_ws/install/mujoco_ros2_control_demos/share/mujoco_ros2_control_demos/environment/path.dsv
[10.402s] -- Up-to-date: /home/mscrobotics2425laptop16/mujoco_ros_ws/install/mujoco_ros2_control_demos/share/mujoco_ros2_control_demos/local_setup.bash
[10.402s] -- Up-to-date: /home/mscrobotics2425laptop16/mujoco_ros_ws/install/mujoco_ros2_control_demos/share/mujoco_ros2_control_demos/local_setup.sh
[10.403s] -- Up-to-date: /home/mscrobotics2425laptop16/mujoco_ros_ws/install/mujoco_ros2_control_demos/share/mujoco_ros2_control_demos/local_setup.zsh
[10.403s] -- Installing: /home/mscrobotics2425laptop16/mujoco_ros_ws/install/mujoco_ros2_control_demos/share/mujoco_ros2_control_demos/local_setup.dsv
[10.403s] -- Installing: /home/mscrobotics2425laptop16/mujoco_ros_ws/install/mujoco_ros2_control_demos/share/mujoco_ros2_control_demos/package.dsv
[10.403s] -- Up-to-date: /home/mscrobotics2425laptop16/mujoco_ros_ws/install/mujoco_ros2_control_demos/share/ament_index/resource_index/packages/mujoco_ros2_control_demos
[10.403s] -- Up-to-date: /home/mscrobotics2425laptop16/mujoco_ros_ws/install/mujoco_ros2_control_demos/share/mujoco_ros2_control_demos/cmake/mujoco_ros2_control_demosConfig.cmake
[10.404s] -- Up-to-date: /home/mscrobotics2425laptop16/mujoco_ros_ws/install/mujoco_ros2_control_demos/share/mujoco_ros2_control_demos/cmake/mujoco_ros2_control_demosConfig-version.cmake
[10.404s] -- Installing: /home/mscrobotics2425laptop16/mujoco_ros_ws/install/mujoco_ros2_control_demos/share/mujoco_ros2_control_demos/package.xml
[10.408s] Invoked command in '/home/mscrobotics2425laptop16/mujoco_ros_ws/build/mujoco_ros2_control_demos' returned '0': CMAKE_PREFIX_PATH=${CMAKE_PREFIX_PATH}:/home/mscrobotics2425laptop16/interbotix_ws/install/interbotix_xs_modules:/home/mscrobotics2425laptop16/interbotix_ws/install/interbotix_perception_modules:/home/mscrobotics2425laptop16/interbotix_ws/install/interbotix_common_modules:/home/mscrobotics2425laptop16/interbotix_ws/install/control_pkg:/opt/ros/humble /usr/bin/cmake --install /home/mscrobotics2425laptop16/mujoco_ros_ws/build/mujoco_ros2_control_demos
