[0.080s] Invoking command in '/home/mscrobotics2425laptop16/mujoco_ros_ws/build/mujoco_ros2_control': CMAKE_PREFIX_PATH=${CMAKE_PREFIX_PATH}:/home/mscrobotics2425laptop16/interbotix_ws/install/interbotix_xs_modules:/home/mscrobotics2425laptop16/interbotix_ws/install/interbotix_perception_modules:/home/mscrobotics2425laptop16/interbotix_ws/install/interbotix_common_modules:/home/mscrobotics2425laptop16/interbotix_ws/install/control_pkg:/opt/ros/humble /usr/bin/cmake --build /home/mscrobotics2425laptop16/mujoco_ros_ws/build/mujoco_ros2_control -- -j12 -l12
[0.390s] [ 33%] Built target mujoco_system_plugins
[0.393s] [ 50%] [32mBuilding CXX object CMakeFiles/mujoco_ros2_control.dir/src/mujoco_ros2_control_node.cpp.o[0m
[10.457s] In file included from [01m[K/opt/ros/humble/include/rclcpp/rclcpp/logging.hpp:24[m[K,
[10.457s]                  from [01m[K/opt/ros/humble/include/rclcpp/rclcpp/client.hpp:40[m[K,
[10.457s]                  from [01m[K/opt/ros/humble/include/rclcpp/rclcpp/callback_group.hpp:24[m[K,
[10.457s]                  from [01m[K/opt/ros/humble/include/rclcpp/rclcpp/any_executable.hpp:20[m[K,
[10.457s]                  from [01m[K/opt/ros/humble/include/rclcpp/rclcpp/memory_strategy.hpp:25[m[K,
[10.457s]                  from [01m[K/opt/ros/humble/include/rclcpp/rclcpp/memory_strategies.hpp:18[m[K,
[10.457s]                  from [01m[K/opt/ros/humble/include/rclcpp/rclcpp/executor_options.hpp:20[m[K,
[10.457s]                  from [01m[K/opt/ros/humble/include/rclcpp/rclcpp/executor.hpp:37[m[K,
[10.457s]                  from [01m[K/opt/ros/humble/include/rclcpp/rclcpp/executors/multi_threaded_executor.hpp:25[m[K,
[10.458s]                  from [01m[K/opt/ros/humble/include/rclcpp/rclcpp/executors.hpp:21[m[K,
[10.458s]                  from [01m[K/opt/ros/humble/include/rclcpp/rclcpp/rclcpp.hpp:155[m[K,
[10.458s]                  from [01m[K/home/mscrobotics2425laptop16/mujoco_ros_ws/src/mujoco_ros2_control/mujoco_ros2_control/src/mujoco_ros2_control_node.cpp:22[m[K:
[10.458s] [01m[K/home/mscrobotics2425laptop16/mujoco_ros_ws/src/mujoco_ros2_control/mujoco_ros2_control/src/mujoco_ros2_control_node.cpp:[m[K In function ‘[01m[Kvoid process_contacts(rclcpp::Node::SharedPtr, mjModel*, mjData*)[m[K’:
[10.458s] [01m[K/home/mscrobotics2425laptop16/mujoco_ros_ws/src/mujoco_ros2_control/mujoco_ros2_control/src/mujoco_ros2_control_node.cpp:82:22:[m[K [01;31m[Kerror: [m[K‘[01m[KmjContact[m[K’ {aka ‘[01m[Kstruct mjContact_[m[K’} has no member named ‘[01m[Kforce[m[K’
[10.458s]    82 |                 con->[01;31m[Kforce[m[K[0], con->force[1], con->force[2]);
[10.458s]       |                      [01;31m[K^~~~~[m[K
[10.458s] [01m[K/home/mscrobotics2425laptop16/mujoco_ros_ws/src/mujoco_ros2_control/mujoco_ros2_control/src/mujoco_ros2_control_node.cpp:82:37:[m[K [01;31m[Kerror: [m[K‘[01m[KmjContact[m[K’ {aka ‘[01m[Kstruct mjContact_[m[K’} has no member named ‘[01m[Kforce[m[K’
[10.458s]    82 |                 con->force[0], con->[01;31m[Kforce[m[K[1], con->force[2]);
[10.458s]       |                                     [01;31m[K^~~~~[m[K
[10.458s] [01m[K/home/mscrobotics2425laptop16/mujoco_ros_ws/src/mujoco_ros2_control/mujoco_ros2_control/src/mujoco_ros2_control_node.cpp:82:52:[m[K [01;31m[Kerror: [m[K‘[01m[KmjContact[m[K’ {aka ‘[01m[Kstruct mjContact_[m[K’} has no member named ‘[01m[Kforce[m[K’
[10.459s]    82 |                 con->force[0], con->force[1], con->[01;31m[Kforce[m[K[2]);
[10.459s]       |                                                    [01;31m[K^~~~~[m[K
[10.459s] [01m[K/home/mscrobotics2425laptop16/mujoco_ros_ws/src/mujoco_ros2_control/mujoco_ros2_control/src/mujoco_ros2_control_node.cpp:86:22:[m[K [01;31m[Kerror: [m[K‘[01m[KmjContact[m[K’ {aka ‘[01m[Kstruct mjContact_[m[K’} has no member named ‘[01m[Kforce[m[K’
[10.459s]    86 |                 con->[01;31m[Kforce[m[K[3], con->force[4], con->force[5]);
[10.459s]       |                      [01;31m[K^~~~~[m[K
[10.459s] [01m[K/home/mscrobotics2425laptop16/mujoco_ros_ws/src/mujoco_ros2_control/mujoco_ros2_control/src/mujoco_ros2_control_node.cpp:86:37:[m[K [01;31m[Kerror: [m[K‘[01m[KmjContact[m[K’ {aka ‘[01m[Kstruct mjContact_[m[K’} has no member named ‘[01m[Kforce[m[K’
[10.459s]    86 |                 con->force[3], con->[01;31m[Kforce[m[K[4], con->force[5]);
[10.459s]       |                                     [01;31m[K^~~~~[m[K
[10.459s] [01m[K/home/mscrobotics2425laptop16/mujoco_ros_ws/src/mujoco_ros2_control/mujoco_ros2_control/src/mujoco_ros2_control_node.cpp:86:52:[m[K [01;31m[Kerror: [m[K‘[01m[KmjContact[m[K’ {aka ‘[01m[Kstruct mjContact_[m[K’} has no member named ‘[01m[Kforce[m[K’
[10.459s]    86 |                 con->force[3], con->force[4], con->[01;31m[Kforce[m[K[5]);
[10.460s]       |                                                    [01;31m[K^~~~~[m[K
[10.460s] [01m[K/home/mscrobotics2425laptop16/mujoco_ros_ws/src/mujoco_ros2_control/mujoco_ros2_control/src/mujoco_ros2_control_node.cpp:96:45:[m[K [01;31m[Kerror: [m[K‘[01m[KmjContact[m[K’ {aka ‘[01m[Kstruct mjContact_[m[K’} has no member named ‘[01m[Kforce[m[K’
[10.460s]    96 |             mju_rotVecMat(force_world, con->[01;31m[Kforce[m[K, con->frame); // 从接触帧旋转到世界帧
[10.460s]       |                                             [01;31m[K^~~~~[m[K
[10.479s] [01m[K/home/mscrobotics2425laptop16/mujoco_ros_ws/src/mujoco_ros2_control/mujoco_ros2_control/src/mujoco_ros2_control_node.cpp:96:13:[m[K [01;31m[Kerror: [m[K‘[01m[Kmju_rotVecMat[m[K’ was not declared in this scope; did you mean ‘[01m[Kmju_rotVecQuat[m[K’?
[10.479s]    96 |             [01;31m[Kmju_rotVecMat[m[K(force_world, con->force, con->frame); // 从接触帧旋转到世界帧
[10.479s]       |             [01;31m[K^~~~~~~~~~~~~[m[K
[10.479s]       |             [32m[Kmju_rotVecQuat[m[K
[10.480s] [01m[K/home/mscrobotics2425laptop16/mujoco_ros_ws/src/mujoco_ros2_control/mujoco_ros2_control/src/mujoco_ros2_control_node.cpp:105:46:[m[K [01;31m[Kerror: [m[K‘[01m[KmjContact[m[K’ {aka ‘[01m[Kstruct mjContact_[m[K’} has no member named ‘[01m[Kforce[m[K’
[10.480s]   105 |             mju_rotVecMat(torque_world, con->[01;31m[Kforce[m[K + 3, con->frame); // 对扭矩部分应用旋转
[10.481s]       |                                              [01;31m[K^~~~~[m[K
[12.653s] gmake[2]: *** [CMakeFiles/mujoco_ros2_control.dir/build.make:76：CMakeFiles/mujoco_ros2_control.dir/src/mujoco_ros2_control_node.cpp.o] 错误 1
[12.654s] gmake[1]: *** [CMakeFiles/Makefile2:165：CMakeFiles/mujoco_ros2_control.dir/all] 错误 2
[12.654s] gmake: *** [Makefile:146：all] 错误 2
[12.660s] Invoked command in '/home/mscrobotics2425laptop16/mujoco_ros_ws/build/mujoco_ros2_control' returned '2': CMAKE_PREFIX_PATH=${CMAKE_PREFIX_PATH}:/home/mscrobotics2425laptop16/interbotix_ws/install/interbotix_xs_modules:/home/mscrobotics2425laptop16/interbotix_ws/install/interbotix_perception_modules:/home/mscrobotics2425laptop16/interbotix_ws/install/interbotix_common_modules:/home/mscrobotics2425laptop16/interbotix_ws/install/control_pkg:/opt/ros/humble /usr/bin/cmake --build /home/mscrobotics2425laptop16/mujoco_ros_ws/build/mujoco_ros2_control -- -j12 -l12
