[  2%] [34m[1mGenerating C code for ROS interfaces[0m
[  4%] [34m[1mGenerating C++ code for ROS interfaces[0m
[  7%] [32mBuilding CXX object CMakeFiles/fr3_monitor.dir/src/fr3_monitor_node.cpp.o[0m
[  7%] Built target ament_cmake_python_copy_fr3_control_publish
[  9%] [32mBuilding CXX object CMakeFiles/simple_control_node.dir/src/fr3_publish_node.cpp.o[0m
running egg_info
[  9%] Built target fr3_control_publish__cpp
creating fr3_control_publish.egg-info
writing fr3_control_publish.egg-info/PKG-INFO
writing dependency_links to fr3_control_publish.egg-info/dependency_links.txt
writing top-level names to fr3_control_publish.egg-info/top_level.txt
writing manifest file 'fr3_control_publish.egg-info/SOURCES.txt'
[ 12%] [34m[1mGenerating C++ type support for eProsima Fast-RTPS[0m
[ 14%] [34m[1mGenerating C++ introspection for ROS interfaces[0m
[ 17%] [34m[1mGenerating C++ type support dispatch for ROS interfaces[0m
[ 19%] [32mBuilding C object CMakeFiles/fr3_control_publish__rosidl_generator_c.dir/rosidl_generator_c/fr3_control_publish/msg/detail/touch_tip_wrench__functions.c.o[0m
reading manifest file 'fr3_control_publish.egg-info/SOURCES.txt'
writing manifest file 'fr3_control_publish.egg-info/SOURCES.txt'
[ 21%] [32m[1mLinking C shared library libfr3_control_publish__rosidl_generator_c.so[0m
[ 21%] Built target ament_cmake_python_build_fr3_control_publish_egg
[ 21%] Built target fr3_control_publish__rosidl_generator_c
[ 24%] [34m[1mGenerating C type support for eProsima Fast-RTPS[0m
[ 26%] [34m[1mGenerating C introspection for ROS interfaces[0m
[ 29%] [34m[1mGenerating C type support dispatch for ROS interfaces[0m
[ 31%] [32mBuilding CXX object CMakeFiles/fr3_control_publish__rosidl_typesupport_cpp.dir/rosidl_typesupport_cpp/fr3_control_publish/msg/touch_tip_wrench__type_support.cpp.o[0m
[ 34%] [32mBuilding CXX object CMakeFiles/fr3_control_publish__rosidl_typesupport_fastrtps_cpp.dir/rosidl_typesupport_fastrtps_cpp/fr3_control_publish/msg/detail/dds_fastrtps/touch_tip_wrench__type_support.cpp.o[0m
[ 36%] [32mBuilding CXX object CMakeFiles/fr3_control_publish__rosidl_typesupport_introspection_cpp.dir/rosidl_typesupport_introspection_cpp/fr3_control_publish/msg/detail/touch_tip_wrench__type_support.cpp.o[0m
[ 39%] [32mBuilding CXX object CMakeFiles/fr3_control_publish__rosidl_typesupport_c.dir/rosidl_typesupport_c/fr3_control_publish/msg/touch_tip_wrench__type_support.cpp.o[0m
[ 43%] [32mBuilding CXX object CMakeFiles/fr3_control_publish__rosidl_typesupport_fastrtps_c.dir/rosidl_typesupport_fastrtps_c/fr3_control_publish/msg/detail/touch_tip_wrench__type_support_c.cpp.o[0m
[ 43%] [32mBuilding C object CMakeFiles/fr3_control_publish__rosidl_typesupport_introspection_c.dir/rosidl_typesupport_introspection_c/fr3_control_publish/msg/detail/touch_tip_wrench__type_support.c.o[0m
[ 46%] [32m[1mLinking CXX shared library libfr3_control_publish__rosidl_typesupport_c.so[0m
[ 48%] [32m[1mLinking C shared library libfr3_control_publish__rosidl_typesupport_introspection_c.so[0m
[ 48%] Built target fr3_control_publish__rosidl_typesupport_c
[ 48%] Built target fr3_control_publish__rosidl_typesupport_introspection_c
[ 51%] [32m[1mLinking CXX shared library libfr3_control_publish__rosidl_typesupport_cpp.so[0m
[ 51%] Built target fr3_control_publish__rosidl_typesupport_cpp
[ 53%] [32mBuilding CXX object CMakeFiles/mujoco_force_publisher.dir/src/mujoco_force_publisher.cpp.o[0m
[ 56%] [32mBuilding CXX object CMakeFiles/jacobian_publisher.dir/src/fr3_jacobian_publisher.cpp.o[0m
[ 58%] [32mBuilding CXX object CMakeFiles/force_position_controller.dir/src/force_position_controller.cpp.o[0m
[ 60%] [32m[1mLinking CXX shared library libfr3_control_publish__rosidl_typesupport_introspection_cpp.so[0m
[ 63%] [32m[1mLinking CXX shared library libfr3_control_publish__rosidl_typesupport_fastrtps_cpp.so[0m
[ 63%] Built target fr3_control_publish__rosidl_typesupport_introspection_cpp
[ 65%] [32m[1mLinking CXX shared library libfr3_control_publish__rosidl_typesupport_fastrtps_c.so[0m
[ 65%] Built target fr3_control_publish__rosidl_typesupport_fastrtps_cpp
[ 65%] Built target fr3_control_publish__rosidl_typesupport_fastrtps_c
[ 65%] Built target fr3_control_publish
[ 68%] [34m[1mGenerating Python code for ROS interfaces[0m
[ 68%] Built target fr3_control_publish__py
[ 70%] [32mBuilding C object CMakeFiles/fr3_control_publish__rosidl_generator_py.dir/rosidl_generator_py/fr3_control_publish/msg/_touch_tip_wrench_s.c.o[0m
[ 73%] [32m[1mLinking C shared library rosidl_generator_py/fr3_control_publish/libfr3_control_publish__rosidl_generator_py.so[0m
[ 73%] Built target fr3_control_publish__rosidl_generator_py
[ 75%] [32mBuilding C object CMakeFiles/fr3_control_publish__rosidl_typesupport_fastrtps_c__pyext.dir/rosidl_generator_py/fr3_control_publish/_fr3_control_publish_s.ep.rosidl_typesupport_fastrtps_c.c.o[0m
[ 78%] [32mBuilding C object CMakeFiles/fr3_control_publish__rosidl_typesupport_introspection_c__pyext.dir/rosidl_generator_py/fr3_control_publish/_fr3_control_publish_s.ep.rosidl_typesupport_introspection_c.c.o[0m
[ 80%] [32mBuilding C object CMakeFiles/fr3_control_publish__rosidl_typesupport_c__pyext.dir/rosidl_generator_py/fr3_control_publish/_fr3_control_publish_s.ep.rosidl_typesupport_c.c.o[0m
[ 82%] [32m[1mLinking C shared library rosidl_generator_py/fr3_control_publish/fr3_control_publish_s__rosidl_typesupport_introspection_c.cpython-310-x86_64-linux-gnu.so[0m
[ 85%] [32m[1mLinking C shared library rosidl_generator_py/fr3_control_publish/fr3_control_publish_s__rosidl_typesupport_fastrtps_c.cpython-310-x86_64-linux-gnu.so[0m
[ 87%] [32m[1mLinking C shared library rosidl_generator_py/fr3_control_publish/fr3_control_publish_s__rosidl_typesupport_c.cpython-310-x86_64-linux-gnu.so[0m
[ 87%] Built target fr3_control_publish__rosidl_typesupport_fastrtps_c__pyext
[ 87%] Built target fr3_control_publish__rosidl_typesupport_introspection_c__pyext
[ 87%] Built target fr3_control_publish__rosidl_typesupport_c__pyext
[ 90%] [32m[1mLinking CXX executable simple_control_node[0m
[ 90%] Built target simple_control_node
[ 92%] [32m[1mLinking CXX executable mujoco_force_publisher[0m
[ 92%] Built target mujoco_force_publisher
[ 95%] [32m[1mLinking CXX executable fr3_monitor[0m
[ 95%] Built target fr3_monitor
[ 97%] [32m[1mLinking CXX executable jacobian_publisher[0m
[ 97%] Built target jacobian_publisher
[100%] [32m[1mLinking CXX executable force_position_controller[0m
[100%] Built target force_position_controller
