[0.030s] Invoking command in '/home/mscrobotics2425laptop16/mujoco_ros_ws/build/fr3_control_publish': CMAKE_PREFIX_PATH=${CMAKE_PREFIX_PATH}:/home/mscrobotics2425laptop16/interbotix_ws/install/interbotix_xs_modules:/home/mscrobotics2425laptop16/interbotix_ws/install/interbotix_perception_modules:/home/mscrobotics2425laptop16/interbotix_ws/install/interbotix_common_modules:/home/mscrobotics2425laptop16/interbotix_ws/install/control_pkg:/opt/ros/humble /usr/bin/cmake --build /home/mscrobotics2425laptop16/mujoco_ros_ws/build/fr3_control_publish -- -j12 -l12
[0.131s] [  2%] Built target fr3_control_publish__cpp
[0.145s] [  9%] Built target fr3_control_publish__rosidl_generator_c
[0.151s] [ 13%] Built target ee_pose_bridge
[0.171s] [ 18%] Built target fr3_monitor
[0.177s] [ 18%] Built target ament_cmake_python_copy_fr3_control_publish
[0.178s] [ 23%] Built target hybridforcetangentialcontroller
[0.178s] [ 27%] Built target tangential_velocity_controller
[0.186s] [ 34%] Built target fr3_control_publish__rosidl_typesupport_introspection_cpp
[0.192s] [ 41%] Built target fr3_control_publish__rosidl_typesupport_fastrtps_cpp
[0.195s] [ 55%] Built target fr3_control_publish__rosidl_typesupport_introspection_c
[0.195s] [ 55%] Built target fr3_control_publish__rosidl_typesupport_cpp
[0.199s] [ 62%] Built target fr3_control_publish__rosidl_typesupport_c
[0.207s] [ 69%] Built target fr3_control_publish__rosidl_typesupport_fastrtps_c
[0.241s] [ 74%] Built target jacobian_publisher
[0.260s] [ 79%] Built target force_position_controller
[0.264s] [ 79%] Built target fr3_control_publish
[0.333s] [ 81%] Built target fr3_control_publish__py
[0.393s] [ 86%] Built target fr3_control_publish__rosidl_generator_py
[0.442s] [ 90%] Built target fr3_control_publish__rosidl_typesupport_fastrtps_c__pyext
[0.445s] [ 95%] Built target fr3_control_publish__rosidl_typesupport_introspection_c__pyext
[0.448s] [100%] Built target fr3_control_publish__rosidl_typesupport_c__pyext
[0.666s] running egg_info
[0.684s] writing fr3_control_publish.egg-info/PKG-INFO
[0.685s] writing dependency_links to fr3_control_publish.egg-info/dependency_links.txt
[0.685s] writing top-level names to fr3_control_publish.egg-info/top_level.txt
[0.744s] reading manifest file 'fr3_control_publish.egg-info/SOURCES.txt'
[0.745s] writing manifest file 'fr3_control_publish.egg-info/SOURCES.txt'
[0.782s] [100%] Built target ament_cmake_python_build_fr3_control_publish_egg
[0.796s] Invoked command in '/home/mscrobotics2425laptop16/mujoco_ros_ws/build/fr3_control_publish' returned '0': CMAKE_PREFIX_PATH=${CMAKE_PREFIX_PATH}:/home/mscrobotics2425laptop16/interbotix_ws/install/interbotix_xs_modules:/home/mscrobotics2425laptop16/interbotix_ws/install/interbotix_perception_modules:/home/mscrobotics2425laptop16/interbotix_ws/install/interbotix_common_modules:/home/mscrobotics2425laptop16/interbotix_ws/install/control_pkg:/opt/ros/humble /usr/bin/cmake --build /home/mscrobotics2425laptop16/mujoco_ros_ws/build/fr3_control_publish -- -j12 -l12
[0.801s] Invoking command in '/home/mscrobotics2425laptop16/mujoco_ros_ws/build/fr3_control_publish': CMAKE_PREFIX_PATH=${CMAKE_PREFIX_PATH}:/home/mscrobotics2425laptop16/interbotix_ws/install/interbotix_xs_modules:/home/mscrobotics2425laptop16/interbotix_ws/install/interbotix_perception_modules:/home/mscrobotics2425laptop16/interbotix_ws/install/interbotix_common_modules:/home/mscrobotics2425laptop16/interbotix_ws/install/control_pkg:/opt/ros/humble /usr/bin/cmake --install /home/mscrobotics2425laptop16/mujoco_ros_ws/build/fr3_control_publish
[0.814s] -- Install configuration: ""
[0.814s] -- Up-to-date: /home/mscrobotics2425laptop16/mujoco_ros_ws/install/fr3_control_publish/share/ament_index/resource_index/rosidl_interfaces/fr3_control_publish
[0.814s] -- Up-to-date: /home/mscrobotics2425laptop16/mujoco_ros_ws/install/fr3_control_publish/include/fr3_control_publish/fr3_control_publish
[0.815s] -- Up-to-date: /home/mscrobotics2425laptop16/mujoco_ros_ws/install/fr3_control_publish/include/fr3_control_publish/fr3_control_publish/msg
[0.815s] -- Up-to-date: /home/mscrobotics2425laptop16/mujoco_ros_ws/install/fr3_control_publish/include/fr3_control_publish/fr3_control_publish/msg/touch_tip_wrench.h
[0.815s] -- Up-to-date: /home/mscrobotics2425laptop16/mujoco_ros_ws/install/fr3_control_publish/include/fr3_control_publish/fr3_control_publish/msg/detail
[0.815s] -- Up-to-date: /home/mscrobotics2425laptop16/mujoco_ros_ws/install/fr3_control_publish/include/fr3_control_publish/fr3_control_publish/msg/detail/touch_tip_wrench__type_support.h
[0.815s] -- Up-to-date: /home/mscrobotics2425laptop16/mujoco_ros_ws/install/fr3_control_publish/include/fr3_control_publish/fr3_control_publish/msg/detail/touch_tip_wrench__functions.h
[0.815s] -- Up-to-date: /home/mscrobotics2425laptop16/mujoco_ros_ws/install/fr3_control_publish/include/fr3_control_publish/fr3_control_publish/msg/detail/touch_tip_wrench__functions.c
[0.815s] -- Up-to-date: /home/mscrobotics2425laptop16/mujoco_ros_ws/install/fr3_control_publish/include/fr3_control_publish/fr3_control_publish/msg/detail/touch_tip_wrench__struct.h
[0.816s] -- Up-to-date: /home/mscrobotics2425laptop16/mujoco_ros_ws/install/fr3_control_publish/include/fr3_control_publish/fr3_control_publish/msg/rosidl_generator_c__visibility_control.h
[0.816s] -- Up-to-date: /home/mscrobotics2425laptop16/mujoco_ros_ws/install/fr3_control_publish/share/fr3_control_publish/environment/library_path.sh
[0.816s] -- Up-to-date: /home/mscrobotics2425laptop16/mujoco_ros_ws/install/fr3_control_publish/share/fr3_control_publish/environment/library_path.dsv
[0.816s] -- Up-to-date: /home/mscrobotics2425laptop16/mujoco_ros_ws/install/fr3_control_publish/lib/libfr3_control_publish__rosidl_generator_c.so
[0.817s] -- Up-to-date: /home/mscrobotics2425laptop16/mujoco_ros_ws/install/fr3_control_publish/include/fr3_control_publish/fr3_control_publish
[0.818s] -- Up-to-date: /home/mscrobotics2425laptop16/mujoco_ros_ws/install/fr3_control_publish/include/fr3_control_publish/fr3_control_publish/msg
[0.818s] -- Up-to-date: /home/mscrobotics2425laptop16/mujoco_ros_ws/install/fr3_control_publish/include/fr3_control_publish/fr3_control_publish/msg/detail
[0.819s] -- Up-to-date: /home/mscrobotics2425laptop16/mujoco_ros_ws/install/fr3_control_publish/include/fr3_control_publish/fr3_control_publish/msg/detail/touch_tip_wrench__rosidl_typesupport_fastrtps_c.h
[0.819s] -- Up-to-date: /home/mscrobotics2425laptop16/mujoco_ros_ws/install/fr3_control_publish/include/fr3_control_publish/fr3_control_publish/msg/rosidl_typesupport_fastrtps_c__visibility_control.h
[0.819s] -- Up-to-date: /home/mscrobotics2425laptop16/mujoco_ros_ws/install/fr3_control_publish/lib/libfr3_control_publish__rosidl_typesupport_fastrtps_c.so
[0.820s] -- Up-to-date: /home/mscrobotics2425laptop16/mujoco_ros_ws/install/fr3_control_publish/include/fr3_control_publish/fr3_control_publish
[0.820s] -- Up-to-date: /home/mscrobotics2425laptop16/mujoco_ros_ws/install/fr3_control_publish/include/fr3_control_publish/fr3_control_publish/msg
[0.820s] -- Up-to-date: /home/mscrobotics2425laptop16/mujoco_ros_ws/install/fr3_control_publish/include/fr3_control_publish/fr3_control_publish/msg/rosidl_typesupport_introspection_c__visibility_control.h
[0.821s] -- Up-to-date: /home/mscrobotics2425laptop16/mujoco_ros_ws/install/fr3_control_publish/include/fr3_control_publish/fr3_control_publish/msg/detail
[0.821s] -- Up-to-date: /home/mscrobotics2425laptop16/mujoco_ros_ws/install/fr3_control_publish/include/fr3_control_publish/fr3_control_publish/msg/detail/touch_tip_wrench__type_support.c
[0.822s] -- Up-to-date: /home/mscrobotics2425laptop16/mujoco_ros_ws/install/fr3_control_publish/include/fr3_control_publish/fr3_control_publish/msg/detail/touch_tip_wrench__rosidl_typesupport_introspection_c.h
[0.822s] -- Up-to-date: /home/mscrobotics2425laptop16/mujoco_ros_ws/install/fr3_control_publish/lib/libfr3_control_publish__rosidl_typesupport_introspection_c.so
[0.822s] -- Up-to-date: /home/mscrobotics2425laptop16/mujoco_ros_ws/install/fr3_control_publish/lib/libfr3_control_publish__rosidl_typesupport_c.so
[0.822s] -- Up-to-date: /home/mscrobotics2425laptop16/mujoco_ros_ws/install/fr3_control_publish/include/fr3_control_publish/fr3_control_publish
[0.822s] -- Up-to-date: /home/mscrobotics2425laptop16/mujoco_ros_ws/install/fr3_control_publish/include/fr3_control_publish/fr3_control_publish/msg
[0.823s] -- Up-to-date: /home/mscrobotics2425laptop16/mujoco_ros_ws/install/fr3_control_publish/include/fr3_control_publish/fr3_control_publish/msg/detail
[0.823s] -- Up-to-date: /home/mscrobotics2425laptop16/mujoco_ros_ws/install/fr3_control_publish/include/fr3_control_publish/fr3_control_publish/msg/detail/touch_tip_wrench__traits.hpp
[0.823s] -- Up-to-date: /home/mscrobotics2425laptop16/mujoco_ros_ws/install/fr3_control_publish/include/fr3_control_publish/fr3_control_publish/msg/detail/touch_tip_wrench__type_support.hpp
[0.823s] -- Up-to-date: /home/mscrobotics2425laptop16/mujoco_ros_ws/install/fr3_control_publish/include/fr3_control_publish/fr3_control_publish/msg/detail/touch_tip_wrench__builder.hpp
[0.823s] -- Up-to-date: /home/mscrobotics2425laptop16/mujoco_ros_ws/install/fr3_control_publish/include/fr3_control_publish/fr3_control_publish/msg/detail/touch_tip_wrench__struct.hpp
[0.824s] -- Up-to-date: /home/mscrobotics2425laptop16/mujoco_ros_ws/install/fr3_control_publish/include/fr3_control_publish/fr3_control_publish/msg/touch_tip_wrench.hpp
[0.824s] -- Up-to-date: /home/mscrobotics2425laptop16/mujoco_ros_ws/install/fr3_control_publish/include/fr3_control_publish/fr3_control_publish/msg/rosidl_generator_cpp__visibility_control.hpp
[0.824s] -- Up-to-date: /home/mscrobotics2425laptop16/mujoco_ros_ws/install/fr3_control_publish/include/fr3_control_publish/fr3_control_publish
[0.824s] -- Up-to-date: /home/mscrobotics2425laptop16/mujoco_ros_ws/install/fr3_control_publish/include/fr3_control_publish/fr3_control_publish/msg
[0.824s] -- Up-to-date: /home/mscrobotics2425laptop16/mujoco_ros_ws/install/fr3_control_publish/include/fr3_control_publish/fr3_control_publish/msg/detail
[0.825s] -- Up-to-date: /home/mscrobotics2425laptop16/mujoco_ros_ws/install/fr3_control_publish/include/fr3_control_publish/fr3_control_publish/msg/detail/dds_fastrtps
[0.825s] -- Up-to-date: /home/mscrobotics2425laptop16/mujoco_ros_ws/install/fr3_control_publish/include/fr3_control_publish/fr3_control_publish/msg/detail/touch_tip_wrench__rosidl_typesupport_fastrtps_cpp.hpp
[0.825s] -- Up-to-date: /home/mscrobotics2425laptop16/mujoco_ros_ws/install/fr3_control_publish/include/fr3_control_publish/fr3_control_publish/msg/rosidl_typesupport_fastrtps_cpp__visibility_control.h
[0.825s] -- Up-to-date: /home/mscrobotics2425laptop16/mujoco_ros_ws/install/fr3_control_publish/lib/libfr3_control_publish__rosidl_typesupport_fastrtps_cpp.so
[0.825s] -- Up-to-date: /home/mscrobotics2425laptop16/mujoco_ros_ws/install/fr3_control_publish/include/fr3_control_publish/fr3_control_publish
[0.825s] -- Up-to-date: /home/mscrobotics2425laptop16/mujoco_ros_ws/install/fr3_control_publish/include/fr3_control_publish/fr3_control_publish/msg
[0.826s] -- Up-to-date: /home/mscrobotics2425laptop16/mujoco_ros_ws/install/fr3_control_publish/include/fr3_control_publish/fr3_control_publish/msg/detail
[0.826s] -- Up-to-date: /home/mscrobotics2425laptop16/mujoco_ros_ws/install/fr3_control_publish/include/fr3_control_publish/fr3_control_publish/msg/detail/touch_tip_wrench__type_support.cpp
[0.826s] -- Up-to-date: /home/mscrobotics2425laptop16/mujoco_ros_ws/install/fr3_control_publish/include/fr3_control_publish/fr3_control_publish/msg/detail/touch_tip_wrench__rosidl_typesupport_introspection_cpp.hpp
[0.826s] -- Up-to-date: /home/mscrobotics2425laptop16/mujoco_ros_ws/install/fr3_control_publish/lib/libfr3_control_publish__rosidl_typesupport_introspection_cpp.so
[0.826s] -- Up-to-date: /home/mscrobotics2425laptop16/mujoco_ros_ws/install/fr3_control_publish/lib/libfr3_control_publish__rosidl_typesupport_cpp.so
[0.826s] -- Up-to-date: /home/mscrobotics2425laptop16/mujoco_ros_ws/install/fr3_control_publish/share/fr3_control_publish/environment/pythonpath.sh
[0.826s] -- Up-to-date: /home/mscrobotics2425laptop16/mujoco_ros_ws/install/fr3_control_publish/share/fr3_control_publish/environment/pythonpath.dsv
[0.826s] -- Up-to-date: /home/mscrobotics2425laptop16/mujoco_ros_ws/install/fr3_control_publish/local/lib/python3.10/dist-packages/fr3_control_publish-0.0.0-py3.10.egg-info
[0.826s] -- Installing: /home/mscrobotics2425laptop16/mujoco_ros_ws/install/fr3_control_publish/local/lib/python3.10/dist-packages/fr3_control_publish-0.0.0-py3.10.egg-info/dependency_links.txt
[0.827s] -- Installing: /home/mscrobotics2425laptop16/mujoco_ros_ws/install/fr3_control_publish/local/lib/python3.10/dist-packages/fr3_control_publish-0.0.0-py3.10.egg-info/PKG-INFO
[0.827s] -- Installing: /home/mscrobotics2425laptop16/mujoco_ros_ws/install/fr3_control_publish/local/lib/python3.10/dist-packages/fr3_control_publish-0.0.0-py3.10.egg-info/top_level.txt
[0.827s] -- Installing: /home/mscrobotics2425laptop16/mujoco_ros_ws/install/fr3_control_publish/local/lib/python3.10/dist-packages/fr3_control_publish-0.0.0-py3.10.egg-info/SOURCES.txt
[0.827s] -- Up-to-date: /home/mscrobotics2425laptop16/mujoco_ros_ws/install/fr3_control_publish/local/lib/python3.10/dist-packages/fr3_control_publish
[0.827s] -- Up-to-date: /home/mscrobotics2425laptop16/mujoco_ros_ws/install/fr3_control_publish/local/lib/python3.10/dist-packages/fr3_control_publish/_fr3_control_publish_s.ep.rosidl_typesupport_fastrtps_c.c
[0.827s] -- Up-to-date: /home/mscrobotics2425laptop16/mujoco_ros_ws/install/fr3_control_publish/local/lib/python3.10/dist-packages/fr3_control_publish/libfr3_control_publish__rosidl_generator_py.so
[0.827s] -- Up-to-date: /home/mscrobotics2425laptop16/mujoco_ros_ws/install/fr3_control_publish/local/lib/python3.10/dist-packages/fr3_control_publish/__init__.py
[0.827s] -- Up-to-date: /home/mscrobotics2425laptop16/mujoco_ros_ws/install/fr3_control_publish/local/lib/python3.10/dist-packages/fr3_control_publish/fr3_control_publish_s__rosidl_typesupport_fastrtps_c.cpython-310-x86_64-linux-gnu.so
[0.828s] -- Up-to-date: /home/mscrobotics2425laptop16/mujoco_ros_ws/install/fr3_control_publish/local/lib/python3.10/dist-packages/fr3_control_publish/_fr3_control_publish_s.ep.rosidl_typesupport_introspection_c.c
[0.828s] -- Up-to-date: /home/mscrobotics2425laptop16/mujoco_ros_ws/install/fr3_control_publish/local/lib/python3.10/dist-packages/fr3_control_publish/msg
[0.828s] -- Up-to-date: /home/mscrobotics2425laptop16/mujoco_ros_ws/install/fr3_control_publish/local/lib/python3.10/dist-packages/fr3_control_publish/msg/__init__.py
[0.828s] -- Up-to-date: /home/mscrobotics2425laptop16/mujoco_ros_ws/install/fr3_control_publish/local/lib/python3.10/dist-packages/fr3_control_publish/msg/_touch_tip_wrench.py
[0.829s] -- Up-to-date: /home/mscrobotics2425laptop16/mujoco_ros_ws/install/fr3_control_publish/local/lib/python3.10/dist-packages/fr3_control_publish/msg/_touch_tip_wrench_s.c
[0.829s] -- Up-to-date: /home/mscrobotics2425laptop16/mujoco_ros_ws/install/fr3_control_publish/local/lib/python3.10/dist-packages/fr3_control_publish/_fr3_control_publish_s.ep.rosidl_typesupport_c.c
[0.829s] -- Up-to-date: /home/mscrobotics2425laptop16/mujoco_ros_ws/install/fr3_control_publish/local/lib/python3.10/dist-packages/fr3_control_publish/fr3_control_publish_s__rosidl_typesupport_c.cpython-310-x86_64-linux-gnu.so
[0.829s] -- Up-to-date: /home/mscrobotics2425laptop16/mujoco_ros_ws/install/fr3_control_publish/local/lib/python3.10/dist-packages/fr3_control_publish/fr3_control_publish_s__rosidl_typesupport_introspection_c.cpython-310-x86_64-linux-gnu.so
[0.890s] Listing '/home/mscrobotics2425laptop16/mujoco_ros_ws/install/fr3_control_publish/local/lib/python3.10/dist-packages/fr3_control_publish'...
[0.890s] Listing '/home/mscrobotics2425laptop16/mujoco_ros_ws/install/fr3_control_publish/local/lib/python3.10/dist-packages/fr3_control_publish/msg'...
[0.893s] -- Up-to-date: /home/mscrobotics2425laptop16/mujoco_ros_ws/install/fr3_control_publish/local/lib/python3.10/dist-packages/fr3_control_publish/fr3_control_publish_s__rosidl_typesupport_fastrtps_c.cpython-310-x86_64-linux-gnu.so
[0.893s] -- Up-to-date: /home/mscrobotics2425laptop16/mujoco_ros_ws/install/fr3_control_publish/local/lib/python3.10/dist-packages/fr3_control_publish/fr3_control_publish_s__rosidl_typesupport_introspection_c.cpython-310-x86_64-linux-gnu.so
[0.893s] -- Up-to-date: /home/mscrobotics2425laptop16/mujoco_ros_ws/install/fr3_control_publish/local/lib/python3.10/dist-packages/fr3_control_publish/fr3_control_publish_s__rosidl_typesupport_c.cpython-310-x86_64-linux-gnu.so
[0.894s] -- Up-to-date: /home/mscrobotics2425laptop16/mujoco_ros_ws/install/fr3_control_publish/lib/libfr3_control_publish__rosidl_generator_py.so
[0.894s] -- Up-to-date: /home/mscrobotics2425laptop16/mujoco_ros_ws/install/fr3_control_publish/share/fr3_control_publish/msg/TouchTipWrench.idl
[0.894s] -- Up-to-date: /home/mscrobotics2425laptop16/mujoco_ros_ws/install/fr3_control_publish/share/fr3_control_publish/msg/TouchTipWrench.msg
[0.894s] -- Up-to-date: /home/mscrobotics2425laptop16/mujoco_ros_ws/install/fr3_control_publish/lib/fr3_control_publish/ee_pose_bridge
[0.894s] -- Up-to-date: /home/mscrobotics2425laptop16/mujoco_ros_ws/install/fr3_control_publish/lib/fr3_control_publish/fr3_monitor
[0.894s] -- Up-to-date: /home/mscrobotics2425laptop16/mujoco_ros_ws/install/fr3_control_publish/lib/fr3_control_publish/jacobian_publisher
[0.894s] -- Up-to-date: /home/mscrobotics2425laptop16/mujoco_ros_ws/install/fr3_control_publish/lib/fr3_control_publish/force_position_controller
[0.895s] -- Up-to-date: /home/mscrobotics2425laptop16/mujoco_ros_ws/install/fr3_control_publish/lib/fr3_control_publish/tangential_velocity_controller
[0.895s] -- Up-to-date: /home/mscrobotics2425laptop16/mujoco_ros_ws/install/fr3_control_publish/lib/fr3_control_publish/hybridforcetangentialcontroller
[0.895s] -- Up-to-date: /home/mscrobotics2425laptop16/mujoco_ros_ws/install/fr3_control_publish/share/ament_index/resource_index/package_run_dependencies/fr3_control_publish
[0.896s] -- Up-to-date: /home/mscrobotics2425laptop16/mujoco_ros_ws/install/fr3_control_publish/share/ament_index/resource_index/parent_prefix_path/fr3_control_publish
[0.896s] -- Up-to-date: /home/mscrobotics2425laptop16/mujoco_ros_ws/install/fr3_control_publish/share/fr3_control_publish/environment/ament_prefix_path.sh
[0.896s] -- Up-to-date: /home/mscrobotics2425laptop16/mujoco_ros_ws/install/fr3_control_publish/share/fr3_control_publish/environment/ament_prefix_path.dsv
[0.896s] -- Up-to-date: /home/mscrobotics2425laptop16/mujoco_ros_ws/install/fr3_control_publish/share/fr3_control_publish/environment/path.sh
[0.896s] -- Up-to-date: /home/mscrobotics2425laptop16/mujoco_ros_ws/install/fr3_control_publish/share/fr3_control_publish/environment/path.dsv
[0.896s] -- Up-to-date: /home/mscrobotics2425laptop16/mujoco_ros_ws/install/fr3_control_publish/share/fr3_control_publish/local_setup.bash
[0.896s] -- Up-to-date: /home/mscrobotics2425laptop16/mujoco_ros_ws/install/fr3_control_publish/share/fr3_control_publish/local_setup.sh
[0.897s] -- Up-to-date: /home/mscrobotics2425laptop16/mujoco_ros_ws/install/fr3_control_publish/share/fr3_control_publish/local_setup.zsh
[0.897s] -- Up-to-date: /home/mscrobotics2425laptop16/mujoco_ros_ws/install/fr3_control_publish/share/fr3_control_publish/local_setup.dsv
[0.897s] -- Installing: /home/mscrobotics2425laptop16/mujoco_ros_ws/install/fr3_control_publish/share/fr3_control_publish/package.dsv
[0.897s] -- Up-to-date: /home/mscrobotics2425laptop16/mujoco_ros_ws/install/fr3_control_publish/share/ament_index/resource_index/packages/fr3_control_publish
[0.897s] -- Up-to-date: /home/mscrobotics2425laptop16/mujoco_ros_ws/install/fr3_control_publish/share/fr3_control_publish/cmake/export_fr3_control_publish__rosidl_generator_cExport.cmake
[0.897s] -- Up-to-date: /home/mscrobotics2425laptop16/mujoco_ros_ws/install/fr3_control_publish/share/fr3_control_publish/cmake/export_fr3_control_publish__rosidl_generator_cExport-noconfig.cmake
[0.897s] -- Up-to-date: /home/mscrobotics2425laptop16/mujoco_ros_ws/install/fr3_control_publish/share/fr3_control_publish/cmake/export_fr3_control_publish__rosidl_typesupport_fastrtps_cExport.cmake
[0.897s] -- Up-to-date: /home/mscrobotics2425laptop16/mujoco_ros_ws/install/fr3_control_publish/share/fr3_control_publish/cmake/export_fr3_control_publish__rosidl_typesupport_fastrtps_cExport-noconfig.cmake
[0.897s] -- Up-to-date: /home/mscrobotics2425laptop16/mujoco_ros_ws/install/fr3_control_publish/share/fr3_control_publish/cmake/fr3_control_publish__rosidl_typesupport_introspection_cExport.cmake
[0.898s] -- Up-to-date: /home/mscrobotics2425laptop16/mujoco_ros_ws/install/fr3_control_publish/share/fr3_control_publish/cmake/fr3_control_publish__rosidl_typesupport_introspection_cExport-noconfig.cmake
[0.898s] -- Up-to-date: /home/mscrobotics2425laptop16/mujoco_ros_ws/install/fr3_control_publish/share/fr3_control_publish/cmake/fr3_control_publish__rosidl_typesupport_cExport.cmake
[0.898s] -- Up-to-date: /home/mscrobotics2425laptop16/mujoco_ros_ws/install/fr3_control_publish/share/fr3_control_publish/cmake/fr3_control_publish__rosidl_typesupport_cExport-noconfig.cmake
[0.898s] -- Up-to-date: /home/mscrobotics2425laptop16/mujoco_ros_ws/install/fr3_control_publish/share/fr3_control_publish/cmake/export_fr3_control_publish__rosidl_generator_cppExport.cmake
[0.898s] -- Up-to-date: /home/mscrobotics2425laptop16/mujoco_ros_ws/install/fr3_control_publish/share/fr3_control_publish/cmake/export_fr3_control_publish__rosidl_typesupport_fastrtps_cppExport.cmake
[0.898s] -- Up-to-date: /home/mscrobotics2425laptop16/mujoco_ros_ws/install/fr3_control_publish/share/fr3_control_publish/cmake/export_fr3_control_publish__rosidl_typesupport_fastrtps_cppExport-noconfig.cmake
[0.898s] -- Up-to-date: /home/mscrobotics2425laptop16/mujoco_ros_ws/install/fr3_control_publish/share/fr3_control_publish/cmake/fr3_control_publish__rosidl_typesupport_introspection_cppExport.cmake
[0.898s] -- Up-to-date: /home/mscrobotics2425laptop16/mujoco_ros_ws/install/fr3_control_publish/share/fr3_control_publish/cmake/fr3_control_publish__rosidl_typesupport_introspection_cppExport-noconfig.cmake
[0.898s] -- Up-to-date: /home/mscrobotics2425laptop16/mujoco_ros_ws/install/fr3_control_publish/share/fr3_control_publish/cmake/fr3_control_publish__rosidl_typesupport_cppExport.cmake
[0.899s] -- Up-to-date: /home/mscrobotics2425laptop16/mujoco_ros_ws/install/fr3_control_publish/share/fr3_control_publish/cmake/fr3_control_publish__rosidl_typesupport_cppExport-noconfig.cmake
[0.899s] -- Up-to-date: /home/mscrobotics2425laptop16/mujoco_ros_ws/install/fr3_control_publish/share/fr3_control_publish/cmake/export_fr3_control_publish__rosidl_generator_pyExport.cmake
[0.899s] -- Up-to-date: /home/mscrobotics2425laptop16/mujoco_ros_ws/install/fr3_control_publish/share/fr3_control_publish/cmake/export_fr3_control_publish__rosidl_generator_pyExport-noconfig.cmake
[0.899s] -- Up-to-date: /home/mscrobotics2425laptop16/mujoco_ros_ws/install/fr3_control_publish/share/fr3_control_publish/cmake/rosidl_cmake-extras.cmake
[0.899s] -- Up-to-date: /home/mscrobotics2425laptop16/mujoco_ros_ws/install/fr3_control_publish/share/fr3_control_publish/cmake/ament_cmake_export_dependencies-extras.cmake
[0.899s] -- Up-to-date: /home/mscrobotics2425laptop16/mujoco_ros_ws/install/fr3_control_publish/share/fr3_control_publish/cmake/ament_cmake_export_include_directories-extras.cmake
[0.899s] -- Up-to-date: /home/mscrobotics2425laptop16/mujoco_ros_ws/install/fr3_control_publish/share/fr3_control_publish/cmake/ament_cmake_export_libraries-extras.cmake
[0.899s] -- Up-to-date: /home/mscrobotics2425laptop16/mujoco_ros_ws/install/fr3_control_publish/share/fr3_control_publish/cmake/ament_cmake_export_targets-extras.cmake
[0.899s] -- Up-to-date: /home/mscrobotics2425laptop16/mujoco_ros_ws/install/fr3_control_publish/share/fr3_control_publish/cmake/rosidl_cmake_export_typesupport_targets-extras.cmake
[0.899s] -- Up-to-date: /home/mscrobotics2425laptop16/mujoco_ros_ws/install/fr3_control_publish/share/fr3_control_publish/cmake/rosidl_cmake_export_typesupport_libraries-extras.cmake
[0.899s] -- Up-to-date: /home/mscrobotics2425laptop16/mujoco_ros_ws/install/fr3_control_publish/share/fr3_control_publish/cmake/fr3_control_publishConfig.cmake
[0.900s] -- Up-to-date: /home/mscrobotics2425laptop16/mujoco_ros_ws/install/fr3_control_publish/share/fr3_control_publish/cmake/fr3_control_publishConfig-version.cmake
[0.900s] -- Up-to-date: /home/mscrobotics2425laptop16/mujoco_ros_ws/install/fr3_control_publish/share/fr3_control_publish/package.xml
[0.901s] Invoked command in '/home/mscrobotics2425laptop16/mujoco_ros_ws/build/fr3_control_publish' returned '0': CMAKE_PREFIX_PATH=${CMAKE_PREFIX_PATH}:/home/mscrobotics2425laptop16/interbotix_ws/install/interbotix_xs_modules:/home/mscrobotics2425laptop16/interbotix_ws/install/interbotix_perception_modules:/home/mscrobotics2425laptop16/interbotix_ws/install/interbotix_common_modules:/home/mscrobotics2425laptop16/interbotix_ws/install/control_pkg:/opt/ros/humble /usr/bin/cmake --install /home/mscrobotics2425laptop16/mujoco_ros_ws/build/fr3_control_publish
