[35m[1mConsolidate compiler generated dependencies of target hybridforcetangentialcontroller[0m
[  2%] Built target fr3_control_publish__cpp
[  9%] Built target ee_pose_bridge
[ 13%] Built target fr3_control_publish__rosidl_generator_c
[ 18%] Built target fr3_monitor
[ 18%] Built target ament_cmake_python_copy_fr3_control_publish
[ 20%] [32mBuilding CXX object CMakeFiles/hybridforcetangentialcontroller.dir/src/HybridForceTangentialController.cpp.o[0m
[ 25%] Built target tangential_velocity_controller
[ 32%] Built target fr3_control_publish__rosidl_typesupport_introspection_c
[ 39%] Built target fr3_control_publish__rosidl_typesupport_fastrtps_cpp
[ 46%] Built target fr3_control_publish__rosidl_typesupport_cpp
[ 53%] Built target fr3_control_publish__rosidl_typesupport_fastrtps_c
[ 60%] Built target fr3_control_publish__rosidl_typesupport_introspection_cpp
[ 67%] Built target fr3_control_publish__rosidl_typesupport_c
[ 67%] Built target fr3_control_publish
[ 72%] Built target jacobian_publisher
[ 76%] Built target force_position_controller
[ 79%] Built target fr3_control_publish__py
[ 83%] Built target fr3_control_publish__rosidl_generator_py
[ 93%] Built target fr3_control_publish__rosidl_typesupport_fastrtps_c__pyext
[ 93%] Built target fr3_control_publish__rosidl_typesupport_c__pyext
[ 97%] Built target fr3_control_publish__rosidl_typesupport_introspection_c__pyext
running egg_info
writing fr3_control_publish.egg-info/PKG-INFO
writing dependency_links to fr3_control_publish.egg-info/dependency_links.txt
writing top-level names to fr3_control_publish.egg-info/top_level.txt
reading manifest file 'fr3_control_publish.egg-info/SOURCES.txt'
writing manifest file 'fr3_control_publish.egg-info/SOURCES.txt'
[ 97%] Built target ament_cmake_python_build_fr3_control_publish_egg
gmake[2]: *** [CMakeFiles/hybridforcetangentialcontroller.dir/build.make:76: CMakeFiles/hybridforcetangentialcontroller.dir/src/HybridForceTangentialController.cpp.o] 中断
gmake[1]: *** [CMakeFiles/Makefile2:734: CMakeFiles/hybridforcetangentialcontroller.dir/all] 中断
gmake: *** [Makefile:146: all] 中断
