[0.069s] Invoking command in '/home/mscrobotics2425laptop16/mujoco_ros_ws/build/mujoco_ros2_control_demos': CMAKE_PREFIX_PATH=${CMAKE_PREFIX_PATH}:/home/mscrobotics2425laptop16/interbotix_ws/install/interbotix_xs_modules:/home/mscrobotics2425laptop16/interbotix_ws/install/interbotix_perception_modules:/home/mscrobotics2425laptop16/interbotix_ws/install/interbotix_common_modules:/home/mscrobotics2425laptop16/interbotix_ws/install/control_pkg:/opt/ros/humble /usr/bin/cmake /home/mscrobotics2425laptop16/mujoco_ros_ws/src/mujoco_ros2_control/mujoco_ros2_control_demos -DCMAKE_INSTALL_PREFIX=/home/mscrobotics2425laptop16/mujoco_ros_ws/install/mujoco_ros2_control_demos
[0.256s] -- The C compiler identification is GNU 11.4.0
[0.449s] -- The CXX compiler identification is GNU 11.4.0
[0.475s] -- Detecting C compiler ABI info
[0.726s] -- Detecting C compiler ABI info - done
[0.756s] -- Check for working C compiler: /usr/bin/cc - skipped
[0.762s] -- Detecting C compile features
[0.766s] -- Detecting C compile features - done
[0.766s] -- Detecting CXX compiler ABI info
[1.058s] -- Detecting CXX compiler ABI info - done
[1.082s] -- Check for working CXX compiler: /usr/bin/c++ - skipped
[1.082s] -- Detecting CXX compile features
[1.083s] -- Detecting CXX compile features - done
[1.107s] -- Found ament_cmake: 1.3.11 (/opt/ros/humble/share/ament_cmake/cmake)
[2.306s] -- Found Python3: /usr/bin/python3 (found version "3.10.12") found components: Interpreter 
[2.762s] -- Found rclcpp: 16.0.11 (/opt/ros/humble/share/rclcpp/cmake)
[3.049s] -- Found rosidl_generator_c: 3.1.6 (/opt/ros/humble/share/rosidl_generator_c/cmake)
[3.094s] -- Found rosidl_adapter: 3.1.6 (/opt/ros/humble/share/rosidl_adapter/cmake)
[3.152s] -- Found rosidl_generator_cpp: 3.1.6 (/opt/ros/humble/share/rosidl_generator_cpp/cmake)
[3.229s] -- Using all available rosidl_typesupport_c: rosidl_typesupport_fastrtps_c;rosidl_typesupport_introspection_c
[3.318s] -- Using all available rosidl_typesupport_cpp: rosidl_typesupport_fastrtps_cpp;rosidl_typesupport_introspection_cpp
[3.576s] -- Found rmw_implementation_cmake: 6.1.2 (/opt/ros/humble/share/rmw_implementation_cmake/cmake)
[3.602s] -- Found rmw_fastrtps_cpp: 6.2.7 (/opt/ros/humble/share/rmw_fastrtps_cpp/cmake)
[3.956s] -- Found OpenSSL: /usr/lib/x86_64-linux-gnu/libcrypto.so (found version "3.0.2")  
[4.055s] -- Found FastRTPS: /opt/ros/humble/include  
[4.205s] -- Using RMW implementation 'rmw_fastrtps_cpp' as default
[4.273s] -- Looking for pthread.h
[4.538s] -- Looking for pthread.h - found
[4.545s] -- Performing Test CMAKE_HAVE_LIBC_PTHREAD
[4.834s] -- Performing Test CMAKE_HAVE_LIBC_PTHREAD - Success
[4.839s] -- Found Threads: TRUE  
[5.076s] -- Found rclcpp_action: 16.0.11 (/opt/ros/humble/share/rclcpp_action/cmake)
[5.233s] -- Found control_msgs: 4.8.0 (/opt/ros/humble/share/control_msgs/cmake)
[5.813s] -- Configuring done
[5.920s] -- Generating done
[5.969s] -- Build files have been written to: /home/mscrobotics2425laptop16/mujoco_ros_ws/build/mujoco_ros2_control_demos
[6.020s] Invoked command in '/home/mscrobotics2425laptop16/mujoco_ros_ws/build/mujoco_ros2_control_demos' returned '0': CMAKE_PREFIX_PATH=${CMAKE_PREFIX_PATH}:/home/mscrobotics2425laptop16/interbotix_ws/install/interbotix_xs_modules:/home/mscrobotics2425laptop16/interbotix_ws/install/interbotix_perception_modules:/home/mscrobotics2425laptop16/interbotix_ws/install/interbotix_common_modules:/home/mscrobotics2425laptop16/interbotix_ws/install/control_pkg:/opt/ros/humble /usr/bin/cmake /home/mscrobotics2425laptop16/mujoco_ros_ws/src/mujoco_ros2_control/mujoco_ros2_control_demos -DCMAKE_INSTALL_PREFIX=/home/mscrobotics2425laptop16/mujoco_ros_ws/install/mujoco_ros2_control_demos
[6.022s] Invoking command in '/home/mscrobotics2425laptop16/mujoco_ros_ws/build/mujoco_ros2_control_demos': CMAKE_PREFIX_PATH=${CMAKE_PREFIX_PATH}:/home/mscrobotics2425laptop16/interbotix_ws/install/interbotix_xs_modules:/home/mscrobotics2425laptop16/interbotix_ws/install/interbotix_perception_modules:/home/mscrobotics2425laptop16/interbotix_ws/install/interbotix_common_modules:/home/mscrobotics2425laptop16/interbotix_ws/install/control_pkg:/opt/ros/humble /usr/bin/cmake --build /home/mscrobotics2425laptop16/mujoco_ros_ws/build/mujoco_ros2_control_demos -- -j12 -l12
[6.234s] [  8%] [32mBuilding CXX object CMakeFiles/example_position.dir/examples/example_position.cpp.o[0m
[6.235s] [ 16%] [32mBuilding CXX object CMakeFiles/example_effort.dir/examples/example_effort.cpp.o[0m
[6.243s] [ 25%] [32mBuilding CXX object CMakeFiles/example_tricycle_drive.dir/examples/example_tricycle_drive.cpp.o[0m
[6.243s] [ 33%] [32mBuilding CXX object CMakeFiles/example_velocity.dir/examples/example_velocity.cpp.o[0m
[6.257s] [ 41%] [32mBuilding CXX object CMakeFiles/example_gripper.dir/examples/example_gripper.cpp.o[0m
[6.295s] [ 50%] [32mBuilding CXX object CMakeFiles/example_diff_drive.dir/examples/example_diff_drive.cpp.o[0m
[21.199s] [ 58%] [32m[1mLinking CXX executable example_effort[0m
[21.779s] [ 66%] [32m[1mLinking CXX executable example_gripper[0m
[21.862s] [ 75%] [32m[1mLinking CXX executable example_diff_drive[0m
[21.969s] [ 83%] [32m[1mLinking CXX executable example_velocity[0m
[22.000s] [ 83%] Built target example_effort
[22.212s] [ 91%] [32m[1mLinking CXX executable example_tricycle_drive[0m
[22.683s] [ 91%] Built target example_gripper
[22.791s] [ 91%] Built target example_diff_drive
[22.811s] [ 91%] Built target example_velocity
[23.004s] [ 91%] Built target example_tricycle_drive
[23.603s] [100%] [32m[1mLinking CXX executable example_position[0m
[23.995s] [100%] Built target example_position
