[0.087s] DEBUG:colcon:Command line arguments: ['/usr/bin/colcon', 'build']
[0.087s] DEBUG:colcon:Parsed command line arguments: Namespace(log_base=None, log_level=None, verb_name='build', build_base='build', install_base='install', merge_install=False, symlink_install=False, test_result_base=None, continue_on_error=False, executor='parallel', parallel_workers=12, event_handlers=None, ignore_user_meta=False, metas=['./colcon.meta'], base_paths=['.'], packages_ignore=None, packages_ignore_regex=None, paths=None, packages_up_to=None, packages_up_to_regex=None, packages_above=None, packages_above_and_dependencies=None, packages_above_depth=None, packages_select_by_dep=None, packages_skip_by_dep=None, packages_skip_up_to=None, packages_select_build_failed=False, packages_skip_build_finished=False, packages_select_test_failures=False, packages_skip_test_passed=False, packages_select=None, packages_skip=None, packages_select_regex=None, packages_skip_regex=None, packages_start=None, packages_end=None, allow_overriding=[], cmake_args=None, cmake_target=None, cmake_target_skip_unavailable=False, cmake_clean_cache=False, cmake_clean_first=False, cmake_force_configure=False, ament_cmake_args=None, catkin_cmake_args=None, catkin_skip_building_tests=False, mixin_files=None, mixin=None, verb_parser=<colcon_mixin.mixin.mixin_argument.MixinArgumentDecorator object at 0x7e1139000430>, verb_extension=<colcon_core.verb.build.BuildVerb object at 0x7e11391c7f10>, main=<bound method BuildVerb.main of <colcon_core.verb.build.BuildVerb object at 0x7e11391c7f10>>, mixin_verb=('build',))
[0.113s] Level 1:colcon.colcon_core.package_discovery:discover_packages(colcon_meta) check parameters
[0.113s] Level 1:colcon.colcon_core.package_discovery:discover_packages(recursive) check parameters
[0.113s] Level 1:colcon.colcon_core.package_discovery:discover_packages(ignore) check parameters
[0.113s] Level 1:colcon.colcon_core.package_discovery:discover_packages(path) check parameters
[0.113s] Level 1:colcon.colcon_core.package_discovery:discover_packages(colcon_meta) discover
[0.113s] Level 1:colcon.colcon_core.package_discovery:discover_packages(recursive) discover
[0.113s] INFO:colcon.colcon_core.package_discovery:Crawling recursively for packages in '/home/mscrobotics2425laptop16/mujoco_ros_ws'
[0.113s] Level 1:colcon.colcon_core.package_identification:_identify(.) by extensions ['ignore', 'ignore_ament_install']
[0.113s] Level 1:colcon.colcon_core.package_identification:_identify(.) by extension 'ignore'
[0.113s] Level 1:colcon.colcon_core.package_identification:_identify(.) by extension 'ignore_ament_install'
[0.113s] Level 1:colcon.colcon_core.package_identification:_identify(.) by extensions ['colcon_pkg']
[0.113s] Level 1:colcon.colcon_core.package_identification:_identify(.) by extension 'colcon_pkg'
[0.113s] Level 1:colcon.colcon_core.package_identification:_identify(.) by extensions ['colcon_meta']
[0.113s] Level 1:colcon.colcon_core.package_identification:_identify(.) by extension 'colcon_meta'
[0.113s] Level 1:colcon.colcon_core.package_identification:_identify(.) by extensions ['ros']
[0.113s] Level 1:colcon.colcon_core.package_identification:_identify(.) by extension 'ros'
[0.126s] Level 1:colcon.colcon_core.package_identification:_identify(.) by extensions ['cmake', 'python']
[0.126s] Level 1:colcon.colcon_core.package_identification:_identify(.) by extension 'cmake'
[0.126s] Level 1:colcon.colcon_core.package_identification:_identify(.) by extension 'python'
[0.127s] Level 1:colcon.colcon_core.package_identification:_identify(.) by extensions ['python_setup_py']
[0.127s] Level 1:colcon.colcon_core.package_identification:_identify(.) by extension 'python_setup_py'
[0.127s] Level 1:colcon.colcon_core.package_identification:_identify(build) by extensions ['ignore', 'ignore_ament_install']
[0.127s] Level 1:colcon.colcon_core.package_identification:_identify(build) by extension 'ignore'
[0.127s] Level 1:colcon.colcon_core.package_identification:_identify(build) ignored
[0.127s] Level 1:colcon.colcon_core.package_identification:_identify(install) by extensions ['ignore', 'ignore_ament_install']
[0.127s] Level 1:colcon.colcon_core.package_identification:_identify(install) by extension 'ignore'
[0.127s] Level 1:colcon.colcon_core.package_identification:_identify(install) ignored
[0.127s] Level 1:colcon.colcon_core.package_identification:_identify(log) by extensions ['ignore', 'ignore_ament_install']
[0.127s] Level 1:colcon.colcon_core.package_identification:_identify(log) by extension 'ignore'
[0.127s] Level 1:colcon.colcon_core.package_identification:_identify(log) ignored
[0.128s] Level 1:colcon.colcon_core.package_identification:_identify(src) by extensions ['ignore', 'ignore_ament_install']
[0.128s] Level 1:colcon.colcon_core.package_identification:_identify(src) by extension 'ignore'
[0.128s] Level 1:colcon.colcon_core.package_identification:_identify(src) by extension 'ignore_ament_install'
[0.128s] Level 1:colcon.colcon_core.package_identification:_identify(src) by extensions ['colcon_pkg']
[0.128s] Level 1:colcon.colcon_core.package_identification:_identify(src) by extension 'colcon_pkg'
[0.128s] Level 1:colcon.colcon_core.package_identification:_identify(src) by extensions ['colcon_meta']
[0.128s] Level 1:colcon.colcon_core.package_identification:_identify(src) by extension 'colcon_meta'
[0.128s] Level 1:colcon.colcon_core.package_identification:_identify(src) by extensions ['ros']
[0.128s] Level 1:colcon.colcon_core.package_identification:_identify(src) by extension 'ros'
[0.128s] Level 1:colcon.colcon_core.package_identification:_identify(src) by extensions ['cmake', 'python']
[0.128s] Level 1:colcon.colcon_core.package_identification:_identify(src) by extension 'cmake'
[0.128s] Level 1:colcon.colcon_core.package_identification:_identify(src) by extension 'python'
[0.128s] Level 1:colcon.colcon_core.package_identification:_identify(src) by extensions ['python_setup_py']
[0.128s] Level 1:colcon.colcon_core.package_identification:_identify(src) by extension 'python_setup_py'
[0.128s] Level 1:colcon.colcon_core.package_identification:_identify(src/fr3_control_publish) by extensions ['ignore', 'ignore_ament_install']
[0.128s] Level 1:colcon.colcon_core.package_identification:_identify(src/fr3_control_publish) by extension 'ignore'
[0.128s] Level 1:colcon.colcon_core.package_identification:_identify(src/fr3_control_publish) by extension 'ignore_ament_install'
[0.128s] Level 1:colcon.colcon_core.package_identification:_identify(src/fr3_control_publish) by extensions ['colcon_pkg']
[0.128s] Level 1:colcon.colcon_core.package_identification:_identify(src/fr3_control_publish) by extension 'colcon_pkg'
[0.128s] Level 1:colcon.colcon_core.package_identification:_identify(src/fr3_control_publish) by extensions ['colcon_meta']
[0.128s] Level 1:colcon.colcon_core.package_identification:_identify(src/fr3_control_publish) by extension 'colcon_meta'
[0.129s] Level 1:colcon.colcon_core.package_identification:_identify(src/fr3_control_publish) by extensions ['ros']
[0.129s] Level 1:colcon.colcon_core.package_identification:_identify(src/fr3_control_publish) by extension 'ros'
[0.131s] DEBUG:colcon.colcon_core.package_identification:Package 'src/fr3_control_publish' with type 'ros.ament_cmake' and name 'fr3_control_publish'
[0.131s] Level 1:colcon.colcon_core.package_identification:_identify(src/mujoco_ros2_control) by extensions ['ignore', 'ignore_ament_install']
[0.131s] Level 1:colcon.colcon_core.package_identification:_identify(src/mujoco_ros2_control) by extension 'ignore'
[0.131s] Level 1:colcon.colcon_core.package_identification:_identify(src/mujoco_ros2_control) by extension 'ignore_ament_install'
[0.131s] Level 1:colcon.colcon_core.package_identification:_identify(src/mujoco_ros2_control) by extensions ['colcon_pkg']
[0.131s] Level 1:colcon.colcon_core.package_identification:_identify(src/mujoco_ros2_control) by extension 'colcon_pkg'
[0.132s] Level 1:colcon.colcon_core.package_identification:_identify(src/mujoco_ros2_control) by extensions ['colcon_meta']
[0.132s] Level 1:colcon.colcon_core.package_identification:_identify(src/mujoco_ros2_control) by extension 'colcon_meta'
[0.132s] Level 1:colcon.colcon_core.package_identification:_identify(src/mujoco_ros2_control) by extensions ['ros']
[0.132s] Level 1:colcon.colcon_core.package_identification:_identify(src/mujoco_ros2_control) by extension 'ros'
[0.132s] Level 1:colcon.colcon_core.package_identification:_identify(src/mujoco_ros2_control) by extensions ['cmake', 'python']
[0.132s] Level 1:colcon.colcon_core.package_identification:_identify(src/mujoco_ros2_control) by extension 'cmake'
[0.132s] Level 1:colcon.colcon_core.package_identification:_identify(src/mujoco_ros2_control) by extension 'python'
[0.132s] Level 1:colcon.colcon_core.package_identification:_identify(src/mujoco_ros2_control) by extensions ['python_setup_py']
[0.132s] Level 1:colcon.colcon_core.package_identification:_identify(src/mujoco_ros2_control) by extension 'python_setup_py'
[0.132s] Level 1:colcon.colcon_core.package_identification:_identify(src/mujoco_ros2_control/doc) by extensions ['ignore', 'ignore_ament_install']
[0.132s] Level 1:colcon.colcon_core.package_identification:_identify(src/mujoco_ros2_control/doc) by extension 'ignore'
[0.132s] Level 1:colcon.colcon_core.package_identification:_identify(src/mujoco_ros2_control/doc) by extension 'ignore_ament_install'
[0.132s] Level 1:colcon.colcon_core.package_identification:_identify(src/mujoco_ros2_control/doc) by extensions ['colcon_pkg']
[0.132s] Level 1:colcon.colcon_core.package_identification:_identify(src/mujoco_ros2_control/doc) by extension 'colcon_pkg'
[0.132s] Level 1:colcon.colcon_core.package_identification:_identify(src/mujoco_ros2_control/doc) by extensions ['colcon_meta']
[0.132s] Level 1:colcon.colcon_core.package_identification:_identify(src/mujoco_ros2_control/doc) by extension 'colcon_meta'
[0.132s] Level 1:colcon.colcon_core.package_identification:_identify(src/mujoco_ros2_control/doc) by extensions ['ros']
[0.132s] Level 1:colcon.colcon_core.package_identification:_identify(src/mujoco_ros2_control/doc) by extension 'ros'
[0.132s] Level 1:colcon.colcon_core.package_identification:_identify(src/mujoco_ros2_control/doc) by extensions ['cmake', 'python']
[0.133s] Level 1:colcon.colcon_core.package_identification:_identify(src/mujoco_ros2_control/doc) by extension 'cmake'
[0.133s] Level 1:colcon.colcon_core.package_identification:_identify(src/mujoco_ros2_control/doc) by extension 'python'
[0.133s] Level 1:colcon.colcon_core.package_identification:_identify(src/mujoco_ros2_control/doc) by extensions ['python_setup_py']
[0.133s] Level 1:colcon.colcon_core.package_identification:_identify(src/mujoco_ros2_control/doc) by extension 'python_setup_py'
[0.133s] Level 1:colcon.colcon_core.package_identification:_identify(src/mujoco_ros2_control/doc/images) by extensions ['ignore', 'ignore_ament_install']
[0.133s] Level 1:colcon.colcon_core.package_identification:_identify(src/mujoco_ros2_control/doc/images) by extension 'ignore'
[0.133s] Level 1:colcon.colcon_core.package_identification:_identify(src/mujoco_ros2_control/doc/images) by extension 'ignore_ament_install'
[0.133s] Level 1:colcon.colcon_core.package_identification:_identify(src/mujoco_ros2_control/doc/images) by extensions ['colcon_pkg']
[0.133s] Level 1:colcon.colcon_core.package_identification:_identify(src/mujoco_ros2_control/doc/images) by extension 'colcon_pkg'
[0.133s] Level 1:colcon.colcon_core.package_identification:_identify(src/mujoco_ros2_control/doc/images) by extensions ['colcon_meta']
[0.133s] Level 1:colcon.colcon_core.package_identification:_identify(src/mujoco_ros2_control/doc/images) by extension 'colcon_meta'
[0.133s] Level 1:colcon.colcon_core.package_identification:_identify(src/mujoco_ros2_control/doc/images) by extensions ['ros']
[0.133s] Level 1:colcon.colcon_core.package_identification:_identify(src/mujoco_ros2_control/doc/images) by extension 'ros'
[0.133s] Level 1:colcon.colcon_core.package_identification:_identify(src/mujoco_ros2_control/doc/images) by extensions ['cmake', 'python']
[0.133s] Level 1:colcon.colcon_core.package_identification:_identify(src/mujoco_ros2_control/doc/images) by extension 'cmake'
[0.133s] Level 1:colcon.colcon_core.package_identification:_identify(src/mujoco_ros2_control/doc/images) by extension 'python'
[0.133s] Level 1:colcon.colcon_core.package_identification:_identify(src/mujoco_ros2_control/doc/images) by extensions ['python_setup_py']
[0.133s] Level 1:colcon.colcon_core.package_identification:_identify(src/mujoco_ros2_control/doc/images) by extension 'python_setup_py'
[0.133s] Level 1:colcon.colcon_core.package_identification:_identify(src/mujoco_ros2_control/docker) by extensions ['ignore', 'ignore_ament_install']
[0.133s] Level 1:colcon.colcon_core.package_identification:_identify(src/mujoco_ros2_control/docker) by extension 'ignore'
[0.134s] Level 1:colcon.colcon_core.package_identification:_identify(src/mujoco_ros2_control/docker) by extension 'ignore_ament_install'
[0.134s] Level 1:colcon.colcon_core.package_identification:_identify(src/mujoco_ros2_control/docker) by extensions ['colcon_pkg']
[0.134s] Level 1:colcon.colcon_core.package_identification:_identify(src/mujoco_ros2_control/docker) by extension 'colcon_pkg'
[0.134s] Level 1:colcon.colcon_core.package_identification:_identify(src/mujoco_ros2_control/docker) by extensions ['colcon_meta']
[0.134s] Level 1:colcon.colcon_core.package_identification:_identify(src/mujoco_ros2_control/docker) by extension 'colcon_meta'
[0.134s] Level 1:colcon.colcon_core.package_identification:_identify(src/mujoco_ros2_control/docker) by extensions ['ros']
[0.134s] Level 1:colcon.colcon_core.package_identification:_identify(src/mujoco_ros2_control/docker) by extension 'ros'
[0.134s] Level 1:colcon.colcon_core.package_identification:_identify(src/mujoco_ros2_control/docker) by extensions ['cmake', 'python']
[0.134s] Level 1:colcon.colcon_core.package_identification:_identify(src/mujoco_ros2_control/docker) by extension 'cmake'
[0.134s] Level 1:colcon.colcon_core.package_identification:_identify(src/mujoco_ros2_control/docker) by extension 'python'
[0.134s] Level 1:colcon.colcon_core.package_identification:_identify(src/mujoco_ros2_control/docker) by extensions ['python_setup_py']
[0.134s] Level 1:colcon.colcon_core.package_identification:_identify(src/mujoco_ros2_control/docker) by extension 'python_setup_py'
[0.134s] Level 1:colcon.colcon_core.package_identification:_identify(src/mujoco_ros2_control/mujoco_ros2_control) by extensions ['ignore', 'ignore_ament_install']
[0.134s] Level 1:colcon.colcon_core.package_identification:_identify(src/mujoco_ros2_control/mujoco_ros2_control) by extension 'ignore'
[0.134s] Level 1:colcon.colcon_core.package_identification:_identify(src/mujoco_ros2_control/mujoco_ros2_control) by extension 'ignore_ament_install'
[0.134s] Level 1:colcon.colcon_core.package_identification:_identify(src/mujoco_ros2_control/mujoco_ros2_control) by extensions ['colcon_pkg']
[0.134s] Level 1:colcon.colcon_core.package_identification:_identify(src/mujoco_ros2_control/mujoco_ros2_control) by extension 'colcon_pkg'
[0.134s] Level 1:colcon.colcon_core.package_identification:_identify(src/mujoco_ros2_control/mujoco_ros2_control) by extensions ['colcon_meta']
[0.134s] Level 1:colcon.colcon_core.package_identification:_identify(src/mujoco_ros2_control/mujoco_ros2_control) by extension 'colcon_meta'
[0.134s] Level 1:colcon.colcon_core.package_identification:_identify(src/mujoco_ros2_control/mujoco_ros2_control) by extensions ['ros']
[0.134s] Level 1:colcon.colcon_core.package_identification:_identify(src/mujoco_ros2_control/mujoco_ros2_control) by extension 'ros'
[0.136s] DEBUG:colcon.colcon_core.package_identification:Package 'src/mujoco_ros2_control/mujoco_ros2_control' with type 'ros.ament_cmake' and name 'mujoco_ros2_control'
[0.136s] Level 1:colcon.colcon_core.package_identification:_identify(src/mujoco_ros2_control/mujoco_ros2_control_demos) by extensions ['ignore', 'ignore_ament_install']
[0.136s] Level 1:colcon.colcon_core.package_identification:_identify(src/mujoco_ros2_control/mujoco_ros2_control_demos) by extension 'ignore'
[0.136s] Level 1:colcon.colcon_core.package_identification:_identify(src/mujoco_ros2_control/mujoco_ros2_control_demos) by extension 'ignore_ament_install'
[0.136s] Level 1:colcon.colcon_core.package_identification:_identify(src/mujoco_ros2_control/mujoco_ros2_control_demos) by extensions ['colcon_pkg']
[0.136s] Level 1:colcon.colcon_core.package_identification:_identify(src/mujoco_ros2_control/mujoco_ros2_control_demos) by extension 'colcon_pkg'
[0.136s] Level 1:colcon.colcon_core.package_identification:_identify(src/mujoco_ros2_control/mujoco_ros2_control_demos) by extensions ['colcon_meta']
[0.136s] Level 1:colcon.colcon_core.package_identification:_identify(src/mujoco_ros2_control/mujoco_ros2_control_demos) by extension 'colcon_meta'
[0.136s] Level 1:colcon.colcon_core.package_identification:_identify(src/mujoco_ros2_control/mujoco_ros2_control_demos) by extensions ['ros']
[0.136s] Level 1:colcon.colcon_core.package_identification:_identify(src/mujoco_ros2_control/mujoco_ros2_control_demos) by extension 'ros'
[0.137s] DEBUG:colcon.colcon_core.package_identification:Package 'src/mujoco_ros2_control/mujoco_ros2_control_demos' with type 'ros.ament_cmake' and name 'mujoco_ros2_control_demos'
[0.137s] Level 1:colcon.colcon_core.package_discovery:discover_packages(recursive) using defaults
[0.137s] Level 1:colcon.colcon_core.package_discovery:discover_packages(ignore) discover
[0.137s] Level 1:colcon.colcon_core.package_discovery:discover_packages(ignore) using defaults
[0.137s] Level 1:colcon.colcon_core.package_discovery:discover_packages(path) discover
[0.137s] Level 1:colcon.colcon_core.package_discovery:discover_packages(path) using defaults
[0.153s] Level 1:colcon.colcon_core.package_discovery:discover_packages(prefix_path) check parameters
[0.153s] Level 1:colcon.colcon_core.package_discovery:discover_packages(prefix_path) discover
[0.154s] WARNING:colcon.colcon_ros.prefix_path.catkin:The path '/opt/openrobots' in the environment variable CMAKE_PREFIX_PATH doesn't exist
[0.155s] DEBUG:colcon.colcon_installed_package_information.package_discovery:Found 35 installed packages in /home/mscrobotics2425laptop16/interbotix_ws/install
[0.156s] DEBUG:colcon.colcon_installed_package_information.package_discovery:Found 1 installed packages in /home/mscrobotics2425laptop16/apriltag_ws/install
[0.157s] DEBUG:colcon.colcon_installed_package_information.package_discovery:Found 442 installed packages in /opt/ros/humble
[0.158s] Level 1:colcon.colcon_core.package_discovery:discover_packages(prefix_path) using defaults
[0.205s] Level 5:colcon.colcon_core.verb:set package 'fr3_control_publish' build argument 'cmake_args' from command line to 'None'
[0.205s] Level 5:colcon.colcon_core.verb:set package 'fr3_control_publish' build argument 'cmake_target' from command line to 'None'
[0.205s] Level 5:colcon.colcon_core.verb:set package 'fr3_control_publish' build argument 'cmake_target_skip_unavailable' from command line to 'False'
[0.205s] Level 5:colcon.colcon_core.verb:set package 'fr3_control_publish' build argument 'cmake_clean_cache' from command line to 'False'
[0.205s] Level 5:colcon.colcon_core.verb:set package 'fr3_control_publish' build argument 'cmake_clean_first' from command line to 'False'
[0.205s] Level 5:colcon.colcon_core.verb:set package 'fr3_control_publish' build argument 'cmake_force_configure' from command line to 'False'
[0.205s] Level 5:colcon.colcon_core.verb:set package 'fr3_control_publish' build argument 'ament_cmake_args' from command line to 'None'
[0.205s] Level 5:colcon.colcon_core.verb:set package 'fr3_control_publish' build argument 'catkin_cmake_args' from command line to 'None'
[0.205s] Level 5:colcon.colcon_core.verb:set package 'fr3_control_publish' build argument 'catkin_skip_building_tests' from command line to 'False'
[0.205s] DEBUG:colcon.colcon_core.verb:Building package 'fr3_control_publish' with the following arguments: {'ament_cmake_args': None, 'build_base': '/home/mscrobotics2425laptop16/mujoco_ros_ws/build/fr3_control_publish', 'catkin_cmake_args': None, 'catkin_skip_building_tests': False, 'cmake_args': None, 'cmake_clean_cache': False, 'cmake_clean_first': False, 'cmake_force_configure': False, 'cmake_target': None, 'cmake_target_skip_unavailable': False, 'install_base': '/home/mscrobotics2425laptop16/mujoco_ros_ws/install/fr3_control_publish', 'merge_install': False, 'path': '/home/mscrobotics2425laptop16/mujoco_ros_ws/src/fr3_control_publish', 'symlink_install': False, 'test_result_base': None}
[0.206s] Level 5:colcon.colcon_core.verb:set package 'mujoco_ros2_control' build argument 'cmake_args' from command line to 'None'
[0.206s] Level 5:colcon.colcon_core.verb:set package 'mujoco_ros2_control' build argument 'cmake_target' from command line to 'None'
[0.206s] Level 5:colcon.colcon_core.verb:set package 'mujoco_ros2_control' build argument 'cmake_target_skip_unavailable' from command line to 'False'
[0.206s] Level 5:colcon.colcon_core.verb:set package 'mujoco_ros2_control' build argument 'cmake_clean_cache' from command line to 'False'
[0.206s] Level 5:colcon.colcon_core.verb:set package 'mujoco_ros2_control' build argument 'cmake_clean_first' from command line to 'False'
[0.206s] Level 5:colcon.colcon_core.verb:set package 'mujoco_ros2_control' build argument 'cmake_force_configure' from command line to 'False'
[0.206s] Level 5:colcon.colcon_core.verb:set package 'mujoco_ros2_control' build argument 'ament_cmake_args' from command line to 'None'
[0.206s] Level 5:colcon.colcon_core.verb:set package 'mujoco_ros2_control' build argument 'catkin_cmake_args' from command line to 'None'
[0.206s] Level 5:colcon.colcon_core.verb:set package 'mujoco_ros2_control' build argument 'catkin_skip_building_tests' from command line to 'False'
[0.206s] DEBUG:colcon.colcon_core.verb:Building package 'mujoco_ros2_control' with the following arguments: {'ament_cmake_args': None, 'build_base': '/home/mscrobotics2425laptop16/mujoco_ros_ws/build/mujoco_ros2_control', 'catkin_cmake_args': None, 'catkin_skip_building_tests': False, 'cmake_args': None, 'cmake_clean_cache': False, 'cmake_clean_first': False, 'cmake_force_configure': False, 'cmake_target': None, 'cmake_target_skip_unavailable': False, 'install_base': '/home/mscrobotics2425laptop16/mujoco_ros_ws/install/mujoco_ros2_control', 'merge_install': False, 'path': '/home/mscrobotics2425laptop16/mujoco_ros_ws/src/mujoco_ros2_control/mujoco_ros2_control', 'symlink_install': False, 'test_result_base': None}
[0.206s] Level 5:colcon.colcon_core.verb:set package 'mujoco_ros2_control_demos' build argument 'cmake_args' from command line to 'None'
[0.206s] Level 5:colcon.colcon_core.verb:set package 'mujoco_ros2_control_demos' build argument 'cmake_target' from command line to 'None'
[0.206s] Level 5:colcon.colcon_core.verb:set package 'mujoco_ros2_control_demos' build argument 'cmake_target_skip_unavailable' from command line to 'False'
[0.206s] Level 5:colcon.colcon_core.verb:set package 'mujoco_ros2_control_demos' build argument 'cmake_clean_cache' from command line to 'False'
[0.206s] Level 5:colcon.colcon_core.verb:set package 'mujoco_ros2_control_demos' build argument 'cmake_clean_first' from command line to 'False'
[0.206s] Level 5:colcon.colcon_core.verb:set package 'mujoco_ros2_control_demos' build argument 'cmake_force_configure' from command line to 'False'
[0.206s] Level 5:colcon.colcon_core.verb:set package 'mujoco_ros2_control_demos' build argument 'ament_cmake_args' from command line to 'None'
[0.206s] Level 5:colcon.colcon_core.verb:set package 'mujoco_ros2_control_demos' build argument 'catkin_cmake_args' from command line to 'None'
[0.206s] Level 5:colcon.colcon_core.verb:set package 'mujoco_ros2_control_demos' build argument 'catkin_skip_building_tests' from command line to 'False'
[0.206s] DEBUG:colcon.colcon_core.verb:Building package 'mujoco_ros2_control_demos' with the following arguments: {'ament_cmake_args': None, 'build_base': '/home/mscrobotics2425laptop16/mujoco_ros_ws/build/mujoco_ros2_control_demos', 'catkin_cmake_args': None, 'catkin_skip_building_tests': False, 'cmake_args': None, 'cmake_clean_cache': False, 'cmake_clean_first': False, 'cmake_force_configure': False, 'cmake_target': None, 'cmake_target_skip_unavailable': False, 'install_base': '/home/mscrobotics2425laptop16/mujoco_ros_ws/install/mujoco_ros2_control_demos', 'merge_install': False, 'path': '/home/mscrobotics2425laptop16/mujoco_ros_ws/src/mujoco_ros2_control/mujoco_ros2_control_demos', 'symlink_install': False, 'test_result_base': None}
[0.206s] INFO:colcon.colcon_core.executor:Executing jobs using 'parallel' executor
[0.207s] DEBUG:colcon.colcon_parallel_executor.executor.parallel:run_until_complete
[0.207s] INFO:colcon.colcon_ros.task.ament_cmake.build:Building ROS package in '/home/mscrobotics2425laptop16/mujoco_ros_ws/src/fr3_control_publish' with build type 'ament_cmake'
[0.207s] INFO:colcon.colcon_cmake.task.cmake.build:Building CMake package in '/home/mscrobotics2425laptop16/mujoco_ros_ws/src/fr3_control_publish'
[0.209s] INFO:colcon.colcon_core.plugin_system:Skipping extension 'colcon_core.shell.bat': Not used on non-Windows systems
[0.209s] INFO:colcon.colcon_core.shell:Skip shell extension 'powershell' for command environment: Not usable outside of PowerShell
[0.209s] DEBUG:colcon.colcon_core.shell:Skip shell extension 'dsv' for command environment
[0.212s] INFO:colcon.colcon_ros.task.ament_cmake.build:Building ROS package in '/home/mscrobotics2425laptop16/mujoco_ros_ws/src/mujoco_ros2_control/mujoco_ros2_control' with build type 'ament_cmake'
[0.212s] INFO:colcon.colcon_cmake.task.cmake.build:Building CMake package in '/home/mscrobotics2425laptop16/mujoco_ros_ws/src/mujoco_ros2_control/mujoco_ros2_control'
[0.213s] INFO:colcon.colcon_core.shell:Skip shell extension 'powershell' for command environment: Not usable outside of PowerShell
[0.213s] DEBUG:colcon.colcon_core.shell:Skip shell extension 'dsv' for command environment
[0.217s] INFO:colcon.colcon_ros.task.ament_cmake.build:Building ROS package in '/home/mscrobotics2425laptop16/mujoco_ros_ws/src/mujoco_ros2_control/mujoco_ros2_control_demos' with build type 'ament_cmake'
[0.217s] INFO:colcon.colcon_cmake.task.cmake.build:Building CMake package in '/home/mscrobotics2425laptop16/mujoco_ros_ws/src/mujoco_ros2_control/mujoco_ros2_control_demos'
[0.218s] INFO:colcon.colcon_core.shell:Skip shell extension 'powershell' for command environment: Not usable outside of PowerShell
[0.218s] DEBUG:colcon.colcon_core.shell:Skip shell extension 'dsv' for command environment
[0.229s] DEBUG:colcon.colcon_core.event_handler.log_command:Invoking command in '/home/mscrobotics2425laptop16/mujoco_ros_ws/build/fr3_control_publish': CMAKE_PREFIX_PATH=${CMAKE_PREFIX_PATH}:/home/mscrobotics2425laptop16/interbotix_ws/install/interbotix_xs_modules:/home/mscrobotics2425laptop16/interbotix_ws/install/interbotix_perception_modules:/home/mscrobotics2425laptop16/interbotix_ws/install/interbotix_common_modules:/home/mscrobotics2425laptop16/interbotix_ws/install/control_pkg:/opt/ros/humble /usr/bin/cmake --build /home/mscrobotics2425laptop16/mujoco_ros_ws/build/fr3_control_publish -- -j12 -l12
[0.237s] DEBUG:colcon.colcon_core.event_handler.log_command:Invoking command in '/home/mscrobotics2425laptop16/mujoco_ros_ws/build/mujoco_ros2_control': CMAKE_PREFIX_PATH=${CMAKE_PREFIX_PATH}:/home/mscrobotics2425laptop16/interbotix_ws/install/interbotix_xs_modules:/home/mscrobotics2425laptop16/interbotix_ws/install/interbotix_perception_modules:/home/mscrobotics2425laptop16/interbotix_ws/install/interbotix_common_modules:/home/mscrobotics2425laptop16/interbotix_ws/install/control_pkg:/opt/ros/humble /usr/bin/cmake --build /home/mscrobotics2425laptop16/mujoco_ros_ws/build/mujoco_ros2_control -- -j12 -l12
[0.241s] DEBUG:colcon.colcon_core.event_handler.log_command:Invoking command in '/home/mscrobotics2425laptop16/mujoco_ros_ws/build/mujoco_ros2_control_demos': CMAKE_PREFIX_PATH=${CMAKE_PREFIX_PATH}:/home/mscrobotics2425laptop16/interbotix_ws/install/interbotix_xs_modules:/home/mscrobotics2425laptop16/interbotix_ws/install/interbotix_perception_modules:/home/mscrobotics2425laptop16/interbotix_ws/install/interbotix_common_modules:/home/mscrobotics2425laptop16/interbotix_ws/install/control_pkg:/opt/ros/humble /usr/bin/cmake --build /home/mscrobotics2425laptop16/mujoco_ros_ws/build/mujoco_ros2_control_demos -- -j12 -l12
[0.406s] DEBUG:colcon.colcon_core.event_handler.log_command:Invoked command in '/home/mscrobotics2425laptop16/mujoco_ros_ws/build/mujoco_ros2_control_demos' returned '0': CMAKE_PREFIX_PATH=${CMAKE_PREFIX_PATH}:/home/mscrobotics2425laptop16/interbotix_ws/install/interbotix_xs_modules:/home/mscrobotics2425laptop16/interbotix_ws/install/interbotix_perception_modules:/home/mscrobotics2425laptop16/interbotix_ws/install/interbotix_common_modules:/home/mscrobotics2425laptop16/interbotix_ws/install/control_pkg:/opt/ros/humble /usr/bin/cmake --build /home/mscrobotics2425laptop16/mujoco_ros_ws/build/mujoco_ros2_control_demos -- -j12 -l12
[0.422s] DEBUG:colcon.colcon_core.event_handler.log_command:Invoking command in '/home/mscrobotics2425laptop16/mujoco_ros_ws/build/mujoco_ros2_control_demos': CMAKE_PREFIX_PATH=${CMAKE_PREFIX_PATH}:/home/mscrobotics2425laptop16/interbotix_ws/install/interbotix_xs_modules:/home/mscrobotics2425laptop16/interbotix_ws/install/interbotix_perception_modules:/home/mscrobotics2425laptop16/interbotix_ws/install/interbotix_common_modules:/home/mscrobotics2425laptop16/interbotix_ws/install/control_pkg:/opt/ros/humble /usr/bin/cmake --install /home/mscrobotics2425laptop16/mujoco_ros_ws/build/mujoco_ros2_control_demos
[0.448s] Level 1:colcon.colcon_core.environment:create_environment_scripts_only(mujoco_ros2_control_demos)
[0.457s] DEBUG:colcon.colcon_core.event_handler.log_command:Invoked command in '/home/mscrobotics2425laptop16/mujoco_ros_ws/build/mujoco_ros2_control_demos' returned '0': CMAKE_PREFIX_PATH=${CMAKE_PREFIX_PATH}:/home/mscrobotics2425laptop16/interbotix_ws/install/interbotix_xs_modules:/home/mscrobotics2425laptop16/interbotix_ws/install/interbotix_perception_modules:/home/mscrobotics2425laptop16/interbotix_ws/install/interbotix_common_modules:/home/mscrobotics2425laptop16/interbotix_ws/install/control_pkg:/opt/ros/humble /usr/bin/cmake --install /home/mscrobotics2425laptop16/mujoco_ros_ws/build/mujoco_ros2_control_demos
[0.460s] Level 1:colcon.colcon_core.environment:checking '/home/mscrobotics2425laptop16/mujoco_ros_ws/install/mujoco_ros2_control_demos' for CMake module files
[0.461s] Level 1:colcon.colcon_core.environment:checking '/home/mscrobotics2425laptop16/mujoco_ros_ws/install/mujoco_ros2_control_demos' for CMake config files
[0.462s] Level 1:colcon.colcon_core.shell:create_environment_hook('mujoco_ros2_control_demos', 'cmake_prefix_path')
[0.462s] INFO:colcon.colcon_core.shell:Creating environment hook '/home/mscrobotics2425laptop16/mujoco_ros_ws/install/mujoco_ros2_control_demos/share/mujoco_ros2_control_demos/hook/cmake_prefix_path.ps1'
[0.464s] INFO:colcon.colcon_core.shell:Creating environment descriptor '/home/mscrobotics2425laptop16/mujoco_ros_ws/install/mujoco_ros2_control_demos/share/mujoco_ros2_control_demos/hook/cmake_prefix_path.dsv'
[0.465s] INFO:colcon.colcon_core.shell:Creating environment hook '/home/mscrobotics2425laptop16/mujoco_ros_ws/install/mujoco_ros2_control_demos/share/mujoco_ros2_control_demos/hook/cmake_prefix_path.sh'
[0.467s] Level 1:colcon.colcon_core.environment:checking '/home/mscrobotics2425laptop16/mujoco_ros_ws/install/mujoco_ros2_control_demos/lib'
[0.467s] Level 1:colcon.colcon_core.environment:checking '/home/mscrobotics2425laptop16/mujoco_ros_ws/install/mujoco_ros2_control_demos/bin'
[0.467s] Level 1:colcon.colcon_core.environment:checking '/home/mscrobotics2425laptop16/mujoco_ros_ws/install/mujoco_ros2_control_demos/lib/pkgconfig/mujoco_ros2_control_demos.pc'
[0.467s] Level 1:colcon.colcon_core.environment:checking '/home/mscrobotics2425laptop16/mujoco_ros_ws/install/mujoco_ros2_control_demos/lib/python3.10/site-packages'
[0.468s] Level 1:colcon.colcon_core.environment:checking '/home/mscrobotics2425laptop16/mujoco_ros_ws/install/mujoco_ros2_control_demos/bin'
[0.468s] INFO:colcon.colcon_core.shell:Creating package script '/home/mscrobotics2425laptop16/mujoco_ros_ws/install/mujoco_ros2_control_demos/share/mujoco_ros2_control_demos/package.ps1'
[0.470s] INFO:colcon.colcon_core.shell:Creating package descriptor '/home/mscrobotics2425laptop16/mujoco_ros_ws/install/mujoco_ros2_control_demos/share/mujoco_ros2_control_demos/package.dsv'
[0.471s] INFO:colcon.colcon_core.shell:Creating package script '/home/mscrobotics2425laptop16/mujoco_ros_ws/install/mujoco_ros2_control_demos/share/mujoco_ros2_control_demos/package.sh'
[0.473s] INFO:colcon.colcon_core.shell:Creating package script '/home/mscrobotics2425laptop16/mujoco_ros_ws/install/mujoco_ros2_control_demos/share/mujoco_ros2_control_demos/package.bash'
[0.474s] INFO:colcon.colcon_core.shell:Creating package script '/home/mscrobotics2425laptop16/mujoco_ros_ws/install/mujoco_ros2_control_demos/share/mujoco_ros2_control_demos/package.zsh'
[0.476s] Level 1:colcon.colcon_core.environment:create_file_with_runtime_dependencies(/home/mscrobotics2425laptop16/mujoco_ros_ws/install/mujoco_ros2_control_demos/share/colcon-core/packages/mujoco_ros2_control_demos)
[0.479s] Level 1:colcon.colcon_core.environment:create_environment_scripts_only(mujoco_ros2_control_demos)
[0.481s] Level 1:colcon.colcon_core.environment:checking '/home/mscrobotics2425laptop16/mujoco_ros_ws/install/mujoco_ros2_control_demos' for CMake module files
[0.482s] Level 1:colcon.colcon_core.environment:checking '/home/mscrobotics2425laptop16/mujoco_ros_ws/install/mujoco_ros2_control_demos' for CMake config files
[0.484s] Level 1:colcon.colcon_core.shell:create_environment_hook('mujoco_ros2_control_demos', 'cmake_prefix_path')
[0.485s] INFO:colcon.colcon_core.shell:Creating environment hook '/home/mscrobotics2425laptop16/mujoco_ros_ws/install/mujoco_ros2_control_demos/share/mujoco_ros2_control_demos/hook/cmake_prefix_path.ps1'
[0.485s] INFO:colcon.colcon_core.shell:Creating environment descriptor '/home/mscrobotics2425laptop16/mujoco_ros_ws/install/mujoco_ros2_control_demos/share/mujoco_ros2_control_demos/hook/cmake_prefix_path.dsv'
[0.487s] INFO:colcon.colcon_core.shell:Creating environment hook '/home/mscrobotics2425laptop16/mujoco_ros_ws/install/mujoco_ros2_control_demos/share/mujoco_ros2_control_demos/hook/cmake_prefix_path.sh'
[0.489s] Level 1:colcon.colcon_core.environment:checking '/home/mscrobotics2425laptop16/mujoco_ros_ws/install/mujoco_ros2_control_demos/lib'
[0.490s] Level 1:colcon.colcon_core.environment:checking '/home/mscrobotics2425laptop16/mujoco_ros_ws/install/mujoco_ros2_control_demos/bin'
[0.490s] Level 1:colcon.colcon_core.environment:checking '/home/mscrobotics2425laptop16/mujoco_ros_ws/install/mujoco_ros2_control_demos/lib/pkgconfig/mujoco_ros2_control_demos.pc'
[0.490s] Level 1:colcon.colcon_core.environment:checking '/home/mscrobotics2425laptop16/mujoco_ros_ws/install/mujoco_ros2_control_demos/lib/python3.10/site-packages'
[0.490s] Level 1:colcon.colcon_core.environment:checking '/home/mscrobotics2425laptop16/mujoco_ros_ws/install/mujoco_ros2_control_demos/bin'
[0.491s] INFO:colcon.colcon_core.shell:Creating package script '/home/mscrobotics2425laptop16/mujoco_ros_ws/install/mujoco_ros2_control_demos/share/mujoco_ros2_control_demos/package.ps1'
[0.493s] INFO:colcon.colcon_core.shell:Creating package descriptor '/home/mscrobotics2425laptop16/mujoco_ros_ws/install/mujoco_ros2_control_demos/share/mujoco_ros2_control_demos/package.dsv'
[0.494s] INFO:colcon.colcon_core.shell:Creating package script '/home/mscrobotics2425laptop16/mujoco_ros_ws/install/mujoco_ros2_control_demos/share/mujoco_ros2_control_demos/package.sh'
[0.495s] INFO:colcon.colcon_core.shell:Creating package script '/home/mscrobotics2425laptop16/mujoco_ros_ws/install/mujoco_ros2_control_demos/share/mujoco_ros2_control_demos/package.bash'
[0.496s] INFO:colcon.colcon_core.shell:Creating package script '/home/mscrobotics2425laptop16/mujoco_ros_ws/install/mujoco_ros2_control_demos/share/mujoco_ros2_control_demos/package.zsh'
[0.496s] Level 1:colcon.colcon_core.environment:create_file_with_runtime_dependencies(/home/mscrobotics2425laptop16/mujoco_ros_ws/install/mujoco_ros2_control_demos/share/colcon-core/packages/mujoco_ros2_control_demos)
[1.028s] DEBUG:colcon.colcon_core.event_handler.log_command:Invoked command in '/home/mscrobotics2425laptop16/mujoco_ros_ws/build/fr3_control_publish' returned '0': CMAKE_PREFIX_PATH=${CMAKE_PREFIX_PATH}:/home/mscrobotics2425laptop16/interbotix_ws/install/interbotix_xs_modules:/home/mscrobotics2425laptop16/interbotix_ws/install/interbotix_perception_modules:/home/mscrobotics2425laptop16/interbotix_ws/install/interbotix_common_modules:/home/mscrobotics2425laptop16/interbotix_ws/install/control_pkg:/opt/ros/humble /usr/bin/cmake --build /home/mscrobotics2425laptop16/mujoco_ros_ws/build/fr3_control_publish -- -j12 -l12
[1.029s] DEBUG:colcon.colcon_core.event_handler.log_command:Invoking command in '/home/mscrobotics2425laptop16/mujoco_ros_ws/build/fr3_control_publish': CMAKE_PREFIX_PATH=${CMAKE_PREFIX_PATH}:/home/mscrobotics2425laptop16/interbotix_ws/install/interbotix_xs_modules:/home/mscrobotics2425laptop16/interbotix_ws/install/interbotix_perception_modules:/home/mscrobotics2425laptop16/interbotix_ws/install/interbotix_common_modules:/home/mscrobotics2425laptop16/interbotix_ws/install/control_pkg:/opt/ros/humble /usr/bin/cmake --install /home/mscrobotics2425laptop16/mujoco_ros_ws/build/fr3_control_publish
[1.109s] Level 1:colcon.colcon_core.environment:create_environment_scripts_only(fr3_control_publish)
[1.109s] Level 1:colcon.colcon_core.environment:checking '/home/mscrobotics2425laptop16/mujoco_ros_ws/install/fr3_control_publish' for CMake module files
[1.110s] DEBUG:colcon.colcon_core.event_handler.log_command:Invoked command in '/home/mscrobotics2425laptop16/mujoco_ros_ws/build/fr3_control_publish' returned '0': CMAKE_PREFIX_PATH=${CMAKE_PREFIX_PATH}:/home/mscrobotics2425laptop16/interbotix_ws/install/interbotix_xs_modules:/home/mscrobotics2425laptop16/interbotix_ws/install/interbotix_perception_modules:/home/mscrobotics2425laptop16/interbotix_ws/install/interbotix_common_modules:/home/mscrobotics2425laptop16/interbotix_ws/install/control_pkg:/opt/ros/humble /usr/bin/cmake --install /home/mscrobotics2425laptop16/mujoco_ros_ws/build/fr3_control_publish
[1.110s] Level 1:colcon.colcon_core.environment:checking '/home/mscrobotics2425laptop16/mujoco_ros_ws/install/fr3_control_publish' for CMake config files
[1.111s] Level 1:colcon.colcon_core.shell:create_environment_hook('fr3_control_publish', 'cmake_prefix_path')
[1.111s] INFO:colcon.colcon_core.shell:Creating environment hook '/home/mscrobotics2425laptop16/mujoco_ros_ws/install/fr3_control_publish/share/fr3_control_publish/hook/cmake_prefix_path.ps1'
[1.112s] INFO:colcon.colcon_core.shell:Creating environment descriptor '/home/mscrobotics2425laptop16/mujoco_ros_ws/install/fr3_control_publish/share/fr3_control_publish/hook/cmake_prefix_path.dsv'
[1.112s] INFO:colcon.colcon_core.shell:Creating environment hook '/home/mscrobotics2425laptop16/mujoco_ros_ws/install/fr3_control_publish/share/fr3_control_publish/hook/cmake_prefix_path.sh'
[1.113s] Level 1:colcon.colcon_core.environment:checking '/home/mscrobotics2425laptop16/mujoco_ros_ws/install/fr3_control_publish/lib'
[1.113s] Level 1:colcon.colcon_core.shell:create_environment_hook('fr3_control_publish', 'ld_library_path_lib')
[1.114s] INFO:colcon.colcon_core.shell:Creating environment hook '/home/mscrobotics2425laptop16/mujoco_ros_ws/install/fr3_control_publish/share/fr3_control_publish/hook/ld_library_path_lib.ps1'
[1.114s] INFO:colcon.colcon_core.shell:Creating environment descriptor '/home/mscrobotics2425laptop16/mujoco_ros_ws/install/fr3_control_publish/share/fr3_control_publish/hook/ld_library_path_lib.dsv'
[1.115s] INFO:colcon.colcon_core.shell:Creating environment hook '/home/mscrobotics2425laptop16/mujoco_ros_ws/install/fr3_control_publish/share/fr3_control_publish/hook/ld_library_path_lib.sh'
[1.115s] Level 1:colcon.colcon_core.environment:checking '/home/mscrobotics2425laptop16/mujoco_ros_ws/install/fr3_control_publish/bin'
[1.115s] Level 1:colcon.colcon_core.environment:checking '/home/mscrobotics2425laptop16/mujoco_ros_ws/install/fr3_control_publish/lib/pkgconfig/fr3_control_publish.pc'
[1.116s] Level 1:colcon.colcon_core.environment:checking '/home/mscrobotics2425laptop16/mujoco_ros_ws/install/fr3_control_publish/lib/python3.10/site-packages'
[1.116s] Level 1:colcon.colcon_core.environment:checking '/home/mscrobotics2425laptop16/mujoco_ros_ws/install/fr3_control_publish/bin'
[1.116s] INFO:colcon.colcon_core.shell:Creating package script '/home/mscrobotics2425laptop16/mujoco_ros_ws/install/fr3_control_publish/share/fr3_control_publish/package.ps1'
[1.118s] INFO:colcon.colcon_core.shell:Creating package descriptor '/home/mscrobotics2425laptop16/mujoco_ros_ws/install/fr3_control_publish/share/fr3_control_publish/package.dsv'
[1.119s] INFO:colcon.colcon_core.shell:Creating package script '/home/mscrobotics2425laptop16/mujoco_ros_ws/install/fr3_control_publish/share/fr3_control_publish/package.sh'
[1.119s] INFO:colcon.colcon_core.shell:Creating package script '/home/mscrobotics2425laptop16/mujoco_ros_ws/install/fr3_control_publish/share/fr3_control_publish/package.bash'
[1.120s] INFO:colcon.colcon_core.shell:Creating package script '/home/mscrobotics2425laptop16/mujoco_ros_ws/install/fr3_control_publish/share/fr3_control_publish/package.zsh'
[1.120s] Level 1:colcon.colcon_core.environment:create_file_with_runtime_dependencies(/home/mscrobotics2425laptop16/mujoco_ros_ws/install/fr3_control_publish/share/colcon-core/packages/fr3_control_publish)
[1.121s] Level 1:colcon.colcon_core.environment:create_environment_scripts_only(fr3_control_publish)
[1.122s] Level 1:colcon.colcon_core.environment:checking '/home/mscrobotics2425laptop16/mujoco_ros_ws/install/fr3_control_publish' for CMake module files
[1.123s] Level 1:colcon.colcon_core.environment:checking '/home/mscrobotics2425laptop16/mujoco_ros_ws/install/fr3_control_publish' for CMake config files
[1.123s] Level 1:colcon.colcon_core.shell:create_environment_hook('fr3_control_publish', 'cmake_prefix_path')
[1.124s] INFO:colcon.colcon_core.shell:Creating environment hook '/home/mscrobotics2425laptop16/mujoco_ros_ws/install/fr3_control_publish/share/fr3_control_publish/hook/cmake_prefix_path.ps1'
[1.125s] INFO:colcon.colcon_core.shell:Creating environment descriptor '/home/mscrobotics2425laptop16/mujoco_ros_ws/install/fr3_control_publish/share/fr3_control_publish/hook/cmake_prefix_path.dsv'
[1.126s] INFO:colcon.colcon_core.shell:Creating environment hook '/home/mscrobotics2425laptop16/mujoco_ros_ws/install/fr3_control_publish/share/fr3_control_publish/hook/cmake_prefix_path.sh'
[1.127s] Level 1:colcon.colcon_core.environment:checking '/home/mscrobotics2425laptop16/mujoco_ros_ws/install/fr3_control_publish/lib'
[1.127s] Level 1:colcon.colcon_core.shell:create_environment_hook('fr3_control_publish', 'ld_library_path_lib')
[1.128s] INFO:colcon.colcon_core.shell:Creating environment hook '/home/mscrobotics2425laptop16/mujoco_ros_ws/install/fr3_control_publish/share/fr3_control_publish/hook/ld_library_path_lib.ps1'
[1.129s] INFO:colcon.colcon_core.shell:Creating environment descriptor '/home/mscrobotics2425laptop16/mujoco_ros_ws/install/fr3_control_publish/share/fr3_control_publish/hook/ld_library_path_lib.dsv'
[1.129s] INFO:colcon.colcon_core.shell:Creating environment hook '/home/mscrobotics2425laptop16/mujoco_ros_ws/install/fr3_control_publish/share/fr3_control_publish/hook/ld_library_path_lib.sh'
[1.130s] Level 1:colcon.colcon_core.environment:checking '/home/mscrobotics2425laptop16/mujoco_ros_ws/install/fr3_control_publish/bin'
[1.130s] Level 1:colcon.colcon_core.environment:checking '/home/mscrobotics2425laptop16/mujoco_ros_ws/install/fr3_control_publish/lib/pkgconfig/fr3_control_publish.pc'
[1.130s] Level 1:colcon.colcon_core.environment:checking '/home/mscrobotics2425laptop16/mujoco_ros_ws/install/fr3_control_publish/lib/python3.10/site-packages'
[1.130s] Level 1:colcon.colcon_core.environment:checking '/home/mscrobotics2425laptop16/mujoco_ros_ws/install/fr3_control_publish/bin'
[1.131s] INFO:colcon.colcon_core.shell:Creating package script '/home/mscrobotics2425laptop16/mujoco_ros_ws/install/fr3_control_publish/share/fr3_control_publish/package.ps1'
[1.132s] INFO:colcon.colcon_core.shell:Creating package descriptor '/home/mscrobotics2425laptop16/mujoco_ros_ws/install/fr3_control_publish/share/fr3_control_publish/package.dsv'
[1.133s] INFO:colcon.colcon_core.shell:Creating package script '/home/mscrobotics2425laptop16/mujoco_ros_ws/install/fr3_control_publish/share/fr3_control_publish/package.sh'
[1.134s] INFO:colcon.colcon_core.shell:Creating package script '/home/mscrobotics2425laptop16/mujoco_ros_ws/install/fr3_control_publish/share/fr3_control_publish/package.bash'
[1.134s] INFO:colcon.colcon_core.shell:Creating package script '/home/mscrobotics2425laptop16/mujoco_ros_ws/install/fr3_control_publish/share/fr3_control_publish/package.zsh'
[1.135s] Level 1:colcon.colcon_core.environment:create_file_with_runtime_dependencies(/home/mscrobotics2425laptop16/mujoco_ros_ws/install/fr3_control_publish/share/colcon-core/packages/fr3_control_publish)
[7.667s] DEBUG:colcon.colcon_core.event_handler.log_command:Invoked command in '/home/mscrobotics2425laptop16/mujoco_ros_ws/build/mujoco_ros2_control' returned '0': CMAKE_PREFIX_PATH=${CMAKE_PREFIX_PATH}:/home/mscrobotics2425laptop16/interbotix_ws/install/interbotix_xs_modules:/home/mscrobotics2425laptop16/interbotix_ws/install/interbotix_perception_modules:/home/mscrobotics2425laptop16/interbotix_ws/install/interbotix_common_modules:/home/mscrobotics2425laptop16/interbotix_ws/install/control_pkg:/opt/ros/humble /usr/bin/cmake --build /home/mscrobotics2425laptop16/mujoco_ros_ws/build/mujoco_ros2_control -- -j12 -l12
[7.672s] DEBUG:colcon.colcon_core.event_handler.log_command:Invoking command in '/home/mscrobotics2425laptop16/mujoco_ros_ws/build/mujoco_ros2_control': CMAKE_PREFIX_PATH=${CMAKE_PREFIX_PATH}:/home/mscrobotics2425laptop16/interbotix_ws/install/interbotix_xs_modules:/home/mscrobotics2425laptop16/interbotix_ws/install/interbotix_perception_modules:/home/mscrobotics2425laptop16/interbotix_ws/install/interbotix_common_modules:/home/mscrobotics2425laptop16/interbotix_ws/install/control_pkg:/opt/ros/humble /usr/bin/cmake --install /home/mscrobotics2425laptop16/mujoco_ros_ws/build/mujoco_ros2_control
[7.693s] Level 1:colcon.colcon_core.environment:create_environment_scripts_only(mujoco_ros2_control)
[7.694s] Level 1:colcon.colcon_core.environment:checking '/home/mscrobotics2425laptop16/mujoco_ros_ws/install/mujoco_ros2_control' for CMake module files
[7.695s] DEBUG:colcon.colcon_core.event_handler.log_command:Invoked command in '/home/mscrobotics2425laptop16/mujoco_ros_ws/build/mujoco_ros2_control' returned '0': CMAKE_PREFIX_PATH=${CMAKE_PREFIX_PATH}:/home/mscrobotics2425laptop16/interbotix_ws/install/interbotix_xs_modules:/home/mscrobotics2425laptop16/interbotix_ws/install/interbotix_perception_modules:/home/mscrobotics2425laptop16/interbotix_ws/install/interbotix_common_modules:/home/mscrobotics2425laptop16/interbotix_ws/install/control_pkg:/opt/ros/humble /usr/bin/cmake --install /home/mscrobotics2425laptop16/mujoco_ros_ws/build/mujoco_ros2_control
[7.695s] Level 1:colcon.colcon_core.environment:checking '/home/mscrobotics2425laptop16/mujoco_ros_ws/install/mujoco_ros2_control' for CMake config files
[7.696s] Level 1:colcon.colcon_core.shell:create_environment_hook('mujoco_ros2_control', 'cmake_prefix_path')
[7.696s] INFO:colcon.colcon_core.shell:Creating environment hook '/home/mscrobotics2425laptop16/mujoco_ros_ws/install/mujoco_ros2_control/share/mujoco_ros2_control/hook/cmake_prefix_path.ps1'
[7.697s] INFO:colcon.colcon_core.shell:Creating environment descriptor '/home/mscrobotics2425laptop16/mujoco_ros_ws/install/mujoco_ros2_control/share/mujoco_ros2_control/hook/cmake_prefix_path.dsv'
[7.698s] INFO:colcon.colcon_core.shell:Creating environment hook '/home/mscrobotics2425laptop16/mujoco_ros_ws/install/mujoco_ros2_control/share/mujoco_ros2_control/hook/cmake_prefix_path.sh'
[7.699s] Level 1:colcon.colcon_core.environment:checking '/home/mscrobotics2425laptop16/mujoco_ros_ws/install/mujoco_ros2_control/lib'
[7.699s] Level 1:colcon.colcon_core.shell:create_environment_hook('mujoco_ros2_control', 'ld_library_path_lib')
[7.700s] INFO:colcon.colcon_core.shell:Creating environment hook '/home/mscrobotics2425laptop16/mujoco_ros_ws/install/mujoco_ros2_control/share/mujoco_ros2_control/hook/ld_library_path_lib.ps1'
[7.701s] INFO:colcon.colcon_core.shell:Creating environment descriptor '/home/mscrobotics2425laptop16/mujoco_ros_ws/install/mujoco_ros2_control/share/mujoco_ros2_control/hook/ld_library_path_lib.dsv'
[7.702s] INFO:colcon.colcon_core.shell:Creating environment hook '/home/mscrobotics2425laptop16/mujoco_ros_ws/install/mujoco_ros2_control/share/mujoco_ros2_control/hook/ld_library_path_lib.sh'
[7.702s] Level 1:colcon.colcon_core.environment:checking '/home/mscrobotics2425laptop16/mujoco_ros_ws/install/mujoco_ros2_control/bin'
[7.703s] Level 1:colcon.colcon_core.environment:checking '/home/mscrobotics2425laptop16/mujoco_ros_ws/install/mujoco_ros2_control/lib/pkgconfig/mujoco_ros2_control.pc'
[7.703s] Level 1:colcon.colcon_core.environment:checking '/home/mscrobotics2425laptop16/mujoco_ros_ws/install/mujoco_ros2_control/lib/python3.10/site-packages'
[7.703s] Level 1:colcon.colcon_core.environment:checking '/home/mscrobotics2425laptop16/mujoco_ros_ws/install/mujoco_ros2_control/bin'
[7.704s] INFO:colcon.colcon_core.shell:Creating package script '/home/mscrobotics2425laptop16/mujoco_ros_ws/install/mujoco_ros2_control/share/mujoco_ros2_control/package.ps1'
[7.705s] INFO:colcon.colcon_core.shell:Creating package descriptor '/home/mscrobotics2425laptop16/mujoco_ros_ws/install/mujoco_ros2_control/share/mujoco_ros2_control/package.dsv'
[7.706s] INFO:colcon.colcon_core.shell:Creating package script '/home/mscrobotics2425laptop16/mujoco_ros_ws/install/mujoco_ros2_control/share/mujoco_ros2_control/package.sh'
[7.707s] INFO:colcon.colcon_core.shell:Creating package script '/home/mscrobotics2425laptop16/mujoco_ros_ws/install/mujoco_ros2_control/share/mujoco_ros2_control/package.bash'
[7.707s] INFO:colcon.colcon_core.shell:Creating package script '/home/mscrobotics2425laptop16/mujoco_ros_ws/install/mujoco_ros2_control/share/mujoco_ros2_control/package.zsh'
[7.708s] Level 1:colcon.colcon_core.environment:create_file_with_runtime_dependencies(/home/mscrobotics2425laptop16/mujoco_ros_ws/install/mujoco_ros2_control/share/colcon-core/packages/mujoco_ros2_control)
[7.709s] Level 1:colcon.colcon_core.environment:create_environment_scripts_only(mujoco_ros2_control)
[7.709s] Level 1:colcon.colcon_core.environment:checking '/home/mscrobotics2425laptop16/mujoco_ros_ws/install/mujoco_ros2_control' for CMake module files
[7.710s] Level 1:colcon.colcon_core.environment:checking '/home/mscrobotics2425laptop16/mujoco_ros_ws/install/mujoco_ros2_control' for CMake config files
[7.711s] Level 1:colcon.colcon_core.shell:create_environment_hook('mujoco_ros2_control', 'cmake_prefix_path')
[7.711s] INFO:colcon.colcon_core.shell:Creating environment hook '/home/mscrobotics2425laptop16/mujoco_ros_ws/install/mujoco_ros2_control/share/mujoco_ros2_control/hook/cmake_prefix_path.ps1'
[7.712s] INFO:colcon.colcon_core.shell:Creating environment descriptor '/home/mscrobotics2425laptop16/mujoco_ros_ws/install/mujoco_ros2_control/share/mujoco_ros2_control/hook/cmake_prefix_path.dsv'
[7.712s] INFO:colcon.colcon_core.shell:Creating environment hook '/home/mscrobotics2425laptop16/mujoco_ros_ws/install/mujoco_ros2_control/share/mujoco_ros2_control/hook/cmake_prefix_path.sh'
[7.713s] Level 1:colcon.colcon_core.environment:checking '/home/mscrobotics2425laptop16/mujoco_ros_ws/install/mujoco_ros2_control/lib'
[7.713s] Level 1:colcon.colcon_core.shell:create_environment_hook('mujoco_ros2_control', 'ld_library_path_lib')
[7.714s] INFO:colcon.colcon_core.shell:Creating environment hook '/home/mscrobotics2425laptop16/mujoco_ros_ws/install/mujoco_ros2_control/share/mujoco_ros2_control/hook/ld_library_path_lib.ps1'
[7.714s] INFO:colcon.colcon_core.shell:Creating environment descriptor '/home/mscrobotics2425laptop16/mujoco_ros_ws/install/mujoco_ros2_control/share/mujoco_ros2_control/hook/ld_library_path_lib.dsv'
[7.715s] INFO:colcon.colcon_core.shell:Creating environment hook '/home/mscrobotics2425laptop16/mujoco_ros_ws/install/mujoco_ros2_control/share/mujoco_ros2_control/hook/ld_library_path_lib.sh'
[7.716s] Level 1:colcon.colcon_core.environment:checking '/home/mscrobotics2425laptop16/mujoco_ros_ws/install/mujoco_ros2_control/bin'
[7.716s] Level 1:colcon.colcon_core.environment:checking '/home/mscrobotics2425laptop16/mujoco_ros_ws/install/mujoco_ros2_control/lib/pkgconfig/mujoco_ros2_control.pc'
[7.716s] Level 1:colcon.colcon_core.environment:checking '/home/mscrobotics2425laptop16/mujoco_ros_ws/install/mujoco_ros2_control/lib/python3.10/site-packages'
[7.716s] Level 1:colcon.colcon_core.environment:checking '/home/mscrobotics2425laptop16/mujoco_ros_ws/install/mujoco_ros2_control/bin'
[7.717s] INFO:colcon.colcon_core.shell:Creating package script '/home/mscrobotics2425laptop16/mujoco_ros_ws/install/mujoco_ros2_control/share/mujoco_ros2_control/package.ps1'
[7.718s] INFO:colcon.colcon_core.shell:Creating package descriptor '/home/mscrobotics2425laptop16/mujoco_ros_ws/install/mujoco_ros2_control/share/mujoco_ros2_control/package.dsv'
[7.719s] INFO:colcon.colcon_core.shell:Creating package script '/home/mscrobotics2425laptop16/mujoco_ros_ws/install/mujoco_ros2_control/share/mujoco_ros2_control/package.sh'
[7.720s] INFO:colcon.colcon_core.shell:Creating package script '/home/mscrobotics2425laptop16/mujoco_ros_ws/install/mujoco_ros2_control/share/mujoco_ros2_control/package.bash'
[7.721s] INFO:colcon.colcon_core.shell:Creating package script '/home/mscrobotics2425laptop16/mujoco_ros_ws/install/mujoco_ros2_control/share/mujoco_ros2_control/package.zsh'
[7.722s] Level 1:colcon.colcon_core.environment:create_file_with_runtime_dependencies(/home/mscrobotics2425laptop16/mujoco_ros_ws/install/mujoco_ros2_control/share/colcon-core/packages/mujoco_ros2_control)
[7.722s] DEBUG:colcon.colcon_parallel_executor.executor.parallel:closing loop
[7.723s] DEBUG:colcon.colcon_parallel_executor.executor.parallel:loop closed
[7.723s] DEBUG:colcon.colcon_parallel_executor.executor.parallel:run_until_complete finished with '0'
[7.724s] DEBUG:colcon.colcon_core.event_reactor:joining thread
[7.733s] INFO:colcon.colcon_core.plugin_system:Skipping extension 'colcon_notification.desktop_notification.terminal_notifier': Not used on non-Darwin systems
[7.733s] INFO:colcon.colcon_core.plugin_system:Skipping extension 'colcon_notification.desktop_notification.win32': Not used on non-Windows systems
[7.733s] INFO:colcon.colcon_notification.desktop_notification:Sending desktop notification using 'notify2'
[7.755s] DEBUG:colcon.colcon_core.event_reactor:joined thread
[7.756s] INFO:colcon.colcon_core.shell:Creating prefix script '/home/mscrobotics2425laptop16/mujoco_ros_ws/install/local_setup.ps1'
[7.758s] INFO:colcon.colcon_core.shell:Creating prefix util module '/home/mscrobotics2425laptop16/mujoco_ros_ws/install/_local_setup_util_ps1.py'
[7.760s] INFO:colcon.colcon_core.shell:Creating prefix chain script '/home/mscrobotics2425laptop16/mujoco_ros_ws/install/setup.ps1'
[7.765s] INFO:colcon.colcon_core.shell:Creating prefix script '/home/mscrobotics2425laptop16/mujoco_ros_ws/install/local_setup.sh'
[7.766s] INFO:colcon.colcon_core.shell:Creating prefix util module '/home/mscrobotics2425laptop16/mujoco_ros_ws/install/_local_setup_util_sh.py'
[7.767s] INFO:colcon.colcon_core.shell:Creating prefix chain script '/home/mscrobotics2425laptop16/mujoco_ros_ws/install/setup.sh'
[7.772s] INFO:colcon.colcon_core.shell:Creating prefix script '/home/mscrobotics2425laptop16/mujoco_ros_ws/install/local_setup.bash'
[7.773s] INFO:colcon.colcon_core.shell:Creating prefix chain script '/home/mscrobotics2425laptop16/mujoco_ros_ws/install/setup.bash'
[7.778s] INFO:colcon.colcon_core.shell:Creating prefix script '/home/mscrobotics2425laptop16/mujoco_ros_ws/install/local_setup.zsh'
[7.779s] INFO:colcon.colcon_core.shell:Creating prefix chain script '/home/mscrobotics2425laptop16/mujoco_ros_ws/install/setup.zsh'
