[0.023s] Invoking command in '/home/mscrobotics2425laptop16/mujoco_ros_ws/build/fr3_control_publish': CMAKE_PREFIX_PATH=${CMAKE_PREFIX_PATH}:/home/mscrobotics2425laptop16/interbotix_ws/install/interbotix_xs_modules:/home/mscrobotics2425laptop16/interbotix_ws/install/interbotix_perception_modules:/home/mscrobotics2425laptop16/interbotix_ws/install/interbotix_common_modules:/home/mscrobotics2425laptop16/interbotix_ws/install/control_pkg:/opt/ros/humble /usr/bin/cmake --build /home/mscrobotics2425laptop16/mujoco_ros_ws/build/fr3_control_publish -- -j12 -l12
[0.090s] [35m[1mConsolidate compiler generated dependencies of target mujoco_sim_node[0m
[0.120s] [  2%] Built target fr3_control_publish__cpp
[0.127s] [  8%] Built target fr3_control_publish__rosidl_generator_c
[0.132s] [ 15%] Built target fr3_monitor
[0.132s] [ 17%] Built target tangential_velocity_controller
[0.135s] [ 22%] Built target ee_pose_bridge
[0.138s] [ 22%] Built target ament_cmake_python_copy_fr3_control_publish
[0.148s] [ 24%] [32mBuilding CXX object CMakeFiles/mujoco_sim_node.dir/src/mujoco_sim_node.cpp.o[0m
[0.148s] [ 28%] Built target hybridforcetangentialcontroller
[0.188s] [ 35%] Built target fr3_control_publish__rosidl_typesupport_cpp
[0.198s] [ 42%] Built target fr3_control_publish__rosidl_typesupport_introspection_c
[0.204s] [ 48%] Built target fr3_control_publish__rosidl_typesupport_fastrtps_c
[0.211s] [ 55%] Built target fr3_control_publish__rosidl_typesupport_fastrtps_cpp
[0.211s] [ 62%] Built target fr3_control_publish__rosidl_typesupport_c
[0.211s] [ 68%] Built target fr3_control_publish__rosidl_typesupport_introspection_cpp
[0.279s] [ 73%] Built target jacobian_publisher
[0.280s] [ 77%] Built target force_position_controller
[0.280s] [ 77%] Built target fr3_control_publish
[0.311s] [ 80%] Built target fr3_control_publish__py
[0.354s] [ 84%] Built target fr3_control_publish__rosidl_generator_py
[0.383s] [ 93%] Built target fr3_control_publish__rosidl_typesupport_c__pyext
[0.383s] [ 93%] Built target fr3_control_publish__rosidl_typesupport_fastrtps_c__pyext
[0.386s] [ 97%] Built target fr3_control_publish__rosidl_typesupport_introspection_c__pyext
[0.582s] running egg_info
[0.597s] writing fr3_control_publish.egg-info/PKG-INFO
[0.598s] writing dependency_links to fr3_control_publish.egg-info/dependency_links.txt
[0.598s] writing top-level names to fr3_control_publish.egg-info/top_level.txt
[0.673s] reading manifest file 'fr3_control_publish.egg-info/SOURCES.txt'
[0.674s] writing manifest file 'fr3_control_publish.egg-info/SOURCES.txt'
[0.719s] [ 97%] Built target ament_cmake_python_build_fr3_control_publish_egg
[7.432s] [100%] [32m[1mLinking CXX executable mujoco_sim_node[0m
[7.820s] /usr/bin/ld: CMakeFiles/mujoco_sim_node.dir/src/mujoco_sim_node.cpp.o: in function `MujocoSimNode::MujocoSimNode()':
[7.820s] mujoco_sim_node.cpp:(.text._ZN13MujocoSimNodeC2Ev[_ZN13MujocoSimNodeC5Ev]+0x2d6): undefined reference to `mj_loadXML'
[7.820s] /usr/bin/ld: mujoco_sim_node.cpp:(.text._ZN13MujocoSimNodeC2Ev[_ZN13MujocoSimNodeC5Ev]+0x519): undefined reference to `mj_makeData'
[7.820s] /usr/bin/ld: mujoco_sim_node.cpp:(.text._ZN13MujocoSimNodeC2Ev[_ZN13MujocoSimNodeC5Ev]+0x7e3): undefined reference to `mj_name2id'
[7.820s] /usr/bin/ld: mujoco_sim_node.cpp:(.text._ZN13MujocoSimNodeC2Ev[_ZN13MujocoSimNodeC5Ev]+0xa25): undefined reference to `mj_name2id'
[7.821s] /usr/bin/ld: mujoco_sim_node.cpp:(.text._ZN13MujocoSimNodeC2Ev[_ZN13MujocoSimNodeC5Ev]+0xa4d): undefined reference to `mj_name2id'
[7.821s] /usr/bin/ld: CMakeFiles/mujoco_sim_node.dir/src/mujoco_sim_node.cpp.o: in function `MujocoSimNode::~MujocoSimNode()':
[7.821s] mujoco_sim_node.cpp:(.text._ZN13MujocoSimNodeD2Ev[_ZN13MujocoSimNodeD5Ev]+0x2d): undefined reference to `mj_deleteData'
[7.821s] /usr/bin/ld: mujoco_sim_node.cpp:(.text._ZN13MujocoSimNodeD2Ev[_ZN13MujocoSimNodeD5Ev]+0x40): undefined reference to `mj_deleteModel'
[7.822s] /usr/bin/ld: CMakeFiles/mujoco_sim_node.dir/src/mujoco_sim_node.cpp.o: in function `MujocoSimNode::update()':
[7.822s] mujoco_sim_node.cpp:(.text._ZN13MujocoSimNode6updateEv[_ZN13MujocoSimNode6updateEv]+0xc1): undefined reference to `mj_step'
[7.822s] /usr/bin/ld: mujoco_sim_node.cpp:(.text._ZN13MujocoSimNode6updateEv[_ZN13MujocoSimNode6updateEv]+0x4d2): undefined reference to `mj_jacSite'
[7.861s] collect2: error: ld returned 1 exit status
[7.863s] gmake[2]: *** [CMakeFiles/mujoco_sim_node.dir/build.make:175：mujoco_sim_node] 错误 1
[7.863s] gmake[1]: *** [CMakeFiles/Makefile2:762：CMakeFiles/mujoco_sim_node.dir/all] 错误 2
[7.863s] gmake: *** [Makefile:146：all] 错误 2
[7.866s] Invoked command in '/home/mscrobotics2425laptop16/mujoco_ros_ws/build/fr3_control_publish' returned '2': CMAKE_PREFIX_PATH=${CMAKE_PREFIX_PATH}:/home/mscrobotics2425laptop16/interbotix_ws/install/interbotix_xs_modules:/home/mscrobotics2425laptop16/interbotix_ws/install/interbotix_perception_modules:/home/mscrobotics2425laptop16/interbotix_ws/install/interbotix_common_modules:/home/mscrobotics2425laptop16/interbotix_ws/install/control_pkg:/opt/ros/humble /usr/bin/cmake --build /home/mscrobotics2425laptop16/mujoco_ros_ws/build/fr3_control_publish -- -j12 -l12
